L 10/26/2016 - 15:21:12: Start of error session.
L 10/26/2016 - 15:21:12: Info (map "esf_Guru") (logfile "error_102616.log")
L 10/26/2016 - 15:21:12: [AMXX] Run time error 4 (plugin "Gogeta.amxx") - debug not enabled!
L 10/26/2016 - 15:21:12: [AMXX] To enable debug mode, add "debug" after the plugin name in plugins.ini (without quotes).
L 10/26/2016 - 15:21:47: [AMXX] Run time error 4 (plugin "Gogeta.amxx") - debug not enabled!
L 10/26/2016 - 15:21:47: [AMXX] To enable debug mode, add "debug" after the plugin name in plugins.ini (without quotes).
L 10/26/2016 - 15:29:05: [AMXX] Run time error 4 (plugin "Gogeta.amxx") - debug not enabled!
L 10/26/2016 - 15:29:05: [AMXX] To enable debug mode, add "debug" after the plugin name in plugins.ini (without quotes).
L 10/26/2016 - 15:38:33: [AMXX] Run time error 4 (plugin "Gogeta.amxx") - debug not enabled!
L 10/26/2016 - 15:38:33: [AMXX] To enable debug mode, add "debug" after the plugin name in plugins.ini (without quotes).
L 10/26/2016 - 15:49:56: Start of error session.
L 10/26/2016 - 15:49:56: Info (map "esf_Guru") (logfile "error_102616.log")
L 10/26/2016 - 15:49:56: [AMXX] Run time error 4 (plugin "Vegeta-Ts.amxx") - debug not enabled!
L 10/26/2016 - 15:49:56: [AMXX] To enable debug mode, add "debug" after the plugin name in plugins.ini (without quotes).
L 10/26/2016 - 15:49:59: [AMXX] Run time error 4 (plugin "Vegeta-Ts.amxx") - debug not enabled!
L 10/26/2016 - 15:49:59: [AMXX] To enable debug mode, add "debug" after the plugin name in plugins.ini (without quotes).
L 10/26/2016 - 15:50:00: [AMXX] Run time error 4 (plugin "Vegeta-Ts.amxx") - debug not enabled!
L 10/26/2016 - 15:50:00: [AMXX] To enable debug mode, add "debug" after the plugin name in plugins.ini (without quotes).
L 10/26/2016 - 15:50:09: [AMXX] Run time error 4 (plugin "Vegeta-Ts.amxx") - debug not enabled!
L 10/26/2016 - 15:50:09: [AMXX] To enable debug mode, add "debug" after the plugin name in plugins.ini (without quotes).
L 10/26/2016 - 15:50:18: [AMXX] Run time error 4 (plugin "Vegeta-Ts.amxx") - debug not enabled!
L 10/26/2016 - 15:50:18: [AMXX] To enable debug mode, add "debug" after the plugin name in plugins.ini (without quotes).
L 10/26/2016 - 15:53:39: [AMXX] Run time error 4 (plugin "Vegeta-Ts.amxx") - debug not enabled!
L 10/26/2016 - 15:53:39: [AMXX] To enable debug mode, add "debug" after the plugin name in plugins.ini (without quotes).
L 10/26/2016 - 15:53:39: [AMXX] Run time error 4 (plugin "Vegeta-Ts.amxx") - debug not enabled!
L 10/26/2016 - 15:53:39: [AMXX] To enable debug mode, add "debug" after the plugin name in plugins.ini (without quotes).
L 10/26/2016 - 15:53:39: [AMXX] Run time error 4 (plugin "Vegeta-Ts.amxx") - debug not enabled!
L 10/26/2016 - 15:53:39: [AMXX] To enable debug mode, add "debug" after the plugin name in plugins.ini (without quotes).
L 10/26/2016 - 15:53:39: [AMXX] Run time error 4 (plugin "Vegeta-Ts.amxx") - debug not enabled!
L 10/26/2016 - 15:53:39: [AMXX] To enable debug mode, add "debug" after the plugin name in plugins.ini (without quotes).
L 10/26/2016 - 15:53:39: [AMXX] Run time error 4 (plugin "Vegeta-Ts.amxx") - debug not enabled!
L 10/26/2016 - 15:53:39: [AMXX] To enable debug mode, add "debug" after the plugin name in plugins.ini (without quotes).
L 10/26/2016 - 15:53:39: [AMXX] Run time error 4 (plugin "Vegeta-Ts.amxx") - debug not enabled!
L 10/26/2016 - 15:53:39: [AMXX] To enable debug mode, add "debug" after the plugin name in plugins.ini (without quotes).
L 10/26/2016 - 15:54:12: [AMXX] Run time error 4 (plugin "Vegeta-Ts.amxx") - debug not enabled!
L 10/26/2016 - 15:54:12: [AMXX] To enable debug mode, add "debug" after the plugin name in plugins.ini (without quotes).
L 10/26/2016 - 15:54:26: [AMXX] Run time error 4 (plugin "Vegeta-Ts.amxx") - debug not enabled!
L 10/26/2016 - 15:54:26: [AMXX] To enable debug mode, add "debug" after the plugin name in plugins.ini (without quotes).
L 10/26/2016 - 15:54:35: [AMXX] Run time error 4 (plugin "Vegeta-Ts.amxx") - debug not enabled!
L 10/26/2016 - 15:54:35: [AMXX] To enable debug mode, add "debug" after the plugin name in plugins.ini (without quotes).
L 10/26/2016 - 15:54:41: [AMXX] Run time error 4 (plugin "Vegeta-Ts.amxx") - debug not enabled!
L 10/26/2016 - 15:54:41: [AMXX] To enable debug mode, add "debug" after the plugin name in plugins.ini (without quotes).
L 10/26/2016 - 15:54:48: [AMXX] Run time error 4 (plugin "Vegeta-Ts.amxx") - debug not enabled!
L 10/26/2016 - 15:54:48: [AMXX] To enable debug mode, add "debug" after the plugin name in plugins.ini (without quotes).
L 10/26/2016 - 15:54:54: [AMXX] Run time error 4 (plugin "Vegeta-Ts.amxx") - debug not enabled!
L 10/26/2016 - 15:54:54: [AMXX] To enable debug mode, add "debug" after the plugin name in plugins.ini (without quotes).
L 10/26/2016 - 15:54:57: [AMXX] Run time error 4 (plugin "Vegeta-Ts.amxx") - debug not enabled!
L 10/26/2016 - 15:54:57: [AMXX] To enable debug mode, add "debug" after the plugin name in plugins.ini (without quotes).
L 10/26/2016 - 15:54:58: [AMXX] Run time error 4 (plugin "Vegeta-Ts.amxx") - debug not enabled!
L 10/26/2016 - 15:54:58: [AMXX] To enable debug mode, add "debug" after the plugin name in plugins.ini (without quotes).
L 10/26/2016 - 15:55:18: [AMXX] Run time error 4 (plugin "Vegeta-Ts.amxx") - debug not enabled!
L 10/26/2016 - 15:55:18: [AMXX] To enable debug mode, add "debug" after the plugin name in plugins.ini (without quotes).
L 10/26/2016 - 15:55:24: [AMXX] Run time error 4 (plugin "Gogeta.amxx") - debug not enabled!
L 10/26/2016 - 15:55:24: [AMXX] To enable debug mode, add "debug" after the plugin name in plugins.ini (without quotes).
L 10/26/2016 - 15:55:25: [AMXX] Run time error 4 (plugin "Vegeta-Ts.amxx") - debug not enabled!
L 10/26/2016 - 15:55:25: [AMXX] To enable debug mode, add "debug" after the plugin name in plugins.ini (without quotes).
L 10/26/2016 - 15:55:39: [AMXX] Run time error 4 (plugin "Vegeta-Ts.amxx") - debug not enabled!
L 10/26/2016 - 15:55:39: [AMXX] To enable debug mode, add "debug" after the plugin name in plugins.ini (without quotes).
L 10/26/2016 - 15:55:39: [AMXX] Run time error 4 (plugin "Vegeta-Ts.amxx") - debug not enabled!
L 10/26/2016 - 15:55:39: [AMXX] To enable debug mode, add "debug" after the plugin name in plugins.ini (without quotes).
L 10/26/2016 - 15:55:40: [AMXX] Run time error 4 (plugin "Vegeta-Ts.amxx") - debug not enabled!
L 10/26/2016 - 15:55:40: [AMXX] To enable debug mode, add "debug" after the plugin name in plugins.ini (without quotes).
L 10/26/2016 - 15:55:54: [AMXX] Run time error 4 (plugin "Vegeta-Ts.amxx") - debug not enabled!
L 10/26/2016 - 15:55:54: [AMXX] To enable debug mode, add "debug" after the plugin name in plugins.ini (without quotes).
L 10/26/2016 - 15:56:09: [AMXX] Run time error 4 (plugin "Gogeta.amxx") - debug not enabled!
L 10/26/2016 - 15:56:09: [AMXX] To enable debug mode, add "debug" after the plugin name in plugins.ini (without quotes).
L 10/26/2016 - 15:56:09: [AMXX] Run time error 4 (plugin "Vegeta-Ts.amxx") - debug not enabled!
L 10/26/2016 - 15:56:09: [AMXX] To enable debug mode, add "debug" after the plugin name in plugins.ini (without quotes).
L 10/26/2016 - 15:56:10: [AMXX] Run time error 4 (plugin "Vegeta-Ts.amxx") - debug not enabled!
L 10/26/2016 - 15:56:10: [AMXX] To enable debug mode, add "debug" after the plugin name in plugins.ini (without quotes).
L 10/26/2016 - 15:56:19: [AMXX] Run time error 4 (plugin "Vegeta-Ts.amxx") - debug not enabled!
L 10/26/2016 - 15:56:19: [AMXX] To enable debug mode, add "debug" after the plugin name in plugins.ini (without quotes).
L 10/26/2016 - 15:56:23: [AMXX] Run time error 4 (plugin "Vegeta-Ts.amxx") - debug not enabled!
L 10/26/2016 - 15:56:23: [AMXX] To enable debug mode, add "debug" after the plugin name in plugins.ini (without quotes).
L 10/26/2016 - 15:56:23: [AMXX] Run time error 4 (plugin "Vegeta-Ts.amxx") - debug not enabled!
L 10/26/2016 - 15:56:23: [AMXX] To enable debug mode, add "debug" after the plugin name in plugins.ini (without quotes).
L 10/26/2016 - 15:56:24: [AMXX] Run time error 4 (plugin "Vegeta-Ts.amxx") - debug not enabled!
L 10/26/2016 - 15:56:24: [AMXX] To enable debug mode, add "debug" after the plugin name in plugins.ini (without quotes).
L 10/26/2016 - 15:56:31: [AMXX] Run time error 4 (plugin "Vegeta-Ts.amxx") - debug not enabled!
L 10/26/2016 - 15:56:31: [AMXX] To enable debug mode, add "debug" after the plugin name in plugins.ini (without quotes).
L 10/26/2016 - 15:56:33: [AMXX] Run time error 4 (plugin "Vegeta-Ts.amxx") - debug not enabled!
L 10/26/2016 - 15:56:33: [AMXX] To enable debug mode, add "debug" after the plugin name in plugins.ini (without quotes).
L 10/26/2016 - 15:56:41: [AMXX] Run time error 4 (plugin "Vegeta-Ts.amxx") - debug not enabled!
L 10/26/2016 - 15:56:41: [AMXX] To enable debug mode, add "debug" after the plugin name in plugins.ini (without quotes).
L 10/26/2016 - 16:14:41: [FAKEMETA] Invalid entity
L 10/26/2016 - 16:14:41: [AMXX] Run time error 10 (plugin "SX.Soulpunisher.amxx") (native "pev") - debug not enabled!
L 10/26/2016 - 16:14:41: [AMXX] To enable debug mode, add "debug" after the plugin name in plugins.ini (without quotes).
L 10/26/2016 - 16:14:53: [AMXX] Run time error 4 (plugin "Gogeta.amxx") - debug not enabled!
L 10/26/2016 - 16:14:53: [AMXX] To enable debug mode, add "debug" after the plugin name in plugins.ini (without quotes).
L 10/26/2016 - 16:15:11: [AMXX] Run time error 4 (plugin "Gogeta.amxx") - debug not enabled!
L 10/26/2016 - 16:15:11: [AMXX] To enable debug mode, add "debug" after the plugin name in plugins.ini (without quotes).
L 10/26/2016 - 16:19:09: [AMXX] Run time error 4 (plugin "Gogeta.amxx") - debug not enabled!
L 10/26/2016 - 16:19:09: [AMXX] To enable debug mode, add "debug" after the plugin name in plugins.ini (without quotes).
L 10/26/2016 - 16:19:09: [AMXX] Run time error 4 (plugin "Gogeta.amxx") - debug not enabled!
L 10/26/2016 - 16:19:09: [AMXX] To enable debug mode, add "debug" after the plugin name in plugins.ini (without quotes).
L 10/26/2016 - 16:19:09: [AMXX] Run time error 4 (plugin "Gogeta.amxx") - debug not enabled!
L 10/26/2016 - 16:19:09: [AMXX] To enable debug mode, add "debug" after the plugin name in plugins.ini (without quotes).
L 10/26/2016 - 16:19:09: [AMXX] Run time error 4 (plugin "Gogeta.amxx") - debug not enabled!
L 10/26/2016 - 16:19:09: [AMXX] To enable debug mode, add "debug" after the plugin name in plugins.ini (without quotes).
L 10/26/2016 - 16:21:42: [AMXX] Run time error 4 (plugin "Vegeta-Ts.amxx") - debug not enabled!
L 10/26/2016 - 16:21:42: [AMXX] To enable debug mode, add "debug" after the plugin name in plugins.ini (without quotes).
L 10/26/2016 - 16:21:46: [AMXX] Run time error 4 (plugin "Vegeta-Ts.amxx") - debug not enabled!
L 10/26/2016 - 16:21:46: [AMXX] To enable debug mode, add "debug" after the plugin name in plugins.ini (without quotes).
L 10/26/2016 - 16:22:13: [AMXX] Run time error 4 (plugin "Vegeta-Ts.amxx") - debug not enabled!
L 10/26/2016 - 16:22:13: [AMXX] To enable debug mode, add "debug" after the plugin name in plugins.ini (without quotes).
L 10/26/2016 - 16:22:35: [AMXX] Run time error 4 (plugin "Vegeta-Ts.amxx") - debug not enabled!
L 10/26/2016 - 16:22:35: [AMXX] To enable debug mode, add "debug" after the plugin name in plugins.ini (without quotes).
L 10/26/2016 - 16:22:47: [AMXX] Run time error 4 (plugin "Vegeta-Ts.amxx") - debug not enabled!
L 10/26/2016 - 16:22:47: [AMXX] To enable debug mode, add "debug" after the plugin name in plugins.ini (without quotes).
L 10/26/2016 - 16:22:50: [AMXX] Run time error 4 (plugin "Vegeta-Ts.amxx") - debug not enabled!
L 10/26/2016 - 16:22:50: [AMXX] To enable debug mode, add "debug" after the plugin name in plugins.ini (without quotes).
L 10/26/2016 - 16:31:25: [AMXX] Run time error 4 (plugin "Gogeta.amxx") - debug not enabled!
L 10/26/2016 - 16:31:25: [AMXX] To enable debug mode, add "debug" after the plugin name in plugins.ini (without quotes).
L 10/26/2016 - 16:31:59: [AMXX] Run time error 4 (plugin "Gogeta.amxx") - debug not enabled!
L 10/26/2016 - 16:31:59: [AMXX] To enable debug mode, add "debug" after the plugin name in plugins.ini (without quotes).
L 10/26/2016 - 16:32:35: [AMXX] Run time error 4 (plugin "Gogeta.amxx") - debug not enabled!
L 10/26/2016 - 16:32:35: [AMXX] To enable debug mode, add "debug" after the plugin name in plugins.ini (without quotes).
L 10/26/2016 - 16:33:10: [AMXX] Run time error 4 (plugin "Gogeta.amxx") - debug not enabled!
L 10/26/2016 - 16:33:10: [AMXX] To enable debug mode, add "debug" after the plugin name in plugins.ini (without quotes).
L 10/26/2016 - 16:34:20: [AMXX] Run time error 4 (plugin "Gogeta.amxx") - debug not enabled!
L 10/26/2016 - 16:34:20: [AMXX] To enable debug mode, add "debug" after the plugin name in plugins.ini (without quotes).
L 10/26/2016 - 16:34:54: [AMXX] Run time error 4 (plugin "Gogeta.amxx") - debug not enabled!
L 10/26/2016 - 16:34:54: [AMXX] To enable debug mode, add "debug" after the plugin name in plugins.ini (without quotes).
L 10/26/2016 - 16:49:08: [AMXX] Run time error 4 (plugin "Gogeta.amxx") - debug not enabled!
L 10/26/2016 - 16:49:08: [AMXX] To enable debug mode, add "debug" after the plugin name in plugins.ini (without quotes).
L 10/26/2016 - 16:49:08: [AMXX] Run time error 4 (plugin "Gogeta.amxx") - debug not enabled!
L 10/26/2016 - 16:49:08: [AMXX] To enable debug mode, add "debug" after the plugin name in plugins.ini (without quotes).
L 10/26/2016 - 16:49:08: [AMXX] Run time error 4 (plugin "Gogeta.amxx") - debug not enabled!
L 10/26/2016 - 16:49:08: [AMXX] To enable debug mode, add "debug" after the plugin name in plugins.ini (without quotes).
L 10/26/2016 - 16:49:08: [AMXX] Run time error 4 (plugin "Gogeta.amxx") - debug not enabled!
L 10/26/2016 - 16:49:08: [AMXX] To enable debug mode, add "debug" after the plugin name in plugins.ini (without quotes).
L 10/26/2016 - 16:49:08: [AMXX] Run time error 4 (plugin "Gogeta.amxx") - debug not enabled!
L 10/26/2016 - 16:49:08: [AMXX] To enable debug mode, add "debug" after the plugin name in plugins.ini (without quotes).
L 10/26/2016 - 16:49:08: [AMXX] Run time error 4 (plugin "Gogeta.amxx") - debug not enabled!
L 10/26/2016 - 16:49:08: [AMXX] To enable debug mode, add "debug" after the plugin name in plugins.ini (without quotes).
L 10/26/2016 - 16:49:10: [AMXX] Run time error 4 (plugin "Gogeta.amxx") - debug not enabled!
L 10/26/2016 - 16:49:10: [AMXX] To enable debug mode, add "debug" after the plugin name in plugins.ini (without quotes).
L 10/26/2016 - 16:49:52: [AMXX] Run time error 4 (plugin "Gogeta.amxx") - debug not enabled!
L 10/26/2016 - 16:49:52: [AMXX] To enable debug mode, add "debug" after the plugin name in plugins.ini (without quotes).
L 10/26/2016 - 16:51:41: [AMXX] Run time error 4 (plugin "Gogeta.amxx") - debug not enabled!
L 10/26/2016 - 16:51:41: [AMXX] To enable debug mode, add "debug" after the plugin name in plugins.ini (without quotes).
L 10/26/2016 - 16:52:16: [AMXX] Run time error 4 (plugin "Gogeta.amxx") - debug not enabled!
L 10/26/2016 - 16:52:16: [AMXX] To enable debug mode, add "debug" after the plugin name in plugins.ini (without quotes).
L 10/26/2016 - 17:02:27: [AMXX] Run time error 4 (plugin "Gogeta.amxx") - debug not enabled!
L 10/26/2016 - 17:02:27: [AMXX] To enable debug mode, add "debug" after the plugin name in plugins.ini (without quotes).
L 10/26/2016 - 17:03:02: [AMXX] Run time error 4 (plugin "Gogeta.amxx") - debug not enabled!
L 10/26/2016 - 17:03:02: [AMXX] To enable debug mode, add "debug" after the plugin name in plugins.ini (without quotes).
L 10/26/2016 - 17:11:41: [AMXX] Run time error 4 (plugin "Gogeta.amxx") - debug not enabled!
L 10/26/2016 - 17:11:41: [AMXX] To enable debug mode, add "debug" after the plugin name in plugins.ini (without quotes).
L 10/26/2016 - 17:11:48: [AMXX] Run time error 4 (plugin "Gogeta.amxx") - debug not enabled!
L 10/26/2016 - 17:11:48: [AMXX] To enable debug mode, add "debug" after the plugin name in plugins.ini (without quotes).
L 10/26/2016 - 17:11:51: [AMXX] Run time error 4 (plugin "Gogeta.amxx") - debug not enabled!
L 10/26/2016 - 17:11:51: [AMXX] To enable debug mode, add "debug" after the plugin name in plugins.ini (without quotes).
L 10/26/2016 - 17:18:03: [AMXX] Run time error 4 (plugin "Gogeta.amxx") - debug not enabled!
L 10/26/2016 - 17:18:03: [AMXX] To enable debug mode, add "debug" after the plugin name in plugins.ini (without quotes).
L 10/26/2016 - 17:18:35: [AMXX] Run time error 4 (plugin "Gogeta.amxx") - debug not enabled!
L 10/26/2016 - 17:18:35: [AMXX] To enable debug mode, add "debug" after the plugin name in plugins.ini (without quotes).
L 10/26/2016 - 17:19:50: [AMXX] Run time error 4 (plugin "Vegeta-Ts.amxx") - debug not enabled!
L 10/26/2016 - 17:19:50: [AMXX] To enable debug mode, add "debug" after the plugin name in plugins.ini (without quotes).
L 10/26/2016 - 17:19:53: [AMXX] Run time error 4 (plugin "Vegeta-Ts.amxx") - debug not enabled!
L 10/26/2016 - 17:19:53: [AMXX] To enable debug mode, add "debug" after the plugin name in plugins.ini (without quotes).
L 10/26/2016 - 17:19:58: [AMXX] Run time error 4 (plugin "Vegeta-Ts.amxx") - debug not enabled!
L 10/26/2016 - 17:19:58: [AMXX] To enable debug mode, add "debug" after the plugin name in plugins.ini (without quotes).
L 10/26/2016 - 17:20:02: [AMXX] Run time error 4 (plugin "Vegeta-Ts.amxx") - debug not enabled!
L 10/26/2016 - 17:20:02: [AMXX] To enable debug mode, add "debug" after the plugin name in plugins.ini (without quotes).
L 10/26/2016 - 17:20:03: [AMXX] Run time error 4 (plugin "Vegeta-Ts.amxx") - debug not enabled!
L 10/26/2016 - 17:20:03: [AMXX] To enable debug mode, add "debug" after the plugin name in plugins.ini (without quotes).
L 10/26/2016 - 17:20:10: [AMXX] Run time error 4 (plugin "Vegeta-Ts.amxx") - debug not enabled!
L 10/26/2016 - 17:20:10: [AMXX] To enable debug mode, add "debug" after the plugin name in plugins.ini (without quotes).
L 10/26/2016 - 17:20:14: [AMXX] Run time error 4 (plugin "Vegeta-Ts.amxx") - debug not enabled!
L 10/26/2016 - 17:20:14: [AMXX] To enable debug mode, add "debug" after the plugin name in plugins.ini (without quotes).
L 10/26/2016 - 17:20:23: [AMXX] Run time error 4 (plugin "Vegeta-Ts.amxx") - debug not enabled!
L 10/26/2016 - 17:20:23: [AMXX] To enable debug mode, add "debug" after the plugin name in plugins.ini (without quotes).
L 10/26/2016 - 17:20:25: [AMXX] Run time error 4 (plugin "Vegeta-Ts.amxx") - debug not enabled!
L 10/26/2016 - 17:20:25: [AMXX] To enable debug mode, add "debug" after the plugin name in plugins.ini (without quotes).
L 10/26/2016 - 17:20:26: [AMXX] Run time error 4 (plugin "Vegeta-Ts.amxx") - debug not enabled!
L 10/26/2016 - 17:20:26: [AMXX] To enable debug mode, add "debug" after the plugin name in plugins.ini (without quotes).
L 10/26/2016 - 17:20:28: [AMXX] Run time error 4 (plugin "Vegeta-Ts.amxx") - debug not enabled!
L 10/26/2016 - 17:20:28: [AMXX] To enable debug mode, add "debug" after the plugin name in plugins.ini (without quotes).
L 10/26/2016 - 17:20:28: [AMXX] Run time error 4 (plugin "Vegeta-Ts.amxx") - debug not enabled!
L 10/26/2016 - 17:20:28: [AMXX] To enable debug mode, add "debug" after the plugin name in plugins.ini (without quotes).
L 10/26/2016 - 17:20:29: [AMXX] Run time error 4 (plugin "Vegeta-Ts.amxx") - debug not enabled!
L 10/26/2016 - 17:20:29: [AMXX] To enable debug mode, add "debug" after the plugin name in plugins.ini (without quotes).
L 10/26/2016 - 17:20:29: [AMXX] Run time error 4 (plugin "Vegeta-Ts.amxx") - debug not enabled!
L 10/26/2016 - 17:20:29: [AMXX] To enable debug mode, add "debug" after the plugin name in plugins.ini (without quotes).
L 10/26/2016 - 17:20:29: [AMXX] Run time error 4 (plugin "Vegeta-Ts.amxx") - debug not enabled!
L 10/26/2016 - 17:20:29: [AMXX] To enable debug mode, add "debug" after the plugin name in plugins.ini (without quotes).
