L 02/10/2017 - 15:27:51: Start of error session.
L 02/10/2017 - 15:27:51: Info (map "esf_Gurufixed") (logfile "error_021017.log")
L 02/10/2017 - 15:27:51: Could not find function "@WeaponExplosion"
L 02/10/2017 - 15:27:51: [AMXX] Run time error 19 (plugin "Black.amxx") - debug not enabled!
L 02/10/2017 - 15:27:51: [AMXX] To enable debug mode, add "debug" after the plugin name in plugins.ini (without quotes).
L 02/10/2017 - 15:27:51: Could not find function "@WeaponExplosion"
L 02/10/2017 - 15:27:51: [AMXX] Run time error 19 (plugin "Zamasu.amxx") - debug not enabled!
L 02/10/2017 - 15:27:51: [AMXX] To enable debug mode, add "debug" after the plugin name in plugins.ini (without quotes).
L 02/10/2017 - 15:30:48: << CORE >> Invalid Client >> 2
L 02/10/2017 - 15:30:48: [AMXX] Run time error 10 (plugin "SX.Wolffangfist.amxx") (native "getClientSPEED") - debug not enabled!
L 02/10/2017 - 15:30:48: [AMXX] To enable debug mode, add "debug" after the plugin name in plugins.ini (without quotes).
L 02/10/2017 - 16:02:58: Start of error session.
L 02/10/2017 - 16:02:58: Info (map "esf_Gurufixed") (logfile "error_021017.log")
L 02/10/2017 - 16:02:58: Could not find function "@WeaponExplosion"
L 02/10/2017 - 16:02:58: [AMXX] Run time error 19 (plugin "Black.amxx") - debug not enabled!
L 02/10/2017 - 16:02:58: [AMXX] To enable debug mode, add "debug" after the plugin name in plugins.ini (without quotes).
L 02/10/2017 - 16:02:58: Could not find function "@WeaponExplosion"
L 02/10/2017 - 16:02:58: [AMXX] Run time error 19 (plugin "Zamasu.amxx") - debug not enabled!
L 02/10/2017 - 16:02:58: [AMXX] To enable debug mode, add "debug" after the plugin name in plugins.ini (without quotes).
L 02/10/2017 - 16:22:47: Start of error session.
L 02/10/2017 - 16:22:47: Info (map "esf_Gurufixed") (logfile "error_021017.log")
L 02/10/2017 - 16:22:47: Could not find function "@WeaponExplosion"
L 02/10/2017 - 16:22:47: [AMXX] Run time error 19 (plugin "Black.amxx") - debug not enabled!
L 02/10/2017 - 16:22:47: [AMXX] To enable debug mode, add "debug" after the plugin name in plugins.ini (without quotes).
L 02/10/2017 - 16:22:47: Could not find function "@WeaponExplosion"
L 02/10/2017 - 16:22:47: [AMXX] Run time error 19 (plugin "Zamasu.amxx") - debug not enabled!
L 02/10/2017 - 16:22:47: [AMXX] To enable debug mode, add "debug" after the plugin name in plugins.ini (without quotes).
L 02/10/2017 - 16:48:02: Start of error session.
L 02/10/2017 - 16:48:02: Info (map "esf_ychampaarena") (logfile "error_021017.log")
L 02/10/2017 - 16:48:02: Could not find function "@WeaponExplosion"
L 02/10/2017 - 16:48:02: [AMXX] Run time error 19 (plugin "Black.amxx") - debug not enabled!
L 02/10/2017 - 16:48:02: [AMXX] To enable debug mode, add "debug" after the plugin name in plugins.ini (without quotes).
L 02/10/2017 - 16:48:02: Could not find function "@WeaponExplosion"
L 02/10/2017 - 16:48:02: [AMXX] Run time error 19 (plugin "Zamasu.amxx") - debug not enabled!
L 02/10/2017 - 16:48:02: [AMXX] To enable debug mode, add "debug" after the plugin name in plugins.ini (without quotes).
L 02/10/2017 - 16:58:07: Start of error session.
L 02/10/2017 - 16:58:07: Info (map "esf_Gurufixed") (logfile "error_021017.log")
L 02/10/2017 - 16:58:07: Could not find function "@WeaponExplosion"
L 02/10/2017 - 16:58:07: [AMXX] Run time error 19 (plugin "Black.amxx") - debug not enabled!
L 02/10/2017 - 16:58:07: [AMXX] To enable debug mode, add "debug" after the plugin name in plugins.ini (without quotes).
L 02/10/2017 - 16:58:07: Could not find function "@WeaponExplosion"
L 02/10/2017 - 16:58:07: [AMXX] Run time error 19 (plugin "Zamasu.amxx") - debug not enabled!
L 02/10/2017 - 16:58:07: [AMXX] To enable debug mode, add "debug" after the plugin name in plugins.ini (without quotes).
L 02/10/2017 - 16:59:50: Start of error session.
L 02/10/2017 - 16:59:50: Info (map "esf_Gurufixed") (logfile "error_021017.log")
L 02/10/2017 - 16:59:50: Could not find function "@WeaponExplosion"
L 02/10/2017 - 16:59:50: [AMXX] Run time error 19 (plugin "Black.amxx") - debug not enabled!
L 02/10/2017 - 16:59:50: [AMXX] To enable debug mode, add "debug" after the plugin name in plugins.ini (without quotes).
L 02/10/2017 - 16:59:50: Could not find function "@WeaponExplosion"
L 02/10/2017 - 16:59:50: [AMXX] Run time error 19 (plugin "Zamasu.amxx") - debug not enabled!
L 02/10/2017 - 16:59:50: [AMXX] To enable debug mode, add "debug" after the plugin name in plugins.ini (without quotes).
L 02/10/2017 - 17:07:40: Start of error session.
L 02/10/2017 - 17:07:40: Info (map "esf_Gurufixed") (logfile "error_021017.log")
L 02/10/2017 - 17:07:40: Could not find function "@WeaponExplosion"
L 02/10/2017 - 17:07:40: [AMXX] Run time error 19 (plugin "Black.amxx") - debug not enabled!
L 02/10/2017 - 17:07:40: [AMXX] To enable debug mode, add "debug" after the plugin name in plugins.ini (without quotes).
L 02/10/2017 - 17:07:40: Could not find function "@WeaponExplosion"
L 02/10/2017 - 17:07:40: [AMXX] Run time error 19 (plugin "Zamasu.amxx") - debug not enabled!
L 02/10/2017 - 17:07:40: [AMXX] To enable debug mode, add "debug" after the plugin name in plugins.ini (without quotes).
L 02/10/2017 - 17:10:50: Function is not present (function "fxCam2") (plugin "CX/broly.amxx")
L 02/10/2017 - 17:10:50: [AMXX] Run time error 10 (plugin "broly.amxx") (native "set_task") - debug not enabled!
L 02/10/2017 - 17:10:50: [AMXX] To enable debug mode, add "debug" after the plugin name in plugins.ini (without quotes).
L 02/10/2017 - 17:14:07: Start of error session.
L 02/10/2017 - 17:14:07: Info (map "esf_Gurufixed") (logfile "error_021017.log")
L 02/10/2017 - 17:14:07: Could not find function "@WeaponExplosion"
L 02/10/2017 - 17:14:07: [AMXX] Run time error 19 (plugin "Black.amxx") - debug not enabled!
L 02/10/2017 - 17:14:07: [AMXX] To enable debug mode, add "debug" after the plugin name in plugins.ini (without quotes).
L 02/10/2017 - 17:14:07: Could not find function "@WeaponExplosion"
L 02/10/2017 - 17:14:07: [AMXX] Run time error 19 (plugin "Zamasu.amxx") - debug not enabled!
L 02/10/2017 - 17:14:07: [AMXX] To enable debug mode, add "debug" after the plugin name in plugins.ini (without quotes).
L 02/10/2017 - 17:16:36: Function is not present (function "fxAura2") (plugin "CX/B32.amxx")
L 02/10/2017 - 17:16:36: [AMXX] Run time error 10 (plugin "B32.amxx") (native "set_task") - debug not enabled!
L 02/10/2017 - 17:16:36: [AMXX] To enable debug mode, add "debug" after the plugin name in plugins.ini (without quotes).
L 02/10/2017 - 17:21:23: Start of error session.
L 02/10/2017 - 17:21:23: Info (map "esf_Gurufixed") (logfile "error_021017.log")
L 02/10/2017 - 17:21:23: Could not find function "@WeaponExplosion"
L 02/10/2017 - 17:21:23: [AMXX] Run time error 19 (plugin "Black.amxx") - debug not enabled!
L 02/10/2017 - 17:21:23: [AMXX] To enable debug mode, add "debug" after the plugin name in plugins.ini (without quotes).
L 02/10/2017 - 17:21:23: Could not find function "@WeaponExplosion"
L 02/10/2017 - 17:21:23: [AMXX] Run time error 19 (plugin "Zamasu.amxx") - debug not enabled!
L 02/10/2017 - 17:21:23: [AMXX] To enable debug mode, add "debug" after the plugin name in plugins.ini (without quotes).
L 02/10/2017 - 17:30:57: Start of error session.
L 02/10/2017 - 17:30:57: Info (map "esf_Gurufixed") (logfile "error_021017.log")
L 02/10/2017 - 17:30:57: Could not find function "@WeaponExplosion"
L 02/10/2017 - 17:30:57: [AMXX] Run time error 19 (plugin "Black.amxx") - debug not enabled!
L 02/10/2017 - 17:30:57: [AMXX] To enable debug mode, add "debug" after the plugin name in plugins.ini (without quotes).
L 02/10/2017 - 17:30:57: Could not find function "@WeaponExplosion"
L 02/10/2017 - 17:30:57: [AMXX] Run time error 19 (plugin "Zamasu.amxx") - debug not enabled!
L 02/10/2017 - 17:30:57: [AMXX] To enable debug mode, add "debug" after the plugin name in plugins.ini (without quotes).
L 02/10/2017 - 17:36:46: << CORE >> Invalid Client >> 15
L 02/10/2017 - 17:36:46: [AMXX] Run time error 10 (plugin "SX.Wolffangfist.amxx") (native "getClientSPEED") - debug not enabled!
L 02/10/2017 - 17:36:46: [AMXX] To enable debug mode, add "debug" after the plugin name in plugins.ini (without quotes).
L 02/10/2017 - 17:39:31: Start of error session.
L 02/10/2017 - 17:39:31: Info (map "esf_Gurufixed") (logfile "error_021017.log")
L 02/10/2017 - 17:39:31: Could not find function "@WeaponExplosion"
L 02/10/2017 - 17:39:31: [AMXX] Run time error 19 (plugin "Black.amxx") - debug not enabled!
L 02/10/2017 - 17:39:31: [AMXX] To enable debug mode, add "debug" after the plugin name in plugins.ini (without quotes).
L 02/10/2017 - 17:39:31: Could not find function "@WeaponExplosion"
L 02/10/2017 - 17:39:31: [AMXX] Run time error 19 (plugin "Zamasu.amxx") - debug not enabled!
L 02/10/2017 - 17:39:31: [AMXX] To enable debug mode, add "debug" after the plugin name in plugins.ini (without quotes).
L 02/10/2017 - 17:47:20: Start of error session.
L 02/10/2017 - 17:47:20: Info (map "esf_Gurufixed") (logfile "error_021017.log")
L 02/10/2017 - 17:47:20: Could not find function "@WeaponExplosion"
L 02/10/2017 - 17:47:20: [AMXX] Run time error 19 (plugin "Black.amxx") - debug not enabled!
L 02/10/2017 - 17:47:20: [AMXX] To enable debug mode, add "debug" after the plugin name in plugins.ini (without quotes).
L 02/10/2017 - 17:47:20: Could not find function "@WeaponExplosion"
L 02/10/2017 - 17:47:20: [AMXX] Run time error 19 (plugin "Zamasu.amxx") - debug not enabled!
L 02/10/2017 - 17:47:20: [AMXX] To enable debug mode, add "debug" after the plugin name in plugins.ini (without quotes).
L 02/10/2017 - 17:51:08: << CORE >> Invalid Client >> 12
L 02/10/2017 - 17:51:08: [AMXX] Run time error 10 (plugin "SX.Wolffangfist.amxx") (native "getClientSPEED") - debug not enabled!
L 02/10/2017 - 17:51:08: [AMXX] To enable debug mode, add "debug" after the plugin name in plugins.ini (without quotes).
L 02/10/2017 - 17:51:08: << CORE >> Invalid Client >> 12
L 02/10/2017 - 17:51:08: [AMXX] Run time error 10 (plugin "SX.Wolffangfist.amxx") (native "getClientSPEED") - debug not enabled!
L 02/10/2017 - 17:51:08: [AMXX] To enable debug mode, add "debug" after the plugin name in plugins.ini (without quotes).
L 02/10/2017 - 17:51:21: << CORE >> Invalid Client >> 12
L 02/10/2017 - 17:51:21: [AMXX] Run time error 10 (plugin "SX.Wolffangfist.amxx") (native "getClientSPEED") - debug not enabled!
L 02/10/2017 - 17:51:21: [AMXX] To enable debug mode, add "debug" after the plugin name in plugins.ini (without quotes).
L 02/10/2017 - 17:51:21: << CORE >> Invalid Client >> 12
L 02/10/2017 - 17:51:21: [AMXX] Run time error 10 (plugin "SX.Wolffangfist.amxx") (native "getClientSPEED") - debug not enabled!
L 02/10/2017 - 17:51:21: [AMXX] To enable debug mode, add "debug" after the plugin name in plugins.ini (without quotes).
L 02/10/2017 - 18:00:05: Start of error session.
L 02/10/2017 - 18:00:05: Info (map "esf_Gurufixed") (logfile "error_021017.log")
L 02/10/2017 - 18:00:05: Could not find function "@WeaponExplosion"
L 02/10/2017 - 18:00:05: [AMXX] Run time error 19 (plugin "Black.amxx") - debug not enabled!
L 02/10/2017 - 18:00:05: [AMXX] To enable debug mode, add "debug" after the plugin name in plugins.ini (without quotes).
L 02/10/2017 - 18:00:05: Could not find function "@WeaponExplosion"
L 02/10/2017 - 18:00:05: [AMXX] Run time error 19 (plugin "Zamasu.amxx") - debug not enabled!
L 02/10/2017 - 18:00:05: [AMXX] To enable debug mode, add "debug" after the plugin name in plugins.ini (without quotes).
L 02/10/2017 - 18:04:42: Start of error session.
L 02/10/2017 - 18:04:42: Info (map "esf_Gurufixed") (logfile "error_021017.log")
L 02/10/2017 - 18:04:42: Could not find function "@WeaponExplosion"
L 02/10/2017 - 18:04:42: [AMXX] Run time error 19 (plugin "Black.amxx") - debug not enabled!
L 02/10/2017 - 18:04:42: [AMXX] To enable debug mode, add "debug" after the plugin name in plugins.ini (without quotes).
L 02/10/2017 - 18:04:42: Could not find function "@WeaponExplosion"
L 02/10/2017 - 18:04:42: [AMXX] Run time error 19 (plugin "Zamasu.amxx") - debug not enabled!
L 02/10/2017 - 18:04:42: [AMXX] To enable debug mode, add "debug" after the plugin name in plugins.ini (without quotes).
L 02/10/2017 - 18:08:23: Start of error session.
L 02/10/2017 - 18:08:23: Info (map "esf_Gurufixed") (logfile "error_021017.log")
L 02/10/2017 - 18:08:23: Could not find function "@WeaponExplosion"
L 02/10/2017 - 18:08:23: [AMXX] Run time error 19 (plugin "Black.amxx") - debug not enabled!
L 02/10/2017 - 18:08:23: [AMXX] To enable debug mode, add "debug" after the plugin name in plugins.ini (without quotes).
L 02/10/2017 - 18:08:23: Could not find function "@WeaponExplosion"
L 02/10/2017 - 18:08:23: [AMXX] Run time error 19 (plugin "Zamasu.amxx") - debug not enabled!
L 02/10/2017 - 18:08:23: [AMXX] To enable debug mode, add "debug" after the plugin name in plugins.ini (without quotes).
L 02/10/2017 - 18:14:26: Start of error session.
L 02/10/2017 - 18:14:26: Info (map "esf_Gurufixed") (logfile "error_021017.log")
L 02/10/2017 - 18:14:26: Could not find function "@WeaponExplosion"
L 02/10/2017 - 18:14:26: [AMXX] Run time error 19 (plugin "Black.amxx") - debug not enabled!
L 02/10/2017 - 18:14:26: [AMXX] To enable debug mode, add "debug" after the plugin name in plugins.ini (without quotes).
L 02/10/2017 - 18:14:26: Could not find function "@WeaponExplosion"
L 02/10/2017 - 18:14:26: [AMXX] Run time error 19 (plugin "Zamasu.amxx") - debug not enabled!
L 02/10/2017 - 18:14:26: [AMXX] To enable debug mode, add "debug" after the plugin name in plugins.ini (without quotes).
L 02/10/2017 - 18:17:47: Start of error session.
L 02/10/2017 - 18:17:47: Info (map "esf_Gurufixed") (logfile "error_021017.log")
L 02/10/2017 - 18:17:47: Could not find function "@WeaponExplosion"
L 02/10/2017 - 18:17:47: [AMXX] Run time error 19 (plugin "Black.amxx") - debug not enabled!
L 02/10/2017 - 18:17:47: [AMXX] To enable debug mode, add "debug" after the plugin name in plugins.ini (without quotes).
L 02/10/2017 - 18:17:47: Could not find function "@WeaponExplosion"
L 02/10/2017 - 18:17:47: [AMXX] Run time error 19 (plugin "Zamasu.amxx") - debug not enabled!
L 02/10/2017 - 18:17:47: [AMXX] To enable debug mode, add "debug" after the plugin name in plugins.ini (without quotes).
L 02/10/2017 - 18:30:55: Start of error session.
L 02/10/2017 - 18:30:55: Info (map "esf_Gurufixed") (logfile "error_021017.log")
L 02/10/2017 - 18:30:55: Could not find function "@WeaponExplosion"
L 02/10/2017 - 18:30:55: [AMXX] Run time error 19 (plugin "Black.amxx") - debug not enabled!
L 02/10/2017 - 18:30:55: [AMXX] To enable debug mode, add "debug" after the plugin name in plugins.ini (without quotes).
L 02/10/2017 - 18:30:55: Could not find function "@WeaponExplosion"
L 02/10/2017 - 18:30:55: [AMXX] Run time error 19 (plugin "Zamasu.amxx") - debug not enabled!
L 02/10/2017 - 18:30:55: [AMXX] To enable debug mode, add "debug" after the plugin name in plugins.ini (without quotes).
L 02/10/2017 - 19:01:09: Start of error session.
L 02/10/2017 - 19:01:09: Info (map "esf_Gurufixed") (logfile "error_021017.log")
L 02/10/2017 - 19:01:09: Could not find function "@WeaponExplosion"
L 02/10/2017 - 19:01:09: [AMXX] Run time error 19 (plugin "Black.amxx") - debug not enabled!
L 02/10/2017 - 19:01:09: [AMXX] To enable debug mode, add "debug" after the plugin name in plugins.ini (without quotes).
L 02/10/2017 - 19:01:09: Could not find function "@WeaponExplosion"
L 02/10/2017 - 19:01:09: [AMXX] Run time error 19 (plugin "Zamasu.amxx") - debug not enabled!
L 02/10/2017 - 19:01:09: [AMXX] To enable debug mode, add "debug" after the plugin name in plugins.ini (without quotes).
L 02/10/2017 - 19:08:39: Start of error session.
L 02/10/2017 - 19:08:39: Info (map "esf_Gurufixed") (logfile "error_021017.log")
L 02/10/2017 - 19:08:39: Could not find function "@ClassDamage"
L 02/10/2017 - 19:08:39: [AMXX] Run time error 19 (plugin "AutoTrans.amxx") - debug not enabled!
L 02/10/2017 - 19:08:39: [AMXX] To enable debug mode, add "debug" after the plugin name in plugins.ini (without quotes).
L 02/10/2017 - 19:08:39: Could not find function "@WeaponExplosion"
L 02/10/2017 - 19:08:39: [AMXX] Run time error 19 (plugin "Black.amxx") - debug not enabled!
L 02/10/2017 - 19:08:39: [AMXX] To enable debug mode, add "debug" after the plugin name in plugins.ini (without quotes).
L 02/10/2017 - 19:08:39: Could not find function "@WeaponExplosion"
L 02/10/2017 - 19:08:39: [AMXX] Run time error 19 (plugin "Zamasu.amxx") - debug not enabled!
L 02/10/2017 - 19:08:39: [AMXX] To enable debug mode, add "debug" after the plugin name in plugins.ini (without quotes).
L 02/10/2017 - 19:12:43: Start of error session.
L 02/10/2017 - 19:12:43: Info (map "esf_ychampaarena") (logfile "error_021017.log")
L 02/10/2017 - 19:12:43: Could not find function "@WeaponExplosion"
L 02/10/2017 - 19:12:43: [AMXX] Run time error 19 (plugin "Black.amxx") - debug not enabled!
L 02/10/2017 - 19:12:43: [AMXX] To enable debug mode, add "debug" after the plugin name in plugins.ini (without quotes).
L 02/10/2017 - 19:12:43: Could not find function "@WeaponExplosion"
L 02/10/2017 - 19:12:43: [AMXX] Run time error 19 (plugin "Zamasu.amxx") - debug not enabled!
L 02/10/2017 - 19:12:43: [AMXX] To enable debug mode, add "debug" after the plugin name in plugins.ini (without quotes).
L 02/10/2017 - 19:16:05: Start of error session.
L 02/10/2017 - 19:16:05: Info (map "esf_ychampaarena") (logfile "error_021017.log")
L 02/10/2017 - 19:16:05: Could not find function "@ClassPowerLevel"
L 02/10/2017 - 19:16:05: [AMXX] Run time error 19 (plugin "AutoTrans.amxx") - debug not enabled!
L 02/10/2017 - 19:16:05: [AMXX] To enable debug mode, add "debug" after the plugin name in plugins.ini (without quotes).
L 02/10/2017 - 19:16:05: Could not find function "@WeaponExplosion"
L 02/10/2017 - 19:16:05: [AMXX] Run time error 19 (plugin "Black.amxx") - debug not enabled!
L 02/10/2017 - 19:16:05: [AMXX] To enable debug mode, add "debug" after the plugin name in plugins.ini (without quotes).
L 02/10/2017 - 19:16:05: Could not find function "@WeaponExplosion"
L 02/10/2017 - 19:16:05: [AMXX] Run time error 19 (plugin "Zamasu.amxx") - debug not enabled!
L 02/10/2017 - 19:16:05: [AMXX] To enable debug mode, add "debug" after the plugin name in plugins.ini (without quotes).
