L 12/15/2012 - 00:51:28: Start of error session.
L 12/15/2012 - 00:51:28: Info (map "esf_cell_games") (logfile "error_121512.log")
L 12/15/2012 - 00:51:28: [AMXX] Run time error 14 (plugin "Ascend.amxx") - debug not enabled!
L 12/15/2012 - 00:51:28: [AMXX] To enable debug mode, add "debug" after the plugin name in plugins.ini (without quotes).
L 12/15/2012 - 00:57:31: Start of error session.
L 12/15/2012 - 00:57:31: Info (map "esf_cell_games") (logfile "error_121512.log")
L 12/15/2012 - 00:57:31: [AMXX] Run time error 14 (plugin "Ascend.amxx") - debug not enabled!
L 12/15/2012 - 00:57:31: [AMXX] To enable debug mode, add "debug" after the plugin name in plugins.ini (without quotes).
L 12/15/2012 - 01:00:40: Start of error session.
L 12/15/2012 - 01:00:40: Info (map "esf_cell_games") (logfile "error_121512.log")
L 12/15/2012 - 01:00:40: [AMXX] Run time error 14 (plugin "Ascend.amxx") - debug not enabled!
L 12/15/2012 - 01:00:40: [AMXX] To enable debug mode, add "debug" after the plugin name in plugins.ini (without quotes).
L 12/15/2012 - 01:06:39: Start of error session.
L 12/15/2012 - 01:06:39: Info (map "esf_cell_games_night") (logfile "error_121512.log")
L 12/15/2012 - 01:06:39: [AMXX] Run time error 14 (plugin "Ascend.amxx") - debug not enabled!
L 12/15/2012 - 01:06:39: [AMXX] To enable debug mode, add "debug" after the plugin name in plugins.ini (without quotes).
L 12/15/2012 - 12:00:18: Start of error session.
L 12/15/2012 - 12:00:18: Info (map "esf_cell_games_night") (logfile "error_121512.log")
L 12/15/2012 - 12:00:18: [AMXX] Run time error 14 (plugin "Ascend.amxx") - debug not enabled!
L 12/15/2012 - 12:00:19: [AMXX] To enable debug mode, add "debug" after the plugin name in plugins.ini (without quotes).
L 12/15/2012 - 12:02:23: Start of error session.
L 12/15/2012 - 12:02:23: Info (map "NavidadSR") (logfile "error_121512.log")
L 12/15/2012 - 12:02:23: [AMXX] Run time error 14 (plugin "Ascend.amxx") - debug not enabled!
L 12/15/2012 - 12:02:23: [AMXX] To enable debug mode, add "debug" after the plugin name in plugins.ini (without quotes).
L 12/15/2012 - 12:05:20: Start of error session.
L 12/15/2012 - 12:05:20: Info (map "NavidadSR") (logfile "error_121512.log")
L 12/15/2012 - 12:05:20: [AMXX] Run time error 14 (plugin "Ascend.amxx") - debug not enabled!
L 12/15/2012 - 12:05:20: [AMXX] To enable debug mode, add "debug" after the plugin name in plugins.ini (without quotes).
L 12/15/2012 - 12:09:57: Start of error session.
L 12/15/2012 - 12:09:57: Info (map "NavidadSR") (logfile "error_121512.log")
L 12/15/2012 - 12:09:57: [AMXX] Run time error 14 (plugin "Ascend.amxx") - debug not enabled!
L 12/15/2012 - 12:09:57: [AMXX] To enable debug mode, add "debug" after the plugin name in plugins.ini (without quotes).
