L 10/21/2016 - 01:35:34: Start of error session.
L 10/21/2016 - 01:35:34: Info (map "esf_Guru") (logfile "error_102116.log")
L 10/21/2016 - 01:35:34: [AMXX] Run time error 4 (plugin "Vegeta-Ts.amxx") - debug not enabled!
L 10/21/2016 - 01:35:34: [AMXX] To enable debug mode, add "debug" after the plugin name in plugins.ini (without quotes).
L 10/21/2016 - 01:35:37: [AMXX] Run time error 4 (plugin "Vegeta-Ts.amxx") - debug not enabled!
L 10/21/2016 - 01:35:37: [AMXX] To enable debug mode, add "debug" after the plugin name in plugins.ini (without quotes).
L 10/21/2016 - 01:35:42: [AMXX] Run time error 4 (plugin "Vegeta-Ts.amxx") - debug not enabled!
L 10/21/2016 - 01:35:42: [AMXX] To enable debug mode, add "debug" after the plugin name in plugins.ini (without quotes).
L 10/21/2016 - 01:35:44: [AMXX] Run time error 4 (plugin "Vegeta-Ts.amxx") - debug not enabled!
L 10/21/2016 - 01:35:44: [AMXX] To enable debug mode, add "debug" after the plugin name in plugins.ini (without quotes).
L 10/21/2016 - 01:35:52: [AMXX] Run time error 4 (plugin "Vegeta-Ts.amxx") - debug not enabled!
L 10/21/2016 - 01:35:52: [AMXX] To enable debug mode, add "debug" after the plugin name in plugins.ini (without quotes).
L 10/21/2016 - 01:36:04: [AMXX] Run time error 4 (plugin "Vegeta-Ts.amxx") - debug not enabled!
L 10/21/2016 - 01:36:04: [AMXX] To enable debug mode, add "debug" after the plugin name in plugins.ini (without quotes).
L 10/21/2016 - 01:36:07: [AMXX] Run time error 4 (plugin "Vegeta-Ts.amxx") - debug not enabled!
L 10/21/2016 - 01:36:07: [AMXX] To enable debug mode, add "debug" after the plugin name in plugins.ini (without quotes).
L 10/21/2016 - 01:36:25: [AMXX] Run time error 4 (plugin "Vegeta-Ts.amxx") - debug not enabled!
L 10/21/2016 - 01:36:25: [AMXX] To enable debug mode, add "debug" after the plugin name in plugins.ini (without quotes).
L 10/21/2016 - 01:36:27: [AMXX] Run time error 4 (plugin "Vegeta-Ts.amxx") - debug not enabled!
L 10/21/2016 - 01:36:27: [AMXX] To enable debug mode, add "debug" after the plugin name in plugins.ini (without quotes).
L 10/21/2016 - 01:36:46: [AMXX] Run time error 4 (plugin "Gogeta.amxx") - debug not enabled!
L 10/21/2016 - 01:36:46: [AMXX] To enable debug mode, add "debug" after the plugin name in plugins.ini (without quotes).
L 10/21/2016 - 01:37:08: [AMXX] Run time error 4 (plugin "Gogeta.amxx") - debug not enabled!
L 10/21/2016 - 01:37:08: [AMXX] To enable debug mode, add "debug" after the plugin name in plugins.ini (without quotes).
L 10/21/2016 - 12:15:09: Start of error session.
L 10/21/2016 - 12:15:09: Info (map "esf_Guru") (logfile "error_102116.log")
L 10/21/2016 - 12:15:09: Function is not present (function "fxCam2") (plugin "CX/brolly.amxx")
L 10/21/2016 - 12:15:09: [AMXX] Run time error 10 (plugin "brolly.amxx") (native "set_task") - debug not enabled!
L 10/21/2016 - 12:15:09: [AMXX] To enable debug mode, add "debug" after the plugin name in plugins.ini (without quotes).
L 10/21/2016 - 12:17:59: [AMXX] Run time error 4 (plugin "Gogeta.amxx") - debug not enabled!
L 10/21/2016 - 12:17:59: [AMXX] To enable debug mode, add "debug" after the plugin name in plugins.ini (without quotes).
L 10/21/2016 - 12:18:09: [AMXX] Run time error 4 (plugin "brolly.amxx") - debug not enabled!
L 10/21/2016 - 12:18:09: [AMXX] To enable debug mode, add "debug" after the plugin name in plugins.ini (without quotes).
L 10/21/2016 - 12:18:15: [AMXX] Run time error 4 (plugin "brolly.amxx") - debug not enabled!
L 10/21/2016 - 12:18:15: [AMXX] To enable debug mode, add "debug" after the plugin name in plugins.ini (without quotes).
L 10/21/2016 - 12:18:21: [AMXX] Run time error 4 (plugin "brolly.amxx") - debug not enabled!
L 10/21/2016 - 12:18:21: [AMXX] To enable debug mode, add "debug" after the plugin name in plugins.ini (without quotes).
L 10/21/2016 - 12:18:24: [AMXX] Run time error 4 (plugin "brolly.amxx") - debug not enabled!
L 10/21/2016 - 12:18:24: [AMXX] To enable debug mode, add "debug" after the plugin name in plugins.ini (without quotes).
L 10/21/2016 - 12:18:54: [AMXX] Run time error 4 (plugin "brolly.amxx") - debug not enabled!
L 10/21/2016 - 12:18:54: [AMXX] To enable debug mode, add "debug" after the plugin name in plugins.ini (without quotes).
L 10/21/2016 - 12:19:05: [AMXX] Run time error 4 (plugin "brolly.amxx") - debug not enabled!
L 10/21/2016 - 12:19:05: [AMXX] To enable debug mode, add "debug" after the plugin name in plugins.ini (without quotes).
L 10/21/2016 - 12:19:19: [AMXX] Run time error 4 (plugin "brolly.amxx") - debug not enabled!
L 10/21/2016 - 12:19:19: [AMXX] To enable debug mode, add "debug" after the plugin name in plugins.ini (without quotes).
L 10/21/2016 - 12:19:23: [AMXX] Run time error 4 (plugin "brolly.amxx") - debug not enabled!
L 10/21/2016 - 12:19:23: [AMXX] To enable debug mode, add "debug" after the plugin name in plugins.ini (without quotes).
L 10/21/2016 - 12:19:55: Function is not present (function "fxCam2") (plugin "CX/brolly.amxx")
L 10/21/2016 - 12:19:55: [AMXX] Run time error 10 (plugin "brolly.amxx") (native "set_task") - debug not enabled!
L 10/21/2016 - 12:19:55: [AMXX] To enable debug mode, add "debug" after the plugin name in plugins.ini (without quotes).
L 10/21/2016 - 12:20:13: [AMXX] Run time error 4 (plugin "brolly.amxx") - debug not enabled!
L 10/21/2016 - 12:20:13: [AMXX] To enable debug mode, add "debug" after the plugin name in plugins.ini (without quotes).
L 10/21/2016 - 12:20:19: [AMXX] Run time error 4 (plugin "brolly.amxx") - debug not enabled!
L 10/21/2016 - 12:20:19: [AMXX] To enable debug mode, add "debug" after the plugin name in plugins.ini (without quotes).
L 10/21/2016 - 12:20:24: [AMXX] Run time error 4 (plugin "brolly.amxx") - debug not enabled!
L 10/21/2016 - 12:20:24: [AMXX] To enable debug mode, add "debug" after the plugin name in plugins.ini (without quotes).
L 10/21/2016 - 12:20:24: [AMXX] Run time error 4 (plugin "brolly.amxx") - debug not enabled!
L 10/21/2016 - 12:20:24: [AMXX] To enable debug mode, add "debug" after the plugin name in plugins.ini (without quotes).
L 10/21/2016 - 12:20:38: [AMXX] Run time error 4 (plugin "brolly.amxx") - debug not enabled!
L 10/21/2016 - 12:20:38: [AMXX] To enable debug mode, add "debug" after the plugin name in plugins.ini (without quotes).
L 10/21/2016 - 12:20:44: [AMXX] Run time error 4 (plugin "brolly.amxx") - debug not enabled!
L 10/21/2016 - 12:20:44: [AMXX] To enable debug mode, add "debug" after the plugin name in plugins.ini (without quotes).
L 10/21/2016 - 12:21:01: [AMXX] Run time error 4 (plugin "brolly.amxx") - debug not enabled!
L 10/21/2016 - 12:21:01: [AMXX] To enable debug mode, add "debug" after the plugin name in plugins.ini (without quotes).
L 10/21/2016 - 12:21:09: [AMXX] Run time error 4 (plugin "brolly.amxx") - debug not enabled!
L 10/21/2016 - 12:21:09: [AMXX] To enable debug mode, add "debug" after the plugin name in plugins.ini (without quotes).
L 10/21/2016 - 12:21:18: [AMXX] Run time error 4 (plugin "Gogeta.amxx") - debug not enabled!
L 10/21/2016 - 12:21:18: [AMXX] To enable debug mode, add "debug" after the plugin name in plugins.ini (without quotes).
L 10/21/2016 - 12:21:48: [AMXX] Run time error 4 (plugin "brolly.amxx") - debug not enabled!
L 10/21/2016 - 12:21:48: [AMXX] To enable debug mode, add "debug" after the plugin name in plugins.ini (without quotes).
L 10/21/2016 - 12:21:53: [AMXX] Run time error 4 (plugin "brolly.amxx") - debug not enabled!
L 10/21/2016 - 12:21:53: [AMXX] To enable debug mode, add "debug" after the plugin name in plugins.ini (without quotes).
L 10/21/2016 - 12:22:45: [AMXX] Run time error 4 (plugin "brolly.amxx") - debug not enabled!
L 10/21/2016 - 12:22:45: [AMXX] To enable debug mode, add "debug" after the plugin name in plugins.ini (without quotes).
L 10/21/2016 - 12:22:50: [AMXX] Run time error 4 (plugin "brolly.amxx") - debug not enabled!
L 10/21/2016 - 12:22:50: [AMXX] To enable debug mode, add "debug" after the plugin name in plugins.ini (without quotes).
L 10/21/2016 - 12:22:59: [AMXX] Run time error 4 (plugin "brolly.amxx") - debug not enabled!
L 10/21/2016 - 12:22:59: [AMXX] To enable debug mode, add "debug" after the plugin name in plugins.ini (without quotes).
L 10/21/2016 - 12:23:02: [AMXX] Run time error 4 (plugin "brolly.amxx") - debug not enabled!
L 10/21/2016 - 12:23:02: [AMXX] To enable debug mode, add "debug" after the plugin name in plugins.ini (without quotes).
L 10/21/2016 - 12:23:03: [AMXX] Run time error 4 (plugin "brolly.amxx") - debug not enabled!
L 10/21/2016 - 12:23:03: [AMXX] To enable debug mode, add "debug" after the plugin name in plugins.ini (without quotes).
L 10/21/2016 - 12:23:45: Function is not present (function "fxCam2") (plugin "CX/brolly.amxx")
L 10/21/2016 - 12:23:45: [AMXX] Run time error 10 (plugin "brolly.amxx") (native "set_task") - debug not enabled!
L 10/21/2016 - 12:23:45: [AMXX] To enable debug mode, add "debug" after the plugin name in plugins.ini (without quotes).
L 10/21/2016 - 12:24:08: [AMXX] Run time error 4 (plugin "brolly.amxx") - debug not enabled!
L 10/21/2016 - 12:24:08: [AMXX] To enable debug mode, add "debug" after the plugin name in plugins.ini (without quotes).
L 10/21/2016 - 12:24:09: [AMXX] Run time error 4 (plugin "brolly.amxx") - debug not enabled!
L 10/21/2016 - 12:24:09: [AMXX] To enable debug mode, add "debug" after the plugin name in plugins.ini (without quotes).
L 10/21/2016 - 12:24:32: [AMXX] Run time error 4 (plugin "brolly.amxx") - debug not enabled!
L 10/21/2016 - 12:24:32: [AMXX] To enable debug mode, add "debug" after the plugin name in plugins.ini (without quotes).
L 10/21/2016 - 12:24:34: [AMXX] Run time error 4 (plugin "brolly.amxx") - debug not enabled!
L 10/21/2016 - 12:24:34: [AMXX] To enable debug mode, add "debug" after the plugin name in plugins.ini (without quotes).
L 10/21/2016 - 12:24:34: [AMXX] Run time error 4 (plugin "brolly.amxx") - debug not enabled!
L 10/21/2016 - 12:24:34: [AMXX] To enable debug mode, add "debug" after the plugin name in plugins.ini (without quotes).
L 10/21/2016 - 12:24:45: [AMXX] Run time error 4 (plugin "brolly.amxx") - debug not enabled!
L 10/21/2016 - 12:24:45: [AMXX] To enable debug mode, add "debug" after the plugin name in plugins.ini (without quotes).
L 10/21/2016 - 12:24:49: [AMXX] Run time error 4 (plugin "brolly.amxx") - debug not enabled!
L 10/21/2016 - 12:24:49: [AMXX] To enable debug mode, add "debug" after the plugin name in plugins.ini (without quotes).
L 10/21/2016 - 12:24:57: [AMXX] Run time error 4 (plugin "brolly.amxx") - debug not enabled!
L 10/21/2016 - 12:24:57: [AMXX] To enable debug mode, add "debug" after the plugin name in plugins.ini (without quotes).
L 10/21/2016 - 12:25:05: [AMXX] Run time error 4 (plugin "brolly.amxx") - debug not enabled!
L 10/21/2016 - 12:25:05: [AMXX] To enable debug mode, add "debug" after the plugin name in plugins.ini (without quotes).
L 10/21/2016 - 12:25:13: [AMXX] Run time error 4 (plugin "brolly.amxx") - debug not enabled!
L 10/21/2016 - 12:25:13: [AMXX] To enable debug mode, add "debug" after the plugin name in plugins.ini (without quotes).
L 10/21/2016 - 12:25:31: [AMXX] Run time error 4 (plugin "brolly.amxx") - debug not enabled!
L 10/21/2016 - 12:25:31: [AMXX] To enable debug mode, add "debug" after the plugin name in plugins.ini (without quotes).
L 10/21/2016 - 12:25:31: [AMXX] Run time error 4 (plugin "brolly.amxx") - debug not enabled!
L 10/21/2016 - 12:25:31: [AMXX] To enable debug mode, add "debug" after the plugin name in plugins.ini (without quotes).
L 10/21/2016 - 12:26:30: [AMXX] Run time error 4 (plugin "brolly.amxx") - debug not enabled!
L 10/21/2016 - 12:26:30: [AMXX] To enable debug mode, add "debug" after the plugin name in plugins.ini (without quotes).
L 10/21/2016 - 12:26:37: [AMXX] Run time error 4 (plugin "brolly.amxx") - debug not enabled!
L 10/21/2016 - 12:26:37: [AMXX] To enable debug mode, add "debug" after the plugin name in plugins.ini (without quotes).
L 10/21/2016 - 12:27:26: [AMXX] Run time error 4 (plugin "brolly.amxx") - debug not enabled!
L 10/21/2016 - 12:27:26: [AMXX] To enable debug mode, add "debug" after the plugin name in plugins.ini (without quotes).
L 10/21/2016 - 12:27:30: [AMXX] Run time error 4 (plugin "brolly.amxx") - debug not enabled!
L 10/21/2016 - 12:27:30: [AMXX] To enable debug mode, add "debug" after the plugin name in plugins.ini (without quotes).
L 10/21/2016 - 12:27:37: [AMXX] Run time error 4 (plugin "brolly.amxx") - debug not enabled!
L 10/21/2016 - 12:27:37: [AMXX] To enable debug mode, add "debug" after the plugin name in plugins.ini (without quotes).
L 10/21/2016 - 12:27:37: [AMXX] Run time error 4 (plugin "brolly.amxx") - debug not enabled!
L 10/21/2016 - 12:27:37: [AMXX] To enable debug mode, add "debug" after the plugin name in plugins.ini (without quotes).
L 10/21/2016 - 12:31:02: [AMXX] Run time error 4 (plugin "Gogeta.amxx") - debug not enabled!
L 10/21/2016 - 12:31:02: [AMXX] To enable debug mode, add "debug" after the plugin name in plugins.ini (without quotes).
L 10/21/2016 - 12:38:19: [AMXX] Run time error 4 (plugin "Gogeta.amxx") - debug not enabled!
L 10/21/2016 - 12:38:19: [AMXX] To enable debug mode, add "debug" after the plugin name in plugins.ini (without quotes).
L 10/21/2016 - 12:38:20: [AMXX] Run time error 4 (plugin "Gogeta.amxx") - debug not enabled!
L 10/21/2016 - 12:38:20: [AMXX] To enable debug mode, add "debug" after the plugin name in plugins.ini (without quotes).
