L 02/02/2017 - 16:07:12: Start of error session.
L 02/02/2017 - 16:07:12: Info (map "esf_champaarena") (logfile "error_020217.log")
L 02/02/2017 - 16:07:12: Could not find function "@WeaponExplosion"
L 02/02/2017 - 16:07:12: [AMXX] Run time error 19 (plugin "Black.amxx") - debug not enabled!
L 02/02/2017 - 16:07:12: [AMXX] To enable debug mode, add "debug" after the plugin name in plugins.ini (without quotes).
L 02/02/2017 - 16:07:12: Could not find function "@WeaponExplosion"
L 02/02/2017 - 16:07:12: [AMXX] Run time error 19 (plugin "Zamasu.amxx") - debug not enabled!
L 02/02/2017 - 16:07:12: [AMXX] To enable debug mode, add "debug" after the plugin name in plugins.ini (without quotes).
L 02/02/2017 - 16:08:39: [AMXX] Run time error 4 (plugin "Goku-TS.amxx") - debug not enabled!
L 02/02/2017 - 16:08:39: [AMXX] To enable debug mode, add "debug" after the plugin name in plugins.ini (without quotes).
L 02/02/2017 - 16:08:43: [AMXX] Run time error 4 (plugin "Goku-TS.amxx") - debug not enabled!
L 02/02/2017 - 16:08:43: [AMXX] To enable debug mode, add "debug" after the plugin name in plugins.ini (without quotes).
L 02/02/2017 - 16:08:43: [AMXX] Run time error 4 (plugin "Goku-TS.amxx") - debug not enabled!
L 02/02/2017 - 16:08:43: [AMXX] To enable debug mode, add "debug" after the plugin name in plugins.ini (without quotes).
L 02/02/2017 - 16:08:49: [AMXX] Run time error 4 (plugin "Goku-TS.amxx") - debug not enabled!
L 02/02/2017 - 16:08:49: [AMXX] To enable debug mode, add "debug" after the plugin name in plugins.ini (without quotes).
L 02/02/2017 - 16:08:55: [AMXX] Run time error 4 (plugin "Goku-TS.amxx") - debug not enabled!
L 02/02/2017 - 16:08:55: [AMXX] To enable debug mode, add "debug" after the plugin name in plugins.ini (without quotes).
L 02/02/2017 - 16:08:55: [AMXX] Run time error 4 (plugin "Goku-TS.amxx") - debug not enabled!
L 02/02/2017 - 16:08:55: [AMXX] To enable debug mode, add "debug" after the plugin name in plugins.ini (without quotes).
L 02/02/2017 - 16:08:56: [AMXX] Run time error 4 (plugin "Goku-TS.amxx") - debug not enabled!
L 02/02/2017 - 16:08:56: [AMXX] To enable debug mode, add "debug" after the plugin name in plugins.ini (without quotes).
L 02/02/2017 - 16:09:00: [AMXX] Run time error 4 (plugin "Goku-TS.amxx") - debug not enabled!
L 02/02/2017 - 16:09:00: [AMXX] To enable debug mode, add "debug" after the plugin name in plugins.ini (without quotes).
L 02/02/2017 - 16:09:02: [AMXX] Run time error 4 (plugin "Goku-TS.amxx") - debug not enabled!
L 02/02/2017 - 16:09:02: [AMXX] To enable debug mode, add "debug" after the plugin name in plugins.ini (without quotes).
L 02/02/2017 - 16:09:08: [AMXX] Run time error 4 (plugin "Goku-TS.amxx") - debug not enabled!
L 02/02/2017 - 16:09:08: [AMXX] To enable debug mode, add "debug" after the plugin name in plugins.ini (without quotes).
L 02/02/2017 - 16:09:14: [AMXX] Run time error 4 (plugin "Goku-TS.amxx") - debug not enabled!
L 02/02/2017 - 16:09:14: [AMXX] To enable debug mode, add "debug" after the plugin name in plugins.ini (without quotes).
L 02/02/2017 - 16:09:17: [AMXX] Run time error 4 (plugin "Goku-TS.amxx") - debug not enabled!
L 02/02/2017 - 16:09:17: [AMXX] To enable debug mode, add "debug" after the plugin name in plugins.ini (without quotes).
L 02/02/2017 - 16:12:42: Start of error session.
L 02/02/2017 - 16:12:42: Info (map "esf_champaarena") (logfile "error_020217.log")
L 02/02/2017 - 16:12:42: Could not find function "@WeaponExplosion"
L 02/02/2017 - 16:12:42: [AMXX] Run time error 19 (plugin "Black.amxx") - debug not enabled!
L 02/02/2017 - 16:12:42: [AMXX] To enable debug mode, add "debug" after the plugin name in plugins.ini (without quotes).
L 02/02/2017 - 16:12:42: Could not find function "@WeaponExplosion"
L 02/02/2017 - 16:12:42: [AMXX] Run time error 19 (plugin "Zamasu.amxx") - debug not enabled!
L 02/02/2017 - 16:12:42: [AMXX] To enable debug mode, add "debug" after the plugin name in plugins.ini (without quotes).
L 02/02/2017 - 16:18:04: Start of error session.
L 02/02/2017 - 16:18:04: Info (map "esf_Gurufixed") (logfile "error_020217.log")
L 02/02/2017 - 16:18:04: Could not find function "@WeaponExplosion"
L 02/02/2017 - 16:18:04: [AMXX] Run time error 19 (plugin "Black.amxx") - debug not enabled!
L 02/02/2017 - 16:18:04: [AMXX] To enable debug mode, add "debug" after the plugin name in plugins.ini (without quotes).
L 02/02/2017 - 16:18:04: Could not find function "@WeaponExplosion"
L 02/02/2017 - 16:18:04: [AMXX] Run time error 19 (plugin "Zamasu.amxx") - debug not enabled!
L 02/02/2017 - 16:18:04: [AMXX] To enable debug mode, add "debug" after the plugin name in plugins.ini (without quotes).
L 02/02/2017 - 16:27:14: Start of error session.
L 02/02/2017 - 16:27:14: Info (map "esf_champaarena") (logfile "error_020217.log")
L 02/02/2017 - 16:27:14: Could not find function "@WeaponExplosion"
L 02/02/2017 - 16:27:14: [AMXX] Run time error 19 (plugin "Black.amxx") - debug not enabled!
L 02/02/2017 - 16:27:14: [AMXX] To enable debug mode, add "debug" after the plugin name in plugins.ini (without quotes).
L 02/02/2017 - 16:27:14: Could not find function "@WeaponExplosion"
L 02/02/2017 - 16:27:14: [AMXX] Run time error 19 (plugin "Zamasu.amxx") - debug not enabled!
L 02/02/2017 - 16:27:14: [AMXX] To enable debug mode, add "debug" after the plugin name in plugins.ini (without quotes).
L 02/02/2017 - 16:27:51: Start of error session.
L 02/02/2017 - 16:27:51: Info (map "esf_Gurufixed") (logfile "error_020217.log")
L 02/02/2017 - 16:27:51: Could not find function "@WeaponExplosion"
L 02/02/2017 - 16:27:51: [AMXX] Run time error 19 (plugin "Black.amxx") - debug not enabled!
L 02/02/2017 - 16:27:51: [AMXX] To enable debug mode, add "debug" after the plugin name in plugins.ini (without quotes).
L 02/02/2017 - 16:27:51: Could not find function "@WeaponExplosion"
L 02/02/2017 - 16:27:51: [AMXX] Run time error 19 (plugin "Zamasu.amxx") - debug not enabled!
L 02/02/2017 - 16:27:51: [AMXX] To enable debug mode, add "debug" after the plugin name in plugins.ini (without quotes).
L 02/02/2017 - 16:31:25: Start of error session.
L 02/02/2017 - 16:31:25: Info (map "esf_Gurufixed") (logfile "error_020217.log")
L 02/02/2017 - 16:31:25: Could not find function "@WeaponExplosion"
L 02/02/2017 - 16:31:25: [AMXX] Run time error 19 (plugin "Black.amxx") - debug not enabled!
L 02/02/2017 - 16:31:25: [AMXX] To enable debug mode, add "debug" after the plugin name in plugins.ini (without quotes).
L 02/02/2017 - 16:31:25: Could not find function "@WeaponExplosion"
L 02/02/2017 - 16:31:25: [AMXX] Run time error 19 (plugin "Zamasu.amxx") - debug not enabled!
L 02/02/2017 - 16:31:25: [AMXX] To enable debug mode, add "debug" after the plugin name in plugins.ini (without quotes).
L 02/02/2017 - 17:05:10: Start of error session.
L 02/02/2017 - 17:05:10: Info (map "esf_Gurufixed") (logfile "error_020217.log")
L 02/02/2017 - 17:05:10: Could not find function "@WeaponExplosion"
L 02/02/2017 - 17:05:10: [AMXX] Run time error 19 (plugin "Black.amxx") - debug not enabled!
L 02/02/2017 - 17:05:10: [AMXX] To enable debug mode, add "debug" after the plugin name in plugins.ini (without quotes).
L 02/02/2017 - 17:05:10: Could not find function "@WeaponExplosion"
L 02/02/2017 - 17:05:10: [AMXX] Run time error 19 (plugin "Zamasu.amxx") - debug not enabled!
L 02/02/2017 - 17:05:10: [AMXX] To enable debug mode, add "debug" after the plugin name in plugins.ini (without quotes).
L 02/02/2017 - 17:15:46: Start of error session.
L 02/02/2017 - 17:15:46: Info (map "esf_ychampaarena") (logfile "error_020217.log")
L 02/02/2017 - 17:15:46: Could not find function "@WeaponExplosion"
L 02/02/2017 - 17:15:46: [AMXX] Run time error 19 (plugin "Black.amxx") - debug not enabled!
L 02/02/2017 - 17:15:46: [AMXX] To enable debug mode, add "debug" after the plugin name in plugins.ini (without quotes).
L 02/02/2017 - 17:15:46: Could not find function "@WeaponExplosion"
L 02/02/2017 - 17:15:46: [AMXX] Run time error 19 (plugin "Zamasu.amxx") - debug not enabled!
L 02/02/2017 - 17:15:46: [AMXX] To enable debug mode, add "debug" after the plugin name in plugins.ini (without quotes).
L 02/02/2017 - 17:16:02: Start of error session.
L 02/02/2017 - 17:16:02: Info (map "esf_Gurufixed") (logfile "error_020217.log")
L 02/02/2017 - 17:16:02: Could not find function "@WeaponExplosion"
L 02/02/2017 - 17:16:02: [AMXX] Run time error 19 (plugin "Black.amxx") - debug not enabled!
L 02/02/2017 - 17:16:02: [AMXX] To enable debug mode, add "debug" after the plugin name in plugins.ini (without quotes).
L 02/02/2017 - 17:16:02: Could not find function "@WeaponExplosion"
L 02/02/2017 - 17:16:02: [AMXX] Run time error 19 (plugin "Zamasu.amxx") - debug not enabled!
L 02/02/2017 - 17:16:02: [AMXX] To enable debug mode, add "debug" after the plugin name in plugins.ini (without quotes).
L 02/02/2017 - 17:51:23: Start of error session.
L 02/02/2017 - 17:51:23: Info (map "esf_Gurufixed") (logfile "error_020217.log")
L 02/02/2017 - 17:51:23: Could not find function "@WeaponExplosion"
L 02/02/2017 - 17:51:23: [AMXX] Run time error 19 (plugin "Black.amxx") - debug not enabled!
L 02/02/2017 - 17:51:23: [AMXX] To enable debug mode, add "debug" after the plugin name in plugins.ini (without quotes).
L 02/02/2017 - 17:51:23: Could not find function "@WeaponExplosion"
L 02/02/2017 - 17:51:23: [AMXX] Run time error 19 (plugin "Zamasu.amxx") - debug not enabled!
L 02/02/2017 - 17:51:23: [AMXX] To enable debug mode, add "debug" after the plugin name in plugins.ini (without quotes).
L 02/02/2017 - 17:59:50: Start of error session.
L 02/02/2017 - 17:59:50: Info (map "esf_Gurufixed") (logfile "error_020217.log")
L 02/02/2017 - 17:59:50: Could not find function "@WeaponExplosion"
L 02/02/2017 - 17:59:50: [AMXX] Run time error 19 (plugin "Black.amxx") - debug not enabled!
L 02/02/2017 - 17:59:50: [AMXX] To enable debug mode, add "debug" after the plugin name in plugins.ini (without quotes).
L 02/02/2017 - 17:59:50: Could not find function "@WeaponExplosion"
L 02/02/2017 - 17:59:50: [AMXX] Run time error 19 (plugin "Zamasu.amxx") - debug not enabled!
L 02/02/2017 - 17:59:50: [AMXX] To enable debug mode, add "debug" after the plugin name in plugins.ini (without quotes).
