L 12/13/2016 - 00:09:49: Start of error session.
L 12/13/2016 - 00:09:49: Info (map "esf_Gurufixed") (logfile "error_121316.log")
L 12/13/2016 - 00:09:49: Could not find function "@WeaponExplosion"
L 12/13/2016 - 00:09:49: [AMXX] Run time error 19 (plugin "Black.amxx") - debug not enabled!
L 12/13/2016 - 00:09:49: [AMXX] To enable debug mode, add "debug" after the plugin name in plugins.ini (without quotes).
L 12/13/2016 - 00:09:49: Could not find function "@WeaponExplosion"
L 12/13/2016 - 00:09:49: [AMXX] Run time error 19 (plugin "Zamasu.amxx") - debug not enabled!
L 12/13/2016 - 00:09:49: [AMXX] To enable debug mode, add "debug" after the plugin name in plugins.ini (without quotes).
L 12/13/2016 - 00:27:20: Start of error session.
L 12/13/2016 - 00:27:20: Info (map "esf_Gurufixed") (logfile "error_121316.log")
L 12/13/2016 - 00:27:20: Could not find function "@WeaponExplosion"
L 12/13/2016 - 00:27:20: [AMXX] Run time error 19 (plugin "Black.amxx") - debug not enabled!
L 12/13/2016 - 00:27:20: [AMXX] To enable debug mode, add "debug" after the plugin name in plugins.ini (without quotes).
L 12/13/2016 - 00:27:20: Could not find function "@WeaponExplosion"
L 12/13/2016 - 00:27:20: [AMXX] Run time error 19 (plugin "Zamasu.amxx") - debug not enabled!
L 12/13/2016 - 00:27:20: [AMXX] To enable debug mode, add "debug" after the plugin name in plugins.ini (without quotes).
L 12/13/2016 - 00:35:39: Start of error session.
L 12/13/2016 - 00:35:39: Info (map "esf_Gurufixed") (logfile "error_121316.log")
L 12/13/2016 - 00:35:39: Could not find function "@WeaponExplosion"
L 12/13/2016 - 00:35:39: [AMXX] Run time error 19 (plugin "Black.amxx") - debug not enabled!
L 12/13/2016 - 00:35:39: [AMXX] To enable debug mode, add "debug" after the plugin name in plugins.ini (without quotes).
L 12/13/2016 - 00:35:39: Could not find function "@WeaponExplosion"
L 12/13/2016 - 00:35:39: [AMXX] Run time error 19 (plugin "Zamasu.amxx") - debug not enabled!
L 12/13/2016 - 00:35:39: [AMXX] To enable debug mode, add "debug" after the plugin name in plugins.ini (without quotes).
L 12/13/2016 - 00:42:53: Start of error session.
L 12/13/2016 - 00:42:53: Info (map "esf_Gurufixed") (logfile "error_121316.log")
L 12/13/2016 - 00:42:53: Could not find function "@WeaponExplosion"
L 12/13/2016 - 00:42:53: [AMXX] Run time error 19 (plugin "Black.amxx") - debug not enabled!
L 12/13/2016 - 00:42:53: [AMXX] To enable debug mode, add "debug" after the plugin name in plugins.ini (without quotes).
L 12/13/2016 - 00:42:53: Could not find function "@WeaponExplosion"
L 12/13/2016 - 00:42:53: [AMXX] Run time error 19 (plugin "Zamasu.amxx") - debug not enabled!
L 12/13/2016 - 00:42:53: [AMXX] To enable debug mode, add "debug" after the plugin name in plugins.ini (without quotes).
L 12/13/2016 - 00:43:52: Start of error session.
L 12/13/2016 - 00:43:52: Info (map "esf_Gurufixed") (logfile "error_121316.log")
L 12/13/2016 - 00:43:52: Could not find function "@WeaponExplosion"
L 12/13/2016 - 00:43:52: [AMXX] Run time error 19 (plugin "Black.amxx") - debug not enabled!
L 12/13/2016 - 00:43:52: [AMXX] To enable debug mode, add "debug" after the plugin name in plugins.ini (without quotes).
L 12/13/2016 - 00:43:52: Could not find function "@WeaponExplosion"
L 12/13/2016 - 00:43:52: [AMXX] Run time error 19 (plugin "Zamasu.amxx") - debug not enabled!
L 12/13/2016 - 00:43:52: [AMXX] To enable debug mode, add "debug" after the plugin name in plugins.ini (without quotes).
L 12/13/2016 - 00:45:50: Start of error session.
L 12/13/2016 - 00:45:50: Info (map "esf_Gurufixed") (logfile "error_121316.log")
L 12/13/2016 - 00:45:50: Could not find function "@WeaponExplosion"
L 12/13/2016 - 00:45:50: [AMXX] Run time error 19 (plugin "Black.amxx") - debug not enabled!
L 12/13/2016 - 00:45:50: [AMXX] To enable debug mode, add "debug" after the plugin name in plugins.ini (without quotes).
L 12/13/2016 - 00:45:50: Could not find function "@WeaponExplosion"
L 12/13/2016 - 00:45:50: [AMXX] Run time error 19 (plugin "Zamasu.amxx") - debug not enabled!
L 12/13/2016 - 00:45:50: [AMXX] To enable debug mode, add "debug" after the plugin name in plugins.ini (without quotes).
L 12/13/2016 - 00:59:35: [AMXX] Run time error 4 (plugin "Goku-TS.amxx") - debug not enabled!
L 12/13/2016 - 00:59:35: [AMXX] To enable debug mode, add "debug" after the plugin name in plugins.ini (without quotes).
L 12/13/2016 - 00:59:40: [AMXX] Run time error 4 (plugin "Goku-TS.amxx") - debug not enabled!
L 12/13/2016 - 00:59:40: [AMXX] To enable debug mode, add "debug" after the plugin name in plugins.ini (without quotes).
L 12/13/2016 - 01:10:34: Start of error session.
L 12/13/2016 - 01:10:34: Info (map "esf_Gurufixed") (logfile "error_121316.log")
L 12/13/2016 - 01:10:34: Could not find function "@WeaponExplosion"
L 12/13/2016 - 01:10:34: [AMXX] Run time error 19 (plugin "Black.amxx") - debug not enabled!
L 12/13/2016 - 01:10:34: [AMXX] To enable debug mode, add "debug" after the plugin name in plugins.ini (without quotes).
L 12/13/2016 - 01:10:34: Could not find function "@WeaponExplosion"
L 12/13/2016 - 01:10:34: [AMXX] Run time error 19 (plugin "Zamasu.amxx") - debug not enabled!
L 12/13/2016 - 01:10:34: [AMXX] To enable debug mode, add "debug" after the plugin name in plugins.ini (without quotes).
L 12/13/2016 - 01:13:34: [AMXX] Run time error 4 (plugin "Goku-TS.amxx") - debug not enabled!
L 12/13/2016 - 01:13:34: [AMXX] To enable debug mode, add "debug" after the plugin name in plugins.ini (without quotes).
L 12/13/2016 - 15:48:21: Start of error session.
L 12/13/2016 - 15:48:21: Info (map "esf_Gurufixed") (logfile "error_121316.log")
L 12/13/2016 - 15:48:21: Could not find function "@WeaponExplosion"
L 12/13/2016 - 15:48:21: [AMXX] Run time error 19 (plugin "Black.amxx") - debug not enabled!
L 12/13/2016 - 15:48:21: [AMXX] To enable debug mode, add "debug" after the plugin name in plugins.ini (without quotes).
L 12/13/2016 - 15:48:21: Could not find function "@WeaponExplosion"
L 12/13/2016 - 15:48:21: [AMXX] Run time error 19 (plugin "Zamasu.amxx") - debug not enabled!
L 12/13/2016 - 15:48:21: [AMXX] To enable debug mode, add "debug" after the plugin name in plugins.ini (without quotes).
L 12/13/2016 - 15:51:01: Start of error session.
L 12/13/2016 - 15:51:01: Info (map "esf_Gurufixed") (logfile "error_121316.log")
L 12/13/2016 - 15:51:01: Could not find function "@WeaponExplosion"
L 12/13/2016 - 15:51:01: [AMXX] Run time error 19 (plugin "Black.amxx") - debug not enabled!
L 12/13/2016 - 15:51:01: [AMXX] To enable debug mode, add "debug" after the plugin name in plugins.ini (without quotes).
L 12/13/2016 - 15:51:01: Could not find function "@WeaponExplosion"
L 12/13/2016 - 15:51:01: [AMXX] Run time error 19 (plugin "Zamasu.amxx") - debug not enabled!
L 12/13/2016 - 15:51:01: [AMXX] To enable debug mode, add "debug" after the plugin name in plugins.ini (without quotes).
