L 12/31/2016 - 15:36:44: Start of error session.
L 12/31/2016 - 15:36:44: Info (map "esf_Gurufixed") (logfile "error_123116.log")
L 12/31/2016 - 15:36:44: Could not find function "@WeaponExplosion"
L 12/31/2016 - 15:36:44: [AMXX] Run time error 19 (plugin "Black.amxx") - debug not enabled!
L 12/31/2016 - 15:36:44: [AMXX] To enable debug mode, add "debug" after the plugin name in plugins.ini (without quotes).
L 12/31/2016 - 15:36:44: Could not find function "@WeaponExplosion"
L 12/31/2016 - 15:36:44: [AMXX] Run time error 19 (plugin "Zamasu.amxx") - debug not enabled!
L 12/31/2016 - 15:36:44: [AMXX] To enable debug mode, add "debug" after the plugin name in plugins.ini (without quotes).
L 12/31/2016 - 15:37:16: [AMXX] Run time error 4 (plugin "Vegeta-TS.amxx") - debug not enabled!
L 12/31/2016 - 15:37:16: [AMXX] To enable debug mode, add "debug" after the plugin name in plugins.ini (without quotes).
L 12/31/2016 - 15:42:23: Start of error session.
L 12/31/2016 - 15:42:23: Info (map "esf_Gurufixed") (logfile "error_123116.log")
L 12/31/2016 - 15:42:23: Could not find function "@WeaponExplosion"
L 12/31/2016 - 15:42:23: [AMXX] Run time error 19 (plugin "Black.amxx") - debug not enabled!
L 12/31/2016 - 15:42:23: [AMXX] To enable debug mode, add "debug" after the plugin name in plugins.ini (without quotes).
L 12/31/2016 - 15:42:23: Could not find function "@WeaponExplosion"
L 12/31/2016 - 15:42:23: [AMXX] Run time error 19 (plugin "Zamasu.amxx") - debug not enabled!
L 12/31/2016 - 15:42:23: [AMXX] To enable debug mode, add "debug" after the plugin name in plugins.ini (without quotes).
L 12/31/2016 - 15:45:30: Start of error session.
L 12/31/2016 - 15:45:30: Info (map "esf_Gurufixed") (logfile "error_123116.log")
L 12/31/2016 - 15:45:30: Could not find function "@WeaponExplosion"
L 12/31/2016 - 15:45:30: [AMXX] Run time error 19 (plugin "Black.amxx") - debug not enabled!
L 12/31/2016 - 15:45:30: [AMXX] To enable debug mode, add "debug" after the plugin name in plugins.ini (without quotes).
L 12/31/2016 - 15:45:30: Could not find function "@WeaponExplosion"
L 12/31/2016 - 15:45:30: [AMXX] Run time error 19 (plugin "Zamasu.amxx") - debug not enabled!
L 12/31/2016 - 15:45:30: [AMXX] To enable debug mode, add "debug" after the plugin name in plugins.ini (without quotes).
L 12/31/2016 - 15:48:19: Start of error session.
L 12/31/2016 - 15:48:19: Info (map "esf_Gurufixed") (logfile "error_123116.log")
L 12/31/2016 - 15:48:19: Could not find function "@WeaponExplosion"
L 12/31/2016 - 15:48:19: [AMXX] Run time error 19 (plugin "Black.amxx") - debug not enabled!
L 12/31/2016 - 15:48:19: [AMXX] To enable debug mode, add "debug" after the plugin name in plugins.ini (without quotes).
L 12/31/2016 - 15:48:19: Could not find function "@WeaponExplosion"
L 12/31/2016 - 15:48:19: [AMXX] Run time error 19 (plugin "Zamasu.amxx") - debug not enabled!
L 12/31/2016 - 15:48:19: [AMXX] To enable debug mode, add "debug" after the plugin name in plugins.ini (without quotes).
L 12/31/2016 - 15:50:41: Start of error session.
L 12/31/2016 - 15:50:41: Info (map "esf_Gurufixed") (logfile "error_123116.log")
L 12/31/2016 - 15:50:41: Could not find function "@WeaponExplosion"
L 12/31/2016 - 15:50:41: [AMXX] Run time error 19 (plugin "Black.amxx") - debug not enabled!
L 12/31/2016 - 15:50:41: [AMXX] To enable debug mode, add "debug" after the plugin name in plugins.ini (without quotes).
L 12/31/2016 - 15:50:41: Could not find function "@WeaponExplosion"
L 12/31/2016 - 15:50:41: [AMXX] Run time error 19 (plugin "Zamasu.amxx") - debug not enabled!
L 12/31/2016 - 15:50:41: [AMXX] To enable debug mode, add "debug" after the plugin name in plugins.ini (without quotes).
L 12/31/2016 - 15:53:51: Start of error session.
L 12/31/2016 - 15:53:51: Info (map "esf_Gurufixed") (logfile "error_123116.log")
L 12/31/2016 - 15:53:51: Could not find function "@WeaponExplosion"
L 12/31/2016 - 15:53:51: [AMXX] Run time error 19 (plugin "Black.amxx") - debug not enabled!
L 12/31/2016 - 15:53:51: [AMXX] To enable debug mode, add "debug" after the plugin name in plugins.ini (without quotes).
L 12/31/2016 - 15:53:51: Could not find function "@WeaponExplosion"
L 12/31/2016 - 15:53:51: [AMXX] Run time error 19 (plugin "Zamasu.amxx") - debug not enabled!
L 12/31/2016 - 15:53:51: [AMXX] To enable debug mode, add "debug" after the plugin name in plugins.ini (without quotes).
L 12/31/2016 - 15:58:35: Start of error session.
L 12/31/2016 - 15:58:35: Info (map "esf_Gurufixed") (logfile "error_123116.log")
L 12/31/2016 - 15:58:35: Could not find function "@WeaponExplosion"
L 12/31/2016 - 15:58:35: [AMXX] Run time error 19 (plugin "Black.amxx") - debug not enabled!
L 12/31/2016 - 15:58:35: [AMXX] To enable debug mode, add "debug" after the plugin name in plugins.ini (without quotes).
L 12/31/2016 - 15:58:35: Could not find function "@WeaponExplosion"
L 12/31/2016 - 15:58:35: [AMXX] Run time error 19 (plugin "Zamasu.amxx") - debug not enabled!
L 12/31/2016 - 15:58:35: [AMXX] To enable debug mode, add "debug" after the plugin name in plugins.ini (without quotes).
L 12/31/2016 - 16:01:52: Start of error session.
L 12/31/2016 - 16:01:52: Info (map "esf_Gurufixed") (logfile "error_123116.log")
L 12/31/2016 - 16:01:52: Could not find function "@WeaponExplosion"
L 12/31/2016 - 16:01:52: [AMXX] Run time error 19 (plugin "Black.amxx") - debug not enabled!
L 12/31/2016 - 16:01:52: [AMXX] To enable debug mode, add "debug" after the plugin name in plugins.ini (without quotes).
L 12/31/2016 - 16:01:52: Could not find function "@WeaponExplosion"
L 12/31/2016 - 16:01:52: [AMXX] Run time error 19 (plugin "Zamasu.amxx") - debug not enabled!
L 12/31/2016 - 16:01:52: [AMXX] To enable debug mode, add "debug" after the plugin name in plugins.ini (without quotes).
L 12/31/2016 - 16:06:51: Start of error session.
L 12/31/2016 - 16:06:51: Info (map "esf_Gurufixed") (logfile "error_123116.log")
L 12/31/2016 - 16:06:51: Could not find function "@WeaponExplosion"
L 12/31/2016 - 16:06:51: [AMXX] Run time error 19 (plugin "Black.amxx") - debug not enabled!
L 12/31/2016 - 16:06:51: [AMXX] To enable debug mode, add "debug" after the plugin name in plugins.ini (without quotes).
L 12/31/2016 - 16:06:51: Could not find function "@WeaponExplosion"
L 12/31/2016 - 16:06:51: [AMXX] Run time error 19 (plugin "Zamasu.amxx") - debug not enabled!
L 12/31/2016 - 16:06:51: [AMXX] To enable debug mode, add "debug" after the plugin name in plugins.ini (without quotes).
L 12/31/2016 - 16:08:48: Start of error session.
L 12/31/2016 - 16:08:48: Info (map "esf_Gurufixed") (logfile "error_123116.log")
L 12/31/2016 - 16:08:48: Could not find function "@WeaponExplosion"
L 12/31/2016 - 16:08:48: [AMXX] Run time error 19 (plugin "Black.amxx") - debug not enabled!
L 12/31/2016 - 16:08:48: [AMXX] To enable debug mode, add "debug" after the plugin name in plugins.ini (without quotes).
L 12/31/2016 - 16:08:48: Could not find function "@WeaponExplosion"
L 12/31/2016 - 16:08:48: [AMXX] Run time error 19 (plugin "Zamasu.amxx") - debug not enabled!
L 12/31/2016 - 16:08:48: [AMXX] To enable debug mode, add "debug" after the plugin name in plugins.ini (without quotes).
L 12/31/2016 - 16:10:28: Start of error session.
L 12/31/2016 - 16:10:28: Info (map "esf_Gurufixed") (logfile "error_123116.log")
L 12/31/2016 - 16:10:28: Could not find function "@WeaponExplosion"
L 12/31/2016 - 16:10:28: [AMXX] Run time error 19 (plugin "Black.amxx") - debug not enabled!
L 12/31/2016 - 16:10:28: [AMXX] To enable debug mode, add "debug" after the plugin name in plugins.ini (without quotes).
L 12/31/2016 - 16:10:28: Could not find function "@WeaponExplosion"
L 12/31/2016 - 16:10:28: [AMXX] Run time error 19 (plugin "Zamasu.amxx") - debug not enabled!
L 12/31/2016 - 16:10:28: [AMXX] To enable debug mode, add "debug" after the plugin name in plugins.ini (without quotes).
L 12/31/2016 - 16:14:02: Start of error session.
L 12/31/2016 - 16:14:02: Info (map "esf_Gurufixed") (logfile "error_123116.log")
L 12/31/2016 - 16:14:02: Could not find function "@WeaponExplosion"
L 12/31/2016 - 16:14:02: [AMXX] Run time error 19 (plugin "Black.amxx") - debug not enabled!
L 12/31/2016 - 16:14:02: [AMXX] To enable debug mode, add "debug" after the plugin name in plugins.ini (without quotes).
L 12/31/2016 - 16:14:02: Could not find function "@WeaponExplosion"
L 12/31/2016 - 16:14:02: [AMXX] Run time error 19 (plugin "Zamasu.amxx") - debug not enabled!
L 12/31/2016 - 16:14:02: [AMXX] To enable debug mode, add "debug" after the plugin name in plugins.ini (without quotes).
L 12/31/2016 - 16:21:47: Start of error session.
L 12/31/2016 - 16:21:47: Info (map "esf_Gurufixed") (logfile "error_123116.log")
L 12/31/2016 - 16:21:47: Could not find function "@WeaponExplosion"
L 12/31/2016 - 16:21:47: [AMXX] Run time error 19 (plugin "Black.amxx") - debug not enabled!
L 12/31/2016 - 16:21:47: [AMXX] To enable debug mode, add "debug" after the plugin name in plugins.ini (without quotes).
L 12/31/2016 - 16:21:47: Could not find function "@WeaponExplosion"
L 12/31/2016 - 16:21:47: [AMXX] Run time error 19 (plugin "Zamasu.amxx") - debug not enabled!
L 12/31/2016 - 16:21:47: [AMXX] To enable debug mode, add "debug" after the plugin name in plugins.ini (without quotes).
L 12/31/2016 - 16:23:52: Start of error session.
L 12/31/2016 - 16:23:52: Info (map "esf_Gurufixed") (logfile "error_123116.log")
L 12/31/2016 - 16:23:52: Could not find function "@WeaponExplosion"
L 12/31/2016 - 16:23:52: [AMXX] Run time error 19 (plugin "Black.amxx") - debug not enabled!
L 12/31/2016 - 16:23:52: [AMXX] To enable debug mode, add "debug" after the plugin name in plugins.ini (without quotes).
L 12/31/2016 - 16:23:52: Could not find function "@WeaponExplosion"
L 12/31/2016 - 16:23:52: [AMXX] Run time error 19 (plugin "Zamasu.amxx") - debug not enabled!
L 12/31/2016 - 16:23:52: [AMXX] To enable debug mode, add "debug" after the plugin name in plugins.ini (without quotes).
L 12/31/2016 - 16:29:28: Start of error session.
L 12/31/2016 - 16:29:28: Info (map "esf_Gurufixed") (logfile "error_123116.log")
L 12/31/2016 - 16:29:28: Could not find function "@WeaponExplosion"
L 12/31/2016 - 16:29:28: [AMXX] Run time error 19 (plugin "Black.amxx") - debug not enabled!
L 12/31/2016 - 16:29:28: [AMXX] To enable debug mode, add "debug" after the plugin name in plugins.ini (without quotes).
L 12/31/2016 - 16:29:28: Could not find function "@WeaponExplosion"
L 12/31/2016 - 16:29:28: [AMXX] Run time error 19 (plugin "Zamasu.amxx") - debug not enabled!
L 12/31/2016 - 16:29:28: [AMXX] To enable debug mode, add "debug" after the plugin name in plugins.ini (without quotes).
L 12/31/2016 - 16:31:26: Start of error session.
L 12/31/2016 - 16:31:26: Info (map "esf_Gurufixed") (logfile "error_123116.log")
L 12/31/2016 - 16:31:26: Could not find function "@WeaponExplosion"
L 12/31/2016 - 16:31:26: [AMXX] Run time error 19 (plugin "Black.amxx") - debug not enabled!
L 12/31/2016 - 16:31:26: [AMXX] To enable debug mode, add "debug" after the plugin name in plugins.ini (without quotes).
L 12/31/2016 - 16:31:26: Could not find function "@WeaponExplosion"
L 12/31/2016 - 16:31:26: [AMXX] Run time error 19 (plugin "Zamasu.amxx") - debug not enabled!
L 12/31/2016 - 16:31:26: [AMXX] To enable debug mode, add "debug" after the plugin name in plugins.ini (without quotes).
L 12/31/2016 - 16:32:21: Start of error session.
L 12/31/2016 - 16:32:21: Info (map "esf_Gurufixed") (logfile "error_123116.log")
L 12/31/2016 - 16:32:21: Could not find function "@WeaponExplosion"
L 12/31/2016 - 16:32:21: [AMXX] Run time error 19 (plugin "Black.amxx") - debug not enabled!
L 12/31/2016 - 16:32:21: [AMXX] To enable debug mode, add "debug" after the plugin name in plugins.ini (without quotes).
L 12/31/2016 - 16:32:21: Could not find function "@WeaponExplosion"
L 12/31/2016 - 16:32:21: [AMXX] Run time error 19 (plugin "Zamasu.amxx") - debug not enabled!
L 12/31/2016 - 16:32:21: [AMXX] To enable debug mode, add "debug" after the plugin name in plugins.ini (without quotes).
L 12/31/2016 - 16:33:31: Start of error session.
L 12/31/2016 - 16:33:31: Info (map "esf_Gurufixed") (logfile "error_123116.log")
L 12/31/2016 - 16:33:31: Could not find function "@WeaponExplosion"
L 12/31/2016 - 16:33:31: [AMXX] Run time error 19 (plugin "Black.amxx") - debug not enabled!
L 12/31/2016 - 16:33:31: [AMXX] To enable debug mode, add "debug" after the plugin name in plugins.ini (without quotes).
L 12/31/2016 - 16:33:31: Could not find function "@WeaponExplosion"
L 12/31/2016 - 16:33:31: [AMXX] Run time error 19 (plugin "Zamasu.amxx") - debug not enabled!
L 12/31/2016 - 16:33:31: [AMXX] To enable debug mode, add "debug" after the plugin name in plugins.ini (without quotes).
L 12/31/2016 - 16:34:44: Start of error session.
L 12/31/2016 - 16:34:44: Info (map "esf_Gurufixed") (logfile "error_123116.log")
L 12/31/2016 - 16:34:44: Could not find function "@WeaponExplosion"
L 12/31/2016 - 16:34:44: [AMXX] Run time error 19 (plugin "Black.amxx") - debug not enabled!
L 12/31/2016 - 16:34:44: [AMXX] To enable debug mode, add "debug" after the plugin name in plugins.ini (without quotes).
L 12/31/2016 - 16:34:44: Could not find function "@WeaponExplosion"
L 12/31/2016 - 16:34:44: [AMXX] Run time error 19 (plugin "Zamasu.amxx") - debug not enabled!
L 12/31/2016 - 16:34:44: [AMXX] To enable debug mode, add "debug" after the plugin name in plugins.ini (without quotes).
L 12/31/2016 - 16:36:06: Start of error session.
L 12/31/2016 - 16:36:06: Info (map "esf_Gurufixed") (logfile "error_123116.log")
L 12/31/2016 - 16:36:06: Could not find function "@WeaponExplosion"
L 12/31/2016 - 16:36:06: [AMXX] Run time error 19 (plugin "Black.amxx") - debug not enabled!
L 12/31/2016 - 16:36:06: [AMXX] To enable debug mode, add "debug" after the plugin name in plugins.ini (without quotes).
L 12/31/2016 - 16:36:06: Could not find function "@WeaponExplosion"
L 12/31/2016 - 16:36:06: [AMXX] Run time error 19 (plugin "Zamasu.amxx") - debug not enabled!
L 12/31/2016 - 16:36:06: [AMXX] To enable debug mode, add "debug" after the plugin name in plugins.ini (without quotes).
L 12/31/2016 - 16:37:28: Start of error session.
L 12/31/2016 - 16:37:28: Info (map "esf_Gurufixed") (logfile "error_123116.log")
L 12/31/2016 - 16:37:28: Could not find function "@WeaponExplosion"
L 12/31/2016 - 16:37:28: [AMXX] Run time error 19 (plugin "Black.amxx") - debug not enabled!
L 12/31/2016 - 16:37:28: [AMXX] To enable debug mode, add "debug" after the plugin name in plugins.ini (without quotes).
L 12/31/2016 - 16:37:28: Could not find function "@WeaponExplosion"
L 12/31/2016 - 16:37:28: [AMXX] Run time error 19 (plugin "Zamasu.amxx") - debug not enabled!
L 12/31/2016 - 16:37:28: [AMXX] To enable debug mode, add "debug" after the plugin name in plugins.ini (without quotes).
L 12/31/2016 - 16:39:11: Start of error session.
L 12/31/2016 - 16:39:11: Info (map "esf_Gurufixed") (logfile "error_123116.log")
L 12/31/2016 - 16:39:11: Could not find function "@WeaponExplosion"
L 12/31/2016 - 16:39:11: [AMXX] Run time error 19 (plugin "Black.amxx") - debug not enabled!
L 12/31/2016 - 16:39:11: [AMXX] To enable debug mode, add "debug" after the plugin name in plugins.ini (without quotes).
L 12/31/2016 - 16:39:11: Could not find function "@WeaponExplosion"
L 12/31/2016 - 16:39:11: [AMXX] Run time error 19 (plugin "Zamasu.amxx") - debug not enabled!
L 12/31/2016 - 16:39:11: [AMXX] To enable debug mode, add "debug" after the plugin name in plugins.ini (without quotes).
L 12/31/2016 - 16:57:11: Start of error session.
L 12/31/2016 - 16:57:11: Info (map "esf_Gurufixed") (logfile "error_123116.log")
L 12/31/2016 - 16:57:11: Could not find function "@WeaponExplosion"
L 12/31/2016 - 16:57:11: [AMXX] Run time error 19 (plugin "Black.amxx") - debug not enabled!
L 12/31/2016 - 16:57:11: [AMXX] To enable debug mode, add "debug" after the plugin name in plugins.ini (without quotes).
L 12/31/2016 - 16:57:11: Could not find function "@WeaponExplosion"
L 12/31/2016 - 16:57:11: [AMXX] Run time error 19 (plugin "Zamasu.amxx") - debug not enabled!
L 12/31/2016 - 16:57:11: [AMXX] To enable debug mode, add "debug" after the plugin name in plugins.ini (without quotes).
L 12/31/2016 - 16:58:24: Start of error session.
L 12/31/2016 - 16:58:24: Info (map "esf_Gurufixed") (logfile "error_123116.log")
L 12/31/2016 - 16:58:24: Could not find function "@WeaponExplosion"
L 12/31/2016 - 16:58:24: [AMXX] Run time error 19 (plugin "Black.amxx") - debug not enabled!
L 12/31/2016 - 16:58:24: [AMXX] To enable debug mode, add "debug" after the plugin name in plugins.ini (without quotes).
L 12/31/2016 - 16:58:24: Could not find function "@WeaponExplosion"
L 12/31/2016 - 16:58:24: [AMXX] Run time error 19 (plugin "Zamasu.amxx") - debug not enabled!
L 12/31/2016 - 16:58:24: [AMXX] To enable debug mode, add "debug" after the plugin name in plugins.ini (without quotes).
L 12/31/2016 - 17:43:48: Start of error session.
L 12/31/2016 - 17:43:48: Info (map "esf_Gurufixed") (logfile "error_123116.log")
L 12/31/2016 - 17:43:48: Could not find function "@WeaponExplosion"
L 12/31/2016 - 17:43:48: [AMXX] Run time error 19 (plugin "Black.amxx") - debug not enabled!
L 12/31/2016 - 17:43:48: [AMXX] To enable debug mode, add "debug" after the plugin name in plugins.ini (without quotes).
L 12/31/2016 - 17:43:48: Could not find function "@WeaponExplosion"
L 12/31/2016 - 17:43:48: [AMXX] Run time error 19 (plugin "Zamasu.amxx") - debug not enabled!
L 12/31/2016 - 17:43:48: [AMXX] To enable debug mode, add "debug" after the plugin name in plugins.ini (without quotes).
L 12/31/2016 - 17:45:57: Start of error session.
L 12/31/2016 - 17:45:57: Info (map "esf_Gurufixed") (logfile "error_123116.log")
L 12/31/2016 - 17:45:57: Could not find function "@WeaponExplosion"
L 12/31/2016 - 17:45:57: [AMXX] Run time error 19 (plugin "Black.amxx") - debug not enabled!
L 12/31/2016 - 17:45:57: [AMXX] To enable debug mode, add "debug" after the plugin name in plugins.ini (without quotes).
L 12/31/2016 - 17:45:57: Could not find function "@WeaponExplosion"
L 12/31/2016 - 17:45:57: [AMXX] Run time error 19 (plugin "Zamasu.amxx") - debug not enabled!
L 12/31/2016 - 17:45:57: [AMXX] To enable debug mode, add "debug" after the plugin name in plugins.ini (without quotes).
L 12/31/2016 - 17:46:57: Start of error session.
L 12/31/2016 - 17:46:57: Info (map "esf_Gurufixed") (logfile "error_123116.log")
L 12/31/2016 - 17:46:57: Could not find function "@WeaponExplosion"
L 12/31/2016 - 17:46:57: [AMXX] Run time error 19 (plugin "Black.amxx") - debug not enabled!
L 12/31/2016 - 17:46:57: [AMXX] To enable debug mode, add "debug" after the plugin name in plugins.ini (without quotes).
L 12/31/2016 - 17:46:57: Could not find function "@WeaponExplosion"
L 12/31/2016 - 17:46:57: [AMXX] Run time error 19 (plugin "Zamasu.amxx") - debug not enabled!
L 12/31/2016 - 17:46:57: [AMXX] To enable debug mode, add "debug" after the plugin name in plugins.ini (without quotes).
L 12/31/2016 - 17:47:32: Start of error session.
L 12/31/2016 - 17:47:32: Info (map "esf_Gurufixed") (logfile "error_123116.log")
L 12/31/2016 - 17:47:32: Could not find function "@WeaponExplosion"
L 12/31/2016 - 17:47:32: [AMXX] Run time error 19 (plugin "Black.amxx") - debug not enabled!
L 12/31/2016 - 17:47:32: [AMXX] To enable debug mode, add "debug" after the plugin name in plugins.ini (without quotes).
L 12/31/2016 - 17:47:32: Could not find function "@WeaponExplosion"
L 12/31/2016 - 17:47:32: [AMXX] Run time error 19 (plugin "Zamasu.amxx") - debug not enabled!
L 12/31/2016 - 17:47:32: [AMXX] To enable debug mode, add "debug" after the plugin name in plugins.ini (without quotes).
L 12/31/2016 - 17:48:13: Start of error session.
L 12/31/2016 - 17:48:13: Info (map "esf_Gurufixed") (logfile "error_123116.log")
L 12/31/2016 - 17:48:13: Could not find function "@WeaponExplosion"
L 12/31/2016 - 17:48:13: [AMXX] Run time error 19 (plugin "Black.amxx") - debug not enabled!
L 12/31/2016 - 17:48:13: [AMXX] To enable debug mode, add "debug" after the plugin name in plugins.ini (without quotes).
L 12/31/2016 - 17:48:13: Could not find function "@WeaponExplosion"
L 12/31/2016 - 17:48:13: [AMXX] Run time error 19 (plugin "Zamasu.amxx") - debug not enabled!
L 12/31/2016 - 17:48:13: [AMXX] To enable debug mode, add "debug" after the plugin name in plugins.ini (without quotes).
L 12/31/2016 - 17:49:02: Start of error session.
L 12/31/2016 - 17:49:02: Info (map "esf_Gurufixed") (logfile "error_123116.log")
L 12/31/2016 - 17:49:02: Could not find function "@WeaponExplosion"
L 12/31/2016 - 17:49:02: [AMXX] Run time error 19 (plugin "Black.amxx") - debug not enabled!
L 12/31/2016 - 17:49:02: [AMXX] To enable debug mode, add "debug" after the plugin name in plugins.ini (without quotes).
L 12/31/2016 - 17:49:02: Could not find function "@WeaponExplosion"
L 12/31/2016 - 17:49:02: [AMXX] Run time error 19 (plugin "Zamasu.amxx") - debug not enabled!
L 12/31/2016 - 17:49:02: [AMXX] To enable debug mode, add "debug" after the plugin name in plugins.ini (without quotes).
L 12/31/2016 - 17:49:44: Start of error session.
L 12/31/2016 - 17:49:44: Info (map "esf_Gurufixed") (logfile "error_123116.log")
L 12/31/2016 - 17:49:44: Could not find function "@WeaponExplosion"
L 12/31/2016 - 17:49:44: [AMXX] Run time error 19 (plugin "Black.amxx") - debug not enabled!
L 12/31/2016 - 17:49:44: [AMXX] To enable debug mode, add "debug" after the plugin name in plugins.ini (without quotes).
L 12/31/2016 - 17:49:44: Could not find function "@WeaponExplosion"
L 12/31/2016 - 17:49:44: [AMXX] Run time error 19 (plugin "Zamasu.amxx") - debug not enabled!
L 12/31/2016 - 17:49:44: [AMXX] To enable debug mode, add "debug" after the plugin name in plugins.ini (without quotes).
