L 12/28/2016 - 11:18:18: Start of error session.
L 12/28/2016 - 11:18:18: Info (map "esf_Gurufixed") (logfile "error_122816.log")
L 12/28/2016 - 11:18:18: Could not find function "@WeaponExplosion"
L 12/28/2016 - 11:18:18: [AMXX] Run time error 19 (plugin "Black.amxx") - debug not enabled!
L 12/28/2016 - 11:18:18: [AMXX] To enable debug mode, add "debug" after the plugin name in plugins.ini (without quotes).
L 12/28/2016 - 11:18:18: Could not find function "@WeaponExplosion"
L 12/28/2016 - 11:18:18: [AMXX] Run time error 19 (plugin "Zamasu.amxx") - debug not enabled!
L 12/28/2016 - 11:18:18: [AMXX] To enable debug mode, add "debug" after the plugin name in plugins.ini (without quotes).
L 12/28/2016 - 11:41:04: Start of error session.
L 12/28/2016 - 11:41:04: Info (map "esf_Gurufixed") (logfile "error_122816.log")
L 12/28/2016 - 11:41:04: Could not find function "@WeaponExplosion"
L 12/28/2016 - 11:41:04: [AMXX] Run time error 19 (plugin "Black.amxx") - debug not enabled!
L 12/28/2016 - 11:41:04: [AMXX] To enable debug mode, add "debug" after the plugin name in plugins.ini (without quotes).
L 12/28/2016 - 11:41:04: Could not find function "@WeaponExplosion"
L 12/28/2016 - 11:41:04: [AMXX] Run time error 19 (plugin "Zamasu.amxx") - debug not enabled!
L 12/28/2016 - 11:41:04: [AMXX] To enable debug mode, add "debug" after the plugin name in plugins.ini (without quotes).
L 12/28/2016 - 11:49:03: Start of error session.
L 12/28/2016 - 11:49:03: Info (map "esf_Gurufixed") (logfile "error_122816.log")
L 12/28/2016 - 11:49:03: Could not find function "@WeaponExplosion"
L 12/28/2016 - 11:49:03: [AMXX] Run time error 19 (plugin "Black.amxx") - debug not enabled!
L 12/28/2016 - 11:49:03: [AMXX] To enable debug mode, add "debug" after the plugin name in plugins.ini (without quotes).
L 12/28/2016 - 11:49:03: Could not find function "@WeaponExplosion"
L 12/28/2016 - 11:49:03: [AMXX] Run time error 19 (plugin "Zamasu.amxx") - debug not enabled!
L 12/28/2016 - 11:49:03: [AMXX] To enable debug mode, add "debug" after the plugin name in plugins.ini (without quotes).
L 12/28/2016 - 11:52:09: Start of error session.
L 12/28/2016 - 11:52:09: Info (map "esf_Gurufixed") (logfile "error_122816.log")
L 12/28/2016 - 11:52:09: Could not find function "@WeaponExplosion"
L 12/28/2016 - 11:52:09: [AMXX] Run time error 19 (plugin "Black.amxx") - debug not enabled!
L 12/28/2016 - 11:52:09: [AMXX] To enable debug mode, add "debug" after the plugin name in plugins.ini (without quotes).
L 12/28/2016 - 11:52:09: Could not find function "@WeaponExplosion"
L 12/28/2016 - 11:52:09: [AMXX] Run time error 19 (plugin "Zamasu.amxx") - debug not enabled!
L 12/28/2016 - 11:52:09: [AMXX] To enable debug mode, add "debug" after the plugin name in plugins.ini (without quotes).
L 12/28/2016 - 11:52:18: [AMXX] Run time error 4 (plugin "Goku-TS.amxx") - debug not enabled!
L 12/28/2016 - 11:52:18: [AMXX] To enable debug mode, add "debug" after the plugin name in plugins.ini (without quotes).
L 12/28/2016 - 11:52:21: [AMXX] Run time error 4 (plugin "Goku-TS.amxx") - debug not enabled!
L 12/28/2016 - 11:52:21: [AMXX] To enable debug mode, add "debug" after the plugin name in plugins.ini (without quotes).
L 12/28/2016 - 12:02:19: Start of error session.
L 12/28/2016 - 12:02:19: Info (map "esf_Gurufixed") (logfile "error_122816.log")
L 12/28/2016 - 12:02:19: Could not find function "@WeaponExplosion"
L 12/28/2016 - 12:02:19: [AMXX] Run time error 19 (plugin "Black.amxx") - debug not enabled!
L 12/28/2016 - 12:02:19: [AMXX] To enable debug mode, add "debug" after the plugin name in plugins.ini (without quotes).
L 12/28/2016 - 12:02:19: Could not find function "@WeaponExplosion"
L 12/28/2016 - 12:02:19: [AMXX] Run time error 19 (plugin "Zamasu.amxx") - debug not enabled!
L 12/28/2016 - 12:02:19: [AMXX] To enable debug mode, add "debug" after the plugin name in plugins.ini (without quotes).
L 12/28/2016 - 12:11:38: Start of error session.
L 12/28/2016 - 12:11:38: Info (map "esf_Gurufixed") (logfile "error_122816.log")
L 12/28/2016 - 12:11:38: Could not find function "@WeaponExplosion"
L 12/28/2016 - 12:11:38: [AMXX] Run time error 19 (plugin "Black.amxx") - debug not enabled!
L 12/28/2016 - 12:11:38: [AMXX] To enable debug mode, add "debug" after the plugin name in plugins.ini (without quotes).
L 12/28/2016 - 12:11:38: Could not find function "@WeaponExplosion"
L 12/28/2016 - 12:11:38: [AMXX] Run time error 19 (plugin "Zamasu.amxx") - debug not enabled!
L 12/28/2016 - 12:11:38: [AMXX] To enable debug mode, add "debug" after the plugin name in plugins.ini (without quotes).
L 12/28/2016 - 12:14:14: Start of error session.
L 12/28/2016 - 12:14:14: Info (map "esf_Gurufixed") (logfile "error_122816.log")
L 12/28/2016 - 12:14:14: Could not find function "@WeaponExplosion"
L 12/28/2016 - 12:14:14: [AMXX] Run time error 19 (plugin "Black.amxx") - debug not enabled!
L 12/28/2016 - 12:14:14: [AMXX] To enable debug mode, add "debug" after the plugin name in plugins.ini (without quotes).
L 12/28/2016 - 12:14:14: Could not find function "@WeaponExplosion"
L 12/28/2016 - 12:14:14: [AMXX] Run time error 19 (plugin "Zamasu.amxx") - debug not enabled!
L 12/28/2016 - 12:14:14: [AMXX] To enable debug mode, add "debug" after the plugin name in plugins.ini (without quotes).
L 12/28/2016 - 12:17:07: Start of error session.
L 12/28/2016 - 12:17:07: Info (map "esf_Gurufixed") (logfile "error_122816.log")
L 12/28/2016 - 12:17:07: Could not find function "@WeaponExplosion"
L 12/28/2016 - 12:17:07: [AMXX] Run time error 19 (plugin "Black.amxx") - debug not enabled!
L 12/28/2016 - 12:17:07: [AMXX] To enable debug mode, add "debug" after the plugin name in plugins.ini (without quotes).
L 12/28/2016 - 12:17:07: Could not find function "@WeaponExplosion"
L 12/28/2016 - 12:17:07: [AMXX] Run time error 19 (plugin "Zamasu.amxx") - debug not enabled!
L 12/28/2016 - 12:17:07: [AMXX] To enable debug mode, add "debug" after the plugin name in plugins.ini (without quotes).
L 12/28/2016 - 12:48:35: Function is not present (function "fxScream3") (plugin "CX/Vegetto.amxx")
L 12/28/2016 - 12:48:35: [AMXX] Run time error 10 (plugin "Vegetto.amxx") (native "set_task") - debug not enabled!
L 12/28/2016 - 12:48:35: [AMXX] To enable debug mode, add "debug" after the plugin name in plugins.ini (without quotes).
L 12/28/2016 - 12:53:59: [AMXX] Run time error 4 (plugin "Vegeta-TS.amxx") - debug not enabled!
L 12/28/2016 - 12:53:59: [AMXX] To enable debug mode, add "debug" after the plugin name in plugins.ini (without quotes).
L 12/28/2016 - 12:54:05: [AMXX] Run time error 4 (plugin "Vegeta-TS.amxx") - debug not enabled!
L 12/28/2016 - 12:54:05: [AMXX] To enable debug mode, add "debug" after the plugin name in plugins.ini (without quotes).
L 12/28/2016 - 12:54:23: [AMXX] Run time error 4 (plugin "Vegeta-TS.amxx") - debug not enabled!
L 12/28/2016 - 12:54:23: [AMXX] To enable debug mode, add "debug" after the plugin name in plugins.ini (without quotes).
L 12/28/2016 - 12:54:53: [AMXX] Run time error 4 (plugin "Vegeta-TS.amxx") - debug not enabled!
L 12/28/2016 - 12:54:53: [AMXX] To enable debug mode, add "debug" after the plugin name in plugins.ini (without quotes).
L 12/28/2016 - 12:54:55: [AMXX] Run time error 4 (plugin "Vegeta-TS.amxx") - debug not enabled!
L 12/28/2016 - 12:54:55: [AMXX] To enable debug mode, add "debug" after the plugin name in plugins.ini (without quotes).
L 12/28/2016 - 12:55:12: [AMXX] Run time error 4 (plugin "Vegeta-TS.amxx") - debug not enabled!
L 12/28/2016 - 12:55:12: [AMXX] To enable debug mode, add "debug" after the plugin name in plugins.ini (without quotes).
L 12/28/2016 - 12:55:20: [AMXX] Run time error 4 (plugin "Vegeta-TS.amxx") - debug not enabled!
L 12/28/2016 - 12:55:20: [AMXX] To enable debug mode, add "debug" after the plugin name in plugins.ini (without quotes).
L 12/28/2016 - 12:55:23: [AMXX] Run time error 4 (plugin "Vegeta-TS.amxx") - debug not enabled!
L 12/28/2016 - 12:55:23: [AMXX] To enable debug mode, add "debug" after the plugin name in plugins.ini (without quotes).
L 12/28/2016 - 12:56:09: [AMXX] Run time error 4 (plugin "Vegeta-TS.amxx") - debug not enabled!
L 12/28/2016 - 12:56:09: [AMXX] To enable debug mode, add "debug" after the plugin name in plugins.ini (without quotes).
L 12/28/2016 - 12:56:16: [AMXX] Run time error 4 (plugin "Vegeta-TS.amxx") - debug not enabled!
L 12/28/2016 - 12:56:16: [AMXX] To enable debug mode, add "debug" after the plugin name in plugins.ini (without quotes).
L 12/28/2016 - 12:56:18: [AMXX] Run time error 4 (plugin "Goku-TS.amxx") - debug not enabled!
L 12/28/2016 - 12:56:18: [AMXX] To enable debug mode, add "debug" after the plugin name in plugins.ini (without quotes).
L 12/28/2016 - 12:56:18: [AMXX] Run time error 4 (plugin "Goku-TS.amxx") - debug not enabled!
L 12/28/2016 - 12:56:18: [AMXX] To enable debug mode, add "debug" after the plugin name in plugins.ini (without quotes).
L 12/28/2016 - 12:56:18: [AMXX] Run time error 4 (plugin "Goku-TS.amxx") - debug not enabled!
L 12/28/2016 - 12:56:18: [AMXX] To enable debug mode, add "debug" after the plugin name in plugins.ini (without quotes).
L 12/28/2016 - 12:56:19: [AMXX] Run time error 4 (plugin "Goku-TS.amxx") - debug not enabled!
L 12/28/2016 - 12:56:19: [AMXX] To enable debug mode, add "debug" after the plugin name in plugins.ini (without quotes).
L 12/28/2016 - 12:56:21: [AMXX] Run time error 4 (plugin "Vegeta-TS.amxx") - debug not enabled!
L 12/28/2016 - 12:56:21: [AMXX] To enable debug mode, add "debug" after the plugin name in plugins.ini (without quotes).
L 12/28/2016 - 12:56:21: [AMXX] Run time error 4 (plugin "Vegeta-TS.amxx") - debug not enabled!
L 12/28/2016 - 12:56:21: [AMXX] To enable debug mode, add "debug" after the plugin name in plugins.ini (without quotes).
L 12/28/2016 - 12:56:21: [AMXX] Run time error 4 (plugin "Goku-TS.amxx") - debug not enabled!
L 12/28/2016 - 12:56:21: [AMXX] To enable debug mode, add "debug" after the plugin name in plugins.ini (without quotes).
L 12/28/2016 - 12:56:23: [AMXX] Run time error 4 (plugin "Goku-TS.amxx") - debug not enabled!
L 12/28/2016 - 12:56:23: [AMXX] To enable debug mode, add "debug" after the plugin name in plugins.ini (without quotes).
L 12/28/2016 - 12:56:34: [AMXX] Run time error 4 (plugin "Goku-TS.amxx") - debug not enabled!
L 12/28/2016 - 12:56:34: [AMXX] To enable debug mode, add "debug" after the plugin name in plugins.ini (without quotes).
L 12/28/2016 - 12:56:36: [AMXX] Run time error 4 (plugin "Goku-TS.amxx") - debug not enabled!
L 12/28/2016 - 12:56:36: [AMXX] To enable debug mode, add "debug" after the plugin name in plugins.ini (without quotes).
L 12/28/2016 - 12:56:37: [AMXX] Run time error 4 (plugin "Vegeta-TS.amxx") - debug not enabled!
L 12/28/2016 - 12:56:37: [AMXX] To enable debug mode, add "debug" after the plugin name in plugins.ini (without quotes).
L 12/28/2016 - 12:56:37: [AMXX] Run time error 4 (plugin "Goku-TS.amxx") - debug not enabled!
L 12/28/2016 - 12:56:37: [AMXX] To enable debug mode, add "debug" after the plugin name in plugins.ini (without quotes).
L 12/28/2016 - 12:56:49: [AMXX] Run time error 4 (plugin "Vegeta-TS.amxx") - debug not enabled!
L 12/28/2016 - 12:56:49: [AMXX] To enable debug mode, add "debug" after the plugin name in plugins.ini (without quotes).
L 12/28/2016 - 12:56:52: [AMXX] Run time error 4 (plugin "Vegeta-TS.amxx") - debug not enabled!
L 12/28/2016 - 12:56:52: [AMXX] To enable debug mode, add "debug" after the plugin name in plugins.ini (without quotes).
L 12/28/2016 - 12:56:56: [AMXX] Run time error 4 (plugin "Vegeta-TS.amxx") - debug not enabled!
L 12/28/2016 - 12:56:56: [AMXX] To enable debug mode, add "debug" after the plugin name in plugins.ini (without quotes).
L 12/28/2016 - 12:57:04: [AMXX] Run time error 4 (plugin "Vegeta-TS.amxx") - debug not enabled!
L 12/28/2016 - 12:57:04: [AMXX] To enable debug mode, add "debug" after the plugin name in plugins.ini (without quotes).
L 12/28/2016 - 12:57:10: [AMXX] Run time error 4 (plugin "Vegeta-TS.amxx") - debug not enabled!
L 12/28/2016 - 12:57:10: [AMXX] To enable debug mode, add "debug" after the plugin name in plugins.ini (without quotes).
L 12/28/2016 - 12:57:18: [AMXX] Run time error 4 (plugin "Vegeta-TS.amxx") - debug not enabled!
L 12/28/2016 - 12:57:18: [AMXX] To enable debug mode, add "debug" after the plugin name in plugins.ini (without quotes).
L 12/28/2016 - 12:57:21: [AMXX] Run time error 4 (plugin "Vegeta-TS.amxx") - debug not enabled!
L 12/28/2016 - 12:57:21: [AMXX] To enable debug mode, add "debug" after the plugin name in plugins.ini (without quotes).
L 12/28/2016 - 12:57:25: [AMXX] Run time error 4 (plugin "Goku-TS.amxx") - debug not enabled!
L 12/28/2016 - 12:57:25: [AMXX] To enable debug mode, add "debug" after the plugin name in plugins.ini (without quotes).
L 12/28/2016 - 12:57:25: [AMXX] Run time error 4 (plugin "Vegeta-TS.amxx") - debug not enabled!
L 12/28/2016 - 12:57:25: [AMXX] To enable debug mode, add "debug" after the plugin name in plugins.ini (without quotes).
L 12/28/2016 - 12:57:26: [AMXX] Run time error 4 (plugin "Goku-TS.amxx") - debug not enabled!
L 12/28/2016 - 12:57:26: [AMXX] To enable debug mode, add "debug" after the plugin name in plugins.ini (without quotes).
L 12/28/2016 - 12:57:28: [AMXX] Run time error 4 (plugin "Vegeta-TS.amxx") - debug not enabled!
L 12/28/2016 - 12:57:28: [AMXX] To enable debug mode, add "debug" after the plugin name in plugins.ini (without quotes).
L 12/28/2016 - 12:57:28: [AMXX] Run time error 4 (plugin "Goku-TS.amxx") - debug not enabled!
L 12/28/2016 - 12:57:28: [AMXX] To enable debug mode, add "debug" after the plugin name in plugins.ini (without quotes).
L 12/28/2016 - 12:57:36: [AMXX] Run time error 4 (plugin "Vegeta-TS.amxx") - debug not enabled!
L 12/28/2016 - 12:57:36: [AMXX] To enable debug mode, add "debug" after the plugin name in plugins.ini (without quotes).
L 12/28/2016 - 12:57:40: [AMXX] Run time error 4 (plugin "Vegeta-TS.amxx") - debug not enabled!
L 12/28/2016 - 12:57:40: [AMXX] To enable debug mode, add "debug" after the plugin name in plugins.ini (without quotes).
L 12/28/2016 - 12:57:42: [AMXX] Run time error 4 (plugin "Goku-TS.amxx") - debug not enabled!
L 12/28/2016 - 12:57:42: [AMXX] To enable debug mode, add "debug" after the plugin name in plugins.ini (without quotes).
L 12/28/2016 - 12:57:43: [AMXX] Run time error 4 (plugin "Goku-TS.amxx") - debug not enabled!
L 12/28/2016 - 12:57:43: [AMXX] To enable debug mode, add "debug" after the plugin name in plugins.ini (without quotes).
L 12/28/2016 - 12:57:44: [AMXX] Run time error 4 (plugin "Goku-TS.amxx") - debug not enabled!
L 12/28/2016 - 12:57:44: [AMXX] To enable debug mode, add "debug" after the plugin name in plugins.ini (without quotes).
L 12/28/2016 - 12:57:44: [AMXX] Run time error 4 (plugin "Goku-TS.amxx") - debug not enabled!
L 12/28/2016 - 12:57:44: [AMXX] To enable debug mode, add "debug" after the plugin name in plugins.ini (without quotes).
L 12/28/2016 - 12:57:47: [AMXX] Run time error 4 (plugin "Goku-TS.amxx") - debug not enabled!
L 12/28/2016 - 12:57:47: [AMXX] To enable debug mode, add "debug" after the plugin name in plugins.ini (without quotes).
L 12/28/2016 - 12:57:48: [AMXX] Run time error 4 (plugin "Goku-TS.amxx") - debug not enabled!
L 12/28/2016 - 12:57:48: [AMXX] To enable debug mode, add "debug" after the plugin name in plugins.ini (without quotes).
L 12/28/2016 - 12:57:51: [AMXX] Run time error 4 (plugin "Goku-TS.amxx") - debug not enabled!
L 12/28/2016 - 12:57:51: [AMXX] To enable debug mode, add "debug" after the plugin name in plugins.ini (without quotes).
L 12/28/2016 - 12:57:54: [AMXX] Run time error 4 (plugin "Vegeta-TS.amxx") - debug not enabled!
L 12/28/2016 - 12:57:54: [AMXX] To enable debug mode, add "debug" after the plugin name in plugins.ini (without quotes).
L 12/28/2016 - 12:58:03: [AMXX] Run time error 4 (plugin "Goku-TS.amxx") - debug not enabled!
L 12/28/2016 - 12:58:03: [AMXX] To enable debug mode, add "debug" after the plugin name in plugins.ini (without quotes).
L 12/28/2016 - 12:58:14: [AMXX] Run time error 4 (plugin "Goku-TS.amxx") - debug not enabled!
L 12/28/2016 - 12:58:14: [AMXX] To enable debug mode, add "debug" after the plugin name in plugins.ini (without quotes).
L 12/28/2016 - 12:58:21: [AMXX] Run time error 4 (plugin "Goku-TS.amxx") - debug not enabled!
L 12/28/2016 - 12:58:21: [AMXX] To enable debug mode, add "debug" after the plugin name in plugins.ini (without quotes).
L 12/28/2016 - 12:59:00: [AMXX] Run time error 4 (plugin "Goku-TS.amxx") - debug not enabled!
L 12/28/2016 - 12:59:00: [AMXX] To enable debug mode, add "debug" after the plugin name in plugins.ini (without quotes).
L 12/28/2016 - 12:59:39: [AMXX] Run time error 4 (plugin "Goku-TS.amxx") - debug not enabled!
L 12/28/2016 - 12:59:39: [AMXX] To enable debug mode, add "debug" after the plugin name in plugins.ini (without quotes).
L 12/28/2016 - 12:59:44: [AMXX] Run time error 4 (plugin "Goku-TS.amxx") - debug not enabled!
L 12/28/2016 - 12:59:44: [AMXX] To enable debug mode, add "debug" after the plugin name in plugins.ini (without quotes).
L 12/28/2016 - 12:59:49: [AMXX] Run time error 4 (plugin "Goku-TS.amxx") - debug not enabled!
L 12/28/2016 - 12:59:49: [AMXX] To enable debug mode, add "debug" after the plugin name in plugins.ini (without quotes).
L 12/28/2016 - 12:59:50: [AMXX] Run time error 4 (plugin "Goku-TS.amxx") - debug not enabled!
L 12/28/2016 - 12:59:50: [AMXX] To enable debug mode, add "debug" after the plugin name in plugins.ini (without quotes).
L 12/28/2016 - 12:59:57: [AMXX] Run time error 4 (plugin "Goku-TS.amxx") - debug not enabled!
L 12/28/2016 - 12:59:57: [AMXX] To enable debug mode, add "debug" after the plugin name in plugins.ini (without quotes).
L 12/28/2016 - 13:00:03: [AMXX] Run time error 4 (plugin "Goku-TS.amxx") - debug not enabled!
L 12/28/2016 - 13:00:03: [AMXX] To enable debug mode, add "debug" after the plugin name in plugins.ini (without quotes).
L 12/28/2016 - 13:00:07: [AMXX] Run time error 4 (plugin "Goku-TS.amxx") - debug not enabled!
L 12/28/2016 - 13:00:07: [AMXX] To enable debug mode, add "debug" after the plugin name in plugins.ini (without quotes).
L 12/28/2016 - 13:00:11: [AMXX] Run time error 4 (plugin "Goku-TS.amxx") - debug not enabled!
L 12/28/2016 - 13:00:11: [AMXX] To enable debug mode, add "debug" after the plugin name in plugins.ini (without quotes).
L 12/28/2016 - 13:00:37: [AMXX] Run time error 4 (plugin "Goku-TS.amxx") - debug not enabled!
L 12/28/2016 - 13:00:37: [AMXX] To enable debug mode, add "debug" after the plugin name in plugins.ini (without quotes).
L 12/28/2016 - 13:00:41: [AMXX] Run time error 4 (plugin "Goku-TS.amxx") - debug not enabled!
L 12/28/2016 - 13:00:41: [AMXX] To enable debug mode, add "debug" after the plugin name in plugins.ini (without quotes).
L 12/28/2016 - 13:00:41: [AMXX] Run time error 4 (plugin "Goku-TS.amxx") - debug not enabled!
L 12/28/2016 - 13:00:41: [AMXX] To enable debug mode, add "debug" after the plugin name in plugins.ini (without quotes).
L 12/28/2016 - 13:06:37: Function is not present (function "fxScream3") (plugin "CX/Vegetto.amxx")
L 12/28/2016 - 13:06:37: [AMXX] Run time error 10 (plugin "Vegetto.amxx") (native "set_task") - debug not enabled!
L 12/28/2016 - 13:06:37: [AMXX] To enable debug mode, add "debug" after the plugin name in plugins.ini (without quotes).
L 12/28/2016 - 13:06:44: [AMXX] Run time error 4 (plugin "Goku-TS.amxx") - debug not enabled!
L 12/28/2016 - 13:06:44: [AMXX] To enable debug mode, add "debug" after the plugin name in plugins.ini (without quotes).
L 12/28/2016 - 13:06:45: [AMXX] Run time error 4 (plugin "Goku-TS.amxx") - debug not enabled!
L 12/28/2016 - 13:06:45: [AMXX] To enable debug mode, add "debug" after the plugin name in plugins.ini (without quotes).
L 12/28/2016 - 13:06:46: [AMXX] Run time error 4 (plugin "Vegetto.amxx") - debug not enabled!
L 12/28/2016 - 13:06:46: [AMXX] To enable debug mode, add "debug" after the plugin name in plugins.ini (without quotes).
L 12/28/2016 - 13:06:47: [AMXX] Run time error 4 (plugin "Goku-TS.amxx") - debug not enabled!
L 12/28/2016 - 13:06:47: [AMXX] To enable debug mode, add "debug" after the plugin name in plugins.ini (without quotes).
L 12/28/2016 - 13:06:49: [AMXX] Run time error 4 (plugin "Goku-TS.amxx") - debug not enabled!
L 12/28/2016 - 13:06:49: [AMXX] To enable debug mode, add "debug" after the plugin name in plugins.ini (without quotes).
L 12/28/2016 - 13:06:50: [AMXX] Run time error 4 (plugin "Goku-TS.amxx") - debug not enabled!
L 12/28/2016 - 13:06:50: [AMXX] To enable debug mode, add "debug" after the plugin name in plugins.ini (without quotes).
L 12/28/2016 - 13:06:52: [AMXX] Run time error 4 (plugin "Goku-TS.amxx") - debug not enabled!
L 12/28/2016 - 13:06:52: [AMXX] To enable debug mode, add "debug" after the plugin name in plugins.ini (without quotes).
L 12/28/2016 - 13:06:52: [AMXX] Run time error 4 (plugin "Vegetto.amxx") - debug not enabled!
L 12/28/2016 - 13:06:52: [AMXX] To enable debug mode, add "debug" after the plugin name in plugins.ini (without quotes).
L 12/28/2016 - 13:06:53: [AMXX] Run time error 4 (plugin "Goku-TS.amxx") - debug not enabled!
L 12/28/2016 - 13:06:53: [AMXX] To enable debug mode, add "debug" after the plugin name in plugins.ini (without quotes).
L 12/28/2016 - 13:07:04: [AMXX] Run time error 4 (plugin "Vegetto.amxx") - debug not enabled!
L 12/28/2016 - 13:07:04: [AMXX] To enable debug mode, add "debug" after the plugin name in plugins.ini (without quotes).
L 12/28/2016 - 13:07:05: [AMXX] Run time error 4 (plugin "Vegetto.amxx") - debug not enabled!
L 12/28/2016 - 13:07:05: [AMXX] To enable debug mode, add "debug" after the plugin name in plugins.ini (without quotes).
L 12/28/2016 - 13:07:10: [AMXX] Run time error 4 (plugin "Vegetto.amxx") - debug not enabled!
L 12/28/2016 - 13:07:10: [AMXX] To enable debug mode, add "debug" after the plugin name in plugins.ini (without quotes).
L 12/28/2016 - 13:07:10: [AMXX] Run time error 4 (plugin "Vegetto.amxx") - debug not enabled!
L 12/28/2016 - 13:07:10: [AMXX] To enable debug mode, add "debug" after the plugin name in plugins.ini (without quotes).
L 12/28/2016 - 13:07:11: [AMXX] Run time error 4 (plugin "Vegetto.amxx") - debug not enabled!
L 12/28/2016 - 13:07:11: [AMXX] To enable debug mode, add "debug" after the plugin name in plugins.ini (without quotes).
L 12/28/2016 - 13:07:12: [AMXX] Run time error 4 (plugin "Vegetto.amxx") - debug not enabled!
L 12/28/2016 - 13:07:12: [AMXX] To enable debug mode, add "debug" after the plugin name in plugins.ini (without quotes).
L 12/28/2016 - 13:07:40: [AMXX] Run time error 4 (plugin "Vegetto.amxx") - debug not enabled!
L 12/28/2016 - 13:07:40: [AMXX] To enable debug mode, add "debug" after the plugin name in plugins.ini (without quotes).
L 12/28/2016 - 13:07:43: [AMXX] Run time error 4 (plugin "Vegetto.amxx") - debug not enabled!
L 12/28/2016 - 13:07:43: [AMXX] To enable debug mode, add "debug" after the plugin name in plugins.ini (without quotes).
L 12/28/2016 - 13:07:48: [AMXX] Run time error 4 (plugin "Goku-TS.amxx") - debug not enabled!
L 12/28/2016 - 13:07:48: [AMXX] To enable debug mode, add "debug" after the plugin name in plugins.ini (without quotes).
L 12/28/2016 - 13:08:15: [AMXX] Run time error 4 (plugin "Goku-TS.amxx") - debug not enabled!
L 12/28/2016 - 13:08:15: [AMXX] To enable debug mode, add "debug" after the plugin name in plugins.ini (without quotes).
L 12/28/2016 - 13:08:15: [AMXX] Run time error 4 (plugin "Vegetto.amxx") - debug not enabled!
L 12/28/2016 - 13:08:15: [AMXX] To enable debug mode, add "debug" after the plugin name in plugins.ini (without quotes).
L 12/28/2016 - 13:08:16: [AMXX] Run time error 4 (plugin "Vegetto.amxx") - debug not enabled!
L 12/28/2016 - 13:08:16: [AMXX] To enable debug mode, add "debug" after the plugin name in plugins.ini (without quotes).
L 12/28/2016 - 13:08:16: [AMXX] Run time error 4 (plugin "Vegetto.amxx") - debug not enabled!
L 12/28/2016 - 13:08:16: [AMXX] To enable debug mode, add "debug" after the plugin name in plugins.ini (without quotes).
L 12/28/2016 - 13:08:26: [AMXX] Run time error 4 (plugin "Vegetto.amxx") - debug not enabled!
L 12/28/2016 - 13:08:26: [AMXX] To enable debug mode, add "debug" after the plugin name in plugins.ini (without quotes).
L 12/28/2016 - 13:08:36: [AMXX] Run time error 4 (plugin "Goku-TS.amxx") - debug not enabled!
L 12/28/2016 - 13:08:36: [AMXX] To enable debug mode, add "debug" after the plugin name in plugins.ini (without quotes).
L 12/28/2016 - 13:08:53: [AMXX] Run time error 4 (plugin "Vegetto.amxx") - debug not enabled!
L 12/28/2016 - 13:08:53: [AMXX] To enable debug mode, add "debug" after the plugin name in plugins.ini (without quotes).
L 12/28/2016 - 13:08:56: [AMXX] Run time error 4 (plugin "Vegetto.amxx") - debug not enabled!
L 12/28/2016 - 13:08:56: [AMXX] To enable debug mode, add "debug" after the plugin name in plugins.ini (without quotes).
L 12/28/2016 - 13:08:56: [AMXX] Run time error 4 (plugin "Vegetto.amxx") - debug not enabled!
L 12/28/2016 - 13:08:56: [AMXX] To enable debug mode, add "debug" after the plugin name in plugins.ini (without quotes).
L 12/28/2016 - 13:08:58: [AMXX] Run time error 4 (plugin "Vegetto.amxx") - debug not enabled!
L 12/28/2016 - 13:08:58: [AMXX] To enable debug mode, add "debug" after the plugin name in plugins.ini (without quotes).
L 12/28/2016 - 13:08:58: [AMXX] Run time error 4 (plugin "Vegetto.amxx") - debug not enabled!
L 12/28/2016 - 13:08:58: [AMXX] To enable debug mode, add "debug" after the plugin name in plugins.ini (without quotes).
L 12/28/2016 - 13:09:01: [AMXX] Run time error 4 (plugin "Vegetto.amxx") - debug not enabled!
L 12/28/2016 - 13:09:01: [AMXX] To enable debug mode, add "debug" after the plugin name in plugins.ini (without quotes).
L 12/28/2016 - 13:09:15: [AMXX] Run time error 4 (plugin "Goku-TS.amxx") - debug not enabled!
L 12/28/2016 - 13:09:15: [AMXX] To enable debug mode, add "debug" after the plugin name in plugins.ini (without quotes).
L 12/28/2016 - 13:09:15: [AMXX] Run time error 4 (plugin "Goku-TS.amxx") - debug not enabled!
L 12/28/2016 - 13:09:15: [AMXX] To enable debug mode, add "debug" after the plugin name in plugins.ini (without quotes).
L 12/28/2016 - 13:09:16: [AMXX] Run time error 4 (plugin "Goku-TS.amxx") - debug not enabled!
L 12/28/2016 - 13:09:16: [AMXX] To enable debug mode, add "debug" after the plugin name in plugins.ini (without quotes).
L 12/28/2016 - 13:09:18: [AMXX] Run time error 4 (plugin "Goku-TS.amxx") - debug not enabled!
L 12/28/2016 - 13:09:18: [AMXX] To enable debug mode, add "debug" after the plugin name in plugins.ini (without quotes).
L 12/28/2016 - 13:09:20: [AMXX] Run time error 4 (plugin "Goku-TS.amxx") - debug not enabled!
L 12/28/2016 - 13:09:20: [AMXX] To enable debug mode, add "debug" after the plugin name in plugins.ini (without quotes).
L 12/28/2016 - 13:09:20: [AMXX] Run time error 4 (plugin "Vegetto.amxx") - debug not enabled!
L 12/28/2016 - 13:09:20: [AMXX] To enable debug mode, add "debug" after the plugin name in plugins.ini (without quotes).
L 12/28/2016 - 13:09:21: [AMXX] Run time error 4 (plugin "Goku-TS.amxx") - debug not enabled!
L 12/28/2016 - 13:09:21: [AMXX] To enable debug mode, add "debug" after the plugin name in plugins.ini (without quotes).
L 12/28/2016 - 13:09:48: [AMXX] Run time error 4 (plugin "Vegetto.amxx") - debug not enabled!
L 12/28/2016 - 13:09:48: [AMXX] To enable debug mode, add "debug" after the plugin name in plugins.ini (without quotes).
L 12/28/2016 - 13:10:07: [AMXX] Run time error 4 (plugin "Goku-TS.amxx") - debug not enabled!
L 12/28/2016 - 13:10:07: [AMXX] To enable debug mode, add "debug" after the plugin name in plugins.ini (without quotes).
L 12/28/2016 - 13:10:09: [AMXX] Run time error 4 (plugin "Goku-TS.amxx") - debug not enabled!
L 12/28/2016 - 13:10:09: [AMXX] To enable debug mode, add "debug" after the plugin name in plugins.ini (without quotes).
L 12/28/2016 - 13:10:12: [AMXX] Run time error 4 (plugin "Vegetto.amxx") - debug not enabled!
L 12/28/2016 - 13:10:12: [AMXX] To enable debug mode, add "debug" after the plugin name in plugins.ini (without quotes).
L 12/28/2016 - 13:10:19: [AMXX] Run time error 4 (plugin "Goku-TS.amxx") - debug not enabled!
L 12/28/2016 - 13:10:19: [AMXX] To enable debug mode, add "debug" after the plugin name in plugins.ini (without quotes).
L 12/28/2016 - 13:10:52: [AMXX] Run time error 4 (plugin "Vegetto.amxx") - debug not enabled!
L 12/28/2016 - 13:10:52: [AMXX] To enable debug mode, add "debug" after the plugin name in plugins.ini (without quotes).
L 12/28/2016 - 13:12:15: [AMXX] Run time error 4 (plugin "Goku-TS.amxx") - debug not enabled!
L 12/28/2016 - 13:12:15: [AMXX] To enable debug mode, add "debug" after the plugin name in plugins.ini (without quotes).
L 12/28/2016 - 13:12:15: [AMXX] Run time error 4 (plugin "Goku-TS.amxx") - debug not enabled!
L 12/28/2016 - 13:12:15: [AMXX] To enable debug mode, add "debug" after the plugin name in plugins.ini (without quotes).
L 12/28/2016 - 13:12:17: [AMXX] Run time error 4 (plugin "Vegetto.amxx") - debug not enabled!
L 12/28/2016 - 13:12:17: [AMXX] To enable debug mode, add "debug" after the plugin name in plugins.ini (without quotes).
L 12/28/2016 - 13:12:18: [AMXX] Run time error 4 (plugin "Goku-TS.amxx") - debug not enabled!
L 12/28/2016 - 13:12:18: [AMXX] To enable debug mode, add "debug" after the plugin name in plugins.ini (without quotes).
L 12/28/2016 - 13:12:46: [AMXX] Run time error 4 (plugin "Vegetto.amxx") - debug not enabled!
L 12/28/2016 - 13:12:46: [AMXX] To enable debug mode, add "debug" after the plugin name in plugins.ini (without quotes).
L 12/28/2016 - 13:13:23: [AMXX] Run time error 4 (plugin "Vegetto.amxx") - debug not enabled!
L 12/28/2016 - 13:13:23: [AMXX] To enable debug mode, add "debug" after the plugin name in plugins.ini (without quotes).
L 12/28/2016 - 13:13:25: [AMXX] Run time error 4 (plugin "Vegetto.amxx") - debug not enabled!
L 12/28/2016 - 13:13:25: [AMXX] To enable debug mode, add "debug" after the plugin name in plugins.ini (without quotes).
L 12/28/2016 - 13:13:41: [AMXX] Run time error 4 (plugin "Goku-TS.amxx") - debug not enabled!
L 12/28/2016 - 13:13:41: [AMXX] To enable debug mode, add "debug" after the plugin name in plugins.ini (without quotes).
L 12/28/2016 - 13:13:44: [AMXX] Run time error 4 (plugin "Goku-TS.amxx") - debug not enabled!
L 12/28/2016 - 13:13:44: [AMXX] To enable debug mode, add "debug" after the plugin name in plugins.ini (without quotes).
L 12/28/2016 - 13:13:53: [AMXX] Run time error 4 (plugin "Goku-TS.amxx") - debug not enabled!
L 12/28/2016 - 13:13:53: [AMXX] To enable debug mode, add "debug" after the plugin name in plugins.ini (without quotes).
L 12/28/2016 - 13:14:09: [AMXX] Run time error 4 (plugin "Vegetto.amxx") - debug not enabled!
L 12/28/2016 - 13:14:09: [AMXX] To enable debug mode, add "debug" after the plugin name in plugins.ini (without quotes).
L 12/28/2016 - 13:14:15: [AMXX] Run time error 4 (plugin "Vegetto.amxx") - debug not enabled!
L 12/28/2016 - 13:14:15: [AMXX] To enable debug mode, add "debug" after the plugin name in plugins.ini (without quotes).
L 12/28/2016 - 13:14:15: [AMXX] Run time error 4 (plugin "Vegetto.amxx") - debug not enabled!
L 12/28/2016 - 13:14:15: [AMXX] To enable debug mode, add "debug" after the plugin name in plugins.ini (without quotes).
L 12/28/2016 - 13:14:18: [AMXX] Run time error 4 (plugin "Vegetto.amxx") - debug not enabled!
L 12/28/2016 - 13:14:18: [AMXX] To enable debug mode, add "debug" after the plugin name in plugins.ini (without quotes).
L 12/28/2016 - 13:14:18: [AMXX] Run time error 4 (plugin "Vegetto.amxx") - debug not enabled!
L 12/28/2016 - 13:14:18: [AMXX] To enable debug mode, add "debug" after the plugin name in plugins.ini (without quotes).
L 12/28/2016 - 13:14:41: [AMXX] Run time error 4 (plugin "Goku-TS.amxx") - debug not enabled!
L 12/28/2016 - 13:14:41: [AMXX] To enable debug mode, add "debug" after the plugin name in plugins.ini (without quotes).
L 12/28/2016 - 13:14:42: [AMXX] Run time error 4 (plugin "Goku-TS.amxx") - debug not enabled!
L 12/28/2016 - 13:14:42: [AMXX] To enable debug mode, add "debug" after the plugin name in plugins.ini (without quotes).
L 12/28/2016 - 13:14:43: [AMXX] Run time error 4 (plugin "Goku-TS.amxx") - debug not enabled!
L 12/28/2016 - 13:14:43: [AMXX] To enable debug mode, add "debug" after the plugin name in plugins.ini (without quotes).
L 12/28/2016 - 13:14:46: [AMXX] Run time error 4 (plugin "Goku-TS.amxx") - debug not enabled!
L 12/28/2016 - 13:14:46: [AMXX] To enable debug mode, add "debug" after the plugin name in plugins.ini (without quotes).
L 12/28/2016 - 13:14:50: [AMXX] Run time error 4 (plugin "Goku-TS.amxx") - debug not enabled!
L 12/28/2016 - 13:14:50: [AMXX] To enable debug mode, add "debug" after the plugin name in plugins.ini (without quotes).
L 12/28/2016 - 13:14:55: [AMXX] Run time error 4 (plugin "Goku-TS.amxx") - debug not enabled!
L 12/28/2016 - 13:14:55: [AMXX] To enable debug mode, add "debug" after the plugin name in plugins.ini (without quotes).
L 12/28/2016 - 13:14:58: [AMXX] Run time error 4 (plugin "Goku-TS.amxx") - debug not enabled!
L 12/28/2016 - 13:14:58: [AMXX] To enable debug mode, add "debug" after the plugin name in plugins.ini (without quotes).
L 12/28/2016 - 13:14:58: [AMXX] Run time error 4 (plugin "Goku-TS.amxx") - debug not enabled!
L 12/28/2016 - 13:14:58: [AMXX] To enable debug mode, add "debug" after the plugin name in plugins.ini (without quotes).
L 12/28/2016 - 13:15:10: [AMXX] Run time error 4 (plugin "Goku-TS.amxx") - debug not enabled!
L 12/28/2016 - 13:15:10: [AMXX] To enable debug mode, add "debug" after the plugin name in plugins.ini (without quotes).
L 12/28/2016 - 13:15:16: [AMXX] Run time error 4 (plugin "Goku-TS.amxx") - debug not enabled!
L 12/28/2016 - 13:15:16: [AMXX] To enable debug mode, add "debug" after the plugin name in plugins.ini (without quotes).
L 12/28/2016 - 13:15:46: [AMXX] Run time error 4 (plugin "Goku-TS.amxx") - debug not enabled!
L 12/28/2016 - 13:15:46: [AMXX] To enable debug mode, add "debug" after the plugin name in plugins.ini (without quotes).
L 12/28/2016 - 13:15:47: [AMXX] Run time error 4 (plugin "Goku-TS.amxx") - debug not enabled!
L 12/28/2016 - 13:15:47: [AMXX] To enable debug mode, add "debug" after the plugin name in plugins.ini (without quotes).
L 12/28/2016 - 13:16:04: [AMXX] Run time error 4 (plugin "Goku-TS.amxx") - debug not enabled!
L 12/28/2016 - 13:16:04: [AMXX] To enable debug mode, add "debug" after the plugin name in plugins.ini (without quotes).
L 12/28/2016 - 13:16:42: Function is not present (function "fxScream3") (plugin "CX/Vegetto.amxx")
L 12/28/2016 - 13:16:42: [AMXX] Run time error 10 (plugin "Vegetto.amxx") (native "set_task") - debug not enabled!
L 12/28/2016 - 13:16:42: [AMXX] To enable debug mode, add "debug" after the plugin name in plugins.ini (without quotes).
L 12/28/2016 - 13:17:00: [AMXX] Run time error 4 (plugin "Vegetto.amxx") - debug not enabled!
L 12/28/2016 - 13:17:00: [AMXX] To enable debug mode, add "debug" after the plugin name in plugins.ini (without quotes).
L 12/28/2016 - 13:17:07: [AMXX] Run time error 4 (plugin "Vegetto.amxx") - debug not enabled!
L 12/28/2016 - 13:17:07: [AMXX] To enable debug mode, add "debug" after the plugin name in plugins.ini (without quotes).
L 12/28/2016 - 13:17:13: [AMXX] Run time error 4 (plugin "Vegetto.amxx") - debug not enabled!
L 12/28/2016 - 13:17:13: [AMXX] To enable debug mode, add "debug" after the plugin name in plugins.ini (without quotes).
L 12/28/2016 - 13:17:17: [AMXX] Run time error 4 (plugin "Vegetto.amxx") - debug not enabled!
L 12/28/2016 - 13:17:17: [AMXX] To enable debug mode, add "debug" after the plugin name in plugins.ini (without quotes).
L 12/28/2016 - 13:45:51: Start of error session.
L 12/28/2016 - 13:45:51: Info (map "esf_Gurufixed") (logfile "error_122816.log")
L 12/28/2016 - 13:45:51: Could not find function "@WeaponExplosion"
L 12/28/2016 - 13:45:51: [AMXX] Run time error 19 (plugin "Black.amxx") - debug not enabled!
L 12/28/2016 - 13:45:51: [AMXX] To enable debug mode, add "debug" after the plugin name in plugins.ini (without quotes).
L 12/28/2016 - 13:45:51: Could not find function "@WeaponExplosion"
L 12/28/2016 - 13:45:51: [AMXX] Run time error 19 (plugin "Zamasu.amxx") - debug not enabled!
L 12/28/2016 - 13:45:51: [AMXX] To enable debug mode, add "debug" after the plugin name in plugins.ini (without quotes).
L 12/28/2016 - 13:47:30: [AMXX] Run time error 4 (plugin "Goku-TS.amxx") - debug not enabled!
L 12/28/2016 - 13:47:30: [AMXX] To enable debug mode, add "debug" after the plugin name in plugins.ini (without quotes).
L 12/28/2016 - 13:49:08: [AMXX] Run time error 4 (plugin "Vegeta-TS.amxx") - debug not enabled!
L 12/28/2016 - 13:49:08: [AMXX] To enable debug mode, add "debug" after the plugin name in plugins.ini (without quotes).
L 12/28/2016 - 13:49:09: [AMXX] Run time error 4 (plugin "Vegeta-TS.amxx") - debug not enabled!
L 12/28/2016 - 13:49:09: [AMXX] To enable debug mode, add "debug" after the plugin name in plugins.ini (without quotes).
L 12/28/2016 - 13:49:09: [AMXX] Run time error 4 (plugin "Vegeta-TS.amxx") - debug not enabled!
L 12/28/2016 - 13:49:09: [AMXX] To enable debug mode, add "debug" after the plugin name in plugins.ini (without quotes).
L 12/28/2016 - 13:49:32: [AMXX] Run time error 4 (plugin "Vegeta-TS.amxx") - debug not enabled!
L 12/28/2016 - 13:49:32: [AMXX] To enable debug mode, add "debug" after the plugin name in plugins.ini (without quotes).
L 12/28/2016 - 13:49:35: [AMXX] Run time error 4 (plugin "Vegeta-TS.amxx") - debug not enabled!
L 12/28/2016 - 13:49:35: [AMXX] To enable debug mode, add "debug" after the plugin name in plugins.ini (without quotes).
L 12/28/2016 - 13:49:35: [AMXX] Run time error 4 (plugin "Vegeta-TS.amxx") - debug not enabled!
L 12/28/2016 - 13:49:35: [AMXX] To enable debug mode, add "debug" after the plugin name in plugins.ini (without quotes).
L 12/28/2016 - 13:50:13: [AMXX] Run time error 4 (plugin "Vegeta-TS.amxx") - debug not enabled!
L 12/28/2016 - 13:50:13: [AMXX] To enable debug mode, add "debug" after the plugin name in plugins.ini (without quotes).
L 12/28/2016 - 13:50:18: [AMXX] Run time error 4 (plugin "Vegeta-TS.amxx") - debug not enabled!
L 12/28/2016 - 13:50:18: [AMXX] To enable debug mode, add "debug" after the plugin name in plugins.ini (without quotes).
L 12/28/2016 - 13:50:30: [AMXX] Run time error 4 (plugin "Vegeta-TS.amxx") - debug not enabled!
L 12/28/2016 - 13:50:30: [AMXX] To enable debug mode, add "debug" after the plugin name in plugins.ini (without quotes).
L 12/28/2016 - 13:50:46: [AMXX] Run time error 4 (plugin "Vegeta-TS.amxx") - debug not enabled!
L 12/28/2016 - 13:50:46: [AMXX] To enable debug mode, add "debug" after the plugin name in plugins.ini (without quotes).
L 12/28/2016 - 13:51:23: [AMXX] Run time error 4 (plugin "Vegeta-TS.amxx") - debug not enabled!
L 12/28/2016 - 13:51:23: [AMXX] To enable debug mode, add "debug" after the plugin name in plugins.ini (without quotes).
L 12/28/2016 - 13:51:32: [AMXX] Run time error 4 (plugin "Vegeta-TS.amxx") - debug not enabled!
L 12/28/2016 - 13:51:32: [AMXX] To enable debug mode, add "debug" after the plugin name in plugins.ini (without quotes).
L 12/28/2016 - 13:51:32: [AMXX] Run time error 4 (plugin "Vegeta-TS.amxx") - debug not enabled!
L 12/28/2016 - 13:51:32: [AMXX] To enable debug mode, add "debug" after the plugin name in plugins.ini (without quotes).
L 12/28/2016 - 13:51:34: [AMXX] Run time error 4 (plugin "Vegeta-TS.amxx") - debug not enabled!
L 12/28/2016 - 13:51:34: [AMXX] To enable debug mode, add "debug" after the plugin name in plugins.ini (without quotes).
L 12/28/2016 - 13:51:35: [AMXX] Run time error 4 (plugin "Vegeta-TS.amxx") - debug not enabled!
L 12/28/2016 - 13:51:35: [AMXX] To enable debug mode, add "debug" after the plugin name in plugins.ini (without quotes).
L 12/28/2016 - 13:51:35: [AMXX] Run time error 4 (plugin "Vegeta-TS.amxx") - debug not enabled!
L 12/28/2016 - 13:51:35: [AMXX] To enable debug mode, add "debug" after the plugin name in plugins.ini (without quotes).
L 12/28/2016 - 13:51:36: [AMXX] Run time error 4 (plugin "Vegeta-TS.amxx") - debug not enabled!
L 12/28/2016 - 13:51:36: [AMXX] To enable debug mode, add "debug" after the plugin name in plugins.ini (without quotes).
L 12/28/2016 - 13:51:39: [AMXX] Run time error 4 (plugin "Vegeta-TS.amxx") - debug not enabled!
L 12/28/2016 - 13:51:39: [AMXX] To enable debug mode, add "debug" after the plugin name in plugins.ini (without quotes).
L 12/28/2016 - 13:51:44: [AMXX] Run time error 4 (plugin "Vegeta-TS.amxx") - debug not enabled!
L 12/28/2016 - 13:51:44: [AMXX] To enable debug mode, add "debug" after the plugin name in plugins.ini (without quotes).
L 12/28/2016 - 13:51:48: [AMXX] Run time error 4 (plugin "Vegeta-TS.amxx") - debug not enabled!
L 12/28/2016 - 13:51:48: [AMXX] To enable debug mode, add "debug" after the plugin name in plugins.ini (without quotes).
L 12/28/2016 - 13:51:55: [AMXX] Run time error 4 (plugin "Vegeta-TS.amxx") - debug not enabled!
L 12/28/2016 - 13:51:55: [AMXX] To enable debug mode, add "debug" after the plugin name in plugins.ini (without quotes).
L 12/28/2016 - 13:51:56: [AMXX] Run time error 4 (plugin "Vegeta-TS.amxx") - debug not enabled!
L 12/28/2016 - 13:51:56: [AMXX] To enable debug mode, add "debug" after the plugin name in plugins.ini (without quotes).
L 12/28/2016 - 13:51:59: [AMXX] Run time error 4 (plugin "Vegeta-TS.amxx") - debug not enabled!
L 12/28/2016 - 13:51:59: [AMXX] To enable debug mode, add "debug" after the plugin name in plugins.ini (without quotes).
L 12/28/2016 - 13:51:59: [AMXX] Run time error 4 (plugin "Vegeta-TS.amxx") - debug not enabled!
L 12/28/2016 - 13:51:59: [AMXX] To enable debug mode, add "debug" after the plugin name in plugins.ini (without quotes).
L 12/28/2016 - 13:52:05: [AMXX] Run time error 4 (plugin "Vegeta-TS.amxx") - debug not enabled!
L 12/28/2016 - 13:52:05: [AMXX] To enable debug mode, add "debug" after the plugin name in plugins.ini (without quotes).
L 12/28/2016 - 13:52:10: [AMXX] Run time error 4 (plugin "Vegeta-TS.amxx") - debug not enabled!
L 12/28/2016 - 13:52:10: [AMXX] To enable debug mode, add "debug" after the plugin name in plugins.ini (without quotes).
L 12/28/2016 - 13:52:15: [AMXX] Run time error 4 (plugin "Vegeta-TS.amxx") - debug not enabled!
L 12/28/2016 - 13:52:15: [AMXX] To enable debug mode, add "debug" after the plugin name in plugins.ini (without quotes).
L 12/28/2016 - 13:52:16: [AMXX] Run time error 4 (plugin "Vegeta-TS.amxx") - debug not enabled!
L 12/28/2016 - 13:52:16: [AMXX] To enable debug mode, add "debug" after the plugin name in plugins.ini (without quotes).
L 12/28/2016 - 13:52:21: [AMXX] Run time error 4 (plugin "Vegeta-TS.amxx") - debug not enabled!
L 12/28/2016 - 13:52:21: [AMXX] To enable debug mode, add "debug" after the plugin name in plugins.ini (without quotes).
L 12/28/2016 - 13:52:21: [AMXX] Run time error 4 (plugin "Vegeta-TS.amxx") - debug not enabled!
L 12/28/2016 - 13:52:21: [AMXX] To enable debug mode, add "debug" after the plugin name in plugins.ini (without quotes).
L 12/28/2016 - 13:52:31: [AMXX] Run time error 4 (plugin "Vegeta-TS.amxx") - debug not enabled!
L 12/28/2016 - 13:52:31: [AMXX] To enable debug mode, add "debug" after the plugin name in plugins.ini (without quotes).
L 12/28/2016 - 13:52:31: [AMXX] Run time error 4 (plugin "Vegeta-TS.amxx") - debug not enabled!
L 12/28/2016 - 13:52:31: [AMXX] To enable debug mode, add "debug" after the plugin name in plugins.ini (without quotes).
L 12/28/2016 - 13:52:32: [AMXX] Run time error 4 (plugin "Vegeta-TS.amxx") - debug not enabled!
L 12/28/2016 - 13:52:32: [AMXX] To enable debug mode, add "debug" after the plugin name in plugins.ini (without quotes).
L 12/28/2016 - 13:58:26: [AMXX] Run time error 4 (plugin "Goku-TS.amxx") - debug not enabled!
L 12/28/2016 - 13:58:26: [AMXX] To enable debug mode, add "debug" after the plugin name in plugins.ini (without quotes).
L 12/28/2016 - 13:58:30: [AMXX] Run time error 4 (plugin "Goku-TS.amxx") - debug not enabled!
L 12/28/2016 - 13:58:30: [AMXX] To enable debug mode, add "debug" after the plugin name in plugins.ini (without quotes).
L 12/28/2016 - 13:58:36: [AMXX] Run time error 4 (plugin "Goku-TS.amxx") - debug not enabled!
L 12/28/2016 - 13:58:36: [AMXX] To enable debug mode, add "debug" after the plugin name in plugins.ini (without quotes).
L 12/28/2016 - 13:58:38: [AMXX] Run time error 4 (plugin "Goku-TS.amxx") - debug not enabled!
L 12/28/2016 - 13:58:38: [AMXX] To enable debug mode, add "debug" after the plugin name in plugins.ini (without quotes).
L 12/28/2016 - 13:58:43: [AMXX] Run time error 4 (plugin "Goku-TS.amxx") - debug not enabled!
L 12/28/2016 - 13:58:43: [AMXX] To enable debug mode, add "debug" after the plugin name in plugins.ini (without quotes).
L 12/28/2016 - 13:58:45: [AMXX] Run time error 4 (plugin "Goku-TS.amxx") - debug not enabled!
L 12/28/2016 - 13:58:45: [AMXX] To enable debug mode, add "debug" after the plugin name in plugins.ini (without quotes).
L 12/28/2016 - 13:58:48: [AMXX] Run time error 4 (plugin "Goku-TS.amxx") - debug not enabled!
L 12/28/2016 - 13:58:48: [AMXX] To enable debug mode, add "debug" after the plugin name in plugins.ini (without quotes).
L 12/28/2016 - 13:58:49: [AMXX] Run time error 4 (plugin "Goku-TS.amxx") - debug not enabled!
L 12/28/2016 - 13:58:49: [AMXX] To enable debug mode, add "debug" after the plugin name in plugins.ini (without quotes).
L 12/28/2016 - 13:58:52: [AMXX] Run time error 4 (plugin "Goku-TS.amxx") - debug not enabled!
L 12/28/2016 - 13:58:52: [AMXX] To enable debug mode, add "debug" after the plugin name in plugins.ini (without quotes).
L 12/28/2016 - 13:58:54: [AMXX] Run time error 4 (plugin "Goku-TS.amxx") - debug not enabled!
L 12/28/2016 - 13:58:54: [AMXX] To enable debug mode, add "debug" after the plugin name in plugins.ini (without quotes).
L 12/28/2016 - 13:58:55: [ENGINE] Invalid entity 105
L 12/28/2016 - 13:58:55: [AMXX] Run time error 10 (plugin "Fusion.amxx") (native "entity_get_int") - debug not enabled!
L 12/28/2016 - 13:58:55: [AMXX] To enable debug mode, add "debug" after the plugin name in plugins.ini (without quotes).
L 12/28/2016 - 13:58:57: [AMXX] Run time error 4 (plugin "Goku-TS.amxx") - debug not enabled!
L 12/28/2016 - 13:58:57: [AMXX] To enable debug mode, add "debug" after the plugin name in plugins.ini (without quotes).
L 12/28/2016 - 13:59:31: [AMXX] Run time error 4 (plugin "Goku-TS.amxx") - debug not enabled!
L 12/28/2016 - 13:59:31: [AMXX] To enable debug mode, add "debug" after the plugin name in plugins.ini (without quotes).
L 12/28/2016 - 13:59:33: Start of error session.
L 12/28/2016 - 13:59:33: Info (map "esf_Gurufixed") (logfile "error_122816.log")
L 12/28/2016 - 13:59:33: Could not find function "@WeaponExplosion"
L 12/28/2016 - 13:59:33: [AMXX] Run time error 19 (plugin "Black.amxx") - debug not enabled!
L 12/28/2016 - 13:59:33: [AMXX] To enable debug mode, add "debug" after the plugin name in plugins.ini (without quotes).
L 12/28/2016 - 13:59:33: Could not find function "@WeaponExplosion"
L 12/28/2016 - 13:59:33: [AMXX] Run time error 19 (plugin "Zamasu.amxx") - debug not enabled!
L 12/28/2016 - 13:59:33: [AMXX] To enable debug mode, add "debug" after the plugin name in plugins.ini (without quotes).
L 12/28/2016 - 14:04:46: [AMXX] Run time error 4 (plugin "Goku-TS.amxx") - debug not enabled!
L 12/28/2016 - 14:04:46: [AMXX] To enable debug mode, add "debug" after the plugin name in plugins.ini (without quotes).
L 12/28/2016 - 14:05:13: Function is not present (function "fxScream3") (plugin "CX/Vegetto.amxx")
L 12/28/2016 - 14:05:13: [AMXX] Run time error 10 (plugin "Vegetto.amxx") (native "set_task") - debug not enabled!
L 12/28/2016 - 14:05:13: [AMXX] To enable debug mode, add "debug" after the plugin name in plugins.ini (without quotes).
L 12/28/2016 - 14:05:48: [AMXX] Run time error 4 (plugin "Vegetto.amxx") - debug not enabled!
L 12/28/2016 - 14:05:48: [AMXX] To enable debug mode, add "debug" after the plugin name in plugins.ini (without quotes).
L 12/28/2016 - 14:05:50: [AMXX] Run time error 4 (plugin "Vegetto.amxx") - debug not enabled!
L 12/28/2016 - 14:05:50: [AMXX] To enable debug mode, add "debug" after the plugin name in plugins.ini (without quotes).
L 12/28/2016 - 14:05:55: [AMXX] Run time error 4 (plugin "Vegetto.amxx") - debug not enabled!
L 12/28/2016 - 14:05:55: [AMXX] To enable debug mode, add "debug" after the plugin name in plugins.ini (without quotes).
L 12/28/2016 - 14:06:12: [AMXX] Run time error 4 (plugin "Vegetto.amxx") - debug not enabled!
L 12/28/2016 - 14:06:12: [AMXX] To enable debug mode, add "debug" after the plugin name in plugins.ini (without quotes).
L 12/28/2016 - 14:06:18: [AMXX] Run time error 4 (plugin "Vegetto.amxx") - debug not enabled!
L 12/28/2016 - 14:06:18: [AMXX] To enable debug mode, add "debug" after the plugin name in plugins.ini (without quotes).
L 12/28/2016 - 14:06:31: [AMXX] Run time error 4 (plugin "Vegetto.amxx") - debug not enabled!
L 12/28/2016 - 14:06:31: [AMXX] To enable debug mode, add "debug" after the plugin name in plugins.ini (without quotes).
L 12/28/2016 - 14:06:40: [AMXX] Run time error 4 (plugin "Vegetto.amxx") - debug not enabled!
L 12/28/2016 - 14:06:40: [AMXX] To enable debug mode, add "debug" after the plugin name in plugins.ini (without quotes).
L 12/28/2016 - 14:06:40: [AMXX] Run time error 4 (plugin "Vegetto.amxx") - debug not enabled!
L 12/28/2016 - 14:06:40: [AMXX] To enable debug mode, add "debug" after the plugin name in plugins.ini (without quotes).
L 12/28/2016 - 14:06:57: [AMXX] Run time error 4 (plugin "Vegetto.amxx") - debug not enabled!
L 12/28/2016 - 14:06:57: [AMXX] To enable debug mode, add "debug" after the plugin name in plugins.ini (without quotes).
L 12/28/2016 - 14:07:03: [AMXX] Run time error 4 (plugin "Vegetto.amxx") - debug not enabled!
L 12/28/2016 - 14:07:03: [AMXX] To enable debug mode, add "debug" after the plugin name in plugins.ini (without quotes).
L 12/28/2016 - 14:07:17: [AMXX] Run time error 4 (plugin "Vegetto.amxx") - debug not enabled!
L 12/28/2016 - 14:07:17: [AMXX] To enable debug mode, add "debug" after the plugin name in plugins.ini (without quotes).
L 12/28/2016 - 14:07:17: [AMXX] Run time error 4 (plugin "Vegetto.amxx") - debug not enabled!
L 12/28/2016 - 14:07:17: [AMXX] To enable debug mode, add "debug" after the plugin name in plugins.ini (without quotes).
L 12/28/2016 - 14:07:21: [AMXX] Run time error 4 (plugin "Vegetto.amxx") - debug not enabled!
L 12/28/2016 - 14:07:21: [AMXX] To enable debug mode, add "debug" after the plugin name in plugins.ini (without quotes).
L 12/28/2016 - 14:07:37: [AMXX] Run time error 4 (plugin "Vegetto.amxx") - debug not enabled!
L 12/28/2016 - 14:07:37: [AMXX] To enable debug mode, add "debug" after the plugin name in plugins.ini (without quotes).
L 12/28/2016 - 14:07:45: [AMXX] Run time error 4 (plugin "Vegetto.amxx") - debug not enabled!
L 12/28/2016 - 14:07:45: [AMXX] To enable debug mode, add "debug" after the plugin name in plugins.ini (without quotes).
L 12/28/2016 - 14:08:05: [AMXX] Run time error 4 (plugin "Vegetto.amxx") - debug not enabled!
L 12/28/2016 - 14:08:05: [AMXX] To enable debug mode, add "debug" after the plugin name in plugins.ini (without quotes).
L 12/28/2016 - 14:08:34: [AMXX] Run time error 4 (plugin "Vegetto.amxx") - debug not enabled!
L 12/28/2016 - 14:08:34: [AMXX] To enable debug mode, add "debug" after the plugin name in plugins.ini (without quotes).
L 12/28/2016 - 14:08:43: [AMXX] Run time error 4 (plugin "Vegetto.amxx") - debug not enabled!
L 12/28/2016 - 14:08:43: [AMXX] To enable debug mode, add "debug" after the plugin name in plugins.ini (without quotes).
L 12/28/2016 - 14:08:44: [AMXX] Run time error 4 (plugin "Vegetto.amxx") - debug not enabled!
L 12/28/2016 - 14:08:44: [AMXX] To enable debug mode, add "debug" after the plugin name in plugins.ini (without quotes).
L 12/28/2016 - 14:08:48: [AMXX] Run time error 4 (plugin "Vegetto.amxx") - debug not enabled!
L 12/28/2016 - 14:08:48: [AMXX] To enable debug mode, add "debug" after the plugin name in plugins.ini (without quotes).
L 12/28/2016 - 14:08:48: [AMXX] Run time error 4 (plugin "Vegetto.amxx") - debug not enabled!
L 12/28/2016 - 14:08:48: [AMXX] To enable debug mode, add "debug" after the plugin name in plugins.ini (without quotes).
L 12/28/2016 - 14:08:51: [AMXX] Run time error 4 (plugin "Vegetto.amxx") - debug not enabled!
L 12/28/2016 - 14:08:51: [AMXX] To enable debug mode, add "debug" after the plugin name in plugins.ini (without quotes).
L 12/28/2016 - 14:08:51: [AMXX] Run time error 4 (plugin "Vegetto.amxx") - debug not enabled!
L 12/28/2016 - 14:08:51: [AMXX] To enable debug mode, add "debug" after the plugin name in plugins.ini (without quotes).
L 12/28/2016 - 14:08:53: [AMXX] Run time error 4 (plugin "Vegetto.amxx") - debug not enabled!
L 12/28/2016 - 14:08:53: [AMXX] To enable debug mode, add "debug" after the plugin name in plugins.ini (without quotes).
L 12/28/2016 - 14:08:56: [AMXX] Run time error 4 (plugin "Vegetto.amxx") - debug not enabled!
L 12/28/2016 - 14:08:56: [AMXX] To enable debug mode, add "debug" after the plugin name in plugins.ini (without quotes).
L 12/28/2016 - 14:08:58: [AMXX] Run time error 4 (plugin "Vegetto.amxx") - debug not enabled!
L 12/28/2016 - 14:08:58: [AMXX] To enable debug mode, add "debug" after the plugin name in plugins.ini (without quotes).
L 12/28/2016 - 14:09:01: [AMXX] Run time error 4 (plugin "Vegetto.amxx") - debug not enabled!
L 12/28/2016 - 14:09:01: [AMXX] To enable debug mode, add "debug" after the plugin name in plugins.ini (without quotes).
L 12/28/2016 - 14:09:01: [AMXX] Run time error 4 (plugin "Vegetto.amxx") - debug not enabled!
L 12/28/2016 - 14:09:01: [AMXX] To enable debug mode, add "debug" after the plugin name in plugins.ini (without quotes).
L 12/28/2016 - 14:09:03: [AMXX] Run time error 4 (plugin "Vegetto.amxx") - debug not enabled!
L 12/28/2016 - 14:09:03: [AMXX] To enable debug mode, add "debug" after the plugin name in plugins.ini (without quotes).
L 12/28/2016 - 14:09:03: [AMXX] Run time error 4 (plugin "Vegetto.amxx") - debug not enabled!
L 12/28/2016 - 14:09:03: [AMXX] To enable debug mode, add "debug" after the plugin name in plugins.ini (without quotes).
L 12/28/2016 - 14:09:06: [AMXX] Run time error 4 (plugin "Vegetto.amxx") - debug not enabled!
L 12/28/2016 - 14:09:06: [AMXX] To enable debug mode, add "debug" after the plugin name in plugins.ini (without quotes).
L 12/28/2016 - 14:09:07: [AMXX] Run time error 4 (plugin "Vegetto.amxx") - debug not enabled!
L 12/28/2016 - 14:09:07: [AMXX] To enable debug mode, add "debug" after the plugin name in plugins.ini (without quotes).
L 12/28/2016 - 14:09:09: [AMXX] Run time error 4 (plugin "Vegetto.amxx") - debug not enabled!
L 12/28/2016 - 14:09:09: [AMXX] To enable debug mode, add "debug" after the plugin name in plugins.ini (without quotes).
L 12/28/2016 - 14:09:10: [AMXX] Run time error 4 (plugin "Vegetto.amxx") - debug not enabled!
L 12/28/2016 - 14:09:10: [AMXX] To enable debug mode, add "debug" after the plugin name in plugins.ini (without quotes).
L 12/28/2016 - 14:14:47: [AMXX] Run time error 4 (plugin "Goku-TS.amxx") - debug not enabled!
L 12/28/2016 - 14:14:47: [AMXX] To enable debug mode, add "debug" after the plugin name in plugins.ini (without quotes).
L 12/28/2016 - 14:14:59: [AMXX] Run time error 4 (plugin "Goku-TS.amxx") - debug not enabled!
L 12/28/2016 - 14:14:59: [AMXX] To enable debug mode, add "debug" after the plugin name in plugins.ini (without quotes).
L 12/28/2016 - 14:15:05: [AMXX] Run time error 4 (plugin "Goku-TS.amxx") - debug not enabled!
L 12/28/2016 - 14:15:05: [AMXX] To enable debug mode, add "debug" after the plugin name in plugins.ini (without quotes).
