L 12/21/2016 - 13:34:09: Start of error session.
L 12/21/2016 - 13:34:09: Info (map "esf_Ginyu") (logfile "error_122116.log")
L 12/21/2016 - 13:34:09: Could not find function "@WeaponExplosion"
L 12/21/2016 - 13:34:09: [AMXX] Run time error 19 (plugin "Black.amxx") - debug not enabled!
L 12/21/2016 - 13:34:09: [AMXX] To enable debug mode, add "debug" after the plugin name in plugins.ini (without quotes).
L 12/21/2016 - 13:34:09: Could not find function "@WeaponExplosion"
L 12/21/2016 - 13:34:09: [AMXX] Run time error 19 (plugin "Zamasu.amxx") - debug not enabled!
L 12/21/2016 - 13:34:09: [AMXX] To enable debug mode, add "debug" after the plugin name in plugins.ini (without quotes).
L 12/21/2016 - 14:35:09: Start of error session.
L 12/21/2016 - 14:35:09: Info (map "esf_Gurufixed") (logfile "error_122116.log")
L 12/21/2016 - 14:35:09: Could not find function "@WeaponExplosion"
L 12/21/2016 - 14:35:09: [AMXX] Run time error 19 (plugin "Black.amxx") - debug not enabled!
L 12/21/2016 - 14:35:09: [AMXX] To enable debug mode, add "debug" after the plugin name in plugins.ini (without quotes).
L 12/21/2016 - 14:35:09: Could not find function "@WeaponExplosion"
L 12/21/2016 - 14:35:09: [AMXX] Run time error 19 (plugin "Zamasu.amxx") - debug not enabled!
L 12/21/2016 - 14:35:09: [AMXX] To enable debug mode, add "debug" after the plugin name in plugins.ini (without quotes).
L 12/21/2016 - 14:42:46: Start of error session.
L 12/21/2016 - 14:42:46: Info (map "esf_Gurufixed") (logfile "error_122116.log")
L 12/21/2016 - 14:42:46: Could not find function "@WeaponExplosion"
L 12/21/2016 - 14:42:46: [AMXX] Run time error 19 (plugin "Black.amxx") - debug not enabled!
L 12/21/2016 - 14:42:46: [AMXX] To enable debug mode, add "debug" after the plugin name in plugins.ini (without quotes).
L 12/21/2016 - 14:42:46: Could not find function "@WeaponExplosion"
L 12/21/2016 - 14:42:46: [AMXX] Run time error 19 (plugin "Zamasu.amxx") - debug not enabled!
L 12/21/2016 - 14:42:46: [AMXX] To enable debug mode, add "debug" after the plugin name in plugins.ini (without quotes).
L 12/21/2016 - 14:43:57: Start of error session.
L 12/21/2016 - 14:43:57: Info (map "esf_Gurufixed") (logfile "error_122116.log")
L 12/21/2016 - 14:43:57: Could not find function "@WeaponExplosion"
L 12/21/2016 - 14:43:57: [AMXX] Run time error 19 (plugin "Black.amxx") - debug not enabled!
L 12/21/2016 - 14:43:57: [AMXX] To enable debug mode, add "debug" after the plugin name in plugins.ini (without quotes).
L 12/21/2016 - 14:43:57: Could not find function "@WeaponExplosion"
L 12/21/2016 - 14:43:57: [AMXX] Run time error 19 (plugin "Zamasu.amxx") - debug not enabled!
L 12/21/2016 - 14:43:57: [AMXX] To enable debug mode, add "debug" after the plugin name in plugins.ini (without quotes).
L 12/21/2016 - 14:59:54: Start of error session.
L 12/21/2016 - 14:59:54: Info (map "esf_Gurufixed") (logfile "error_122116.log")
L 12/21/2016 - 14:59:54: Could not find function "@WeaponExplosion"
L 12/21/2016 - 14:59:54: [AMXX] Run time error 19 (plugin "Black.amxx") - debug not enabled!
L 12/21/2016 - 14:59:54: [AMXX] To enable debug mode, add "debug" after the plugin name in plugins.ini (without quotes).
L 12/21/2016 - 14:59:54: Could not find function "@WeaponExplosion"
L 12/21/2016 - 14:59:54: [AMXX] Run time error 19 (plugin "Zamasu.amxx") - debug not enabled!
L 12/21/2016 - 14:59:54: [AMXX] To enable debug mode, add "debug" after the plugin name in plugins.ini (without quotes).
L 12/21/2016 - 15:04:54: [AMXX] Run time error 4 (plugin "Goku-TS.amxx") - debug not enabled!
L 12/21/2016 - 15:04:54: [AMXX] To enable debug mode, add "debug" after the plugin name in plugins.ini (without quotes).
L 12/21/2016 - 15:13:10: Start of error session.
L 12/21/2016 - 15:13:10: Info (map "esf_Gurufixed") (logfile "error_122116.log")
L 12/21/2016 - 15:13:10: Could not find function "@WeaponExplosion"
L 12/21/2016 - 15:13:10: [AMXX] Run time error 19 (plugin "Black.amxx") - debug not enabled!
L 12/21/2016 - 15:13:10: [AMXX] To enable debug mode, add "debug" after the plugin name in plugins.ini (without quotes).
L 12/21/2016 - 15:13:10: Could not find function "@WeaponExplosion"
L 12/21/2016 - 15:13:10: [AMXX] Run time error 19 (plugin "Zamasu.amxx") - debug not enabled!
L 12/21/2016 - 15:13:10: [AMXX] To enable debug mode, add "debug" after the plugin name in plugins.ini (without quotes).
L 12/21/2016 - 15:23:53: Start of error session.
L 12/21/2016 - 15:23:53: Info (map "esf_Gurufixed") (logfile "error_122116.log")
L 12/21/2016 - 15:23:53: Could not find function "@WeaponExplosion"
L 12/21/2016 - 15:23:53: [AMXX] Run time error 19 (plugin "Black.amxx") - debug not enabled!
L 12/21/2016 - 15:23:53: [AMXX] To enable debug mode, add "debug" after the plugin name in plugins.ini (without quotes).
L 12/21/2016 - 15:23:53: Could not find function "@WeaponExplosion"
L 12/21/2016 - 15:23:53: [AMXX] Run time error 19 (plugin "Zamasu.amxx") - debug not enabled!
L 12/21/2016 - 15:23:53: [AMXX] To enable debug mode, add "debug" after the plugin name in plugins.ini (without quotes).
L 12/21/2016 - 15:25:10: [AMXX] Run time error 4 (plugin "Goku-TS.amxx") - debug not enabled!
L 12/21/2016 - 15:25:10: [AMXX] To enable debug mode, add "debug" after the plugin name in plugins.ini (without quotes).
L 12/21/2016 - 15:25:12: [AMXX] Run time error 4 (plugin "Goku-TS.amxx") - debug not enabled!
L 12/21/2016 - 15:25:12: [AMXX] To enable debug mode, add "debug" after the plugin name in plugins.ini (without quotes).
L 12/21/2016 - 15:25:13: [AMXX] Run time error 4 (plugin "Goku-TS.amxx") - debug not enabled!
L 12/21/2016 - 15:25:13: [AMXX] To enable debug mode, add "debug" after the plugin name in plugins.ini (without quotes).
L 12/21/2016 - 15:25:14: [AMXX] Run time error 4 (plugin "Goku-TS.amxx") - debug not enabled!
L 12/21/2016 - 15:25:14: [AMXX] To enable debug mode, add "debug" after the plugin name in plugins.ini (without quotes).
L 12/21/2016 - 15:25:15: [AMXX] Run time error 4 (plugin "Goku-TS.amxx") - debug not enabled!
L 12/21/2016 - 15:25:15: [AMXX] To enable debug mode, add "debug" after the plugin name in plugins.ini (without quotes).
L 12/21/2016 - 15:25:17: [AMXX] Run time error 4 (plugin "Goku-TS.amxx") - debug not enabled!
L 12/21/2016 - 15:25:17: [AMXX] To enable debug mode, add "debug" after the plugin name in plugins.ini (without quotes).
L 12/21/2016 - 15:25:18: [AMXX] Run time error 4 (plugin "Goku-TS.amxx") - debug not enabled!
L 12/21/2016 - 15:25:18: [AMXX] To enable debug mode, add "debug" after the plugin name in plugins.ini (without quotes).
L 12/21/2016 - 15:25:19: [AMXX] Run time error 4 (plugin "Goku-TS.amxx") - debug not enabled!
L 12/21/2016 - 15:25:19: [AMXX] To enable debug mode, add "debug" after the plugin name in plugins.ini (without quotes).
L 12/21/2016 - 15:25:23: [AMXX] Run time error 4 (plugin "Goku-TS.amxx") - debug not enabled!
L 12/21/2016 - 15:25:23: [AMXX] To enable debug mode, add "debug" after the plugin name in plugins.ini (without quotes).
L 12/21/2016 - 15:25:26: [AMXX] Run time error 4 (plugin "Goku-TS.amxx") - debug not enabled!
L 12/21/2016 - 15:25:26: [AMXX] To enable debug mode, add "debug" after the plugin name in plugins.ini (without quotes).
L 12/21/2016 - 15:26:42: Start of error session.
L 12/21/2016 - 15:26:42: Info (map "esf_Gurufixed") (logfile "error_122116.log")
L 12/21/2016 - 15:26:42: Could not find function "@WeaponExplosion"
L 12/21/2016 - 15:26:42: [AMXX] Run time error 19 (plugin "Black.amxx") - debug not enabled!
L 12/21/2016 - 15:26:42: [AMXX] To enable debug mode, add "debug" after the plugin name in plugins.ini (without quotes).
L 12/21/2016 - 15:26:42: Could not find function "@WeaponExplosion"
L 12/21/2016 - 15:26:42: [AMXX] Run time error 19 (plugin "Zamasu.amxx") - debug not enabled!
L 12/21/2016 - 15:26:42: [AMXX] To enable debug mode, add "debug" after the plugin name in plugins.ini (without quotes).
L 12/21/2016 - 15:27:29: [AMXX] Run time error 4 (plugin "Goku-TS.amxx") - debug not enabled!
L 12/21/2016 - 15:27:29: [AMXX] To enable debug mode, add "debug" after the plugin name in plugins.ini (without quotes).
L 12/21/2016 - 15:27:32: [AMXX] Run time error 4 (plugin "Goku-TS.amxx") - debug not enabled!
L 12/21/2016 - 15:27:32: [AMXX] To enable debug mode, add "debug" after the plugin name in plugins.ini (without quotes).
L 12/21/2016 - 15:27:34: [AMXX] Run time error 4 (plugin "Goku-TS.amxx") - debug not enabled!
L 12/21/2016 - 15:27:34: [AMXX] To enable debug mode, add "debug" after the plugin name in plugins.ini (without quotes).
L 12/21/2016 - 15:28:28: [AMXX] Run time error 4 (plugin "Goku-TS.amxx") - debug not enabled!
L 12/21/2016 - 15:28:28: [AMXX] To enable debug mode, add "debug" after the plugin name in plugins.ini (without quotes).
L 12/21/2016 - 15:28:29: [AMXX] Run time error 4 (plugin "Goku-TS.amxx") - debug not enabled!
L 12/21/2016 - 15:28:29: [AMXX] To enable debug mode, add "debug" after the plugin name in plugins.ini (without quotes).
L 12/21/2016 - 15:28:31: [AMXX] Run time error 4 (plugin "Goku-TS.amxx") - debug not enabled!
L 12/21/2016 - 15:28:31: [AMXX] To enable debug mode, add "debug" after the plugin name in plugins.ini (without quotes).
L 12/21/2016 - 15:28:34: [AMXX] Run time error 4 (plugin "Goku-TS.amxx") - debug not enabled!
L 12/21/2016 - 15:28:34: [AMXX] To enable debug mode, add "debug" after the plugin name in plugins.ini (without quotes).
L 12/21/2016 - 15:28:35: [AMXX] Run time error 4 (plugin "Goku-TS.amxx") - debug not enabled!
L 12/21/2016 - 15:28:35: [AMXX] To enable debug mode, add "debug" after the plugin name in plugins.ini (without quotes).
L 12/21/2016 - 15:28:37: [AMXX] Run time error 4 (plugin "Goku-TS.amxx") - debug not enabled!
L 12/21/2016 - 15:28:37: [AMXX] To enable debug mode, add "debug" after the plugin name in plugins.ini (without quotes).
L 12/21/2016 - 15:28:40: [AMXX] Run time error 4 (plugin "Goku-TS.amxx") - debug not enabled!
L 12/21/2016 - 15:28:40: [AMXX] To enable debug mode, add "debug" after the plugin name in plugins.ini (without quotes).
L 12/21/2016 - 15:28:42: [AMXX] Run time error 4 (plugin "Goku-TS.amxx") - debug not enabled!
L 12/21/2016 - 15:28:42: [AMXX] To enable debug mode, add "debug" after the plugin name in plugins.ini (without quotes).
L 12/21/2016 - 15:28:42: [AMXX] Run time error 4 (plugin "Goku-TS.amxx") - debug not enabled!
L 12/21/2016 - 15:28:42: [AMXX] To enable debug mode, add "debug" after the plugin name in plugins.ini (without quotes).
L 12/21/2016 - 15:28:53: [AMXX] Run time error 4 (plugin "Goku-TS.amxx") - debug not enabled!
L 12/21/2016 - 15:28:53: [AMXX] To enable debug mode, add "debug" after the plugin name in plugins.ini (without quotes).
L 12/21/2016 - 15:29:35: [AMXX] Run time error 4 (plugin "Goku-TS.amxx") - debug not enabled!
L 12/21/2016 - 15:29:35: [AMXX] To enable debug mode, add "debug" after the plugin name in plugins.ini (without quotes).
L 12/21/2016 - 15:30:09: [AMXX] Run time error 4 (plugin "Goku-TS.amxx") - debug not enabled!
L 12/21/2016 - 15:30:09: [AMXX] To enable debug mode, add "debug" after the plugin name in plugins.ini (without quotes).
