L 12/31/2012 - 00:20:00: Start of error session.
L 12/31/2012 - 00:20:00: Info (map "dmz_meteor") (logfile "error_123112.log")
L 12/31/2012 - 00:20:00: [AMXX] Run time error 14 (plugin "Ascend.amxx") - debug not enabled!
L 12/31/2012 - 00:20:00: [AMXX] To enable debug mode, add "debug" after the plugin name in plugins.ini (without quotes).
L 12/31/2012 - 00:21:23: Start of error session.
L 12/31/2012 - 00:21:23: Info (map "dmz_meteor") (logfile "error_123112.log")
L 12/31/2012 - 00:21:23: [AMXX] Run time error 14 (plugin "Ascend.amxx") - debug not enabled!
L 12/31/2012 - 00:21:24: [AMXX] To enable debug mode, add "debug" after the plugin name in plugins.ini (without quotes).
L 12/31/2012 - 00:30:53: Start of error session.
L 12/31/2012 - 00:30:53: Info (map "esfm_pic_raditz") (logfile "error_123112.log")
L 12/31/2012 - 00:30:53: [AMXX] Run time error 14 (plugin "Ascend.amxx") - debug not enabled!
L 12/31/2012 - 00:30:53: [AMXX] To enable debug mode, add "debug" after the plugin name in plugins.ini (without quotes).
L 12/31/2012 - 01:37:57: Start of error session.
L 12/31/2012 - 01:37:57: Info (map "esf_cell_games") (logfile "error_123112.log")
L 12/31/2012 - 01:37:57: [AMXX] Run time error 14 (plugin "Ascend.amxx") - debug not enabled!
L 12/31/2012 - 01:37:57: [AMXX] To enable debug mode, add "debug" after the plugin name in plugins.ini (without quotes).
L 12/31/2012 - 02:06:11: Start of error session.
L 12/31/2012 - 02:06:11: Info (map "esfm_pic_raditz") (logfile "error_123112.log")
L 12/31/2012 - 02:06:11: [AMXX] Run time error 14 (plugin "Ascend.amxx") - debug not enabled!
L 12/31/2012 - 02:06:11: [AMXX] To enable debug mode, add "debug" after the plugin name in plugins.ini (without quotes).
L 12/31/2012 - 02:09:28: Start of error session.
L 12/31/2012 - 02:09:28: Info (map "esf_t_cityv2") (logfile "error_123112.log")
L 12/31/2012 - 02:09:28: [AMXX] Run time error 14 (plugin "Ascend.amxx") - debug not enabled!
L 12/31/2012 - 02:09:28: [AMXX] To enable debug mode, add "debug" after the plugin name in plugins.ini (without quotes).
L 12/31/2012 - 02:12:33: Start of error session.
L 12/31/2012 - 02:12:33: Info (map "mat_cielo") (logfile "error_123112.log")
L 12/31/2012 - 02:12:33: [AMXX] Run time error 14 (plugin "Ascend.amxx") - debug not enabled!
L 12/31/2012 - 02:12:33: [AMXX] To enable debug mode, add "debug" after the plugin name in plugins.ini (without quotes).
L 12/31/2012 - 02:14:36: Start of error session.
L 12/31/2012 - 02:14:36: Info (map "esf_cell_games_night") (logfile "error_123112.log")
L 12/31/2012 - 02:14:36: [AMXX] Run time error 14 (plugin "Ascend.amxx") - debug not enabled!
L 12/31/2012 - 02:14:36: [AMXX] To enable debug mode, add "debug" after the plugin name in plugins.ini (without quotes).
L 12/31/2012 - 02:15:30: Start of error session.
L 12/31/2012 - 02:15:30: Info (map "esf_cell_games") (logfile "error_123112.log")
L 12/31/2012 - 02:15:30: [AMXX] Run time error 14 (plugin "Ascend.amxx") - debug not enabled!
L 12/31/2012 - 02:15:30: [AMXX] To enable debug mode, add "debug" after the plugin name in plugins.ini (without quotes).
L 12/31/2012 - 02:16:54: Start of error session.
L 12/31/2012 - 02:16:54: Info (map "esf_namek_isles") (logfile "error_123112.log")
L 12/31/2012 - 02:16:54: [AMXX] Run time error 14 (plugin "Ascend.amxx") - debug not enabled!
L 12/31/2012 - 02:16:54: [AMXX] To enable debug mode, add "debug" after the plugin name in plugins.ini (without quotes).
L 12/31/2012 - 02:19:36: Start of error session.
L 12/31/2012 - 02:19:36: Info (map "esf_kami") (logfile "error_123112.log")
L 12/31/2012 - 02:19:36: [AMXX] Run time error 14 (plugin "Ascend.amxx") - debug not enabled!
L 12/31/2012 - 02:19:36: [AMXX] To enable debug mode, add "debug" after the plugin name in plugins.ini (without quotes).
L 12/31/2012 - 02:34:26: Start of error session.
L 12/31/2012 - 02:34:26: Info (map "esf_janemba") (logfile "error_123112.log")
L 12/31/2012 - 02:34:26: [AMXX] Run time error 14 (plugin "Ascend.amxx") - debug not enabled!
L 12/31/2012 - 02:34:26: [AMXX] To enable debug mode, add "debug" after the plugin name in plugins.ini (without quotes).
L 12/31/2012 - 02:36:31: Start of error session.
L 12/31/2012 - 02:36:31: Info (map "esf_cell_games") (logfile "error_123112.log")
L 12/31/2012 - 02:36:31: [AMXX] Run time error 14 (plugin "Ascend.amxx") - debug not enabled!
L 12/31/2012 - 02:36:31: [AMXX] To enable debug mode, add "debug" after the plugin name in plugins.ini (without quotes).
L 12/31/2012 - 02:37:55: Start of error session.
L 12/31/2012 - 02:37:55: Info (map "noche_riverside") (logfile "error_123112.log")
L 12/31/2012 - 02:37:55: [AMXX] Run time error 14 (plugin "Ascend.amxx") - debug not enabled!
L 12/31/2012 - 02:37:55: [AMXX] To enable debug mode, add "debug" after the plugin name in plugins.ini (without quotes).
L 12/31/2012 - 02:44:10: Start of error session.
L 12/31/2012 - 02:44:10: Info (map "noche_s2k_cellgames") (logfile "error_123112.log")
L 12/31/2012 - 02:44:10: [AMXX] Run time error 14 (plugin "Ascend.amxx") - debug not enabled!
L 12/31/2012 - 02:44:10: [AMXX] To enable debug mode, add "debug" after the plugin name in plugins.ini (without quotes).
L 12/31/2012 - 02:47:43: Start of error session.
L 12/31/2012 - 02:47:43: Info (map "esf_cell_day") (logfile "error_123112.log")
L 12/31/2012 - 02:47:43: [AMXX] Run time error 14 (plugin "Ascend.amxx") - debug not enabled!
L 12/31/2012 - 02:47:43: [AMXX] To enable debug mode, add "debug" after the plugin name in plugins.ini (without quotes).
L 12/31/2012 - 02:54:30: Start of error session.
L 12/31/2012 - 02:54:30: Info (map "esf_cell_arena") (logfile "error_123112.log")
L 12/31/2012 - 02:54:30: [AMXX] Run time error 14 (plugin "Ascend.amxx") - debug not enabled!
L 12/31/2012 - 02:54:30: [AMXX] To enable debug mode, add "debug" after the plugin name in plugins.ini (without quotes).
L 12/31/2012 - 02:58:59: Start of error session.
L 12/31/2012 - 02:58:59: Info (map "esf_kami") (logfile "error_123112.log")
L 12/31/2012 - 02:58:59: [AMXX] Run time error 14 (plugin "Ascend.amxx") - debug not enabled!
L 12/31/2012 - 02:58:59: [AMXX] To enable debug mode, add "debug" after the plugin name in plugins.ini (without quotes).
L 12/31/2012 - 03:01:28: Start of error session.
L 12/31/2012 - 03:01:28: Info (map "esf_saiyan") (logfile "error_123112.log")
L 12/31/2012 - 03:01:28: [AMXX] Run time error 14 (plugin "Ascend.amxx") - debug not enabled!
L 12/31/2012 - 03:01:28: [AMXX] To enable debug mode, add "debug" after the plugin name in plugins.ini (without quotes).
L 12/31/2012 - 03:06:08: Start of error session.
L 12/31/2012 - 03:06:08: Info (map "ECX_canyon") (logfile "error_123112.log")
L 12/31/2012 - 03:06:08: [AMXX] Run time error 14 (plugin "Ascend.amxx") - debug not enabled!
L 12/31/2012 - 03:06:09: [AMXX] To enable debug mode, add "debug" after the plugin name in plugins.ini (without quotes).
L 12/31/2012 - 03:08:22: Start of error session.
L 12/31/2012 - 03:08:22: Info (map "esf_city") (logfile "error_123112.log")
L 12/31/2012 - 03:08:22: [AMXX] Run time error 14 (plugin "Ascend.amxx") - debug not enabled!
L 12/31/2012 - 03:08:22: [AMXX] To enable debug mode, add "debug" after the plugin name in plugins.ini (without quotes).
L 12/31/2012 - 03:19:52: Start of error session.
L 12/31/2012 - 03:19:52: Info (map "esf_greenlands") (logfile "error_123112.log")
L 12/31/2012 - 03:19:52: [AMXX] Run time error 14 (plugin "Ascend.amxx") - debug not enabled!
L 12/31/2012 - 03:19:52: [AMXX] To enable debug mode, add "debug" after the plugin name in plugins.ini (without quotes).
L 12/31/2012 - 03:22:05: Start of error session.
L 12/31/2012 - 03:22:05: Info (map "esf_cell_games_night") (logfile "error_123112.log")
L 12/31/2012 - 03:22:05: [AMXX] Run time error 14 (plugin "Ascend.amxx") - debug not enabled!
L 12/31/2012 - 03:22:06: [AMXX] To enable debug mode, add "debug" after the plugin name in plugins.ini (without quotes).
L 12/31/2012 - 03:25:45: Function is not present (function "tp1") (plugin "CX/Trunks-Futuro.amxx")
L 12/31/2012 - 03:25:45: [AMXX] Run time error 10 (plugin "Trunks-Futuro.amxx") (native "set_task") - debug not enabled!
L 12/31/2012 - 03:25:45: [AMXX] To enable debug mode, add "debug" after the plugin name in plugins.ini (without quotes).
L 12/31/2012 - 03:27:28: Start of error session.
L 12/31/2012 - 03:27:28: Info (map "esf_gero_night") (logfile "error_123112.log")
L 12/31/2012 - 03:27:28: [AMXX] Run time error 14 (plugin "Ascend.amxx") - debug not enabled!
L 12/31/2012 - 03:27:28: [AMXX] To enable debug mode, add "debug" after the plugin name in plugins.ini (without quotes).
L 12/31/2012 - 15:50:48: Start of error session.
L 12/31/2012 - 15:50:48: Info (map "esf_cell_games") (logfile "error_123112.log")
L 12/31/2012 - 15:50:48: [AMXX] Run time error 14 (plugin "Ascend.amxx") - debug not enabled!
L 12/31/2012 - 15:50:48: [AMXX] To enable debug mode, add "debug" after the plugin name in plugins.ini (without quotes).
L 12/31/2012 - 15:53:17: Start of error session.
L 12/31/2012 - 15:53:17: Info (map "mat_cell_games") (logfile "error_123112.log")
L 12/31/2012 - 15:53:17: [AMXX] Run time error 14 (plugin "Ascend.amxx") - debug not enabled!
L 12/31/2012 - 15:53:17: [AMXX] To enable debug mode, add "debug" after the plugin name in plugins.ini (without quotes).
L 12/31/2012 - 15:54:38: Start of error session.
L 12/31/2012 - 15:54:38: Info (map "mat_cell_games") (logfile "error_123112.log")
L 12/31/2012 - 15:54:38: [AMXX] Run time error 14 (plugin "Ascend.amxx") - debug not enabled!
L 12/31/2012 - 15:54:38: [AMXX] To enable debug mode, add "debug" after the plugin name in plugins.ini (without quotes).
L 12/31/2012 - 15:57:10: Start of error session.
L 12/31/2012 - 15:57:10: Info (map "mat_cell_games") (logfile "error_123112.log")
L 12/31/2012 - 15:57:10: [AMXX] Run time error 14 (plugin "Ascend.amxx") - debug not enabled!
L 12/31/2012 - 15:57:10: [AMXX] To enable debug mode, add "debug" after the plugin name in plugins.ini (without quotes).
L 12/31/2012 - 21:59:43: Start of error session.
L 12/31/2012 - 21:59:43: Info (map "mat_space") (logfile "error_123112.log")
L 12/31/2012 - 21:59:43: [AMXX] Run time error 14 (plugin "Ascend.amxx") - debug not enabled!
L 12/31/2012 - 21:59:43: [AMXX] To enable debug mode, add "debug" after the plugin name in plugins.ini (without quotes).
L 12/31/2012 - 22:00:23: Start of error session.
L 12/31/2012 - 22:00:23: Info (map "dmz_meteor") (logfile "error_123112.log")
L 12/31/2012 - 22:00:23: [AMXX] Run time error 14 (plugin "Ascend.amxx") - debug not enabled!
L 12/31/2012 - 22:00:23: [AMXX] To enable debug mode, add "debug" after the plugin name in plugins.ini (without quotes).
