L 12/14/2012 - 00:37:05: Start of error session.
L 12/14/2012 - 00:37:05: Info (map "esf_cell_games_night") (logfile "error_121412.log")
L 12/14/2012 - 00:37:05: [AMXX] Run time error 14 (plugin "Ascend.amxx") - debug not enabled!
L 12/14/2012 - 00:37:05: [AMXX] To enable debug mode, add "debug" after the plugin name in plugins.ini (without quotes).
L 12/14/2012 - 00:56:17: Start of error session.
L 12/14/2012 - 00:56:17: Info (map "esf_cell_games_night") (logfile "error_121412.log")
L 12/14/2012 - 00:56:17: [AMXX] Run time error 14 (plugin "Ascend.amxx") - debug not enabled!
L 12/14/2012 - 00:56:17: [AMXX] To enable debug mode, add "debug" after the plugin name in plugins.ini (without quotes).
L 12/14/2012 - 00:58:55: Start of error session.
L 12/14/2012 - 00:58:55: Info (map "esf_cell_games") (logfile "error_121412.log")
L 12/14/2012 - 00:58:55: [AMXX] Run time error 14 (plugin "Ascend.amxx") - debug not enabled!
L 12/14/2012 - 00:58:55: [AMXX] To enable debug mode, add "debug" after the plugin name in plugins.ini (without quotes).
L 12/14/2012 - 01:01:02: Start of error session.
L 12/14/2012 - 01:01:02: Info (map "esf_cell_games") (logfile "error_121412.log")
L 12/14/2012 - 01:01:02: [AMXX] Run time error 14 (plugin "Ascend.amxx") - debug not enabled!
L 12/14/2012 - 01:01:02: [AMXX] To enable debug mode, add "debug" after the plugin name in plugins.ini (without quotes).
L 12/14/2012 - 01:06:31: Start of error session.
L 12/14/2012 - 01:06:31: Info (map "esf_cell_games") (logfile "error_121412.log")
L 12/14/2012 - 01:06:31: [AMXX] Run time error 14 (plugin "Ascend.amxx") - debug not enabled!
L 12/14/2012 - 01:06:31: [AMXX] To enable debug mode, add "debug" after the plugin name in plugins.ini (without quotes).
L 12/14/2012 - 01:11:06: Start of error session.
L 12/14/2012 - 01:11:06: Info (map "esf_cell_games") (logfile "error_121412.log")
L 12/14/2012 - 01:11:06: [AMXX] Run time error 14 (plugin "Ascend.amxx") - debug not enabled!
L 12/14/2012 - 01:11:06: [AMXX] To enable debug mode, add "debug" after the plugin name in plugins.ini (without quotes).
L 12/14/2012 - 01:20:33: Start of error session.
L 12/14/2012 - 01:20:33: Info (map "esf_cell_games") (logfile "error_121412.log")
L 12/14/2012 - 01:20:33: [AMXX] Run time error 14 (plugin "Ascend.amxx") - debug not enabled!
L 12/14/2012 - 01:20:33: [AMXX] To enable debug mode, add "debug" after the plugin name in plugins.ini (without quotes).
L 12/14/2012 - 01:24:39: Start of error session.
L 12/14/2012 - 01:24:39: Info (map "esf_cell_games") (logfile "error_121412.log")
L 12/14/2012 - 01:24:39: [AMXX] Run time error 14 (plugin "Ascend.amxx") - debug not enabled!
L 12/14/2012 - 01:24:39: [AMXX] To enable debug mode, add "debug" after the plugin name in plugins.ini (without quotes).
L 12/14/2012 - 01:27:53: Start of error session.
L 12/14/2012 - 01:27:53: Info (map "esf_cell_games") (logfile "error_121412.log")
L 12/14/2012 - 01:27:53: [AMXX] Run time error 14 (plugin "Ascend.amxx") - debug not enabled!
L 12/14/2012 - 01:27:53: [AMXX] To enable debug mode, add "debug" after the plugin name in plugins.ini (without quotes).
L 12/14/2012 - 01:29:21: Start of error session.
L 12/14/2012 - 01:29:21: Info (map "esf_cell_games") (logfile "error_121412.log")
L 12/14/2012 - 01:29:21: [AMXX] Run time error 14 (plugin "Ascend.amxx") - debug not enabled!
L 12/14/2012 - 01:29:21: [AMXX] To enable debug mode, add "debug" after the plugin name in plugins.ini (without quotes).
L 12/14/2012 - 01:29:23: Start of error session.
L 12/14/2012 - 01:29:23: Info (map "esf_cell_games") (logfile "error_121412.log")
L 12/14/2012 - 01:29:23: [AMXX] Run time error 14 (plugin "Ascend.amxx") - debug not enabled!
L 12/14/2012 - 01:29:23: [AMXX] To enable debug mode, add "debug" after the plugin name in plugins.ini (without quotes).
L 12/14/2012 - 15:50:40: Start of error session.
L 12/14/2012 - 15:50:40: Info (map "NavidadSR") (logfile "error_121412.log")
L 12/14/2012 - 15:50:40: [AMXX] Run time error 14 (plugin "Ascend.amxx") - debug not enabled!
L 12/14/2012 - 15:50:40: [AMXX] To enable debug mode, add "debug" after the plugin name in plugins.ini (without quotes).
L 12/14/2012 - 16:07:51: Start of error session.
L 12/14/2012 - 16:07:51: Info (map "NavidadSR") (logfile "error_121412.log")
L 12/14/2012 - 16:07:51: [AMXX] Run time error 14 (plugin "Ascend.amxx") - debug not enabled!
L 12/14/2012 - 16:07:51: [AMXX] To enable debug mode, add "debug" after the plugin name in plugins.ini (without quotes).
L 12/14/2012 - 16:13:14: Start of error session.
L 12/14/2012 - 16:13:14: Info (map "NavidadSR") (logfile "error_121412.log")
L 12/14/2012 - 16:13:14: [AMXX] Run time error 14 (plugin "Ascend.amxx") - debug not enabled!
L 12/14/2012 - 16:13:14: [AMXX] To enable debug mode, add "debug" after the plugin name in plugins.ini (without quotes).
L 12/14/2012 - 16:14:10: Start of error session.
L 12/14/2012 - 16:14:10: Info (map "NavidadSR") (logfile "error_121412.log")
L 12/14/2012 - 16:14:10: [AMXX] Run time error 14 (plugin "Ascend.amxx") - debug not enabled!
L 12/14/2012 - 16:14:10: [AMXX] To enable debug mode, add "debug" after the plugin name in plugins.ini (without quotes).
