L 12/29/2012 - 02:19:48: Start of error session.
L 12/29/2012 - 02:19:48: Info (map "esf_cell_games_night") (logfile "error_122912.log")
L 12/29/2012 - 02:19:48: [AMXX] Run time error 14 (plugin "Ascend.amxx") - debug not enabled!
L 12/29/2012 - 02:19:48: [AMXX] To enable debug mode, add "debug" after the plugin name in plugins.ini (without quotes).
L 12/29/2012 - 02:27:32: Start of error session.
L 12/29/2012 - 02:27:32: Info (map "esf_cell_games_night") (logfile "error_122912.log")
L 12/29/2012 - 02:27:32: [AMXX] Run time error 14 (plugin "Ascend.amxx") - debug not enabled!
L 12/29/2012 - 02:27:33: [AMXX] To enable debug mode, add "debug" after the plugin name in plugins.ini (without quotes).
L 12/29/2012 - 02:31:58: Start of error session.
L 12/29/2012 - 02:31:58: Info (map "esf_cell_games_night") (logfile "error_122912.log")
L 12/29/2012 - 02:31:58: [AMXX] Run time error 14 (plugin "Ascend.amxx") - debug not enabled!
L 12/29/2012 - 02:31:58: [AMXX] To enable debug mode, add "debug" after the plugin name in plugins.ini (without quotes).
L 12/29/2012 - 02:49:02: Start of error session.
L 12/29/2012 - 02:49:02: Info (map "esf_cell_games_night") (logfile "error_122912.log")
L 12/29/2012 - 02:49:02: [AMXX] Run time error 14 (plugin "Ascend.amxx") - debug not enabled!
L 12/29/2012 - 02:49:02: [AMXX] To enable debug mode, add "debug" after the plugin name in plugins.ini (without quotes).
L 12/29/2012 - 02:53:14: Start of error session.
L 12/29/2012 - 02:53:14: Info (map "esf_saiyan") (logfile "error_122912.log")
L 12/29/2012 - 02:53:14: [AMXX] Run time error 14 (plugin "Ascend.amxx") - debug not enabled!
L 12/29/2012 - 02:53:14: [AMXX] To enable debug mode, add "debug" after the plugin name in plugins.ini (without quotes).
L 12/29/2012 - 16:14:12: Start of error session.
L 12/29/2012 - 16:14:12: Info (map "esf_cell_games") (logfile "error_122912.log")
L 12/29/2012 - 16:14:12: [AMXX] Run time error 14 (plugin "Ascend.amxx") - debug not enabled!
L 12/29/2012 - 16:14:12: [AMXX] To enable debug mode, add "debug" after the plugin name in plugins.ini (without quotes).
L 12/29/2012 - 16:53:14: Start of error session.
L 12/29/2012 - 16:53:14: Info (map "esf_cell_games_night") (logfile "error_122912.log")
L 12/29/2012 - 16:53:14: [AMXX] Plugin file open error (plugin "CX/Garlick")
L 12/29/2012 - 16:59:23: Start of error session.
L 12/29/2012 - 16:59:23: Info (map "esf_cell_games_night") (logfile "error_122912.log")
L 12/29/2012 - 16:59:23: [AMXX] Plugin file open error (plugin "CX/Garlick")
L 12/29/2012 - 16:59:56: [AMXX] Run time error 14 (plugin "Ascend.amxx") - debug not enabled!
L 12/29/2012 - 16:59:56: [AMXX] To enable debug mode, add "debug" after the plugin name in plugins.ini (without quotes).
L 12/29/2012 - 17:02:50: < Ascend:SX > Client already has an active Special
L 12/29/2012 - 17:02:50: [AMXX] Run time error 10 (plugin "sx.Kaioken.core.amxx") (native "setClientSPECIALSTATE") - debug not enabled!
L 12/29/2012 - 17:02:51: [AMXX] To enable debug mode, add "debug" after the plugin name in plugins.ini (without quotes).
L 12/29/2012 - 17:05:27: Start of error session.
L 12/29/2012 - 17:05:27: Info (map "esf_nameks_revival") (logfile "error_122912.log")
L 12/29/2012 - 17:05:27: [AMXX] Plugin file open error (plugin "CX/Garlick")
L 12/29/2012 - 17:05:47: [AMXX] Run time error 14 (plugin "Ascend.amxx") - debug not enabled!
L 12/29/2012 - 17:05:48: [AMXX] To enable debug mode, add "debug" after the plugin name in plugins.ini (without quotes).
L 12/29/2012 - 17:07:36: Start of error session.
L 12/29/2012 - 17:07:36: Info (map "esf_nameks_revival") (logfile "error_122912.log")
L 12/29/2012 - 17:07:36: [AMXX] Run time error 14 (plugin "Ascend.amxx") - debug not enabled!
L 12/29/2012 - 17:07:37: [AMXX] To enable debug mode, add "debug" after the plugin name in plugins.ini (without quotes).
