L 12/30/2016 - 16:15:24: Start of error session.
L 12/30/2016 - 16:15:24: Info (map "esf_Gurufixed") (logfile "error_123016.log")
L 12/30/2016 - 16:15:24: Could not find function "@WeaponExplosion"
L 12/30/2016 - 16:15:24: [AMXX] Run time error 19 (plugin "Black.amxx") - debug not enabled!
L 12/30/2016 - 16:15:24: [AMXX] To enable debug mode, add "debug" after the plugin name in plugins.ini (without quotes).
L 12/30/2016 - 16:15:24: Could not find function "@WeaponExplosion"
L 12/30/2016 - 16:15:24: [AMXX] Run time error 19 (plugin "Zamasu.amxx") - debug not enabled!
L 12/30/2016 - 16:15:24: [AMXX] To enable debug mode, add "debug" after the plugin name in plugins.ini (without quotes).
L 12/30/2016 - 16:18:31: [AMXX] Run time error 4 (plugin "Goku-TS.amxx") - debug not enabled!
L 12/30/2016 - 16:18:31: [AMXX] To enable debug mode, add "debug" after the plugin name in plugins.ini (without quotes).
L 12/30/2016 - 16:57:50: Start of error session.
L 12/30/2016 - 16:57:50: Info (map "esf_Gurufixed") (logfile "error_123016.log")
L 12/30/2016 - 16:57:50: Could not find function "@WeaponExplosion"
L 12/30/2016 - 16:57:50: [AMXX] Run time error 19 (plugin "Black.amxx") - debug not enabled!
L 12/30/2016 - 16:57:50: [AMXX] To enable debug mode, add "debug" after the plugin name in plugins.ini (without quotes).
L 12/30/2016 - 16:57:50: Could not find function "@WeaponExplosion"
L 12/30/2016 - 16:57:50: [AMXX] Run time error 19 (plugin "Zamasu.amxx") - debug not enabled!
L 12/30/2016 - 16:57:50: [AMXX] To enable debug mode, add "debug" after the plugin name in plugins.ini (without quotes).
L 12/30/2016 - 17:46:53: [AMXX] Run time error 4 (plugin "Ascend.amxx") - debug not enabled!
L 12/30/2016 - 17:46:53: [AMXX] To enable debug mode, add "debug" after the plugin name in plugins.ini (without quotes).
L 12/30/2016 - 17:46:53: [AMXX] Run time error 4 (plugin "Ascend.amxx") - debug not enabled!
L 12/30/2016 - 17:46:53: [AMXX] To enable debug mode, add "debug" after the plugin name in plugins.ini (without quotes).
L 12/30/2016 - 17:46:54: [AMXX] Run time error 4 (plugin "Ascend.amxx") - debug not enabled!
L 12/30/2016 - 17:46:54: [AMXX] To enable debug mode, add "debug" after the plugin name in plugins.ini (without quotes).
L 12/30/2016 - 17:49:23: [AMXX] Run time error 4 (plugin "Ascend.amxx") - debug not enabled!
L 12/30/2016 - 17:49:23: [AMXX] To enable debug mode, add "debug" after the plugin name in plugins.ini (without quotes).
L 12/30/2016 - 17:49:23: [AMXX] Run time error 4 (plugin "Ascend.amxx") - debug not enabled!
L 12/30/2016 - 17:49:23: [AMXX] To enable debug mode, add "debug" after the plugin name in plugins.ini (without quotes).
L 12/30/2016 - 17:49:23: [AMXX] Run time error 4 (plugin "Ascend.amxx") - debug not enabled!
L 12/30/2016 - 17:49:23: [AMXX] To enable debug mode, add "debug" after the plugin name in plugins.ini (without quotes).
L 12/30/2016 - 17:49:24: [AMXX] Run time error 4 (plugin "Ascend.amxx") - debug not enabled!
L 12/30/2016 - 17:49:24: [AMXX] To enable debug mode, add "debug" after the plugin name in plugins.ini (without quotes).
L 12/30/2016 - 17:49:24: [AMXX] Run time error 4 (plugin "Ascend.amxx") - debug not enabled!
L 12/30/2016 - 17:49:24: [AMXX] To enable debug mode, add "debug" after the plugin name in plugins.ini (without quotes).
L 12/30/2016 - 17:49:24: [AMXX] Run time error 4 (plugin "Ascend.amxx") - debug not enabled!
L 12/30/2016 - 17:49:24: [AMXX] To enable debug mode, add "debug" after the plugin name in plugins.ini (without quotes).
L 12/30/2016 - 18:25:41: [AMXX] Run time error 4 (plugin "Ascend.amxx") - debug not enabled!
L 12/30/2016 - 18:25:41: [AMXX] To enable debug mode, add "debug" after the plugin name in plugins.ini (without quotes).
L 12/30/2016 - 18:25:41: [AMXX] Run time error 4 (plugin "Ascend.amxx") - debug not enabled!
L 12/30/2016 - 18:25:41: [AMXX] To enable debug mode, add "debug" after the plugin name in plugins.ini (without quotes).
L 12/30/2016 - 18:28:03: [AMXX] Run time error 4 (plugin "Ascend.amxx") - debug not enabled!
L 12/30/2016 - 18:28:03: [AMXX] To enable debug mode, add "debug" after the plugin name in plugins.ini (without quotes).
L 12/30/2016 - 18:28:03: [AMXX] Run time error 4 (plugin "Ascend.amxx") - debug not enabled!
L 12/30/2016 - 18:28:03: [AMXX] To enable debug mode, add "debug" after the plugin name in plugins.ini (without quotes).
L 12/30/2016 - 18:28:03: [AMXX] Run time error 4 (plugin "Ascend.amxx") - debug not enabled!
L 12/30/2016 - 18:28:03: [AMXX] To enable debug mode, add "debug" after the plugin name in plugins.ini (without quotes).
L 12/30/2016 - 18:28:04: [AMXX] Run time error 4 (plugin "Ascend.amxx") - debug not enabled!
L 12/30/2016 - 18:28:04: [AMXX] To enable debug mode, add "debug" after the plugin name in plugins.ini (without quotes).
L 12/30/2016 - 18:28:04: [AMXX] Run time error 4 (plugin "Ascend.amxx") - debug not enabled!
L 12/30/2016 - 18:28:04: [AMXX] To enable debug mode, add "debug" after the plugin name in plugins.ini (without quotes).
L 12/30/2016 - 18:28:04: [AMXX] Run time error 4 (plugin "Ascend.amxx") - debug not enabled!
L 12/30/2016 - 18:28:04: [AMXX] To enable debug mode, add "debug" after the plugin name in plugins.ini (without quotes).
L 12/30/2016 - 18:28:05: [AMXX] Run time error 4 (plugin "Ascend.amxx") - debug not enabled!
L 12/30/2016 - 18:28:05: [AMXX] To enable debug mode, add "debug" after the plugin name in plugins.ini (without quotes).
L 12/30/2016 - 18:32:12: [AMXX] Run time error 4 (plugin "Ascend.amxx") - debug not enabled!
L 12/30/2016 - 18:32:12: [AMXX] To enable debug mode, add "debug" after the plugin name in plugins.ini (without quotes).
L 12/30/2016 - 18:32:13: [AMXX] Run time error 4 (plugin "Ascend.amxx") - debug not enabled!
L 12/30/2016 - 18:32:13: [AMXX] To enable debug mode, add "debug" after the plugin name in plugins.ini (without quotes).
L 12/30/2016 - 18:34:58: [AMXX] Run time error 4 (plugin "Ascend.amxx") - debug not enabled!
L 12/30/2016 - 18:34:58: [AMXX] To enable debug mode, add "debug" after the plugin name in plugins.ini (without quotes).
L 12/30/2016 - 18:34:59: [AMXX] Run time error 4 (plugin "Ascend.amxx") - debug not enabled!
L 12/30/2016 - 18:34:59: [AMXX] To enable debug mode, add "debug" after the plugin name in plugins.ini (without quotes).
L 12/30/2016 - 18:35:45: [AMXX] Run time error 4 (plugin "Ascend.amxx") - debug not enabled!
L 12/30/2016 - 18:35:45: [AMXX] To enable debug mode, add "debug" after the plugin name in plugins.ini (without quotes).
L 12/30/2016 - 18:35:46: [AMXX] Run time error 4 (plugin "Ascend.amxx") - debug not enabled!
L 12/30/2016 - 18:35:46: [AMXX] To enable debug mode, add "debug" after the plugin name in plugins.ini (without quotes).
L 12/30/2016 - 18:38:53: [AMXX] Run time error 4 (plugin "Ascend.amxx") - debug not enabled!
L 12/30/2016 - 18:38:53: [AMXX] To enable debug mode, add "debug" after the plugin name in plugins.ini (without quotes).
L 12/30/2016 - 18:38:53: [AMXX] Run time error 4 (plugin "Ascend.amxx") - debug not enabled!
L 12/30/2016 - 18:38:53: [AMXX] To enable debug mode, add "debug" after the plugin name in plugins.ini (without quotes).
L 12/30/2016 - 18:38:53: [AMXX] Run time error 4 (plugin "Ascend.amxx") - debug not enabled!
L 12/30/2016 - 18:38:53: [AMXX] To enable debug mode, add "debug" after the plugin name in plugins.ini (without quotes).
L 12/30/2016 - 18:38:53: [AMXX] Run time error 4 (plugin "Ascend.amxx") - debug not enabled!
L 12/30/2016 - 18:38:53: [AMXX] To enable debug mode, add "debug" after the plugin name in plugins.ini (without quotes).
L 12/30/2016 - 18:38:54: [AMXX] Run time error 4 (plugin "Ascend.amxx") - debug not enabled!
L 12/30/2016 - 18:38:54: [AMXX] To enable debug mode, add "debug" after the plugin name in plugins.ini (without quotes).
L 12/30/2016 - 18:39:35: [AMXX] Run time error 4 (plugin "Ascend.amxx") - debug not enabled!
L 12/30/2016 - 18:39:35: [AMXX] To enable debug mode, add "debug" after the plugin name in plugins.ini (without quotes).
L 12/30/2016 - 18:39:35: [AMXX] Run time error 4 (plugin "Ascend.amxx") - debug not enabled!
L 12/30/2016 - 18:39:35: [AMXX] To enable debug mode, add "debug" after the plugin name in plugins.ini (without quotes).
L 12/30/2016 - 18:42:19: [AMXX] Run time error 4 (plugin "Ascend.amxx") - debug not enabled!
L 12/30/2016 - 18:42:19: [AMXX] To enable debug mode, add "debug" after the plugin name in plugins.ini (without quotes).
L 12/30/2016 - 18:42:19: [AMXX] Run time error 4 (plugin "Ascend.amxx") - debug not enabled!
L 12/30/2016 - 18:42:19: [AMXX] To enable debug mode, add "debug" after the plugin name in plugins.ini (without quotes).
L 12/30/2016 - 18:42:20: [AMXX] Run time error 4 (plugin "Ascend.amxx") - debug not enabled!
L 12/30/2016 - 18:42:20: [AMXX] To enable debug mode, add "debug" after the plugin name in plugins.ini (without quotes).
L 12/30/2016 - 18:42:20: [AMXX] Run time error 4 (plugin "Ascend.amxx") - debug not enabled!
L 12/30/2016 - 18:42:20: [AMXX] To enable debug mode, add "debug" after the plugin name in plugins.ini (without quotes).
L 12/30/2016 - 18:42:20: [AMXX] Run time error 4 (plugin "Ascend.amxx") - debug not enabled!
L 12/30/2016 - 18:42:20: [AMXX] To enable debug mode, add "debug" after the plugin name in plugins.ini (without quotes).
L 12/30/2016 - 18:42:20: [AMXX] Run time error 4 (plugin "Ascend.amxx") - debug not enabled!
L 12/30/2016 - 18:42:20: [AMXX] To enable debug mode, add "debug" after the plugin name in plugins.ini (without quotes).
L 12/30/2016 - 18:49:19: Start of error session.
L 12/30/2016 - 18:49:19: Info (map "esf_Gurufixed") (logfile "error_123016.log")
L 12/30/2016 - 18:49:19: Could not find function "@WeaponExplosion"
L 12/30/2016 - 18:49:19: [AMXX] Run time error 19 (plugin "Black.amxx") - debug not enabled!
L 12/30/2016 - 18:49:19: [AMXX] To enable debug mode, add "debug" after the plugin name in plugins.ini (without quotes).
L 12/30/2016 - 18:49:19: Could not find function "@WeaponExplosion"
L 12/30/2016 - 18:49:19: [AMXX] Run time error 19 (plugin "Zamasu.amxx") - debug not enabled!
L 12/30/2016 - 18:49:19: [AMXX] To enable debug mode, add "debug" after the plugin name in plugins.ini (without quotes).
L 12/30/2016 - 18:50:51: Start of error session.
L 12/30/2016 - 18:50:51: Info (map "esf_Gurufixed") (logfile "error_123016.log")
L 12/30/2016 - 18:50:51: Could not find function "@WeaponExplosion"
L 12/30/2016 - 18:50:51: [AMXX] Run time error 19 (plugin "Black.amxx") - debug not enabled!
L 12/30/2016 - 18:50:51: [AMXX] To enable debug mode, add "debug" after the plugin name in plugins.ini (without quotes).
L 12/30/2016 - 18:50:51: Could not find function "@WeaponExplosion"
L 12/30/2016 - 18:50:51: [AMXX] Run time error 19 (plugin "Zamasu.amxx") - debug not enabled!
L 12/30/2016 - 18:50:51: [AMXX] To enable debug mode, add "debug" after the plugin name in plugins.ini (without quotes).
L 12/30/2016 - 18:51:56: Start of error session.
L 12/30/2016 - 18:51:56: Info (map "esf_Gurufixed") (logfile "error_123016.log")
L 12/30/2016 - 18:51:56: Could not find function "@WeaponExplosion"
L 12/30/2016 - 18:51:56: [AMXX] Run time error 19 (plugin "Black.amxx") - debug not enabled!
L 12/30/2016 - 18:51:56: [AMXX] To enable debug mode, add "debug" after the plugin name in plugins.ini (without quotes).
L 12/30/2016 - 18:51:56: Could not find function "@WeaponExplosion"
L 12/30/2016 - 18:51:56: [AMXX] Run time error 19 (plugin "Zamasu.amxx") - debug not enabled!
L 12/30/2016 - 18:51:56: [AMXX] To enable debug mode, add "debug" after the plugin name in plugins.ini (without quotes).
L 12/30/2016 - 18:57:41: [AMXX] Run time error 4 (plugin "Vegeta-TS.amxx") - debug not enabled!
L 12/30/2016 - 18:57:41: [AMXX] To enable debug mode, add "debug" after the plugin name in plugins.ini (without quotes).
L 12/30/2016 - 18:57:44: [AMXX] Run time error 4 (plugin "Vegeta-TS.amxx") - debug not enabled!
L 12/30/2016 - 18:57:44: [AMXX] To enable debug mode, add "debug" after the plugin name in plugins.ini (without quotes).
L 12/30/2016 - 18:57:49: [AMXX] Run time error 4 (plugin "Vegeta-TS.amxx") - debug not enabled!
L 12/30/2016 - 18:57:49: [AMXX] To enable debug mode, add "debug" after the plugin name in plugins.ini (without quotes).
L 12/30/2016 - 18:57:51: [AMXX] Run time error 4 (plugin "Vegeta-TS.amxx") - debug not enabled!
L 12/30/2016 - 18:57:51: [AMXX] To enable debug mode, add "debug" after the plugin name in plugins.ini (without quotes).
L 12/30/2016 - 18:59:22: Start of error session.
L 12/30/2016 - 18:59:22: Info (map "esf_Gurufixed") (logfile "error_123016.log")
L 12/30/2016 - 18:59:22: Could not find function "@WeaponExplosion"
L 12/30/2016 - 18:59:22: [AMXX] Run time error 19 (plugin "Black.amxx") - debug not enabled!
L 12/30/2016 - 18:59:22: [AMXX] To enable debug mode, add "debug" after the plugin name in plugins.ini (without quotes).
L 12/30/2016 - 18:59:22: Could not find function "@WeaponExplosion"
L 12/30/2016 - 18:59:22: [AMXX] Run time error 19 (plugin "Zamasu.amxx") - debug not enabled!
L 12/30/2016 - 18:59:22: [AMXX] To enable debug mode, add "debug" after the plugin name in plugins.ini (without quotes).
