L 09/02/2016 - 18:35:44: Start of error session.
L 09/02/2016 - 18:35:44: Info (map "esf_Guru") (logfile "error_090216.log")
L 09/02/2016 - 18:35:44: [AMXX] Run time error 4 (plugin "vegeta.gt.amxx") - debug not enabled!
L 09/02/2016 - 18:35:44: [AMXX] To enable debug mode, add "debug" after the plugin name in plugins.ini (without quotes).
L 09/02/2016 - 18:36:11: [AMXX] Run time error 4 (plugin "baby.vegeta.amxx") - debug not enabled!
L 09/02/2016 - 18:36:11: [AMXX] To enable debug mode, add "debug" after the plugin name in plugins.ini (without quotes).
L 09/02/2016 - 18:36:39: Function is not present (function "fxCam2") (plugin "CX/brolly.amxx")
L 09/02/2016 - 18:36:39: [AMXX] Run time error 10 (plugin "brolly.amxx") (native "set_task") - debug not enabled!
L 09/02/2016 - 18:36:39: [AMXX] To enable debug mode, add "debug" after the plugin name in plugins.ini (without quotes).
L 09/02/2016 - 18:37:01: [AMXX] Run time error 4 (plugin "brolly.amxx") - debug not enabled!
L 09/02/2016 - 18:37:01: [AMXX] To enable debug mode, add "debug" after the plugin name in plugins.ini (without quotes).
L 09/02/2016 - 18:37:08: [AMXX] Run time error 4 (plugin "brolly.amxx") - debug not enabled!
L 09/02/2016 - 18:37:08: [AMXX] To enable debug mode, add "debug" after the plugin name in plugins.ini (without quotes).
L 09/02/2016 - 18:52:23: Start of error session.
L 09/02/2016 - 18:52:23: Info (map "esf_Guru") (logfile "error_090216.log")
L 09/02/2016 - 18:52:23: Function is not present (function "fxCam2") (plugin "CX/brolly.amxx")
L 09/02/2016 - 18:52:23: [AMXX] Run time error 10 (plugin "brolly.amxx") (native "set_task") - debug not enabled!
L 09/02/2016 - 18:52:23: [AMXX] To enable debug mode, add "debug" after the plugin name in plugins.ini (without quotes).
L 09/02/2016 - 18:52:50: [AMXX] Run time error 4 (plugin "brolly.amxx") - debug not enabled!
L 09/02/2016 - 18:52:50: [AMXX] To enable debug mode, add "debug" after the plugin name in plugins.ini (without quotes).
L 09/02/2016 - 18:52:57: [AMXX] Run time error 4 (plugin "brolly.amxx") - debug not enabled!
L 09/02/2016 - 18:52:57: [AMXX] To enable debug mode, add "debug" after the plugin name in plugins.ini (without quotes).
L 09/02/2016 - 20:28:52: Start of error session.
L 09/02/2016 - 20:28:52: Info (map "esf_Guru") (logfile "error_090216.log")
L 09/02/2016 - 20:28:52: Function is not present (function "fxCam2") (plugin "CX/brolly.amxx")
L 09/02/2016 - 20:28:52: [AMXX] Run time error 10 (plugin "brolly.amxx") (native "set_task") - debug not enabled!
L 09/02/2016 - 20:28:52: [AMXX] To enable debug mode, add "debug" after the plugin name in plugins.ini (without quotes).
L 09/02/2016 - 20:29:02: Function is not present (function "fxCam2") (plugin "CX/brolly.amxx")
L 09/02/2016 - 20:29:02: [AMXX] Run time error 10 (plugin "brolly.amxx") (native "set_task") - debug not enabled!
L 09/02/2016 - 20:29:02: [AMXX] To enable debug mode, add "debug" after the plugin name in plugins.ini (without quotes).
L 09/02/2016 - 20:37:48: Function is not present (function "fxCam2") (plugin "CX/brolly.amxx")
L 09/02/2016 - 20:37:48: [AMXX] Run time error 10 (plugin "brolly.amxx") (native "set_task") - debug not enabled!
L 09/02/2016 - 20:37:48: [AMXX] To enable debug mode, add "debug" after the plugin name in plugins.ini (without quotes).
L 09/02/2016 - 20:38:07: [AMXX] Run time error 4 (plugin "brolly.amxx") - debug not enabled!
L 09/02/2016 - 20:38:07: [AMXX] To enable debug mode, add "debug" after the plugin name in plugins.ini (without quotes).
L 09/02/2016 - 20:38:11: [AMXX] Run time error 4 (plugin "brolly.amxx") - debug not enabled!
L 09/02/2016 - 20:38:11: [AMXX] To enable debug mode, add "debug" after the plugin name in plugins.ini (without quotes).
L 09/02/2016 - 20:38:12: [AMXX] Run time error 4 (plugin "brolly.amxx") - debug not enabled!
L 09/02/2016 - 20:38:12: [AMXX] To enable debug mode, add "debug" after the plugin name in plugins.ini (without quotes).
L 09/02/2016 - 20:38:15: [AMXX] Run time error 4 (plugin "brolly.amxx") - debug not enabled!
L 09/02/2016 - 20:38:15: [AMXX] To enable debug mode, add "debug" after the plugin name in plugins.ini (without quotes).
L 09/02/2016 - 20:38:16: [AMXX] Run time error 4 (plugin "brolly.amxx") - debug not enabled!
L 09/02/2016 - 20:38:16: [AMXX] To enable debug mode, add "debug" after the plugin name in plugins.ini (without quotes).
L 09/02/2016 - 20:38:33: [AMXX] Run time error 4 (plugin "brolly.amxx") - debug not enabled!
L 09/02/2016 - 20:38:33: [AMXX] To enable debug mode, add "debug" after the plugin name in plugins.ini (without quotes).
L 09/02/2016 - 20:38:40: [AMXX] Run time error 4 (plugin "brolly.amxx") - debug not enabled!
L 09/02/2016 - 20:38:40: [AMXX] To enable debug mode, add "debug" after the plugin name in plugins.ini (without quotes).
L 09/02/2016 - 20:38:42: [AMXX] Run time error 4 (plugin "brolly.amxx") - debug not enabled!
L 09/02/2016 - 20:38:42: [AMXX] To enable debug mode, add "debug" after the plugin name in plugins.ini (without quotes).
L 09/02/2016 - 20:39:02: Function is not present (function "fxCam2") (plugin "CX/brolly.amxx")
L 09/02/2016 - 20:39:02: [AMXX] Run time error 10 (plugin "brolly.amxx") (native "set_task") - debug not enabled!
L 09/02/2016 - 20:39:02: [AMXX] To enable debug mode, add "debug" after the plugin name in plugins.ini (without quotes).
L 09/02/2016 - 20:39:22: [AMXX] Run time error 4 (plugin "brolly.amxx") - debug not enabled!
L 09/02/2016 - 20:39:22: [AMXX] To enable debug mode, add "debug" after the plugin name in plugins.ini (without quotes).
L 09/02/2016 - 20:39:31: [AMXX] Run time error 4 (plugin "brolly.amxx") - debug not enabled!
L 09/02/2016 - 20:39:31: [AMXX] To enable debug mode, add "debug" after the plugin name in plugins.ini (without quotes).
L 09/02/2016 - 20:39:31: [AMXX] Run time error 4 (plugin "brolly.amxx") - debug not enabled!
L 09/02/2016 - 20:39:31: [AMXX] To enable debug mode, add "debug" after the plugin name in plugins.ini (without quotes).
L 09/02/2016 - 20:39:34: [AMXX] Run time error 4 (plugin "brolly.amxx") - debug not enabled!
L 09/02/2016 - 20:39:34: [AMXX] To enable debug mode, add "debug" after the plugin name in plugins.ini (without quotes).
L 09/02/2016 - 20:39:46: [AMXX] Run time error 4 (plugin "brolly.amxx") - debug not enabled!
L 09/02/2016 - 20:39:46: [AMXX] To enable debug mode, add "debug" after the plugin name in plugins.ini (without quotes).
L 09/02/2016 - 20:40:19: [AMXX] Run time error 4 (plugin "brolly.amxx") - debug not enabled!
L 09/02/2016 - 20:40:19: [AMXX] To enable debug mode, add "debug" after the plugin name in plugins.ini (without quotes).
L 09/02/2016 - 20:40:27: [AMXX] Run time error 4 (plugin "brolly.amxx") - debug not enabled!
L 09/02/2016 - 20:40:27: [AMXX] To enable debug mode, add "debug" after the plugin name in plugins.ini (without quotes).
L 09/02/2016 - 20:40:30: [AMXX] Run time error 4 (plugin "brolly.amxx") - debug not enabled!
L 09/02/2016 - 20:40:30: [AMXX] To enable debug mode, add "debug" after the plugin name in plugins.ini (without quotes).
L 09/02/2016 - 20:40:33: [AMXX] Run time error 4 (plugin "brolly.amxx") - debug not enabled!
L 09/02/2016 - 20:40:33: [AMXX] To enable debug mode, add "debug" after the plugin name in plugins.ini (without quotes).
L 09/02/2016 - 20:40:36: [AMXX] Run time error 4 (plugin "brolly.amxx") - debug not enabled!
L 09/02/2016 - 20:40:36: [AMXX] To enable debug mode, add "debug" after the plugin name in plugins.ini (without quotes).
L 09/02/2016 - 20:40:46: [AMXX] Run time error 4 (plugin "brolly.amxx") - debug not enabled!
L 09/02/2016 - 20:40:46: [AMXX] To enable debug mode, add "debug" after the plugin name in plugins.ini (without quotes).
L 09/02/2016 - 20:41:11: [AMXX] Run time error 4 (plugin "brolly.amxx") - debug not enabled!
L 09/02/2016 - 20:41:11: [AMXX] To enable debug mode, add "debug" after the plugin name in plugins.ini (without quotes).
L 09/02/2016 - 20:41:18: [AMXX] Run time error 4 (plugin "brolly.amxx") - debug not enabled!
L 09/02/2016 - 20:41:18: [AMXX] To enable debug mode, add "debug" after the plugin name in plugins.ini (without quotes).
L 09/02/2016 - 20:41:38: [AMXX] Run time error 4 (plugin "brolly.amxx") - debug not enabled!
L 09/02/2016 - 20:41:38: [AMXX] To enable debug mode, add "debug" after the plugin name in plugins.ini (without quotes).
L 09/02/2016 - 20:41:46: [AMXX] Run time error 4 (plugin "brolly.amxx") - debug not enabled!
L 09/02/2016 - 20:41:46: [AMXX] To enable debug mode, add "debug" after the plugin name in plugins.ini (without quotes).
L 09/02/2016 - 20:42:30: [AMXX] Run time error 4 (plugin "brolly.amxx") - debug not enabled!
L 09/02/2016 - 20:42:30: [AMXX] To enable debug mode, add "debug" after the plugin name in plugins.ini (without quotes).
L 09/02/2016 - 20:42:30: [AMXX] Run time error 4 (plugin "brolly.amxx") - debug not enabled!
L 09/02/2016 - 20:42:30: [AMXX] To enable debug mode, add "debug" after the plugin name in plugins.ini (without quotes).
L 09/02/2016 - 20:42:35: [AMXX] Run time error 4 (plugin "brolly.amxx") - debug not enabled!
L 09/02/2016 - 20:42:35: [AMXX] To enable debug mode, add "debug" after the plugin name in plugins.ini (without quotes).
L 09/02/2016 - 20:42:41: [AMXX] Run time error 4 (plugin "brolly.amxx") - debug not enabled!
L 09/02/2016 - 20:42:41: [AMXX] To enable debug mode, add "debug" after the plugin name in plugins.ini (without quotes).
L 09/02/2016 - 20:42:47: [AMXX] Run time error 4 (plugin "brolly.amxx") - debug not enabled!
L 09/02/2016 - 20:42:47: [AMXX] To enable debug mode, add "debug" after the plugin name in plugins.ini (without quotes).
L 09/02/2016 - 20:42:55: [AMXX] Run time error 4 (plugin "brolly.amxx") - debug not enabled!
L 09/02/2016 - 20:42:55: [AMXX] To enable debug mode, add "debug" after the plugin name in plugins.ini (without quotes).
L 09/02/2016 - 20:43:05: [AMXX] Run time error 4 (plugin "brolly.amxx") - debug not enabled!
L 09/02/2016 - 20:43:05: [AMXX] To enable debug mode, add "debug" after the plugin name in plugins.ini (without quotes).
L 09/02/2016 - 20:43:11: [AMXX] Run time error 4 (plugin "brolly.amxx") - debug not enabled!
L 09/02/2016 - 20:43:11: [AMXX] To enable debug mode, add "debug" after the plugin name in plugins.ini (without quotes).
L 09/02/2016 - 20:43:47: [AMXX] Run time error 4 (plugin "brolly.amxx") - debug not enabled!
L 09/02/2016 - 20:43:47: [AMXX] To enable debug mode, add "debug" after the plugin name in plugins.ini (without quotes).
L 09/02/2016 - 20:43:50: [AMXX] Run time error 4 (plugin "brolly.amxx") - debug not enabled!
L 09/02/2016 - 20:43:50: [AMXX] To enable debug mode, add "debug" after the plugin name in plugins.ini (without quotes).
L 09/02/2016 - 20:43:50: [AMXX] Run time error 4 (plugin "brolly.amxx") - debug not enabled!
L 09/02/2016 - 20:43:50: [AMXX] To enable debug mode, add "debug" after the plugin name in plugins.ini (without quotes).
L 09/02/2016 - 20:43:55: [AMXX] Run time error 4 (plugin "brolly.amxx") - debug not enabled!
L 09/02/2016 - 20:43:55: [AMXX] To enable debug mode, add "debug" after the plugin name in plugins.ini (without quotes).
L 09/02/2016 - 20:44:02: [AMXX] Run time error 4 (plugin "brolly.amxx") - debug not enabled!
L 09/02/2016 - 20:44:02: [AMXX] To enable debug mode, add "debug" after the plugin name in plugins.ini (without quotes).
L 09/02/2016 - 20:44:05: [AMXX] Run time error 4 (plugin "brolly.amxx") - debug not enabled!
L 09/02/2016 - 20:44:05: [AMXX] To enable debug mode, add "debug" after the plugin name in plugins.ini (without quotes).
L 09/02/2016 - 20:44:22: Function is not present (function "fxCam2") (plugin "CX/brolly.amxx")
L 09/02/2016 - 20:44:22: [AMXX] Run time error 10 (plugin "brolly.amxx") (native "set_task") - debug not enabled!
L 09/02/2016 - 20:44:22: [AMXX] To enable debug mode, add "debug" after the plugin name in plugins.ini (without quotes).
L 09/02/2016 - 20:44:54: [AMXX] Run time error 4 (plugin "brolly.amxx") - debug not enabled!
L 09/02/2016 - 20:44:54: [AMXX] To enable debug mode, add "debug" after the plugin name in plugins.ini (without quotes).
L 09/02/2016 - 20:44:56: [AMXX] Run time error 4 (plugin "brolly.amxx") - debug not enabled!
L 09/02/2016 - 20:44:56: [AMXX] To enable debug mode, add "debug" after the plugin name in plugins.ini (without quotes).
L 09/02/2016 - 20:45:09: [AMXX] Run time error 4 (plugin "brolly.amxx") - debug not enabled!
L 09/02/2016 - 20:45:09: [AMXX] To enable debug mode, add "debug" after the plugin name in plugins.ini (without quotes).
L 09/02/2016 - 20:45:48: [AMXX] Run time error 4 (plugin "brolly.amxx") - debug not enabled!
L 09/02/2016 - 20:45:48: [AMXX] To enable debug mode, add "debug" after the plugin name in plugins.ini (without quotes).
L 09/02/2016 - 20:45:56: [AMXX] Run time error 4 (plugin "brolly.amxx") - debug not enabled!
L 09/02/2016 - 20:45:56: [AMXX] To enable debug mode, add "debug" after the plugin name in plugins.ini (without quotes).
L 09/02/2016 - 20:46:01: [AMXX] Run time error 4 (plugin "brolly.amxx") - debug not enabled!
L 09/02/2016 - 20:46:01: [AMXX] To enable debug mode, add "debug" after the plugin name in plugins.ini (without quotes).
L 09/02/2016 - 20:46:01: [AMXX] Run time error 4 (plugin "brolly.amxx") - debug not enabled!
L 09/02/2016 - 20:46:01: [AMXX] To enable debug mode, add "debug" after the plugin name in plugins.ini (without quotes).
L 09/02/2016 - 20:46:28: [AMXX] Run time error 4 (plugin "brolly.amxx") - debug not enabled!
L 09/02/2016 - 20:46:28: [AMXX] To enable debug mode, add "debug" after the plugin name in plugins.ini (without quotes).
L 09/02/2016 - 20:46:35: [AMXX] Run time error 4 (plugin "brolly.amxx") - debug not enabled!
L 09/02/2016 - 20:46:35: [AMXX] To enable debug mode, add "debug" after the plugin name in plugins.ini (without quotes).
L 09/02/2016 - 20:46:42: [AMXX] Run time error 4 (plugin "brolly.amxx") - debug not enabled!
L 09/02/2016 - 20:46:42: [AMXX] To enable debug mode, add "debug" after the plugin name in plugins.ini (without quotes).
L 09/02/2016 - 20:46:49: [AMXX] Run time error 4 (plugin "brolly.amxx") - debug not enabled!
L 09/02/2016 - 20:46:49: [AMXX] To enable debug mode, add "debug" after the plugin name in plugins.ini (without quotes).
L 09/02/2016 - 20:46:57: [AMXX] Run time error 4 (plugin "brolly.amxx") - debug not enabled!
L 09/02/2016 - 20:46:57: [AMXX] To enable debug mode, add "debug" after the plugin name in plugins.ini (without quotes).
L 09/02/2016 - 20:46:59: [AMXX] Run time error 4 (plugin "brolly.amxx") - debug not enabled!
L 09/02/2016 - 20:46:59: [AMXX] To enable debug mode, add "debug" after the plugin name in plugins.ini (without quotes).
L 09/02/2016 - 20:47:12: [AMXX] Run time error 4 (plugin "brolly.amxx") - debug not enabled!
L 09/02/2016 - 20:47:12: [AMXX] To enable debug mode, add "debug" after the plugin name in plugins.ini (without quotes).
L 09/02/2016 - 20:47:25: [AMXX] Run time error 4 (plugin "brolly.amxx") - debug not enabled!
L 09/02/2016 - 20:47:25: [AMXX] To enable debug mode, add "debug" after the plugin name in plugins.ini (without quotes).
L 09/02/2016 - 20:47:33: [AMXX] Run time error 4 (plugin "brolly.amxx") - debug not enabled!
L 09/02/2016 - 20:47:33: [AMXX] To enable debug mode, add "debug" after the plugin name in plugins.ini (without quotes).
L 09/02/2016 - 20:48:44: Function is not present (function "fxCam2") (plugin "CX/brolly.amxx")
L 09/02/2016 - 20:48:44: [AMXX] Run time error 10 (plugin "brolly.amxx") (native "set_task") - debug not enabled!
L 09/02/2016 - 20:48:44: [AMXX] To enable debug mode, add "debug" after the plugin name in plugins.ini (without quotes).
L 09/02/2016 - 20:49:20: [AMXX] Run time error 4 (plugin "brolly.amxx") - debug not enabled!
L 09/02/2016 - 20:49:20: [AMXX] To enable debug mode, add "debug" after the plugin name in plugins.ini (without quotes).
L 09/02/2016 - 20:49:33: [AMXX] Run time error 4 (plugin "brolly.amxx") - debug not enabled!
L 09/02/2016 - 20:49:33: [AMXX] To enable debug mode, add "debug" after the plugin name in plugins.ini (without quotes).
L 09/02/2016 - 20:49:51: Function is not present (function "fxCam2") (plugin "CX/brolly.amxx")
L 09/02/2016 - 20:49:51: [AMXX] Run time error 10 (plugin "brolly.amxx") (native "set_task") - debug not enabled!
L 09/02/2016 - 20:49:51: [AMXX] To enable debug mode, add "debug" after the plugin name in plugins.ini (without quotes).
L 09/02/2016 - 20:50:11: [AMXX] Run time error 4 (plugin "brolly.amxx") - debug not enabled!
L 09/02/2016 - 20:50:11: [AMXX] To enable debug mode, add "debug" after the plugin name in plugins.ini (without quotes).
L 09/02/2016 - 20:50:39: [AMXX] Run time error 4 (plugin "brolly.amxx") - debug not enabled!
L 09/02/2016 - 20:50:39: [AMXX] To enable debug mode, add "debug" after the plugin name in plugins.ini (without quotes).
L 09/02/2016 - 20:50:54: [AMXX] Run time error 4 (plugin "brolly.amxx") - debug not enabled!
L 09/02/2016 - 20:50:54: [AMXX] To enable debug mode, add "debug" after the plugin name in plugins.ini (without quotes).
L 09/02/2016 - 20:51:05: [AMXX] Run time error 4 (plugin "brolly.amxx") - debug not enabled!
L 09/02/2016 - 20:51:05: [AMXX] To enable debug mode, add "debug" after the plugin name in plugins.ini (without quotes).
