L 12/02/2016 - 16:13:53: Start of error session.
L 12/02/2016 - 16:13:53: Info (map "esf_Guru") (logfile "error_120216.log")
L 12/02/2016 - 16:13:53: [AMXX] Run time error 4 (plugin "Goku-TS.amxx") - debug not enabled!
L 12/02/2016 - 16:13:53: [AMXX] To enable debug mode, add "debug" after the plugin name in plugins.ini (without quotes).
L 12/02/2016 - 16:13:58: [AMXX] Run time error 4 (plugin "Goku-TS.amxx") - debug not enabled!
L 12/02/2016 - 16:13:58: [AMXX] To enable debug mode, add "debug" after the plugin name in plugins.ini (without quotes).
L 12/02/2016 - 16:14:28: [AMXX] Run time error 4 (plugin "Goku-TS.amxx") - debug not enabled!
L 12/02/2016 - 16:14:28: [AMXX] To enable debug mode, add "debug" after the plugin name in plugins.ini (without quotes).
L 12/02/2016 - 16:14:32: [AMXX] Run time error 4 (plugin "Goku-TS.amxx") - debug not enabled!
L 12/02/2016 - 16:14:32: [AMXX] To enable debug mode, add "debug" after the plugin name in plugins.ini (without quotes).
L 12/02/2016 - 16:15:38: [AMXX] Run time error 4 (plugin "Goku-TS.amxx") - debug not enabled!
L 12/02/2016 - 16:15:38: [AMXX] To enable debug mode, add "debug" after the plugin name in plugins.ini (without quotes).
L 12/02/2016 - 16:15:46: [AMXX] Run time error 4 (plugin "Goku-TS.amxx") - debug not enabled!
L 12/02/2016 - 16:15:46: [AMXX] To enable debug mode, add "debug" after the plugin name in plugins.ini (without quotes).
L 12/02/2016 - 16:15:48: [AMXX] Run time error 4 (plugin "Goku-TS.amxx") - debug not enabled!
L 12/02/2016 - 16:15:48: [AMXX] To enable debug mode, add "debug" after the plugin name in plugins.ini (without quotes).
L 12/02/2016 - 16:15:51: [AMXX] Run time error 4 (plugin "Goku-TS.amxx") - debug not enabled!
L 12/02/2016 - 16:15:51: [AMXX] To enable debug mode, add "debug" after the plugin name in plugins.ini (without quotes).
L 12/02/2016 - 16:15:51: [AMXX] Run time error 4 (plugin "Goku-TS.amxx") - debug not enabled!
L 12/02/2016 - 16:15:51: [AMXX] To enable debug mode, add "debug" after the plugin name in plugins.ini (without quotes).
L 12/02/2016 - 16:16:23: [AMXX] Run time error 4 (plugin "Goku-TS.amxx") - debug not enabled!
L 12/02/2016 - 16:16:23: [AMXX] To enable debug mode, add "debug" after the plugin name in plugins.ini (without quotes).
L 12/02/2016 - 16:16:25: [AMXX] Run time error 4 (plugin "Goku-TS.amxx") - debug not enabled!
L 12/02/2016 - 16:16:25: [AMXX] To enable debug mode, add "debug" after the plugin name in plugins.ini (without quotes).
L 12/02/2016 - 16:16:29: [AMXX] Run time error 4 (plugin "Goku-TS.amxx") - debug not enabled!
L 12/02/2016 - 16:16:29: [AMXX] To enable debug mode, add "debug" after the plugin name in plugins.ini (without quotes).
L 12/02/2016 - 16:16:29: [AMXX] Run time error 4 (plugin "Goku-TS.amxx") - debug not enabled!
L 12/02/2016 - 16:16:29: [AMXX] To enable debug mode, add "debug" after the plugin name in plugins.ini (without quotes).
L 12/02/2016 - 16:17:26: [AMXX] Run time error 4 (plugin "Goku-TS.amxx") - debug not enabled!
L 12/02/2016 - 16:17:26: [AMXX] To enable debug mode, add "debug" after the plugin name in plugins.ini (without quotes).
L 12/02/2016 - 16:17:28: [AMXX] Run time error 4 (plugin "Vegeta-TS.amxx") - debug not enabled!
L 12/02/2016 - 16:17:28: [AMXX] To enable debug mode, add "debug" after the plugin name in plugins.ini (without quotes).
L 12/02/2016 - 16:17:32: [AMXX] Run time error 4 (plugin "Goku-TS.amxx") - debug not enabled!
L 12/02/2016 - 16:17:32: [AMXX] To enable debug mode, add "debug" after the plugin name in plugins.ini (without quotes).
L 12/02/2016 - 16:17:34: [AMXX] Run time error 4 (plugin "Vegeta-TS.amxx") - debug not enabled!
L 12/02/2016 - 16:17:34: [AMXX] To enable debug mode, add "debug" after the plugin name in plugins.ini (without quotes).
L 12/02/2016 - 16:17:35: [AMXX] Run time error 4 (plugin "Vegeta-TS.amxx") - debug not enabled!
L 12/02/2016 - 16:17:35: [AMXX] To enable debug mode, add "debug" after the plugin name in plugins.ini (without quotes).
L 12/02/2016 - 16:17:38: [AMXX] Run time error 4 (plugin "Goku-TS.amxx") - debug not enabled!
L 12/02/2016 - 16:17:38: [AMXX] To enable debug mode, add "debug" after the plugin name in plugins.ini (without quotes).
L 12/02/2016 - 16:17:47: [AMXX] Run time error 4 (plugin "Vegeta-TS.amxx") - debug not enabled!
L 12/02/2016 - 16:17:47: [AMXX] To enable debug mode, add "debug" after the plugin name in plugins.ini (without quotes).
L 12/02/2016 - 16:18:13: [AMXX] Run time error 4 (plugin "Vegeta-TS.amxx") - debug not enabled!
L 12/02/2016 - 16:18:13: [AMXX] To enable debug mode, add "debug" after the plugin name in plugins.ini (without quotes).
L 12/02/2016 - 16:18:21: [AMXX] Run time error 4 (plugin "Vegeta-TS.amxx") - debug not enabled!
L 12/02/2016 - 16:18:21: [AMXX] To enable debug mode, add "debug" after the plugin name in plugins.ini (without quotes).
L 12/02/2016 - 16:18:25: [AMXX] Run time error 4 (plugin "Vegeta-TS.amxx") - debug not enabled!
L 12/02/2016 - 16:18:25: [AMXX] To enable debug mode, add "debug" after the plugin name in plugins.ini (without quotes).
L 12/02/2016 - 16:18:25: [AMXX] Run time error 4 (plugin "Vegeta-TS.amxx") - debug not enabled!
L 12/02/2016 - 16:18:25: [AMXX] To enable debug mode, add "debug" after the plugin name in plugins.ini (without quotes).
L 12/02/2016 - 16:18:28: [AMXX] Run time error 4 (plugin "Vegeta-TS.amxx") - debug not enabled!
L 12/02/2016 - 16:18:28: [AMXX] To enable debug mode, add "debug" after the plugin name in plugins.ini (without quotes).
L 12/02/2016 - 16:18:31: [AMXX] Run time error 4 (plugin "Vegeta-TS.amxx") - debug not enabled!
L 12/02/2016 - 16:18:31: [AMXX] To enable debug mode, add "debug" after the plugin name in plugins.ini (without quotes).
L 12/02/2016 - 16:18:35: [AMXX] Run time error 4 (plugin "Vegeta-TS.amxx") - debug not enabled!
L 12/02/2016 - 16:18:35: [AMXX] To enable debug mode, add "debug" after the plugin name in plugins.ini (without quotes).
L 12/02/2016 - 16:18:38: [AMXX] Run time error 4 (plugin "Vegeta-TS.amxx") - debug not enabled!
L 12/02/2016 - 16:18:38: [AMXX] To enable debug mode, add "debug" after the plugin name in plugins.ini (without quotes).
L 12/02/2016 - 16:18:43: [AMXX] Run time error 4 (plugin "Vegeta-TS.amxx") - debug not enabled!
L 12/02/2016 - 16:18:43: [AMXX] To enable debug mode, add "debug" after the plugin name in plugins.ini (without quotes).
L 12/02/2016 - 16:18:52: [AMXX] Run time error 4 (plugin "Vegeta-TS.amxx") - debug not enabled!
L 12/02/2016 - 16:18:52: [AMXX] To enable debug mode, add "debug" after the plugin name in plugins.ini (without quotes).
L 12/02/2016 - 16:18:55: [AMXX] Run time error 4 (plugin "Vegeta-TS.amxx") - debug not enabled!
L 12/02/2016 - 16:18:55: [AMXX] To enable debug mode, add "debug" after the plugin name in plugins.ini (without quotes).
L 12/02/2016 - 16:19:03: [AMXX] Run time error 4 (plugin "Vegeta-TS.amxx") - debug not enabled!
L 12/02/2016 - 16:19:03: [AMXX] To enable debug mode, add "debug" after the plugin name in plugins.ini (without quotes).
L 12/02/2016 - 16:19:10: [AMXX] Run time error 4 (plugin "Vegeta-TS.amxx") - debug not enabled!
L 12/02/2016 - 16:19:10: [AMXX] To enable debug mode, add "debug" after the plugin name in plugins.ini (without quotes).
L 12/02/2016 - 16:19:21: [AMXX] Run time error 4 (plugin "Vegeta-TS.amxx") - debug not enabled!
L 12/02/2016 - 16:19:21: [AMXX] To enable debug mode, add "debug" after the plugin name in plugins.ini (without quotes).
L 12/02/2016 - 16:19:28: [AMXX] Run time error 4 (plugin "Vegeta-TS.amxx") - debug not enabled!
L 12/02/2016 - 16:19:28: [AMXX] To enable debug mode, add "debug" after the plugin name in plugins.ini (without quotes).
L 12/02/2016 - 16:19:38: [AMXX] Run time error 4 (plugin "Vegeta-TS.amxx") - debug not enabled!
L 12/02/2016 - 16:19:38: [AMXX] To enable debug mode, add "debug" after the plugin name in plugins.ini (without quotes).
L 12/02/2016 - 16:19:45: [AMXX] Run time error 4 (plugin "Vegeta-TS.amxx") - debug not enabled!
L 12/02/2016 - 16:19:45: [AMXX] To enable debug mode, add "debug" after the plugin name in plugins.ini (without quotes).
L 12/02/2016 - 16:19:49: [AMXX] Run time error 4 (plugin "Vegeta-TS.amxx") - debug not enabled!
L 12/02/2016 - 16:19:49: [AMXX] To enable debug mode, add "debug" after the plugin name in plugins.ini (without quotes).
L 12/02/2016 - 16:19:56: [AMXX] Run time error 4 (plugin "Vegeta-TS.amxx") - debug not enabled!
L 12/02/2016 - 16:19:56: [AMXX] To enable debug mode, add "debug" after the plugin name in plugins.ini (without quotes).
L 12/02/2016 - 16:19:58: [AMXX] Run time error 4 (plugin "Vegeta-TS.amxx") - debug not enabled!
L 12/02/2016 - 16:19:58: [AMXX] To enable debug mode, add "debug" after the plugin name in plugins.ini (without quotes).
L 12/02/2016 - 16:20:01: [AMXX] Run time error 4 (plugin "Vegeta-TS.amxx") - debug not enabled!
L 12/02/2016 - 16:20:01: [AMXX] To enable debug mode, add "debug" after the plugin name in plugins.ini (without quotes).
L 12/02/2016 - 16:26:12: [AMXX] Run time error 4 (plugin "Vegeta-TS.amxx") - debug not enabled!
L 12/02/2016 - 16:26:12: [AMXX] To enable debug mode, add "debug" after the plugin name in plugins.ini (without quotes).
L 12/02/2016 - 16:26:13: [AMXX] Run time error 4 (plugin "Vegeta-TS.amxx") - debug not enabled!
L 12/02/2016 - 16:26:13: [AMXX] To enable debug mode, add "debug" after the plugin name in plugins.ini (without quotes).
L 12/02/2016 - 16:26:51: [AMXX] Run time error 4 (plugin "Vegeta-TS.amxx") - debug not enabled!
L 12/02/2016 - 16:26:51: [AMXX] To enable debug mode, add "debug" after the plugin name in plugins.ini (without quotes).
L 12/02/2016 - 16:27:00: [AMXX] Run time error 4 (plugin "Vegeta-TS.amxx") - debug not enabled!
L 12/02/2016 - 16:27:00: [AMXX] To enable debug mode, add "debug" after the plugin name in plugins.ini (without quotes).
L 12/02/2016 - 16:27:15: [AMXX] Run time error 4 (plugin "Vegeta-TS.amxx") - debug not enabled!
L 12/02/2016 - 16:27:15: [AMXX] To enable debug mode, add "debug" after the plugin name in plugins.ini (without quotes).
L 12/02/2016 - 16:27:27: [AMXX] Run time error 4 (plugin "Vegeta-TS.amxx") - debug not enabled!
L 12/02/2016 - 16:27:27: [AMXX] To enable debug mode, add "debug" after the plugin name in plugins.ini (without quotes).
L 12/02/2016 - 16:27:30: [AMXX] Run time error 4 (plugin "Vegeta-TS.amxx") - debug not enabled!
L 12/02/2016 - 16:27:30: [AMXX] To enable debug mode, add "debug" after the plugin name in plugins.ini (without quotes).
L 12/02/2016 - 16:27:34: [AMXX] Run time error 4 (plugin "Vegeta-TS.amxx") - debug not enabled!
L 12/02/2016 - 16:27:34: [AMXX] To enable debug mode, add "debug" after the plugin name in plugins.ini (without quotes).
L 12/02/2016 - 16:28:23: Function is not present (function "fxScream3") (plugin "CX/Vegetto.amxx")
L 12/02/2016 - 16:28:23: [AMXX] Run time error 10 (plugin "Vegetto.amxx") (native "set_task") - debug not enabled!
L 12/02/2016 - 16:28:23: [AMXX] To enable debug mode, add "debug" after the plugin name in plugins.ini (without quotes).
L 12/02/2016 - 16:30:42: Start of error session.
L 12/02/2016 - 16:30:42: Info (map "esf_Guru") (logfile "error_120216.log")
L 12/02/2016 - 16:30:42: [AMXX] Run time error 4 (plugin "Vegeta-TS.amxx") - debug not enabled!
L 12/02/2016 - 16:30:42: [AMXX] To enable debug mode, add "debug" after the plugin name in plugins.ini (without quotes).
L 12/02/2016 - 16:33:53: Start of error session.
L 12/02/2016 - 16:33:53: Info (map "esf_Guru") (logfile "error_120216.log")
L 12/02/2016 - 16:33:53: [AMXX] Run time error 4 (plugin "Vegeta-TS.amxx") - debug not enabled!
L 12/02/2016 - 16:33:53: [AMXX] To enable debug mode, add "debug" after the plugin name in plugins.ini (without quotes).
L 12/02/2016 - 16:48:15: [AMXX] Run time error 4 (plugin "Goku-TS.amxx") - debug not enabled!
L 12/02/2016 - 16:48:15: [AMXX] To enable debug mode, add "debug" after the plugin name in plugins.ini (without quotes).
L 12/02/2016 - 16:48:16: [AMXX] Run time error 4 (plugin "Goku-TS.amxx") - debug not enabled!
L 12/02/2016 - 16:48:16: [AMXX] To enable debug mode, add "debug" after the plugin name in plugins.ini (without quotes).
L 12/02/2016 - 16:48:18: [AMXX] Run time error 4 (plugin "Goku-TS.amxx") - debug not enabled!
L 12/02/2016 - 16:48:18: [AMXX] To enable debug mode, add "debug" after the plugin name in plugins.ini (without quotes).
L 12/02/2016 - 16:48:19: [AMXX] Run time error 4 (plugin "Goku-TS.amxx") - debug not enabled!
L 12/02/2016 - 16:48:19: [AMXX] To enable debug mode, add "debug" after the plugin name in plugins.ini (without quotes).
L 12/02/2016 - 16:48:25: [AMXX] Run time error 4 (plugin "Goku-TS.amxx") - debug not enabled!
L 12/02/2016 - 16:48:25: [AMXX] To enable debug mode, add "debug" after the plugin name in plugins.ini (without quotes).
L 12/02/2016 - 16:48:31: [AMXX] Run time error 4 (plugin "Goku-TS.amxx") - debug not enabled!
L 12/02/2016 - 16:48:31: [AMXX] To enable debug mode, add "debug" after the plugin name in plugins.ini (without quotes).
L 12/02/2016 - 16:49:10: [AMXX] Run time error 4 (plugin "Goku-TS.amxx") - debug not enabled!
L 12/02/2016 - 16:49:10: [AMXX] To enable debug mode, add "debug" after the plugin name in plugins.ini (without quotes).
L 12/02/2016 - 16:55:39: [AMXX] Run time error 4 (plugin "Goku-TS.amxx") - debug not enabled!
L 12/02/2016 - 16:55:39: [AMXX] To enable debug mode, add "debug" after the plugin name in plugins.ini (without quotes).
L 12/02/2016 - 16:55:40: [AMXX] Run time error 4 (plugin "Goku-TS.amxx") - debug not enabled!
L 12/02/2016 - 16:55:40: [AMXX] To enable debug mode, add "debug" after the plugin name in plugins.ini (without quotes).
L 12/02/2016 - 16:55:41: [AMXX] Run time error 4 (plugin "Goku-TS.amxx") - debug not enabled!
L 12/02/2016 - 16:55:41: [AMXX] To enable debug mode, add "debug" after the plugin name in plugins.ini (without quotes).
L 12/02/2016 - 16:56:38: [AMXX] Run time error 4 (plugin "Goku-TS.amxx") - debug not enabled!
L 12/02/2016 - 16:56:38: [AMXX] To enable debug mode, add "debug" after the plugin name in plugins.ini (without quotes).
L 12/02/2016 - 16:56:38: [AMXX] Run time error 4 (plugin "Goku-TS.amxx") - debug not enabled!
L 12/02/2016 - 16:56:38: [AMXX] To enable debug mode, add "debug" after the plugin name in plugins.ini (without quotes).
L 12/02/2016 - 17:09:03: [AMXX] Run time error 4 (plugin "Goku-TS.amxx") - debug not enabled!
L 12/02/2016 - 17:09:03: [AMXX] To enable debug mode, add "debug" after the plugin name in plugins.ini (without quotes).
L 12/02/2016 - 17:09:04: [AMXX] Run time error 4 (plugin "Goku-TS.amxx") - debug not enabled!
L 12/02/2016 - 17:09:04: [AMXX] To enable debug mode, add "debug" after the plugin name in plugins.ini (without quotes).
L 12/02/2016 - 17:09:23: [AMXX] Run time error 4 (plugin "Goku-TS.amxx") - debug not enabled!
L 12/02/2016 - 17:09:23: [AMXX] To enable debug mode, add "debug" after the plugin name in plugins.ini (without quotes).
L 12/02/2016 - 17:09:23: [AMXX] Run time error 4 (plugin "Goku-TS.amxx") - debug not enabled!
L 12/02/2016 - 17:09:23: [AMXX] To enable debug mode, add "debug" after the plugin name in plugins.ini (without quotes).
L 12/02/2016 - 17:11:00: [AMXX] Run time error 4 (plugin "Goku-TS.amxx") - debug not enabled!
L 12/02/2016 - 17:11:00: [AMXX] To enable debug mode, add "debug" after the plugin name in plugins.ini (without quotes).
L 12/02/2016 - 17:15:04: [AMXX] Run time error 4 (plugin "Goku-TS.amxx") - debug not enabled!
L 12/02/2016 - 17:15:04: [AMXX] To enable debug mode, add "debug" after the plugin name in plugins.ini (without quotes).
L 12/02/2016 - 17:15:04: [AMXX] Run time error 4 (plugin "Goku-TS.amxx") - debug not enabled!
L 12/02/2016 - 17:15:04: [AMXX] To enable debug mode, add "debug" after the plugin name in plugins.ini (without quotes).
L 12/02/2016 - 17:36:50: [AMXX] Run time error 4 (plugin "Goku-TS.amxx") - debug not enabled!
L 12/02/2016 - 17:36:50: [AMXX] To enable debug mode, add "debug" after the plugin name in plugins.ini (without quotes).
L 12/02/2016 - 17:36:50: [AMXX] Run time error 4 (plugin "Goku-TS.amxx") - debug not enabled!
L 12/02/2016 - 17:36:50: [AMXX] To enable debug mode, add "debug" after the plugin name in plugins.ini (without quotes).
