L 01/10/2017 - 23:04:06: Start of error session.
L 01/10/2017 - 23:04:06: Info (map "esf_Gurufixed") (logfile "error_011017.log")
L 01/10/2017 - 23:04:06: Could not find function "@WeaponExplosion"
L 01/10/2017 - 23:04:06: [AMXX] Run time error 19 (plugin "Black.amxx") - debug not enabled!
L 01/10/2017 - 23:04:06: [AMXX] To enable debug mode, add "debug" after the plugin name in plugins.ini (without quotes).
L 01/10/2017 - 23:04:06: Could not find function "@WeaponExplosion"
L 01/10/2017 - 23:04:06: [AMXX] Run time error 19 (plugin "Zamasu.amxx") - debug not enabled!
L 01/10/2017 - 23:04:06: [AMXX] To enable debug mode, add "debug" after the plugin name in plugins.ini (without quotes).
L 01/10/2017 - 23:06:56: Start of error session.
L 01/10/2017 - 23:06:56: Info (map "esf_Gurufixed") (logfile "error_011017.log")
L 01/10/2017 - 23:06:56: Could not find function "@WeaponExplosion"
L 01/10/2017 - 23:06:56: [AMXX] Run time error 19 (plugin "Black.amxx") - debug not enabled!
L 01/10/2017 - 23:06:56: [AMXX] To enable debug mode, add "debug" after the plugin name in plugins.ini (without quotes).
L 01/10/2017 - 23:06:56: Could not find function "@WeaponExplosion"
L 01/10/2017 - 23:06:56: [AMXX] Run time error 19 (plugin "Zamasu.amxx") - debug not enabled!
L 01/10/2017 - 23:06:56: [AMXX] To enable debug mode, add "debug" after the plugin name in plugins.ini (without quotes).
L 01/10/2017 - 23:14:39: Start of error session.
L 01/10/2017 - 23:14:39: Info (map "esf_Gurufixed") (logfile "error_011017.log")
L 01/10/2017 - 23:14:39: Could not find function "@WeaponExplosion"
L 01/10/2017 - 23:14:39: [AMXX] Run time error 19 (plugin "Black.amxx") - debug not enabled!
L 01/10/2017 - 23:14:39: [AMXX] To enable debug mode, add "debug" after the plugin name in plugins.ini (without quotes).
L 01/10/2017 - 23:14:39: Could not find function "@WeaponExplosion"
L 01/10/2017 - 23:14:39: [AMXX] Run time error 19 (plugin "Zamasu.amxx") - debug not enabled!
L 01/10/2017 - 23:14:39: [AMXX] To enable debug mode, add "debug" after the plugin name in plugins.ini (without quotes).
L 01/10/2017 - 23:21:06: Start of error session.
L 01/10/2017 - 23:21:06: Info (map "esf_Gurufixed") (logfile "error_011017.log")
L 01/10/2017 - 23:21:06: Could not find function "@WeaponExplosion"
L 01/10/2017 - 23:21:06: [AMXX] Run time error 19 (plugin "Black.amxx") - debug not enabled!
L 01/10/2017 - 23:21:06: [AMXX] To enable debug mode, add "debug" after the plugin name in plugins.ini (without quotes).
L 01/10/2017 - 23:21:06: Could not find function "@WeaponExplosion"
L 01/10/2017 - 23:21:06: [AMXX] Run time error 19 (plugin "Zamasu.amxx") - debug not enabled!
L 01/10/2017 - 23:21:06: [AMXX] To enable debug mode, add "debug" after the plugin name in plugins.ini (without quotes).
L 01/10/2017 - 23:28:12: Start of error session.
L 01/10/2017 - 23:28:12: Info (map "esf_Gurufixed") (logfile "error_011017.log")
L 01/10/2017 - 23:28:12: Could not find function "@WeaponExplosion"
L 01/10/2017 - 23:28:12: [AMXX] Run time error 19 (plugin "Black.amxx") - debug not enabled!
L 01/10/2017 - 23:28:12: [AMXX] To enable debug mode, add "debug" after the plugin name in plugins.ini (without quotes).
L 01/10/2017 - 23:28:12: Could not find function "@WeaponExplosion"
L 01/10/2017 - 23:28:12: [AMXX] Run time error 19 (plugin "Zamasu.amxx") - debug not enabled!
L 01/10/2017 - 23:28:12: [AMXX] To enable debug mode, add "debug" after the plugin name in plugins.ini (without quotes).
L 01/10/2017 - 23:29:42: Start of error session.
L 01/10/2017 - 23:29:42: Info (map "esf_Gurufixed") (logfile "error_011017.log")
L 01/10/2017 - 23:29:42: Could not find function "@WeaponExplosion"
L 01/10/2017 - 23:29:42: [AMXX] Run time error 19 (plugin "Black.amxx") - debug not enabled!
L 01/10/2017 - 23:29:42: [AMXX] To enable debug mode, add "debug" after the plugin name in plugins.ini (without quotes).
L 01/10/2017 - 23:29:42: Could not find function "@WeaponExplosion"
L 01/10/2017 - 23:29:42: [AMXX] Run time error 19 (plugin "Zamasu.amxx") - debug not enabled!
L 01/10/2017 - 23:29:42: [AMXX] To enable debug mode, add "debug" after the plugin name in plugins.ini (without quotes).
