L 12/26/2012 - 00:07:44: Start of error session.
L 12/26/2012 - 00:07:44: Info (map "esf_cell_games_night") (logfile "error_122612.log")
L 12/26/2012 - 00:07:44: [AMXX] Plugin file open error (plugin "CX/Garlick")
L 12/26/2012 - 00:08:11: [AMXX] Run time error 14 (plugin "Ascend.amxx") - debug not enabled!
L 12/26/2012 - 00:08:11: [AMXX] To enable debug mode, add "debug" after the plugin name in plugins.ini (without quotes).
L 12/26/2012 - 00:19:51: Start of error session.
L 12/26/2012 - 00:19:51: Info (map "esf_saiyan") (logfile "error_122612.log")
L 12/26/2012 - 00:19:51: [AMXX] Plugin file open error (plugin "CX/Garlick")
L 12/26/2012 - 00:20:03: [AMXX] Run time error 14 (plugin "Ascend.amxx") - debug not enabled!
L 12/26/2012 - 00:20:03: [AMXX] To enable debug mode, add "debug" after the plugin name in plugins.ini (without quotes).
L 12/26/2012 - 00:21:38: Start of error session.
L 12/26/2012 - 00:21:38: Info (map "esf_saiyan") (logfile "error_122612.log")
L 12/26/2012 - 00:21:38: [AMXX] Plugin file open error (plugin "CX/Garlick")
L 12/26/2012 - 00:21:47: [AMXX] Run time error 14 (plugin "Ascend.amxx") - debug not enabled!
L 12/26/2012 - 00:21:47: [AMXX] To enable debug mode, add "debug" after the plugin name in plugins.ini (without quotes).
L 12/26/2012 - 00:29:54: Start of error session.
L 12/26/2012 - 00:29:54: Info (map "esf_saiyan") (logfile "error_122612.log")
L 12/26/2012 - 00:29:54: [AMXX] Plugin file open error (plugin "CX/Garlick")
L 12/26/2012 - 00:30:06: [AMXX] Run time error 14 (plugin "Ascend.amxx") - debug not enabled!
L 12/26/2012 - 00:30:06: [AMXX] To enable debug mode, add "debug" after the plugin name in plugins.ini (without quotes).
L 12/26/2012 - 02:45:06: Start of error session.
L 12/26/2012 - 02:45:06: Info (map "esf_cell_games_night") (logfile "error_122612.log")
L 12/26/2012 - 02:45:06: [AMXX] Plugin file open error (plugin "CX/Garlick")
L 12/26/2012 - 02:45:35: [AMXX] Run time error 14 (plugin "Ascend.amxx") - debug not enabled!
L 12/26/2012 - 02:45:35: [AMXX] To enable debug mode, add "debug" after the plugin name in plugins.ini (without quotes).
L 12/26/2012 - 03:30:48: Start of error session.
L 12/26/2012 - 03:30:48: Info (map "esf_cell_games_night") (logfile "error_122612.log")
L 12/26/2012 - 03:30:48: [AMXX] Run time error 14 (plugin "Ascend.amxx") - debug not enabled!
L 12/26/2012 - 03:30:48: [AMXX] To enable debug mode, add "debug" after the plugin name in plugins.ini (without quotes).
L 12/26/2012 - 14:57:24: Start of error session.
L 12/26/2012 - 14:57:24: Info (map "dmz_mysticwinter") (logfile "error_122612.log")
L 12/26/2012 - 14:57:24: [AMXX] Run time error 14 (plugin "Ascend.amxx") - debug not enabled!
L 12/26/2012 - 14:57:25: [AMXX] To enable debug mode, add "debug" after the plugin name in plugins.ini (without quotes).
L 12/26/2012 - 14:58:36: Start of error session.
L 12/26/2012 - 14:58:36: Info (map "dmz_mysticwinter") (logfile "error_122612.log")
L 12/26/2012 - 14:58:36: [AMXX] Run time error 14 (plugin "Ascend.amxx") - debug not enabled!
L 12/26/2012 - 14:58:36: [AMXX] To enable debug mode, add "debug" after the plugin name in plugins.ini (without quotes).
L 12/26/2012 - 15:06:49: Start of error session.
L 12/26/2012 - 15:06:49: Info (map "dmz_mysticwinter") (logfile "error_122612.log")
L 12/26/2012 - 15:06:49: [AMXX] Run time error 14 (plugin "Ascend.amxx") - debug not enabled!
L 12/26/2012 - 15:06:50: [AMXX] To enable debug mode, add "debug" after the plugin name in plugins.ini (without quotes).
L 12/26/2012 - 15:07:28: Start of error session.
L 12/26/2012 - 15:07:28: Info (map "dmz_namekdeath") (logfile "error_122612.log")
L 12/26/2012 - 15:07:28: [AMXX] Run time error 14 (plugin "Ascend.amxx") - debug not enabled!
L 12/26/2012 - 15:07:28: [AMXX] To enable debug mode, add "debug" after the plugin name in plugins.ini (without quotes).
L 12/26/2012 - 15:12:03: Start of error session.
L 12/26/2012 - 15:12:03: Info (map "esf_afm2") (logfile "error_122612.log")
L 12/26/2012 - 15:12:03: [AMXX] Run time error 14 (plugin "Ascend.amxx") - debug not enabled!
L 12/26/2012 - 15:12:03: [AMXX] To enable debug mode, add "debug" after the plugin name in plugins.ini (without quotes).
L 12/26/2012 - 15:21:46: Start of error session.
L 12/26/2012 - 15:21:46: Info (map "esfm_pic_raditz") (logfile "error_122612.log")
L 12/26/2012 - 15:21:46: [AMXX] Run time error 14 (plugin "Ascend.amxx") - debug not enabled!
L 12/26/2012 - 15:21:46: [AMXX] To enable debug mode, add "debug" after the plugin name in plugins.ini (without quotes).
L 12/26/2012 - 16:02:01: Start of error session.
L 12/26/2012 - 16:02:01: Info (map "esf_cell_games_night") (logfile "error_122612.log")
L 12/26/2012 - 16:02:01: [AMXX] Run time error 14 (plugin "Ascend.amxx") - debug not enabled!
L 12/26/2012 - 16:02:01: [AMXX] To enable debug mode, add "debug" after the plugin name in plugins.ini (without quotes).
L 12/26/2012 - 16:09:53: Start of error session.
L 12/26/2012 - 16:09:53: Info (map "esf_cell_games_night") (logfile "error_122612.log")
L 12/26/2012 - 16:09:53: [AMXX] Run time error 14 (plugin "Ascend.amxx") - debug not enabled!
L 12/26/2012 - 16:09:53: [AMXX] To enable debug mode, add "debug" after the plugin name in plugins.ini (without quotes).
L 12/26/2012 - 16:21:42: < Ascend:SX > Client already has an active Special
L 12/26/2012 - 16:21:42: [AMXX] Run time error 10 (plugin "sx.Kaioken.core.amxx") (native "setClientSPECIALSTATE") - debug not enabled!
L 12/26/2012 - 16:21:42: [AMXX] To enable debug mode, add "debug" after the plugin name in plugins.ini (without quotes).
L 12/26/2012 - 16:22:30: < Ascend:SX > Client already has an active Special
L 12/26/2012 - 16:22:30: [AMXX] Run time error 10 (plugin "sx.Kaioken.core.amxx") (native "setClientSPECIALSTATE") - debug not enabled!
L 12/26/2012 - 16:22:30: [AMXX] To enable debug mode, add "debug" after the plugin name in plugins.ini (without quotes).
L 12/26/2012 - 16:28:51: Start of error session.
L 12/26/2012 - 16:28:51: Info (map "esf_cell_games_night") (logfile "error_122612.log")
L 12/26/2012 - 16:28:51: [AMXX] Run time error 14 (plugin "Ascend.amxx") - debug not enabled!
L 12/26/2012 - 16:28:51: [AMXX] To enable debug mode, add "debug" after the plugin name in plugins.ini (without quotes).
L 12/26/2012 - 16:36:28: Start of error session.
L 12/26/2012 - 16:36:28: Info (map "esf_cell_games_night") (logfile "error_122612.log")
L 12/26/2012 - 16:36:28: [AMXX] Run time error 14 (plugin "Ascend.amxx") - debug not enabled!
L 12/26/2012 - 16:36:28: [AMXX] To enable debug mode, add "debug" after the plugin name in plugins.ini (without quotes).
L 12/26/2012 - 17:15:55: Start of error session.
L 12/26/2012 - 17:15:55: Info (map "esf_cell_games_night") (logfile "error_122612.log")
L 12/26/2012 - 17:15:55: [AMXX] Run time error 14 (plugin "Ascend.amxx") - debug not enabled!
L 12/26/2012 - 17:15:56: [AMXX] To enable debug mode, add "debug" after the plugin name in plugins.ini (without quotes).
L 12/26/2012 - 17:19:11: Start of error session.
L 12/26/2012 - 17:19:11: Info (map "esf_cell_games_night") (logfile "error_122612.log")
L 12/26/2012 - 17:19:11: [AMXX] Run time error 14 (plugin "Ascend.amxx") - debug not enabled!
L 12/26/2012 - 17:19:11: [AMXX] To enable debug mode, add "debug" after the plugin name in plugins.ini (without quotes).
L 12/26/2012 - 21:23:34: Start of error session.
L 12/26/2012 - 21:23:34: Info (map "crossfire") (logfile "error_122612.log")
L 12/26/2012 - 21:23:34: [AMXX] Run time error 14 (plugin "Ascend.amxx") - debug not enabled!
L 12/26/2012 - 21:23:34: [AMXX] To enable debug mode, add "debug" after the plugin name in plugins.ini (without quotes).
