L 10/25/2016 - 16:21:45: Start of error session.
L 10/25/2016 - 16:21:45: Info (map "esf_Guru") (logfile "error_102516.log")
L 10/25/2016 - 16:21:45: [AMXX] Run time error 4 (plugin "Gogeta.amxx") - debug not enabled!
L 10/25/2016 - 16:21:45: [AMXX] To enable debug mode, add "debug" after the plugin name in plugins.ini (without quotes).
L 10/25/2016 - 16:21:58: [AMXX] Run time error 4 (plugin "Gogeta.amxx") - debug not enabled!
L 10/25/2016 - 16:21:58: [AMXX] To enable debug mode, add "debug" after the plugin name in plugins.ini (without quotes).
L 10/25/2016 - 16:22:13: [AMXX] Run time error 4 (plugin "Gogeta.amxx") - debug not enabled!
L 10/25/2016 - 16:22:13: [AMXX] To enable debug mode, add "debug" after the plugin name in plugins.ini (without quotes).
L 10/25/2016 - 16:22:40: [AMXX] Run time error 4 (plugin "Gogeta.amxx") - debug not enabled!
L 10/25/2016 - 16:22:40: [AMXX] To enable debug mode, add "debug" after the plugin name in plugins.ini (without quotes).
L 10/25/2016 - 16:23:02: [AMXX] Run time error 4 (plugin "Gogeta.amxx") - debug not enabled!
L 10/25/2016 - 16:23:02: [AMXX] To enable debug mode, add "debug" after the plugin name in plugins.ini (without quotes).
L 10/25/2016 - 16:23:25: [AMXX] Run time error 4 (plugin "Gogeta.amxx") - debug not enabled!
L 10/25/2016 - 16:23:25: [AMXX] To enable debug mode, add "debug" after the plugin name in plugins.ini (without quotes).
L 10/25/2016 - 16:29:20: [AMXX] Run time error 4 (plugin "Gogeta.amxx") - debug not enabled!
L 10/25/2016 - 16:29:20: [AMXX] To enable debug mode, add "debug" after the plugin name in plugins.ini (without quotes).
L 10/25/2016 - 16:30:36: [AMXX] Run time error 4 (plugin "Gogeta.amxx") - debug not enabled!
L 10/25/2016 - 16:30:36: [AMXX] To enable debug mode, add "debug" after the plugin name in plugins.ini (without quotes).
L 10/25/2016 - 16:43:50: [AMXX] Run time error 4 (plugin "Vegeta-Ts.amxx") - debug not enabled!
L 10/25/2016 - 16:43:50: [AMXX] To enable debug mode, add "debug" after the plugin name in plugins.ini (without quotes).
L 10/25/2016 - 16:43:56: [AMXX] Run time error 4 (plugin "Vegeta-Ts.amxx") - debug not enabled!
L 10/25/2016 - 16:43:56: [AMXX] To enable debug mode, add "debug" after the plugin name in plugins.ini (without quotes).
L 10/25/2016 - 16:44:18: [AMXX] Run time error 4 (plugin "Vegeta-Ts.amxx") - debug not enabled!
L 10/25/2016 - 16:44:18: [AMXX] To enable debug mode, add "debug" after the plugin name in plugins.ini (without quotes).
L 10/25/2016 - 16:44:21: [AMXX] Run time error 4 (plugin "Vegeta-Ts.amxx") - debug not enabled!
L 10/25/2016 - 16:44:21: [AMXX] To enable debug mode, add "debug" after the plugin name in plugins.ini (without quotes).
L 10/25/2016 - 16:44:29: [AMXX] Run time error 4 (plugin "Vegeta-Ts.amxx") - debug not enabled!
L 10/25/2016 - 16:44:29: [AMXX] To enable debug mode, add "debug" after the plugin name in plugins.ini (without quotes).
L 10/25/2016 - 16:44:33: [AMXX] Run time error 4 (plugin "Vegeta-Ts.amxx") - debug not enabled!
L 10/25/2016 - 16:44:33: [AMXX] To enable debug mode, add "debug" after the plugin name in plugins.ini (without quotes).
L 10/25/2016 - 16:44:44: [AMXX] Run time error 4 (plugin "Vegeta-Ts.amxx") - debug not enabled!
L 10/25/2016 - 16:44:44: [AMXX] To enable debug mode, add "debug" after the plugin name in plugins.ini (without quotes).
L 10/25/2016 - 16:44:46: [AMXX] Run time error 4 (plugin "Vegeta-Ts.amxx") - debug not enabled!
L 10/25/2016 - 16:44:46: [AMXX] To enable debug mode, add "debug" after the plugin name in plugins.ini (without quotes).
L 10/25/2016 - 16:44:54: [AMXX] Run time error 4 (plugin "Vegeta-Ts.amxx") - debug not enabled!
L 10/25/2016 - 16:44:54: [AMXX] To enable debug mode, add "debug" after the plugin name in plugins.ini (without quotes).
L 10/25/2016 - 16:45:02: [AMXX] Run time error 4 (plugin "Vegeta-Ts.amxx") - debug not enabled!
L 10/25/2016 - 16:45:02: [AMXX] To enable debug mode, add "debug" after the plugin name in plugins.ini (without quotes).
L 10/25/2016 - 16:45:02: [AMXX] Run time error 4 (plugin "Vegeta-Ts.amxx") - debug not enabled!
L 10/25/2016 - 16:45:02: [AMXX] To enable debug mode, add "debug" after the plugin name in plugins.ini (without quotes).
L 10/25/2016 - 16:45:11: [AMXX] Run time error 4 (plugin "Vegeta-Ts.amxx") - debug not enabled!
L 10/25/2016 - 16:45:11: [AMXX] To enable debug mode, add "debug" after the plugin name in plugins.ini (without quotes).
L 10/25/2016 - 16:45:11: [AMXX] Run time error 4 (plugin "Vegeta-Ts.amxx") - debug not enabled!
L 10/25/2016 - 16:45:11: [AMXX] To enable debug mode, add "debug" after the plugin name in plugins.ini (without quotes).
L 10/25/2016 - 16:45:20: [AMXX] Run time error 4 (plugin "Vegeta-Ts.amxx") - debug not enabled!
L 10/25/2016 - 16:45:20: [AMXX] To enable debug mode, add "debug" after the plugin name in plugins.ini (without quotes).
L 10/25/2016 - 16:45:22: [AMXX] Run time error 4 (plugin "Vegeta-Ts.amxx") - debug not enabled!
L 10/25/2016 - 16:45:22: [AMXX] To enable debug mode, add "debug" after the plugin name in plugins.ini (without quotes).
L 10/25/2016 - 16:45:25: [AMXX] Run time error 4 (plugin "Vegeta-Ts.amxx") - debug not enabled!
L 10/25/2016 - 16:45:25: [AMXX] To enable debug mode, add "debug" after the plugin name in plugins.ini (without quotes).
L 10/25/2016 - 16:45:28: [AMXX] Run time error 4 (plugin "Vegeta-Ts.amxx") - debug not enabled!
L 10/25/2016 - 16:45:28: [AMXX] To enable debug mode, add "debug" after the plugin name in plugins.ini (without quotes).
L 10/25/2016 - 16:46:38: [AMXX] Run time error 4 (plugin "Vegeta-Ts.amxx") - debug not enabled!
L 10/25/2016 - 16:46:38: [AMXX] To enable debug mode, add "debug" after the plugin name in plugins.ini (without quotes).
L 10/25/2016 - 16:46:58: [AMXX] Run time error 4 (plugin "Vegeta-Ts.amxx") - debug not enabled!
L 10/25/2016 - 16:46:58: [AMXX] To enable debug mode, add "debug" after the plugin name in plugins.ini (without quotes).
L 10/25/2016 - 16:47:00: [AMXX] Run time error 4 (plugin "Vegeta-Ts.amxx") - debug not enabled!
L 10/25/2016 - 16:47:00: [AMXX] To enable debug mode, add "debug" after the plugin name in plugins.ini (without quotes).
L 10/25/2016 - 16:47:33: [AMXX] Run time error 4 (plugin "Vegeta-Ts.amxx") - debug not enabled!
L 10/25/2016 - 16:47:33: [AMXX] To enable debug mode, add "debug" after the plugin name in plugins.ini (without quotes).
L 10/25/2016 - 16:47:57: [AMXX] Run time error 4 (plugin "Vegeta-Ts.amxx") - debug not enabled!
L 10/25/2016 - 16:47:57: [AMXX] To enable debug mode, add "debug" after the plugin name in plugins.ini (without quotes).
L 10/25/2016 - 16:47:57: [AMXX] Run time error 4 (plugin "Vegeta-Ts.amxx") - debug not enabled!
L 10/25/2016 - 16:47:57: [AMXX] To enable debug mode, add "debug" after the plugin name in plugins.ini (without quotes).
L 10/25/2016 - 16:47:57: [AMXX] Run time error 4 (plugin "Vegeta-Ts.amxx") - debug not enabled!
L 10/25/2016 - 16:47:57: [AMXX] To enable debug mode, add "debug" after the plugin name in plugins.ini (without quotes).
L 10/25/2016 - 16:47:57: [AMXX] Run time error 4 (plugin "Vegeta-Ts.amxx") - debug not enabled!
L 10/25/2016 - 16:47:57: [AMXX] To enable debug mode, add "debug" after the plugin name in plugins.ini (without quotes).
L 10/25/2016 - 16:48:16: [AMXX] Run time error 4 (plugin "Vegeta-Ts.amxx") - debug not enabled!
L 10/25/2016 - 16:48:16: [AMXX] To enable debug mode, add "debug" after the plugin name in plugins.ini (without quotes).
L 10/25/2016 - 16:48:22: [AMXX] Run time error 4 (plugin "Vegeta-Ts.amxx") - debug not enabled!
L 10/25/2016 - 16:48:22: [AMXX] To enable debug mode, add "debug" after the plugin name in plugins.ini (without quotes).
L 10/25/2016 - 16:48:23: [AMXX] Run time error 4 (plugin "Vegeta-Ts.amxx") - debug not enabled!
L 10/25/2016 - 16:48:23: [AMXX] To enable debug mode, add "debug" after the plugin name in plugins.ini (without quotes).
L 10/25/2016 - 16:48:45: [AMXX] Run time error 4 (plugin "Vegeta-Ts.amxx") - debug not enabled!
L 10/25/2016 - 16:48:45: [AMXX] To enable debug mode, add "debug" after the plugin name in plugins.ini (without quotes).
L 10/25/2016 - 16:48:55: [AMXX] Run time error 4 (plugin "Vegeta-Ts.amxx") - debug not enabled!
L 10/25/2016 - 16:48:55: [AMXX] To enable debug mode, add "debug" after the plugin name in plugins.ini (without quotes).
L 10/25/2016 - 16:49:03: [AMXX] Run time error 4 (plugin "Vegeta-Ts.amxx") - debug not enabled!
L 10/25/2016 - 16:49:03: [AMXX] To enable debug mode, add "debug" after the plugin name in plugins.ini (without quotes).
L 10/25/2016 - 16:49:17: [AMXX] Run time error 4 (plugin "Vegeta-Ts.amxx") - debug not enabled!
L 10/25/2016 - 16:49:17: [AMXX] To enable debug mode, add "debug" after the plugin name in plugins.ini (without quotes).
L 10/25/2016 - 16:49:54: [AMXX] Run time error 4 (plugin "Vegeta-Ts.amxx") - debug not enabled!
L 10/25/2016 - 16:49:54: [AMXX] To enable debug mode, add "debug" after the plugin name in plugins.ini (without quotes).
L 10/25/2016 - 16:50:00: [AMXX] Run time error 4 (plugin "Vegeta-Ts.amxx") - debug not enabled!
L 10/25/2016 - 16:50:00: [AMXX] To enable debug mode, add "debug" after the plugin name in plugins.ini (without quotes).
L 10/25/2016 - 16:50:17: [AMXX] Run time error 4 (plugin "Vegeta-Ts.amxx") - debug not enabled!
L 10/25/2016 - 16:50:17: [AMXX] To enable debug mode, add "debug" after the plugin name in plugins.ini (without quotes).
L 10/25/2016 - 16:50:21: [AMXX] Run time error 4 (plugin "Vegeta-Ts.amxx") - debug not enabled!
L 10/25/2016 - 16:50:21: [AMXX] To enable debug mode, add "debug" after the plugin name in plugins.ini (without quotes).
L 10/25/2016 - 17:07:04: [AMXX] Run time error 4 (plugin "Gogeta.amxx") - debug not enabled!
L 10/25/2016 - 17:07:04: [AMXX] To enable debug mode, add "debug" after the plugin name in plugins.ini (without quotes).
L 10/25/2016 - 17:07:05: [AMXX] Run time error 4 (plugin "Gogeta.amxx") - debug not enabled!
L 10/25/2016 - 17:07:05: [AMXX] To enable debug mode, add "debug" after the plugin name in plugins.ini (without quotes).
L 10/25/2016 - 17:07:08: [AMXX] Run time error 4 (plugin "Gogeta.amxx") - debug not enabled!
L 10/25/2016 - 17:07:08: [AMXX] To enable debug mode, add "debug" after the plugin name in plugins.ini (without quotes).
L 10/25/2016 - 17:07:20: [AMXX] Run time error 4 (plugin "Gogeta.amxx") - debug not enabled!
L 10/25/2016 - 17:07:20: [AMXX] To enable debug mode, add "debug" after the plugin name in plugins.ini (without quotes).
L 10/25/2016 - 17:13:05: [AMXX] Run time error 4 (plugin "Gogeta.amxx") - debug not enabled!
L 10/25/2016 - 17:13:05: [AMXX] To enable debug mode, add "debug" after the plugin name in plugins.ini (without quotes).
L 10/25/2016 - 17:15:22: [AMXX] Run time error 4 (plugin "Gogeta.amxx") - debug not enabled!
L 10/25/2016 - 17:15:22: [AMXX] To enable debug mode, add "debug" after the plugin name in plugins.ini (without quotes).
L 10/25/2016 - 17:19:56: [AMXX] Run time error 4 (plugin "Gogeta.amxx") - debug not enabled!
L 10/25/2016 - 17:19:56: [AMXX] To enable debug mode, add "debug" after the plugin name in plugins.ini (without quotes).
L 10/25/2016 - 17:37:02: [AMXX] Run time error 4 (plugin "Gogeta.amxx") - debug not enabled!
L 10/25/2016 - 17:37:02: [AMXX] To enable debug mode, add "debug" after the plugin name in plugins.ini (without quotes).
