L 12/17/2012 - 01:44:13: Start of error session.
L 12/17/2012 - 01:44:13: Info (map "esf_cell_games") (logfile "error_121712.log")
L 12/17/2012 - 01:44:13: [AMXX] Run time error 14 (plugin "Ascend.amxx") - debug not enabled!
L 12/17/2012 - 01:44:13: [AMXX] To enable debug mode, add "debug" after the plugin name in plugins.ini (without quotes).
L 12/17/2012 - 01:47:06: Start of error session.
L 12/17/2012 - 01:47:06: Info (map "esf_cell_games") (logfile "error_121712.log")
L 12/17/2012 - 01:47:06: [AMXX] Run time error 14 (plugin "Ascend.amxx") - debug not enabled!
L 12/17/2012 - 01:47:06: [AMXX] To enable debug mode, add "debug" after the plugin name in plugins.ini (without quotes).
L 12/17/2012 - 04:43:27: Start of error session.
L 12/17/2012 - 04:43:27: Info (map "esf_cell_games_night") (logfile "error_121712.log")
L 12/17/2012 - 04:43:27: [AMXX] Run time error 14 (plugin "Ascend.amxx") - debug not enabled!
L 12/17/2012 - 04:43:27: [AMXX] To enable debug mode, add "debug" after the plugin name in plugins.ini (without quotes).
L 12/17/2012 - 13:43:59: Start of error session.
L 12/17/2012 - 13:43:59: Info (map "s2k_snakeway_v2") (logfile "error_121712.log")
L 12/17/2012 - 13:43:59: [AMXX] Run time error 14 (plugin "Ascend.amxx") - debug not enabled!
L 12/17/2012 - 13:43:59: [AMXX] To enable debug mode, add "debug" after the plugin name in plugins.ini (without quotes).
L 12/17/2012 - 19:24:00: Start of error session.
L 12/17/2012 - 19:24:00: Info (map "esf_afm2") (logfile "error_121712.log")
L 12/17/2012 - 19:24:00: [AMXX] Run time error 14 (plugin "Ascend.amxx") - debug not enabled!
L 12/17/2012 - 19:24:00: [AMXX] To enable debug mode, add "debug" after the plugin name in plugins.ini (without quotes).
L 12/17/2012 - 19:29:35: Start of error session.
L 12/17/2012 - 19:29:35: Info (map "esf_afm2") (logfile "error_121712.log")
L 12/17/2012 - 19:29:35: [AMXX] Run time error 14 (plugin "Ascend.amxx") - debug not enabled!
L 12/17/2012 - 19:29:35: [AMXX] To enable debug mode, add "debug" after the plugin name in plugins.ini (without quotes).
L 12/17/2012 - 19:32:36: Start of error session.
L 12/17/2012 - 19:32:36: Info (map "esf_afm2") (logfile "error_121712.log")
L 12/17/2012 - 19:32:36: [AMXX] Run time error 14 (plugin "Ascend.amxx") - debug not enabled!
L 12/17/2012 - 19:32:36: [AMXX] To enable debug mode, add "debug" after the plugin name in plugins.ini (without quotes).
L 12/17/2012 - 19:44:17: Start of error session.
L 12/17/2012 - 19:44:17: Info (map "esf_afm2") (logfile "error_121712.log")
L 12/17/2012 - 19:44:17: [AMXX] Run time error 14 (plugin "Ascend.amxx") - debug not enabled!
L 12/17/2012 - 19:44:17: [AMXX] To enable debug mode, add "debug" after the plugin name in plugins.ini (without quotes).
L 12/17/2012 - 19:47:00: Start of error session.
L 12/17/2012 - 19:47:00: Info (map "esf_cell_games_night") (logfile "error_121712.log")
L 12/17/2012 - 19:47:00: [AMXX] Run time error 14 (plugin "Ascend.amxx") - debug not enabled!
L 12/17/2012 - 19:47:00: [AMXX] To enable debug mode, add "debug" after the plugin name in plugins.ini (without quotes).
