L 10/20/2016 - 10:32:09: Start of error session.
L 10/20/2016 - 10:32:09: Info (map "esf_Guru") (logfile "error_102016.log")
L 10/20/2016 - 10:32:09: [AMXX] Run time error 4 (plugin "Gotenks.amxx") - debug not enabled!
L 10/20/2016 - 10:32:09: [AMXX] To enable debug mode, add "debug" after the plugin name in plugins.ini (without quotes).
L 10/20/2016 - 10:32:35: [AMXX] Run time error 4 (plugin "Gotenks.amxx") - debug not enabled!
L 10/20/2016 - 10:32:35: [AMXX] To enable debug mode, add "debug" after the plugin name in plugins.ini (without quotes).
L 10/20/2016 - 10:32:57: [AMXX] Run time error 4 (plugin "Gotenks.amxx") - debug not enabled!
L 10/20/2016 - 10:32:57: [AMXX] To enable debug mode, add "debug" after the plugin name in plugins.ini (without quotes).
L 10/20/2016 - 10:33:18: [AMXX] Run time error 4 (plugin "Gotenks.amxx") - debug not enabled!
L 10/20/2016 - 10:33:18: [AMXX] To enable debug mode, add "debug" after the plugin name in plugins.ini (without quotes).
L 10/20/2016 - 10:33:42: [AMXX] Run time error 4 (plugin "Gotenks.amxx") - debug not enabled!
L 10/20/2016 - 10:33:42: [AMXX] To enable debug mode, add "debug" after the plugin name in plugins.ini (without quotes).
L 10/20/2016 - 10:34:04: [AMXX] Run time error 4 (plugin "Gotenks.amxx") - debug not enabled!
L 10/20/2016 - 10:34:04: [AMXX] To enable debug mode, add "debug" after the plugin name in plugins.ini (without quotes).
L 10/20/2016 - 10:35:31: [AMXX] Run time error 4 (plugin "Gogeta.amxx") - debug not enabled!
L 10/20/2016 - 10:35:31: [AMXX] To enable debug mode, add "debug" after the plugin name in plugins.ini (without quotes).
L 10/20/2016 - 10:36:06: [AMXX] Run time error 4 (plugin "Gogeta.amxx") - debug not enabled!
L 10/20/2016 - 10:36:06: [AMXX] To enable debug mode, add "debug" after the plugin name in plugins.ini (without quotes).
L 10/20/2016 - 10:59:39: Start of error session.
L 10/20/2016 - 10:59:39: Info (map "esf_Guru") (logfile "error_102016.log")
L 10/20/2016 - 10:59:39: [AMXX] Run time error 4 (plugin "Gogeta.amxx") - debug not enabled!
L 10/20/2016 - 10:59:39: [AMXX] To enable debug mode, add "debug" after the plugin name in plugins.ini (without quotes).
L 10/20/2016 - 23:57:48: Start of error session.
L 10/20/2016 - 23:57:48: Info (map "esf_Guru") (logfile "error_102016.log")
L 10/20/2016 - 23:57:48: [AMXX] Run time error 4 (plugin "Gogeta.amxx") - debug not enabled!
L 10/20/2016 - 23:57:48: [AMXX] To enable debug mode, add "debug" after the plugin name in plugins.ini (without quotes).
L 10/20/2016 - 23:58:12: [AMXX] Run time error 4 (plugin "Gogeta.amxx") - debug not enabled!
L 10/20/2016 - 23:58:12: [AMXX] To enable debug mode, add "debug" after the plugin name in plugins.ini (without quotes).
