L 09/03/2016 - 16:00:09: Start of error session.
L 09/03/2016 - 16:00:09: Info (map "esf_Guru") (logfile "error_090316.log")
L 09/03/2016 - 16:00:09: [AMXX] Run time error 4 (plugin "Gotenks.amxx") - debug not enabled!
L 09/03/2016 - 16:00:09: [AMXX] To enable debug mode, add "debug" after the plugin name in plugins.ini (without quotes).
L 09/03/2016 - 16:00:36: [AMXX] Run time error 4 (plugin "Gotenks.amxx") - debug not enabled!
L 09/03/2016 - 16:00:36: [AMXX] To enable debug mode, add "debug" after the plugin name in plugins.ini (without quotes).
L 09/03/2016 - 16:01:03: [AMXX] Run time error 4 (plugin "Gotenks.amxx") - debug not enabled!
L 09/03/2016 - 16:01:03: [AMXX] To enable debug mode, add "debug" after the plugin name in plugins.ini (without quotes).
L 09/03/2016 - 16:08:19: [AMXX] Run time error 4 (plugin "Vegeta-Ts.amxx") - debug not enabled!
L 09/03/2016 - 16:08:19: [AMXX] To enable debug mode, add "debug" after the plugin name in plugins.ini (without quotes).
L 09/03/2016 - 16:08:24: [AMXX] Run time error 4 (plugin "Vegeta-Ts.amxx") - debug not enabled!
L 09/03/2016 - 16:08:24: [AMXX] To enable debug mode, add "debug" after the plugin name in plugins.ini (without quotes).
L 09/03/2016 - 16:08:28: [AMXX] Run time error 4 (plugin "Vegeta-Ts.amxx") - debug not enabled!
L 09/03/2016 - 16:08:28: [AMXX] To enable debug mode, add "debug" after the plugin name in plugins.ini (without quotes).
L 09/03/2016 - 16:08:31: [AMXX] Run time error 4 (plugin "Vegeta-Ts.amxx") - debug not enabled!
L 09/03/2016 - 16:08:31: [AMXX] To enable debug mode, add "debug" after the plugin name in plugins.ini (without quotes).
L 09/03/2016 - 16:08:33: [AMXX] Run time error 4 (plugin "Vegeta-Ts.amxx") - debug not enabled!
L 09/03/2016 - 16:08:33: [AMXX] To enable debug mode, add "debug" after the plugin name in plugins.ini (without quotes).
L 09/03/2016 - 16:08:35: [AMXX] Run time error 4 (plugin "Vegeta-Ts.amxx") - debug not enabled!
L 09/03/2016 - 16:08:35: [AMXX] To enable debug mode, add "debug" after the plugin name in plugins.ini (without quotes).
L 09/03/2016 - 16:08:35: [AMXX] Run time error 4 (plugin "Vegeta-Ts.amxx") - debug not enabled!
L 09/03/2016 - 16:08:35: [AMXX] To enable debug mode, add "debug" after the plugin name in plugins.ini (without quotes).
L 09/03/2016 - 16:08:35: [AMXX] Run time error 4 (plugin "Vegeta-Ts.amxx") - debug not enabled!
L 09/03/2016 - 16:08:35: [AMXX] To enable debug mode, add "debug" after the plugin name in plugins.ini (without quotes).
L 09/03/2016 - 16:08:44: [AMXX] Run time error 4 (plugin "Vegeta-Ts.amxx") - debug not enabled!
L 09/03/2016 - 16:08:44: [AMXX] To enable debug mode, add "debug" after the plugin name in plugins.ini (without quotes).
L 09/03/2016 - 16:08:44: [AMXX] Run time error 4 (plugin "Vegeta-Ts.amxx") - debug not enabled!
L 09/03/2016 - 16:08:44: [AMXX] To enable debug mode, add "debug" after the plugin name in plugins.ini (without quotes).
L 09/03/2016 - 16:09:55: [AMXX] Run time error 4 (plugin "Vegeta-Ts.amxx") - debug not enabled!
L 09/03/2016 - 16:09:55: [AMXX] To enable debug mode, add "debug" after the plugin name in plugins.ini (without quotes).
L 09/03/2016 - 16:10:01: [AMXX] Run time error 4 (plugin "Vegeta-Ts.amxx") - debug not enabled!
L 09/03/2016 - 16:10:01: [AMXX] To enable debug mode, add "debug" after the plugin name in plugins.ini (without quotes).
L 09/03/2016 - 16:10:25: [AMXX] Run time error 4 (plugin "Vegeta-Ts.amxx") - debug not enabled!
L 09/03/2016 - 16:10:25: [AMXX] To enable debug mode, add "debug" after the plugin name in plugins.ini (without quotes).
L 09/03/2016 - 16:10:27: [AMXX] Run time error 4 (plugin "Vegeta-Ts.amxx") - debug not enabled!
L 09/03/2016 - 16:10:27: [AMXX] To enable debug mode, add "debug" after the plugin name in plugins.ini (without quotes).
L 09/03/2016 - 16:10:32: [AMXX] Run time error 4 (plugin "Vegeta-Ts.amxx") - debug not enabled!
L 09/03/2016 - 16:10:32: [AMXX] To enable debug mode, add "debug" after the plugin name in plugins.ini (without quotes).
L 09/03/2016 - 16:10:32: [AMXX] Run time error 4 (plugin "Vegeta-Ts.amxx") - debug not enabled!
L 09/03/2016 - 16:10:32: [AMXX] To enable debug mode, add "debug" after the plugin name in plugins.ini (without quotes).
L 09/03/2016 - 16:10:47: [AMXX] Run time error 4 (plugin "Vegeta-Ts.amxx") - debug not enabled!
L 09/03/2016 - 16:10:47: [AMXX] To enable debug mode, add "debug" after the plugin name in plugins.ini (without quotes).
L 09/03/2016 - 16:10:49: [AMXX] Run time error 4 (plugin "Vegeta-Ts.amxx") - debug not enabled!
L 09/03/2016 - 16:10:49: [AMXX] To enable debug mode, add "debug" after the plugin name in plugins.ini (without quotes).
L 09/03/2016 - 16:11:17: [AMXX] Run time error 4 (plugin "Vegeta-Ts.amxx") - debug not enabled!
L 09/03/2016 - 16:11:17: [AMXX] To enable debug mode, add "debug" after the plugin name in plugins.ini (without quotes).
L 09/03/2016 - 16:11:17: [AMXX] Run time error 4 (plugin "Vegeta-Ts.amxx") - debug not enabled!
L 09/03/2016 - 16:11:17: [AMXX] To enable debug mode, add "debug" after the plugin name in plugins.ini (without quotes).
L 09/03/2016 - 16:11:17: [AMXX] Run time error 4 (plugin "Vegeta-Ts.amxx") - debug not enabled!
L 09/03/2016 - 16:11:17: [AMXX] To enable debug mode, add "debug" after the plugin name in plugins.ini (without quotes).
L 09/03/2016 - 16:11:26: [AMXX] Run time error 4 (plugin "Vegeta-Ts.amxx") - debug not enabled!
L 09/03/2016 - 16:11:26: [AMXX] To enable debug mode, add "debug" after the plugin name in plugins.ini (without quotes).
L 09/03/2016 - 16:11:26: [AMXX] Run time error 4 (plugin "Vegeta-Ts.amxx") - debug not enabled!
L 09/03/2016 - 16:11:26: [AMXX] To enable debug mode, add "debug" after the plugin name in plugins.ini (without quotes).
L 09/03/2016 - 16:12:11: [AMXX] Run time error 4 (plugin "Vegeta-Ts.amxx") - debug not enabled!
L 09/03/2016 - 16:12:11: [AMXX] To enable debug mode, add "debug" after the plugin name in plugins.ini (without quotes).
