L 12/14/2016 - 20:55:26: Start of error session.
L 12/14/2016 - 20:55:26: Info (map "esf_Gurufixed") (logfile "error_121416.log")
L 12/14/2016 - 20:55:26: Could not find function "@WeaponExplosion"
L 12/14/2016 - 20:55:26: [AMXX] Run time error 19 (plugin "Black.amxx") - debug not enabled!
L 12/14/2016 - 20:55:26: [AMXX] To enable debug mode, add "debug" after the plugin name in plugins.ini (without quotes).
L 12/14/2016 - 20:55:26: Could not find function "@WeaponExplosion"
L 12/14/2016 - 20:55:26: [AMXX] Run time error 19 (plugin "Zamasu.amxx") - debug not enabled!
L 12/14/2016 - 20:55:26: [AMXX] To enable debug mode, add "debug" after the plugin name in plugins.ini (without quotes).
L 12/14/2016 - 21:08:37: Start of error session.
L 12/14/2016 - 21:08:37: Info (map "esf_Gurufixed") (logfile "error_121416.log")
L 12/14/2016 - 21:08:37: Could not find function "@WeaponExplosion"
L 12/14/2016 - 21:08:37: [AMXX] Run time error 19 (plugin "Black.amxx") - debug not enabled!
L 12/14/2016 - 21:08:37: [AMXX] To enable debug mode, add "debug" after the plugin name in plugins.ini (without quotes).
L 12/14/2016 - 21:08:37: Could not find function "@WeaponExplosion"
L 12/14/2016 - 21:08:37: [AMXX] Run time error 19 (plugin "Zamasu.amxx") - debug not enabled!
L 12/14/2016 - 21:08:37: [AMXX] To enable debug mode, add "debug" after the plugin name in plugins.ini (without quotes).
L 12/14/2016 - 22:44:14: Start of error session.
L 12/14/2016 - 22:44:14: Info (map "esf_Gurufixed") (logfile "error_121416.log")
L 12/14/2016 - 22:44:14: Could not find function "@WeaponExplosion"
L 12/14/2016 - 22:44:14: [AMXX] Run time error 19 (plugin "Black.amxx") - debug not enabled!
L 12/14/2016 - 22:44:14: [AMXX] To enable debug mode, add "debug" after the plugin name in plugins.ini (without quotes).
L 12/14/2016 - 22:44:14: Could not find function "@WeaponExplosion"
L 12/14/2016 - 22:44:14: [AMXX] Run time error 19 (plugin "Zamasu.amxx") - debug not enabled!
L 12/14/2016 - 22:44:14: [AMXX] To enable debug mode, add "debug" after the plugin name in plugins.ini (without quotes).
L 12/14/2016 - 22:44:15: < Ascend:SX > Special with this Name already exists
L 12/14/2016 - 22:44:15: [AMXX] Run time error 10 (plugin "sx.Kaioken.core.amxx") (native "beginSpecialCreation") - debug not enabled!
L 12/14/2016 - 22:44:15: [AMXX] To enable debug mode, add "debug" after the plugin name in plugins.ini (without quotes).
L 12/14/2016 - 22:44:15: [AMXX] Run time error -1 (plugin "Ascend.amxx") - debug not enabled!
L 12/14/2016 - 22:44:15: [AMXX] To enable debug mode, add "debug" after the plugin name in plugins.ini (without quotes).
L 12/14/2016 - 22:46:46: Start of error session.
L 12/14/2016 - 22:46:46: Info (map "esf_Gurufixed") (logfile "error_121416.log")
L 12/14/2016 - 22:46:46: Could not find function "@WeaponExplosion"
L 12/14/2016 - 22:46:46: [AMXX] Run time error 19 (plugin "Black.amxx") - debug not enabled!
L 12/14/2016 - 22:46:46: [AMXX] To enable debug mode, add "debug" after the plugin name in plugins.ini (without quotes).
L 12/14/2016 - 22:46:46: Could not find function "@WeaponExplosion"
L 12/14/2016 - 22:46:46: [AMXX] Run time error 19 (plugin "Zamasu.amxx") - debug not enabled!
L 12/14/2016 - 22:46:46: [AMXX] To enable debug mode, add "debug" after the plugin name in plugins.ini (without quotes).
L 12/14/2016 - 22:46:46: < Ascend:SX > Special with this Name already exists
L 12/14/2016 - 22:46:46: [AMXX] Run time error 10 (plugin "sx.Kaioken.core.amxx") (native "beginSpecialCreation") - debug not enabled!
L 12/14/2016 - 22:46:46: [AMXX] To enable debug mode, add "debug" after the plugin name in plugins.ini (without quotes).
L 12/14/2016 - 22:46:46: [AMXX] Run time error -1 (plugin "Ascend.amxx") - debug not enabled!
L 12/14/2016 - 22:46:46: [AMXX] To enable debug mode, add "debug" after the plugin name in plugins.ini (without quotes).
L 12/14/2016 - 22:56:05: Start of error session.
L 12/14/2016 - 22:56:05: Info (map "esf_Gurufixed") (logfile "error_121416.log")
L 12/14/2016 - 22:56:05: Could not find function "@WeaponExplosion"
L 12/14/2016 - 22:56:05: [AMXX] Run time error 19 (plugin "Black.amxx") - debug not enabled!
L 12/14/2016 - 22:56:05: [AMXX] To enable debug mode, add "debug" after the plugin name in plugins.ini (without quotes).
L 12/14/2016 - 22:56:05: Could not find function "@WeaponExplosion"
L 12/14/2016 - 22:56:05: [AMXX] Run time error 19 (plugin "Zamasu.amxx") - debug not enabled!
L 12/14/2016 - 22:56:05: [AMXX] To enable debug mode, add "debug" after the plugin name in plugins.ini (without quotes).
L 12/14/2016 - 22:56:05: < Ascend:SX > Special with this Name already exists
L 12/14/2016 - 22:56:05: [AMXX] Run time error 10 (plugin "sx.Kaioken.core.amxx") (native "beginSpecialCreation") - debug not enabled!
L 12/14/2016 - 22:56:05: [AMXX] To enable debug mode, add "debug" after the plugin name in plugins.ini (without quotes).
L 12/14/2016 - 22:56:05: [AMXX] Run time error -1 (plugin "Ascend.amxx") - debug not enabled!
L 12/14/2016 - 22:56:05: [AMXX] To enable debug mode, add "debug" after the plugin name in plugins.ini (without quotes).
L 12/14/2016 - 22:57:25: Start of error session.
L 12/14/2016 - 22:57:25: Info (map "ctf_grozniy") (logfile "error_121416.log")
L 12/14/2016 - 22:57:25: Could not find function "@WeaponExplosion"
L 12/14/2016 - 22:57:25: [AMXX] Run time error 19 (plugin "Black.amxx") - debug not enabled!
L 12/14/2016 - 22:57:25: [AMXX] To enable debug mode, add "debug" after the plugin name in plugins.ini (without quotes).
L 12/14/2016 - 22:57:25: Could not find function "@WeaponExplosion"
L 12/14/2016 - 22:57:25: [AMXX] Run time error 19 (plugin "Zamasu.amxx") - debug not enabled!
L 12/14/2016 - 22:57:25: [AMXX] To enable debug mode, add "debug" after the plugin name in plugins.ini (without quotes).
L 12/14/2016 - 22:57:25: < Ascend:SX > Special with this Name already exists
L 12/14/2016 - 22:57:25: [AMXX] Run time error 10 (plugin "sx.Kaioken.core.amxx") (native "beginSpecialCreation") - debug not enabled!
L 12/14/2016 - 22:57:25: [AMXX] To enable debug mode, add "debug" after the plugin name in plugins.ini (without quotes).
L 12/14/2016 - 22:57:25: [AMXX] Run time error -1 (plugin "Ascend.amxx") - debug not enabled!
L 12/14/2016 - 22:57:25: [AMXX] To enable debug mode, add "debug" after the plugin name in plugins.ini (without quotes).
L 12/14/2016 - 22:58:44: [AMXX] Run time error 4 (plugin "Goku-TS.amxx") - debug not enabled!
L 12/14/2016 - 22:58:44: [AMXX] To enable debug mode, add "debug" after the plugin name in plugins.ini (without quotes).
L 12/14/2016 - 22:58:50: [AMXX] Run time error 4 (plugin "Goku-TS.amxx") - debug not enabled!
L 12/14/2016 - 22:58:50: [AMXX] To enable debug mode, add "debug" after the plugin name in plugins.ini (without quotes).
L 12/14/2016 - 23:03:05: Start of error session.
L 12/14/2016 - 23:03:05: Info (map "esf_Gurufixed") (logfile "error_121416.log")
L 12/14/2016 - 23:03:05: Could not find function "@WeaponExplosion"
L 12/14/2016 - 23:03:05: [AMXX] Run time error 19 (plugin "Black.amxx") - debug not enabled!
L 12/14/2016 - 23:03:05: [AMXX] To enable debug mode, add "debug" after the plugin name in plugins.ini (without quotes).
L 12/14/2016 - 23:03:05: Could not find function "@WeaponExplosion"
L 12/14/2016 - 23:03:05: [AMXX] Run time error 19 (plugin "Zamasu.amxx") - debug not enabled!
L 12/14/2016 - 23:03:05: [AMXX] To enable debug mode, add "debug" after the plugin name in plugins.ini (without quotes).
L 12/14/2016 - 23:03:05: < Ascend:SX > Special with this Name already exists
L 12/14/2016 - 23:03:05: [AMXX] Run time error 10 (plugin "sx.Kaioken.core.amxx") (native "beginSpecialCreation") - debug not enabled!
L 12/14/2016 - 23:03:05: [AMXX] To enable debug mode, add "debug" after the plugin name in plugins.ini (without quotes).
L 12/14/2016 - 23:03:05: [AMXX] Run time error -1 (plugin "Ascend.amxx") - debug not enabled!
L 12/14/2016 - 23:03:05: [AMXX] To enable debug mode, add "debug" after the plugin name in plugins.ini (without quotes).
L 12/14/2016 - 23:05:09: Start of error session.
L 12/14/2016 - 23:05:09: Info (map "esf_Gurufixed") (logfile "error_121416.log")
L 12/14/2016 - 23:05:09: Could not find function "@WeaponExplosion"
L 12/14/2016 - 23:05:09: [AMXX] Run time error 19 (plugin "Black.amxx") - debug not enabled!
L 12/14/2016 - 23:05:09: [AMXX] To enable debug mode, add "debug" after the plugin name in plugins.ini (without quotes).
L 12/14/2016 - 23:05:09: Could not find function "@WeaponExplosion"
L 12/14/2016 - 23:05:09: [AMXX] Run time error 19 (plugin "Zamasu.amxx") - debug not enabled!
L 12/14/2016 - 23:05:09: [AMXX] To enable debug mode, add "debug" after the plugin name in plugins.ini (without quotes).
L 12/14/2016 - 23:05:10: < Ascend:SX > Special with this Name already exists
L 12/14/2016 - 23:05:10: [AMXX] Run time error 10 (plugin "sx.Kaioken.core.amxx") (native "beginSpecialCreation") - debug not enabled!
L 12/14/2016 - 23:05:10: [AMXX] To enable debug mode, add "debug" after the plugin name in plugins.ini (without quotes).
L 12/14/2016 - 23:05:10: [AMXX] Run time error -1 (plugin "Ascend.amxx") - debug not enabled!
L 12/14/2016 - 23:05:10: [AMXX] To enable debug mode, add "debug" after the plugin name in plugins.ini (without quotes).
L 12/14/2016 - 23:08:50: Start of error session.
L 12/14/2016 - 23:08:50: Info (map "esf_Gurufixed") (logfile "error_121416.log")
L 12/14/2016 - 23:08:50: Could not find function "@WeaponExplosion"
L 12/14/2016 - 23:08:50: [AMXX] Run time error 19 (plugin "Black.amxx") - debug not enabled!
L 12/14/2016 - 23:08:50: [AMXX] To enable debug mode, add "debug" after the plugin name in plugins.ini (without quotes).
L 12/14/2016 - 23:08:50: Could not find function "@WeaponExplosion"
L 12/14/2016 - 23:08:50: [AMXX] Run time error 19 (plugin "Zamasu.amxx") - debug not enabled!
L 12/14/2016 - 23:08:50: [AMXX] To enable debug mode, add "debug" after the plugin name in plugins.ini (without quotes).
L 12/14/2016 - 23:08:51: < Ascend:SX > Special with this Name already exists
L 12/14/2016 - 23:08:51: [AMXX] Run time error 10 (plugin "sx.Kaioken.core.amxx") (native "beginSpecialCreation") - debug not enabled!
L 12/14/2016 - 23:08:51: [AMXX] To enable debug mode, add "debug" after the plugin name in plugins.ini (without quotes).
L 12/14/2016 - 23:08:51: [AMXX] Run time error -1 (plugin "Ascend.amxx") - debug not enabled!
L 12/14/2016 - 23:08:51: [AMXX] To enable debug mode, add "debug" after the plugin name in plugins.ini (without quotes).
L 12/14/2016 - 23:11:43: Start of error session.
L 12/14/2016 - 23:11:43: Info (map "esf_Gurufixed") (logfile "error_121416.log")
L 12/14/2016 - 23:11:43: Could not find function "@WeaponExplosion"
L 12/14/2016 - 23:11:43: [AMXX] Run time error 19 (plugin "Black.amxx") - debug not enabled!
L 12/14/2016 - 23:11:43: [AMXX] To enable debug mode, add "debug" after the plugin name in plugins.ini (without quotes).
L 12/14/2016 - 23:11:43: Could not find function "@WeaponExplosion"
L 12/14/2016 - 23:11:43: [AMXX] Run time error 19 (plugin "Zamasu.amxx") - debug not enabled!
L 12/14/2016 - 23:11:43: [AMXX] To enable debug mode, add "debug" after the plugin name in plugins.ini (without quotes).
L 12/14/2016 - 23:11:44: < Ascend:SX > Special with this Name already exists
L 12/14/2016 - 23:11:44: [AMXX] Run time error 10 (plugin "sx.Kaioken.core.amxx") (native "beginSpecialCreation") - debug not enabled!
L 12/14/2016 - 23:11:44: [AMXX] To enable debug mode, add "debug" after the plugin name in plugins.ini (without quotes).
L 12/14/2016 - 23:11:44: [AMXX] Run time error -1 (plugin "Ascend.amxx") - debug not enabled!
L 12/14/2016 - 23:11:44: [AMXX] To enable debug mode, add "debug" after the plugin name in plugins.ini (without quotes).
L 12/14/2016 - 23:19:25: Start of error session.
L 12/14/2016 - 23:19:25: Info (map "esf_Gurufixed") (logfile "error_121416.log")
L 12/14/2016 - 23:19:25: Could not find function "@WeaponExplosion"
L 12/14/2016 - 23:19:25: [AMXX] Run time error 19 (plugin "Black.amxx") - debug not enabled!
L 12/14/2016 - 23:19:25: [AMXX] To enable debug mode, add "debug" after the plugin name in plugins.ini (without quotes).
L 12/14/2016 - 23:19:25: Could not find function "@WeaponExplosion"
L 12/14/2016 - 23:19:25: [AMXX] Run time error 19 (plugin "Zamasu.amxx") - debug not enabled!
L 12/14/2016 - 23:19:25: [AMXX] To enable debug mode, add "debug" after the plugin name in plugins.ini (without quotes).
L 12/14/2016 - 23:19:25: < Ascend:SX > Special with this Name already exists
L 12/14/2016 - 23:19:25: [AMXX] Run time error 10 (plugin "sx.Kaioken.core.amxx") (native "beginSpecialCreation") - debug not enabled!
L 12/14/2016 - 23:19:25: [AMXX] To enable debug mode, add "debug" after the plugin name in plugins.ini (without quotes).
L 12/14/2016 - 23:19:25: [AMXX] Run time error -1 (plugin "Ascend.amxx") - debug not enabled!
L 12/14/2016 - 23:19:25: [AMXX] To enable debug mode, add "debug" after the plugin name in plugins.ini (without quotes).
L 12/14/2016 - 23:21:34: Start of error session.
L 12/14/2016 - 23:21:34: Info (map "esf_Gurufixed") (logfile "error_121416.log")
L 12/14/2016 - 23:21:34: Could not find function "@WeaponExplosion"
L 12/14/2016 - 23:21:34: [AMXX] Run time error 19 (plugin "Black.amxx") - debug not enabled!
L 12/14/2016 - 23:21:34: [AMXX] To enable debug mode, add "debug" after the plugin name in plugins.ini (without quotes).
L 12/14/2016 - 23:21:34: Could not find function "@WeaponExplosion"
L 12/14/2016 - 23:21:34: [AMXX] Run time error 19 (plugin "Zamasu.amxx") - debug not enabled!
L 12/14/2016 - 23:21:34: [AMXX] To enable debug mode, add "debug" after the plugin name in plugins.ini (without quotes).
L 12/14/2016 - 23:21:34: < Ascend:SX > Special with this Name already exists
L 12/14/2016 - 23:21:34: [AMXX] Run time error 10 (plugin "sx.Kaioken.core.amxx") (native "beginSpecialCreation") - debug not enabled!
L 12/14/2016 - 23:21:34: [AMXX] To enable debug mode, add "debug" after the plugin name in plugins.ini (without quotes).
L 12/14/2016 - 23:21:34: [AMXX] Run time error -1 (plugin "Ascend.amxx") - debug not enabled!
L 12/14/2016 - 23:21:34: [AMXX] To enable debug mode, add "debug" after the plugin name in plugins.ini (without quotes).
L 12/14/2016 - 23:21:54: [AMXX] Run time error 4 (plugin "Goku-TS.amxx") - debug not enabled!
L 12/14/2016 - 23:21:54: [AMXX] To enable debug mode, add "debug" after the plugin name in plugins.ini (without quotes).
L 12/14/2016 - 23:21:55: [AMXX] Run time error 4 (plugin "Goku-TS.amxx") - debug not enabled!
L 12/14/2016 - 23:21:55: [AMXX] To enable debug mode, add "debug" after the plugin name in plugins.ini (without quotes).
L 12/14/2016 - 23:21:55: [AMXX] Run time error 4 (plugin "Goku-TS.amxx") - debug not enabled!
L 12/14/2016 - 23:21:55: [AMXX] To enable debug mode, add "debug" after the plugin name in plugins.ini (without quotes).
L 12/14/2016 - 23:21:55: [AMXX] Run time error 4 (plugin "Goku-TS.amxx") - debug not enabled!
L 12/14/2016 - 23:21:55: [AMXX] To enable debug mode, add "debug" after the plugin name in plugins.ini (without quotes).
L 12/14/2016 - 23:21:55: [AMXX] Run time error 4 (plugin "Goku-TS.amxx") - debug not enabled!
L 12/14/2016 - 23:21:55: [AMXX] To enable debug mode, add "debug" after the plugin name in plugins.ini (without quotes).
L 12/14/2016 - 23:21:56: [AMXX] Run time error 4 (plugin "Goku-TS.amxx") - debug not enabled!
L 12/14/2016 - 23:21:56: [AMXX] To enable debug mode, add "debug" after the plugin name in plugins.ini (without quotes).
L 12/14/2016 - 23:21:56: [AMXX] Run time error 4 (plugin "Goku-TS.amxx") - debug not enabled!
L 12/14/2016 - 23:21:56: [AMXX] To enable debug mode, add "debug" after the plugin name in plugins.ini (without quotes).
L 12/14/2016 - 23:21:56: [AMXX] Run time error 4 (plugin "Goku-TS.amxx") - debug not enabled!
L 12/14/2016 - 23:21:56: [AMXX] To enable debug mode, add "debug" after the plugin name in plugins.ini (without quotes).
L 12/14/2016 - 23:21:56: [AMXX] Run time error 4 (plugin "Goku-TS.amxx") - debug not enabled!
L 12/14/2016 - 23:21:56: [AMXX] To enable debug mode, add "debug" after the plugin name in plugins.ini (without quotes).
L 12/14/2016 - 23:21:57: [AMXX] Run time error 4 (plugin "Goku-TS.amxx") - debug not enabled!
L 12/14/2016 - 23:21:57: [AMXX] To enable debug mode, add "debug" after the plugin name in plugins.ini (without quotes).
L 12/14/2016 - 23:21:57: [AMXX] Run time error 4 (plugin "Goku-TS.amxx") - debug not enabled!
L 12/14/2016 - 23:21:57: [AMXX] To enable debug mode, add "debug" after the plugin name in plugins.ini (without quotes).
L 12/14/2016 - 23:21:57: [AMXX] Run time error 4 (plugin "Goku-TS.amxx") - debug not enabled!
L 12/14/2016 - 23:21:57: [AMXX] To enable debug mode, add "debug" after the plugin name in plugins.ini (without quotes).
L 12/14/2016 - 23:21:57: [AMXX] Run time error 4 (plugin "Goku-TS.amxx") - debug not enabled!
L 12/14/2016 - 23:21:57: [AMXX] To enable debug mode, add "debug" after the plugin name in plugins.ini (without quotes).
L 12/14/2016 - 23:21:59: [AMXX] Run time error 4 (plugin "Goku-TS.amxx") - debug not enabled!
L 12/14/2016 - 23:21:59: [AMXX] To enable debug mode, add "debug" after the plugin name in plugins.ini (without quotes).
L 12/14/2016 - 23:21:59: [AMXX] Run time error 4 (plugin "Goku-TS.amxx") - debug not enabled!
L 12/14/2016 - 23:21:59: [AMXX] To enable debug mode, add "debug" after the plugin name in plugins.ini (without quotes).
L 12/14/2016 - 23:21:59: [AMXX] Run time error 4 (plugin "Goku-TS.amxx") - debug not enabled!
L 12/14/2016 - 23:21:59: [AMXX] To enable debug mode, add "debug" after the plugin name in plugins.ini (without quotes).
L 12/14/2016 - 23:22:00: [AMXX] Run time error 4 (plugin "Goku-TS.amxx") - debug not enabled!
L 12/14/2016 - 23:22:00: [AMXX] To enable debug mode, add "debug" after the plugin name in plugins.ini (without quotes).
L 12/14/2016 - 23:22:15: [AMXX] Run time error 4 (plugin "Goku-TS.amxx") - debug not enabled!
L 12/14/2016 - 23:22:15: [AMXX] To enable debug mode, add "debug" after the plugin name in plugins.ini (without quotes).
L 12/14/2016 - 23:22:15: [AMXX] Run time error 4 (plugin "Goku-TS.amxx") - debug not enabled!
L 12/14/2016 - 23:22:15: [AMXX] To enable debug mode, add "debug" after the plugin name in plugins.ini (without quotes).
L 12/14/2016 - 23:22:16: [AMXX] Run time error 4 (plugin "Goku-TS.amxx") - debug not enabled!
L 12/14/2016 - 23:22:16: [AMXX] To enable debug mode, add "debug" after the plugin name in plugins.ini (without quotes).
L 12/14/2016 - 23:22:16: [AMXX] Run time error 4 (plugin "Goku-TS.amxx") - debug not enabled!
L 12/14/2016 - 23:22:16: [AMXX] To enable debug mode, add "debug" after the plugin name in plugins.ini (without quotes).
L 12/14/2016 - 23:22:16: [AMXX] Run time error 4 (plugin "Goku-TS.amxx") - debug not enabled!
L 12/14/2016 - 23:22:16: [AMXX] To enable debug mode, add "debug" after the plugin name in plugins.ini (without quotes).
L 12/14/2016 - 23:27:43: Start of error session.
L 12/14/2016 - 23:27:43: Info (map "esf_Gurufixed") (logfile "error_121416.log")
L 12/14/2016 - 23:27:43: Could not find function "@WeaponExplosion"
L 12/14/2016 - 23:27:43: [AMXX] Run time error 19 (plugin "Black.amxx") - debug not enabled!
L 12/14/2016 - 23:27:43: [AMXX] To enable debug mode, add "debug" after the plugin name in plugins.ini (without quotes).
L 12/14/2016 - 23:27:43: Could not find function "@WeaponExplosion"
L 12/14/2016 - 23:27:43: [AMXX] Run time error 19 (plugin "Zamasu.amxx") - debug not enabled!
L 12/14/2016 - 23:27:43: [AMXX] To enable debug mode, add "debug" after the plugin name in plugins.ini (without quotes).
L 12/14/2016 - 23:30:24: Start of error session.
L 12/14/2016 - 23:30:24: Info (map "esf_Gurufixed") (logfile "error_121416.log")
L 12/14/2016 - 23:30:24: Could not find function "@WeaponExplosion"
L 12/14/2016 - 23:30:24: [AMXX] Run time error 19 (plugin "Black.amxx") - debug not enabled!
L 12/14/2016 - 23:30:24: [AMXX] To enable debug mode, add "debug" after the plugin name in plugins.ini (without quotes).
L 12/14/2016 - 23:30:24: Could not find function "@WeaponExplosion"
L 12/14/2016 - 23:30:24: [AMXX] Run time error 19 (plugin "Zamasu.amxx") - debug not enabled!
L 12/14/2016 - 23:30:24: [AMXX] To enable debug mode, add "debug" after the plugin name in plugins.ini (without quotes).
L 12/14/2016 - 23:31:23: Start of error session.
L 12/14/2016 - 23:31:23: Info (map "esf_Gurufixed") (logfile "error_121416.log")
L 12/14/2016 - 23:31:23: Could not find function "@WeaponExplosion"
L 12/14/2016 - 23:31:23: [AMXX] Run time error 19 (plugin "Black.amxx") - debug not enabled!
L 12/14/2016 - 23:31:23: [AMXX] To enable debug mode, add "debug" after the plugin name in plugins.ini (without quotes).
L 12/14/2016 - 23:31:23: Could not find function "@WeaponExplosion"
L 12/14/2016 - 23:31:23: [AMXX] Run time error 19 (plugin "Zamasu.amxx") - debug not enabled!
L 12/14/2016 - 23:31:23: [AMXX] To enable debug mode, add "debug" after the plugin name in plugins.ini (without quotes).
L 12/14/2016 - 23:33:11: Start of error session.
L 12/14/2016 - 23:33:11: Info (map "esf_Gurufixed") (logfile "error_121416.log")
L 12/14/2016 - 23:33:11: Could not find function "@WeaponExplosion"
L 12/14/2016 - 23:33:11: [AMXX] Run time error 19 (plugin "Black.amxx") - debug not enabled!
L 12/14/2016 - 23:33:11: [AMXX] To enable debug mode, add "debug" after the plugin name in plugins.ini (without quotes).
L 12/14/2016 - 23:33:11: Could not find function "@WeaponExplosion"
L 12/14/2016 - 23:33:11: [AMXX] Run time error 19 (plugin "Zamasu.amxx") - debug not enabled!
L 12/14/2016 - 23:33:11: [AMXX] To enable debug mode, add "debug" after the plugin name in plugins.ini (without quotes).
L 12/14/2016 - 23:34:07: Start of error session.
L 12/14/2016 - 23:34:07: Info (map "esf_Gurufixed") (logfile "error_121416.log")
L 12/14/2016 - 23:34:07: Could not find function "@WeaponExplosion"
L 12/14/2016 - 23:34:07: [AMXX] Run time error 19 (plugin "Black.amxx") - debug not enabled!
L 12/14/2016 - 23:34:07: [AMXX] To enable debug mode, add "debug" after the plugin name in plugins.ini (without quotes).
L 12/14/2016 - 23:34:07: Could not find function "@WeaponExplosion"
L 12/14/2016 - 23:34:07: [AMXX] Run time error 19 (plugin "Zamasu.amxx") - debug not enabled!
L 12/14/2016 - 23:34:07: [AMXX] To enable debug mode, add "debug" after the plugin name in plugins.ini (without quotes).
L 12/14/2016 - 23:37:26: Start of error session.
L 12/14/2016 - 23:37:26: Info (map "esf_Gurufixed") (logfile "error_121416.log")
L 12/14/2016 - 23:37:26: Could not find function "@WeaponExplosion"
L 12/14/2016 - 23:37:26: [AMXX] Run time error 19 (plugin "Black.amxx") - debug not enabled!
L 12/14/2016 - 23:37:26: [AMXX] To enable debug mode, add "debug" after the plugin name in plugins.ini (without quotes).
L 12/14/2016 - 23:37:26: Could not find function "@WeaponExplosion"
L 12/14/2016 - 23:37:26: [AMXX] Run time error 19 (plugin "Zamasu.amxx") - debug not enabled!
L 12/14/2016 - 23:37:26: [AMXX] To enable debug mode, add "debug" after the plugin name in plugins.ini (without quotes).
L 12/14/2016 - 23:43:46: Start of error session.
L 12/14/2016 - 23:43:46: Info (map "esf_Gurufixed") (logfile "error_121416.log")
L 12/14/2016 - 23:43:46: Could not find function "@WeaponExplosion"
L 12/14/2016 - 23:43:46: [AMXX] Run time error 19 (plugin "Black.amxx") - debug not enabled!
L 12/14/2016 - 23:43:46: [AMXX] To enable debug mode, add "debug" after the plugin name in plugins.ini (without quotes).
L 12/14/2016 - 23:43:46: Could not find function "@WeaponExplosion"
L 12/14/2016 - 23:43:46: [AMXX] Run time error 19 (plugin "Zamasu.amxx") - debug not enabled!
L 12/14/2016 - 23:43:46: [AMXX] To enable debug mode, add "debug" after the plugin name in plugins.ini (without quotes).
L 12/14/2016 - 23:45:35: Start of error session.
L 12/14/2016 - 23:45:35: Info (map "esf_Gurufixed") (logfile "error_121416.log")
L 12/14/2016 - 23:45:35: Could not find function "@WeaponExplosion"
L 12/14/2016 - 23:45:35: [AMXX] Run time error 19 (plugin "Black.amxx") - debug not enabled!
L 12/14/2016 - 23:45:35: [AMXX] To enable debug mode, add "debug" after the plugin name in plugins.ini (without quotes).
L 12/14/2016 - 23:45:35: Could not find function "@WeaponExplosion"
L 12/14/2016 - 23:45:35: [AMXX] Run time error 19 (plugin "Zamasu.amxx") - debug not enabled!
L 12/14/2016 - 23:45:35: [AMXX] To enable debug mode, add "debug" after the plugin name in plugins.ini (without quotes).
L 12/14/2016 - 23:53:45: Start of error session.
L 12/14/2016 - 23:53:45: Info (map "esf_Gurufixed") (logfile "error_121416.log")
L 12/14/2016 - 23:53:45: Could not find function "@WeaponExplosion"
L 12/14/2016 - 23:53:45: [AMXX] Run time error 19 (plugin "Black.amxx") - debug not enabled!
L 12/14/2016 - 23:53:45: [AMXX] To enable debug mode, add "debug" after the plugin name in plugins.ini (without quotes).
L 12/14/2016 - 23:53:45: Could not find function "@WeaponExplosion"
L 12/14/2016 - 23:53:45: [AMXX] Run time error 19 (plugin "Zamasu.amxx") - debug not enabled!
L 12/14/2016 - 23:53:45: [AMXX] To enable debug mode, add "debug" after the plugin name in plugins.ini (without quotes).
