L 11/26/2016 - 10:26:48: Start of error session.
L 11/26/2016 - 10:26:48: Info (map "esf_Guru") (logfile "error_112616.log")
L 11/26/2016 - 10:26:48: [AMXX] Run time error 4 (plugin "Goku-TS.amxx") - debug not enabled!
L 11/26/2016 - 10:26:48: [AMXX] To enable debug mode, add "debug" after the plugin name in plugins.ini (without quotes).
L 11/26/2016 - 10:26:50: [AMXX] Run time error 4 (plugin "Goku-TS.amxx") - debug not enabled!
L 11/26/2016 - 10:26:50: [AMXX] To enable debug mode, add "debug" after the plugin name in plugins.ini (without quotes).
L 11/26/2016 - 10:26:50: [AMXX] Run time error 4 (plugin "Goku-TS.amxx") - debug not enabled!
L 11/26/2016 - 10:26:50: [AMXX] To enable debug mode, add "debug" after the plugin name in plugins.ini (without quotes).
L 11/26/2016 - 10:26:51: [AMXX] Run time error 4 (plugin "Goku-TS.amxx") - debug not enabled!
L 11/26/2016 - 10:26:51: [AMXX] To enable debug mode, add "debug" after the plugin name in plugins.ini (without quotes).
L 11/26/2016 - 10:27:08: [AMXX] Run time error 4 (plugin "Goku-TS.amxx") - debug not enabled!
L 11/26/2016 - 10:27:08: [AMXX] To enable debug mode, add "debug" after the plugin name in plugins.ini (without quotes).
L 11/26/2016 - 10:27:08: [AMXX] Run time error 4 (plugin "Goku-TS.amxx") - debug not enabled!
L 11/26/2016 - 10:27:08: [AMXX] To enable debug mode, add "debug" after the plugin name in plugins.ini (without quotes).
L 11/26/2016 - 10:27:33: Bug caught! Please contact the AMX Mod X Dev Team.
L 11/26/2016 - 10:27:33: [AMXX] Run time error 10 (plugin "Dragonball.amxx") (native "setClientICON") - debug not enabled!
L 11/26/2016 - 10:27:33: [AMXX] To enable debug mode, add "debug" after the plugin name in plugins.ini (without quotes).
L 11/26/2016 - 10:27:37: [AMXX] Run time error 4 (plugin "Goku-TS.amxx") - debug not enabled!
L 11/26/2016 - 10:27:37: [AMXX] To enable debug mode, add "debug" after the plugin name in plugins.ini (without quotes).
L 11/26/2016 - 10:27:37: [AMXX] Run time error 4 (plugin "Goku-TS.amxx") - debug not enabled!
L 11/26/2016 - 10:27:37: [AMXX] To enable debug mode, add "debug" after the plugin name in plugins.ini (without quotes).
L 11/26/2016 - 10:27:37: [AMXX] Run time error 4 (plugin "Goku-TS.amxx") - debug not enabled!
L 11/26/2016 - 10:27:37: [AMXX] To enable debug mode, add "debug" after the plugin name in plugins.ini (without quotes).
L 11/26/2016 - 10:27:37: [AMXX] Run time error 4 (plugin "Goku-TS.amxx") - debug not enabled!
L 11/26/2016 - 10:27:37: [AMXX] To enable debug mode, add "debug" after the plugin name in plugins.ini (without quotes).
L 11/26/2016 - 10:27:38: [AMXX] Run time error 4 (plugin "Goku-TS.amxx") - debug not enabled!
L 11/26/2016 - 10:27:38: [AMXX] To enable debug mode, add "debug" after the plugin name in plugins.ini (without quotes).
L 11/26/2016 - 10:27:38: [AMXX] Run time error 4 (plugin "Goku-TS.amxx") - debug not enabled!
L 11/26/2016 - 10:27:38: [AMXX] To enable debug mode, add "debug" after the plugin name in plugins.ini (without quotes).
L 11/26/2016 - 10:27:38: [AMXX] Run time error 4 (plugin "Goku-TS.amxx") - debug not enabled!
L 11/26/2016 - 10:27:38: [AMXX] To enable debug mode, add "debug" after the plugin name in plugins.ini (without quotes).
L 11/26/2016 - 10:28:34: Function is not present (function "fxScream3") (plugin "CX/Vegetto.amxx")
L 11/26/2016 - 10:28:34: [AMXX] Run time error 10 (plugin "Vegetto.amxx") (native "set_task") - debug not enabled!
L 11/26/2016 - 10:28:34: [AMXX] To enable debug mode, add "debug" after the plugin name in plugins.ini (without quotes).
L 11/26/2016 - 10:28:44: [AMXX] Run time error 4 (plugin "Vegetto.amxx") - debug not enabled!
L 11/26/2016 - 10:28:44: [AMXX] To enable debug mode, add "debug" after the plugin name in plugins.ini (without quotes).
L 11/26/2016 - 10:30:21: [AMXX] Run time error 4 (plugin "Vegeta-TS.amxx") - debug not enabled!
L 11/26/2016 - 10:30:21: [AMXX] To enable debug mode, add "debug" after the plugin name in plugins.ini (without quotes).
L 11/26/2016 - 10:30:25: [AMXX] Run time error 4 (plugin "Vegeta-TS.amxx") - debug not enabled!
L 11/26/2016 - 10:30:25: [AMXX] To enable debug mode, add "debug" after the plugin name in plugins.ini (without quotes).
L 11/26/2016 - 10:30:30: [AMXX] Run time error 4 (plugin "Vegeta-TS.amxx") - debug not enabled!
L 11/26/2016 - 10:30:30: [AMXX] To enable debug mode, add "debug" after the plugin name in plugins.ini (without quotes).
L 11/26/2016 - 10:30:45: [AMXX] Run time error 4 (plugin "Vegeta-TS.amxx") - debug not enabled!
L 11/26/2016 - 10:30:45: [AMXX] To enable debug mode, add "debug" after the plugin name in plugins.ini (without quotes).
L 11/26/2016 - 10:30:47: [AMXX] Run time error 4 (plugin "Vegeta-TS.amxx") - debug not enabled!
L 11/26/2016 - 10:30:47: [AMXX] To enable debug mode, add "debug" after the plugin name in plugins.ini (without quotes).
L 11/26/2016 - 10:30:53: [AMXX] Run time error 4 (plugin "Vegeta-TS.amxx") - debug not enabled!
L 11/26/2016 - 10:30:53: [AMXX] To enable debug mode, add "debug" after the plugin name in plugins.ini (without quotes).
L 11/26/2016 - 10:30:55: [AMXX] Run time error 4 (plugin "Vegeta-TS.amxx") - debug not enabled!
L 11/26/2016 - 10:30:55: [AMXX] To enable debug mode, add "debug" after the plugin name in plugins.ini (without quotes).
L 11/26/2016 - 10:31:01: [AMXX] Run time error 4 (plugin "Vegeta-TS.amxx") - debug not enabled!
L 11/26/2016 - 10:31:01: [AMXX] To enable debug mode, add "debug" after the plugin name in plugins.ini (without quotes).
L 11/26/2016 - 10:31:04: [AMXX] Run time error 4 (plugin "Vegeta-TS.amxx") - debug not enabled!
L 11/26/2016 - 10:31:04: [AMXX] To enable debug mode, add "debug" after the plugin name in plugins.ini (without quotes).
L 11/26/2016 - 10:32:08: [AMXX] Run time error 4 (plugin "Goku-TS.amxx") - debug not enabled!
L 11/26/2016 - 10:32:08: [AMXX] To enable debug mode, add "debug" after the plugin name in plugins.ini (without quotes).
L 11/26/2016 - 10:32:13: [AMXX] Run time error 4 (plugin "Goku-TS.amxx") - debug not enabled!
L 11/26/2016 - 10:32:13: [AMXX] To enable debug mode, add "debug" after the plugin name in plugins.ini (without quotes).
L 11/26/2016 - 10:32:39: Function is not present (function "fxScream3") (plugin "CX/Vegetto.amxx")
L 11/26/2016 - 10:32:39: [AMXX] Run time error 10 (plugin "Vegetto.amxx") (native "set_task") - debug not enabled!
L 11/26/2016 - 10:32:39: [AMXX] To enable debug mode, add "debug" after the plugin name in plugins.ini (without quotes).
L 11/26/2016 - 10:32:48: [AMXX] Run time error 4 (plugin "Vegetto.amxx") - debug not enabled!
L 11/26/2016 - 10:32:48: [AMXX] To enable debug mode, add "debug" after the plugin name in plugins.ini (without quotes).
L 11/26/2016 - 10:33:17: [AMXX] Run time error 4 (plugin "Vegetto.amxx") - debug not enabled!
L 11/26/2016 - 10:33:17: [AMXX] To enable debug mode, add "debug" after the plugin name in plugins.ini (without quotes).
L 11/26/2016 - 10:33:20: [AMXX] Run time error 4 (plugin "Vegetto.amxx") - debug not enabled!
L 11/26/2016 - 10:33:20: [AMXX] To enable debug mode, add "debug" after the plugin name in plugins.ini (without quotes).
L 11/26/2016 - 10:33:21: [AMXX] Run time error 4 (plugin "Vegetto.amxx") - debug not enabled!
L 11/26/2016 - 10:33:21: [AMXX] To enable debug mode, add "debug" after the plugin name in plugins.ini (without quotes).
L 11/26/2016 - 10:33:24: [AMXX] Run time error 4 (plugin "Vegetto.amxx") - debug not enabled!
L 11/26/2016 - 10:33:24: [AMXX] To enable debug mode, add "debug" after the plugin name in plugins.ini (without quotes).
L 11/26/2016 - 10:33:35: [AMXX] Run time error 4 (plugin "Vegetto.amxx") - debug not enabled!
L 11/26/2016 - 10:33:35: [AMXX] To enable debug mode, add "debug" after the plugin name in plugins.ini (without quotes).
L 11/26/2016 - 10:33:38: [AMXX] Run time error 4 (plugin "Vegetto.amxx") - debug not enabled!
L 11/26/2016 - 10:33:38: [AMXX] To enable debug mode, add "debug" after the plugin name in plugins.ini (without quotes).
L 11/26/2016 - 10:34:45: [AMXX] Run time error 4 (plugin "Vegetto.amxx") - debug not enabled!
L 11/26/2016 - 10:34:45: [AMXX] To enable debug mode, add "debug" after the plugin name in plugins.ini (without quotes).
L 11/26/2016 - 10:34:48: [AMXX] Run time error 4 (plugin "Vegetto.amxx") - debug not enabled!
L 11/26/2016 - 10:34:48: [AMXX] To enable debug mode, add "debug" after the plugin name in plugins.ini (without quotes).
L 11/26/2016 - 10:34:48: [AMXX] Run time error 4 (plugin "Vegetto.amxx") - debug not enabled!
L 11/26/2016 - 10:34:48: [AMXX] To enable debug mode, add "debug" after the plugin name in plugins.ini (without quotes).
L 11/26/2016 - 10:34:54: [AMXX] Run time error 4 (plugin "Vegetto.amxx") - debug not enabled!
L 11/26/2016 - 10:34:54: [AMXX] To enable debug mode, add "debug" after the plugin name in plugins.ini (without quotes).
L 11/26/2016 - 10:35:19: [AMXX] Run time error 4 (plugin "Vegetto.amxx") - debug not enabled!
L 11/26/2016 - 10:35:19: [AMXX] To enable debug mode, add "debug" after the plugin name in plugins.ini (without quotes).
L 11/26/2016 - 10:37:22: [AMXX] Run time error 4 (plugin "Goku-TS.amxx") - debug not enabled!
L 11/26/2016 - 10:37:22: [AMXX] To enable debug mode, add "debug" after the plugin name in plugins.ini (without quotes).
L 11/26/2016 - 10:37:26: [AMXX] Run time error 4 (plugin "Goku-TS.amxx") - debug not enabled!
L 11/26/2016 - 10:37:26: [AMXX] To enable debug mode, add "debug" after the plugin name in plugins.ini (without quotes).
L 11/26/2016 - 10:37:33: [AMXX] Run time error 4 (plugin "Goku-TS.amxx") - debug not enabled!
L 11/26/2016 - 10:37:33: [AMXX] To enable debug mode, add "debug" after the plugin name in plugins.ini (without quotes).
L 11/26/2016 - 10:37:37: [AMXX] Run time error 4 (plugin "Goku-TS.amxx") - debug not enabled!
L 11/26/2016 - 10:37:37: [AMXX] To enable debug mode, add "debug" after the plugin name in plugins.ini (without quotes).
L 11/26/2016 - 10:37:38: [AMXX] Run time error 4 (plugin "Goku-TS.amxx") - debug not enabled!
L 11/26/2016 - 10:37:38: [AMXX] To enable debug mode, add "debug" after the plugin name in plugins.ini (without quotes).
L 11/26/2016 - 10:38:28: [AMXX] Run time error 4 (plugin "Goku-TS.amxx") - debug not enabled!
L 11/26/2016 - 10:38:28: [AMXX] To enable debug mode, add "debug" after the plugin name in plugins.ini (without quotes).
L 11/26/2016 - 10:38:37: [AMXX] Run time error 4 (plugin "Goku-TS.amxx") - debug not enabled!
L 11/26/2016 - 10:38:37: [AMXX] To enable debug mode, add "debug" after the plugin name in plugins.ini (without quotes).
L 11/26/2016 - 10:38:42: [AMXX] Run time error 4 (plugin "Goku-TS.amxx") - debug not enabled!
L 11/26/2016 - 10:38:42: [AMXX] To enable debug mode, add "debug" after the plugin name in plugins.ini (without quotes).
L 11/26/2016 - 10:45:53: [AMXX] Run time error 4 (plugin "Vegeta-TS.amxx") - debug not enabled!
L 11/26/2016 - 10:45:53: [AMXX] To enable debug mode, add "debug" after the plugin name in plugins.ini (without quotes).
L 11/26/2016 - 10:46:00: [AMXX] Run time error 4 (plugin "Vegeta-TS.amxx") - debug not enabled!
L 11/26/2016 - 10:46:00: [AMXX] To enable debug mode, add "debug" after the plugin name in plugins.ini (without quotes).
L 11/26/2016 - 10:46:08: [AMXX] Run time error 4 (plugin "Vegeta-TS.amxx") - debug not enabled!
L 11/26/2016 - 10:46:08: [AMXX] To enable debug mode, add "debug" after the plugin name in plugins.ini (without quotes).
L 11/26/2016 - 10:46:10: [AMXX] Run time error 4 (plugin "Vegeta-TS.amxx") - debug not enabled!
L 11/26/2016 - 10:46:10: [AMXX] To enable debug mode, add "debug" after the plugin name in plugins.ini (without quotes).
L 11/26/2016 - 10:46:13: [AMXX] Run time error 4 (plugin "Vegeta-TS.amxx") - debug not enabled!
L 11/26/2016 - 10:46:13: [AMXX] To enable debug mode, add "debug" after the plugin name in plugins.ini (without quotes).
L 11/26/2016 - 10:46:21: [AMXX] Run time error 4 (plugin "Vegeta-TS.amxx") - debug not enabled!
L 11/26/2016 - 10:46:21: [AMXX] To enable debug mode, add "debug" after the plugin name in plugins.ini (without quotes).
L 11/26/2016 - 10:46:36: [AMXX] Run time error 4 (plugin "Vegeta-TS.amxx") - debug not enabled!
L 11/26/2016 - 10:46:36: [AMXX] To enable debug mode, add "debug" after the plugin name in plugins.ini (without quotes).
L 11/26/2016 - 10:46:42: [AMXX] Run time error 4 (plugin "Vegeta-TS.amxx") - debug not enabled!
L 11/26/2016 - 10:46:42: [AMXX] To enable debug mode, add "debug" after the plugin name in plugins.ini (without quotes).
L 11/26/2016 - 10:47:03: [AMXX] Run time error 4 (plugin "Goku-TS.amxx") - debug not enabled!
L 11/26/2016 - 10:47:03: [AMXX] To enable debug mode, add "debug" after the plugin name in plugins.ini (without quotes).
L 11/26/2016 - 10:47:20: [AMXX] Run time error 4 (plugin "Vegeta-TS.amxx") - debug not enabled!
L 11/26/2016 - 10:47:20: [AMXX] To enable debug mode, add "debug" after the plugin name in plugins.ini (without quotes).
L 11/26/2016 - 10:47:27: [AMXX] Run time error 4 (plugin "Vegeta-TS.amxx") - debug not enabled!
L 11/26/2016 - 10:47:27: [AMXX] To enable debug mode, add "debug" after the plugin name in plugins.ini (without quotes).
L 11/26/2016 - 10:47:30: Function is not present (function "fxScream3") (plugin "CX/Vegetto.amxx")
L 11/26/2016 - 10:47:30: [AMXX] Run time error 10 (plugin "Vegetto.amxx") (native "set_task") - debug not enabled!
L 11/26/2016 - 10:47:30: [AMXX] To enable debug mode, add "debug" after the plugin name in plugins.ini (without quotes).
L 11/26/2016 - 10:47:31: [AMXX] Run time error 4 (plugin "Vegeta-TS.amxx") - debug not enabled!
L 11/26/2016 - 10:47:31: [AMXX] To enable debug mode, add "debug" after the plugin name in plugins.ini (without quotes).
L 11/26/2016 - 10:47:38: [AMXX] Run time error 4 (plugin "Vegeta-TS.amxx") - debug not enabled!
L 11/26/2016 - 10:47:38: [AMXX] To enable debug mode, add "debug" after the plugin name in plugins.ini (without quotes).
L 11/26/2016 - 10:47:39: [AMXX] Run time error 4 (plugin "Vegeta-TS.amxx") - debug not enabled!
L 11/26/2016 - 10:47:39: [AMXX] To enable debug mode, add "debug" after the plugin name in plugins.ini (without quotes).
L 11/26/2016 - 10:47:42: [AMXX] Run time error 4 (plugin "Vegeta-TS.amxx") - debug not enabled!
L 11/26/2016 - 10:47:42: [AMXX] To enable debug mode, add "debug" after the plugin name in plugins.ini (without quotes).
L 11/26/2016 - 10:47:43: [AMXX] Run time error 4 (plugin "Vegeta-TS.amxx") - debug not enabled!
L 11/26/2016 - 10:47:43: [AMXX] To enable debug mode, add "debug" after the plugin name in plugins.ini (without quotes).
L 11/26/2016 - 10:47:47: [AMXX] Run time error 4 (plugin "Vegeta-TS.amxx") - debug not enabled!
L 11/26/2016 - 10:47:47: [AMXX] To enable debug mode, add "debug" after the plugin name in plugins.ini (without quotes).
L 11/26/2016 - 10:47:47: [AMXX] Run time error 4 (plugin "Vegeta-TS.amxx") - debug not enabled!
L 11/26/2016 - 10:47:47: [AMXX] To enable debug mode, add "debug" after the plugin name in plugins.ini (without quotes).
L 11/26/2016 - 10:47:51: [AMXX] Run time error 4 (plugin "Vegeta-TS.amxx") - debug not enabled!
L 11/26/2016 - 10:47:51: [AMXX] To enable debug mode, add "debug" after the plugin name in plugins.ini (without quotes).
L 11/26/2016 - 10:47:52: [AMXX] Run time error 4 (plugin "Vegeta-TS.amxx") - debug not enabled!
L 11/26/2016 - 10:47:52: [AMXX] To enable debug mode, add "debug" after the plugin name in plugins.ini (without quotes).
L 11/26/2016 - 10:47:55: [AMXX] Run time error 4 (plugin "Vegeta-TS.amxx") - debug not enabled!
L 11/26/2016 - 10:47:55: [AMXX] To enable debug mode, add "debug" after the plugin name in plugins.ini (without quotes).
L 11/26/2016 - 10:48:00: [AMXX] Run time error 4 (plugin "Vegeta-TS.amxx") - debug not enabled!
L 11/26/2016 - 10:48:00: [AMXX] To enable debug mode, add "debug" after the plugin name in plugins.ini (without quotes).
L 11/26/2016 - 10:48:00: [AMXX] Run time error 4 (plugin "Vegeta-TS.amxx") - debug not enabled!
L 11/26/2016 - 10:48:00: [AMXX] To enable debug mode, add "debug" after the plugin name in plugins.ini (without quotes).
L 11/26/2016 - 10:48:31: [AMXX] Run time error 4 (plugin "Vegetto.amxx") - debug not enabled!
L 11/26/2016 - 10:48:31: [AMXX] To enable debug mode, add "debug" after the plugin name in plugins.ini (without quotes).
L 11/26/2016 - 10:48:32: [AMXX] Run time error 4 (plugin "Vegetto.amxx") - debug not enabled!
L 11/26/2016 - 10:48:32: [AMXX] To enable debug mode, add "debug" after the plugin name in plugins.ini (without quotes).
L 11/26/2016 - 10:49:03: [AMXX] Run time error 4 (plugin "Vegetto.amxx") - debug not enabled!
L 11/26/2016 - 10:49:03: [AMXX] To enable debug mode, add "debug" after the plugin name in plugins.ini (without quotes).
L 11/26/2016 - 10:49:08: [AMXX] Run time error 4 (plugin "Vegetto.amxx") - debug not enabled!
L 11/26/2016 - 10:49:08: [AMXX] To enable debug mode, add "debug" after the plugin name in plugins.ini (without quotes).
L 11/26/2016 - 10:49:14: [AMXX] Run time error 4 (plugin "Vegeta-TS.amxx") - debug not enabled!
L 11/26/2016 - 10:49:14: [AMXX] To enable debug mode, add "debug" after the plugin name in plugins.ini (without quotes).
L 11/26/2016 - 10:49:21: [AMXX] Run time error 4 (plugin "Vegeta-TS.amxx") - debug not enabled!
L 11/26/2016 - 10:49:21: [AMXX] To enable debug mode, add "debug" after the plugin name in plugins.ini (without quotes).
L 11/26/2016 - 10:49:28: [AMXX] Run time error 4 (plugin "Vegeta-TS.amxx") - debug not enabled!
L 11/26/2016 - 10:49:28: [AMXX] To enable debug mode, add "debug" after the plugin name in plugins.ini (without quotes).
L 11/26/2016 - 10:49:34: [AMXX] Run time error 4 (plugin "Vegeta-TS.amxx") - debug not enabled!
L 11/26/2016 - 10:49:34: [AMXX] To enable debug mode, add "debug" after the plugin name in plugins.ini (without quotes).
L 11/26/2016 - 10:49:36: [AMXX] Run time error 4 (plugin "Vegetto.amxx") - debug not enabled!
L 11/26/2016 - 10:49:36: [AMXX] To enable debug mode, add "debug" after the plugin name in plugins.ini (without quotes).
L 11/26/2016 - 10:49:37: [AMXX] Run time error 4 (plugin "Vegeta-TS.amxx") - debug not enabled!
L 11/26/2016 - 10:49:37: [AMXX] To enable debug mode, add "debug" after the plugin name in plugins.ini (without quotes).
L 11/26/2016 - 10:49:45: [AMXX] Run time error 4 (plugin "Vegeta-TS.amxx") - debug not enabled!
L 11/26/2016 - 10:49:45: [AMXX] To enable debug mode, add "debug" after the plugin name in plugins.ini (without quotes).
L 11/26/2016 - 10:49:47: [AMXX] Run time error 4 (plugin "Vegeta-TS.amxx") - debug not enabled!
L 11/26/2016 - 10:49:47: [AMXX] To enable debug mode, add "debug" after the plugin name in plugins.ini (without quotes).
L 11/26/2016 - 10:49:52: [AMXX] Run time error 4 (plugin "Vegeta-TS.amxx") - debug not enabled!
L 11/26/2016 - 10:49:52: [AMXX] To enable debug mode, add "debug" after the plugin name in plugins.ini (without quotes).
L 11/26/2016 - 10:49:56: [AMXX] Run time error 4 (plugin "Vegetto.amxx") - debug not enabled!
L 11/26/2016 - 10:49:56: [AMXX] To enable debug mode, add "debug" after the plugin name in plugins.ini (without quotes).
L 11/26/2016 - 10:49:58: [AMXX] Run time error 4 (plugin "Vegeta-TS.amxx") - debug not enabled!
L 11/26/2016 - 10:49:58: [AMXX] To enable debug mode, add "debug" after the plugin name in plugins.ini (without quotes).
L 11/26/2016 - 10:49:59: [AMXX] Run time error 4 (plugin "Vegetto.amxx") - debug not enabled!
L 11/26/2016 - 10:49:59: [AMXX] To enable debug mode, add "debug" after the plugin name in plugins.ini (without quotes).
L 11/26/2016 - 10:49:59: [AMXX] Run time error 4 (plugin "Vegetto.amxx") - debug not enabled!
L 11/26/2016 - 10:49:59: [AMXX] To enable debug mode, add "debug" after the plugin name in plugins.ini (without quotes).
L 11/26/2016 - 10:50:03: [AMXX] Run time error 4 (plugin "Vegeta-TS.amxx") - debug not enabled!
L 11/26/2016 - 10:50:03: [AMXX] To enable debug mode, add "debug" after the plugin name in plugins.ini (without quotes).
L 11/26/2016 - 10:50:13: [AMXX] Run time error 4 (plugin "Vegetto.amxx") - debug not enabled!
L 11/26/2016 - 10:50:13: [AMXX] To enable debug mode, add "debug" after the plugin name in plugins.ini (without quotes).
L 11/26/2016 - 10:50:14: [AMXX] Run time error 4 (plugin "Vegetto.amxx") - debug not enabled!
L 11/26/2016 - 10:50:14: [AMXX] To enable debug mode, add "debug" after the plugin name in plugins.ini (without quotes).
L 11/26/2016 - 10:50:18: [AMXX] Run time error 4 (plugin "Vegeta-TS.amxx") - debug not enabled!
L 11/26/2016 - 10:50:18: [AMXX] To enable debug mode, add "debug" after the plugin name in plugins.ini (without quotes).
L 11/26/2016 - 10:50:41: [AMXX] Run time error 4 (plugin "Vegetto.amxx") - debug not enabled!
L 11/26/2016 - 10:50:41: [AMXX] To enable debug mode, add "debug" after the plugin name in plugins.ini (without quotes).
L 11/26/2016 - 10:50:47: [AMXX] Run time error 4 (plugin "Vegeta-TS.amxx") - debug not enabled!
L 11/26/2016 - 10:50:47: [AMXX] To enable debug mode, add "debug" after the plugin name in plugins.ini (without quotes).
L 11/26/2016 - 10:50:49: [AMXX] Run time error 4 (plugin "Vegeta-TS.amxx") - debug not enabled!
L 11/26/2016 - 10:50:49: [AMXX] To enable debug mode, add "debug" after the plugin name in plugins.ini (without quotes).
L 11/26/2016 - 10:51:04: [AMXX] Run time error 4 (plugin "Vegetto.amxx") - debug not enabled!
L 11/26/2016 - 10:51:04: [AMXX] To enable debug mode, add "debug" after the plugin name in plugins.ini (without quotes).
L 11/26/2016 - 10:51:06: [AMXX] Run time error 4 (plugin "Vegetto.amxx") - debug not enabled!
L 11/26/2016 - 10:51:06: [AMXX] To enable debug mode, add "debug" after the plugin name in plugins.ini (without quotes).
L 11/26/2016 - 10:51:08: [AMXX] Run time error 4 (plugin "Vegetto.amxx") - debug not enabled!
L 11/26/2016 - 10:51:08: [AMXX] To enable debug mode, add "debug" after the plugin name in plugins.ini (without quotes).
L 11/26/2016 - 10:51:09: [AMXX] Run time error 4 (plugin "Vegetto.amxx") - debug not enabled!
L 11/26/2016 - 10:51:09: [AMXX] To enable debug mode, add "debug" after the plugin name in plugins.ini (without quotes).
L 11/26/2016 - 10:51:12: [AMXX] Run time error 4 (plugin "Vegeta-TS.amxx") - debug not enabled!
L 11/26/2016 - 10:51:12: [AMXX] To enable debug mode, add "debug" after the plugin name in plugins.ini (without quotes).
L 11/26/2016 - 10:51:12: [AMXX] Run time error 4 (plugin "Vegetto.amxx") - debug not enabled!
L 11/26/2016 - 10:51:12: [AMXX] To enable debug mode, add "debug" after the plugin name in plugins.ini (without quotes).
L 11/26/2016 - 10:51:26: [AMXX] Run time error 4 (plugin "Vegetto.amxx") - debug not enabled!
L 11/26/2016 - 10:51:26: [AMXX] To enable debug mode, add "debug" after the plugin name in plugins.ini (without quotes).
L 11/26/2016 - 10:51:26: [AMXX] Run time error 4 (plugin "Vegetto.amxx") - debug not enabled!
L 11/26/2016 - 10:51:26: [AMXX] To enable debug mode, add "debug" after the plugin name in plugins.ini (without quotes).
L 11/26/2016 - 10:51:26: [AMXX] Run time error 4 (plugin "Vegetto.amxx") - debug not enabled!
L 11/26/2016 - 10:51:26: [AMXX] To enable debug mode, add "debug" after the plugin name in plugins.ini (without quotes).
L 11/26/2016 - 10:51:26: [AMXX] Run time error 4 (plugin "Vegetto.amxx") - debug not enabled!
L 11/26/2016 - 10:51:26: [AMXX] To enable debug mode, add "debug" after the plugin name in plugins.ini (without quotes).
L 11/26/2016 - 10:51:30: [AMXX] Run time error 4 (plugin "Vegeta-TS.amxx") - debug not enabled!
L 11/26/2016 - 10:51:30: [AMXX] To enable debug mode, add "debug" after the plugin name in plugins.ini (without quotes).
L 11/26/2016 - 10:51:33: [AMXX] Run time error 4 (plugin "Vegeta-TS.amxx") - debug not enabled!
L 11/26/2016 - 10:51:33: [AMXX] To enable debug mode, add "debug" after the plugin name in plugins.ini (without quotes).
L 11/26/2016 - 10:51:38: [AMXX] Run time error 4 (plugin "Vegeta-TS.amxx") - debug not enabled!
L 11/26/2016 - 10:51:38: [AMXX] To enable debug mode, add "debug" after the plugin name in plugins.ini (without quotes).
L 11/26/2016 - 10:51:40: [AMXX] Run time error 4 (plugin "Vegeta-TS.amxx") - debug not enabled!
L 11/26/2016 - 10:51:40: [AMXX] To enable debug mode, add "debug" after the plugin name in plugins.ini (without quotes).
L 11/26/2016 - 10:51:42: [AMXX] Run time error 4 (plugin "Vegeta-TS.amxx") - debug not enabled!
L 11/26/2016 - 10:51:42: [AMXX] To enable debug mode, add "debug" after the plugin name in plugins.ini (without quotes).
L 11/26/2016 - 10:51:42: [AMXX] Run time error 4 (plugin "Vegeta-TS.amxx") - debug not enabled!
L 11/26/2016 - 10:51:42: [AMXX] To enable debug mode, add "debug" after the plugin name in plugins.ini (without quotes).
L 11/26/2016 - 10:52:06: [AMXX] Run time error 4 (plugin "Vegeta-TS.amxx") - debug not enabled!
L 11/26/2016 - 10:52:06: [AMXX] To enable debug mode, add "debug" after the plugin name in plugins.ini (without quotes).
L 11/26/2016 - 10:52:23: [AMXX] Run time error 4 (plugin "Vegeta-TS.amxx") - debug not enabled!
L 11/26/2016 - 10:52:23: [AMXX] To enable debug mode, add "debug" after the plugin name in plugins.ini (without quotes).
L 11/26/2016 - 10:52:27: [AMXX] Run time error 4 (plugin "Vegeta-TS.amxx") - debug not enabled!
L 11/26/2016 - 10:52:27: [AMXX] To enable debug mode, add "debug" after the plugin name in plugins.ini (without quotes).
L 11/26/2016 - 10:52:32: [AMXX] Run time error 4 (plugin "Vegeta-TS.amxx") - debug not enabled!
L 11/26/2016 - 10:52:32: [AMXX] To enable debug mode, add "debug" after the plugin name in plugins.ini (without quotes).
L 11/26/2016 - 10:52:38: [AMXX] Run time error 4 (plugin "Vegeta-TS.amxx") - debug not enabled!
L 11/26/2016 - 10:52:38: [AMXX] To enable debug mode, add "debug" after the plugin name in plugins.ini (without quotes).
L 11/26/2016 - 10:52:41: [AMXX] Run time error 4 (plugin "Goku-TS.amxx") - debug not enabled!
L 11/26/2016 - 10:52:41: [AMXX] To enable debug mode, add "debug" after the plugin name in plugins.ini (without quotes).
L 11/26/2016 - 10:52:43: [AMXX] Run time error 4 (plugin "Vegeta-TS.amxx") - debug not enabled!
L 11/26/2016 - 10:52:43: [AMXX] To enable debug mode, add "debug" after the plugin name in plugins.ini (without quotes).
L 11/26/2016 - 10:52:51: [AMXX] Run time error 4 (plugin "Vegeta-TS.amxx") - debug not enabled!
L 11/26/2016 - 10:52:51: [AMXX] To enable debug mode, add "debug" after the plugin name in plugins.ini (without quotes).
L 11/26/2016 - 10:52:53: [AMXX] Run time error 4 (plugin "Vegeta-TS.amxx") - debug not enabled!
L 11/26/2016 - 10:52:53: [AMXX] To enable debug mode, add "debug" after the plugin name in plugins.ini (without quotes).
L 11/26/2016 - 10:53:04: [AMXX] Run time error 4 (plugin "Vegeta-TS.amxx") - debug not enabled!
L 11/26/2016 - 10:53:04: [AMXX] To enable debug mode, add "debug" after the plugin name in plugins.ini (without quotes).
L 11/26/2016 - 10:53:09: Function is not present (function "fxScream3") (plugin "CX/Vegetto.amxx")
L 11/26/2016 - 10:53:09: [AMXX] Run time error 10 (plugin "Vegetto.amxx") (native "set_task") - debug not enabled!
L 11/26/2016 - 10:53:09: [AMXX] To enable debug mode, add "debug" after the plugin name in plugins.ini (without quotes).
L 11/26/2016 - 10:53:16: [AMXX] Run time error 4 (plugin "Vegeta-TS.amxx") - debug not enabled!
L 11/26/2016 - 10:53:16: [AMXX] To enable debug mode, add "debug" after the plugin name in plugins.ini (without quotes).
L 11/26/2016 - 10:53:18: [AMXX] Run time error 4 (plugin "Vegetto.amxx") - debug not enabled!
L 11/26/2016 - 10:53:18: [AMXX] To enable debug mode, add "debug" after the plugin name in plugins.ini (without quotes).
L 11/26/2016 - 10:53:27: [AMXX] Run time error 4 (plugin "Vegetto.amxx") - debug not enabled!
L 11/26/2016 - 10:53:27: [AMXX] To enable debug mode, add "debug" after the plugin name in plugins.ini (without quotes).
L 11/26/2016 - 10:53:30: [AMXX] Run time error 4 (plugin "Vegeta-TS.amxx") - debug not enabled!
L 11/26/2016 - 10:53:30: [AMXX] To enable debug mode, add "debug" after the plugin name in plugins.ini (without quotes).
L 11/26/2016 - 10:53:33: [AMXX] Run time error 4 (plugin "Vegetto.amxx") - debug not enabled!
L 11/26/2016 - 10:53:33: [AMXX] To enable debug mode, add "debug" after the plugin name in plugins.ini (without quotes).
L 11/26/2016 - 10:53:33: [AMXX] Run time error 4 (plugin "Vegeta-TS.amxx") - debug not enabled!
L 11/26/2016 - 10:53:33: [AMXX] To enable debug mode, add "debug" after the plugin name in plugins.ini (without quotes).
L 11/26/2016 - 10:53:40: [AMXX] Run time error 4 (plugin "Vegeta-TS.amxx") - debug not enabled!
L 11/26/2016 - 10:53:40: [AMXX] To enable debug mode, add "debug" after the plugin name in plugins.ini (without quotes).
L 11/26/2016 - 10:53:46: [AMXX] Run time error 4 (plugin "Vegeta-TS.amxx") - debug not enabled!
L 11/26/2016 - 10:53:46: [AMXX] To enable debug mode, add "debug" after the plugin name in plugins.ini (without quotes).
L 11/26/2016 - 10:53:53: [AMXX] Run time error 4 (plugin "Vegeta-TS.amxx") - debug not enabled!
L 11/26/2016 - 10:53:53: [AMXX] To enable debug mode, add "debug" after the plugin name in plugins.ini (without quotes).
L 11/26/2016 - 10:54:01: [AMXX] Run time error 4 (plugin "Vegeta-TS.amxx") - debug not enabled!
L 11/26/2016 - 10:54:01: [AMXX] To enable debug mode, add "debug" after the plugin name in plugins.ini (without quotes).
L 11/26/2016 - 10:54:02: [AMXX] Run time error 4 (plugin "Vegeta-TS.amxx") - debug not enabled!
L 11/26/2016 - 10:54:02: [AMXX] To enable debug mode, add "debug" after the plugin name in plugins.ini (without quotes).
L 11/26/2016 - 10:54:09: [AMXX] Run time error 4 (plugin "Vegetto.amxx") - debug not enabled!
L 11/26/2016 - 10:54:09: [AMXX] To enable debug mode, add "debug" after the plugin name in plugins.ini (without quotes).
L 11/26/2016 - 10:54:20: [AMXX] Run time error 4 (plugin "Vegetto.amxx") - debug not enabled!
L 11/26/2016 - 10:54:20: [AMXX] To enable debug mode, add "debug" after the plugin name in plugins.ini (without quotes).
L 11/26/2016 - 10:54:20: [AMXX] Run time error 4 (plugin "Vegetto.amxx") - debug not enabled!
L 11/26/2016 - 10:54:20: [AMXX] To enable debug mode, add "debug" after the plugin name in plugins.ini (without quotes).
L 11/26/2016 - 10:54:24: [AMXX] Run time error 4 (plugin "Vegeta-TS.amxx") - debug not enabled!
L 11/26/2016 - 10:54:24: [AMXX] To enable debug mode, add "debug" after the plugin name in plugins.ini (without quotes).
L 11/26/2016 - 10:54:30: [AMXX] Run time error 4 (plugin "Vegeta-TS.amxx") - debug not enabled!
L 11/26/2016 - 10:54:30: [AMXX] To enable debug mode, add "debug" after the plugin name in plugins.ini (without quotes).
L 11/26/2016 - 10:54:32: [AMXX] Run time error 4 (plugin "Vegeta-TS.amxx") - debug not enabled!
L 11/26/2016 - 10:54:32: [AMXX] To enable debug mode, add "debug" after the plugin name in plugins.ini (without quotes).
L 11/26/2016 - 10:54:42: [AMXX] Run time error 4 (plugin "Vegeta-TS.amxx") - debug not enabled!
L 11/26/2016 - 10:54:42: [AMXX] To enable debug mode, add "debug" after the plugin name in plugins.ini (without quotes).
L 11/26/2016 - 10:54:47: [AMXX] Run time error 4 (plugin "Vegeta-TS.amxx") - debug not enabled!
L 11/26/2016 - 10:54:47: [AMXX] To enable debug mode, add "debug" after the plugin name in plugins.ini (without quotes).
L 11/26/2016 - 10:55:23: [AMXX] Run time error 4 (plugin "Vegetto.amxx") - debug not enabled!
L 11/26/2016 - 10:55:23: [AMXX] To enable debug mode, add "debug" after the plugin name in plugins.ini (without quotes).
L 11/26/2016 - 10:55:24: [AMXX] Run time error 4 (plugin "Vegetto.amxx") - debug not enabled!
L 11/26/2016 - 10:55:24: [AMXX] To enable debug mode, add "debug" after the plugin name in plugins.ini (without quotes).
L 11/26/2016 - 10:55:26: [AMXX] Run time error 4 (plugin "Vegetto.amxx") - debug not enabled!
L 11/26/2016 - 10:55:26: [AMXX] To enable debug mode, add "debug" after the plugin name in plugins.ini (without quotes).
L 11/26/2016 - 10:55:26: [AMXX] Run time error 4 (plugin "Vegetto.amxx") - debug not enabled!
L 11/26/2016 - 10:55:26: [AMXX] To enable debug mode, add "debug" after the plugin name in plugins.ini (without quotes).
L 11/26/2016 - 10:57:18: [AMXX] Run time error 4 (plugin "Vegetto.amxx") - debug not enabled!
L 11/26/2016 - 10:57:18: [AMXX] To enable debug mode, add "debug" after the plugin name in plugins.ini (without quotes).
L 11/26/2016 - 10:57:45: [AMXX] Run time error 4 (plugin "Vegetto.amxx") - debug not enabled!
L 11/26/2016 - 10:57:45: [AMXX] To enable debug mode, add "debug" after the plugin name in plugins.ini (without quotes).
L 11/26/2016 - 10:58:56: Start of error session.
L 11/26/2016 - 10:58:56: Info (map "esf_Guru") (logfile "error_112616.log")
L 11/26/2016 - 10:58:56: [AMXX] Run time error 4 (plugin "Goku-TS.amxx") - debug not enabled!
L 11/26/2016 - 10:58:56: [AMXX] To enable debug mode, add "debug" after the plugin name in plugins.ini (without quotes).
L 11/26/2016 - 10:59:15: [AMXX] Run time error 4 (plugin "Goku-TS.amxx") - debug not enabled!
L 11/26/2016 - 10:59:15: [AMXX] To enable debug mode, add "debug" after the plugin name in plugins.ini (without quotes).
L 11/26/2016 - 10:59:29: Not currently in a dynamic native
L 11/26/2016 - 10:59:29: [AMXX] Run time error 10 (plugin "FxLib.amxx") (native "get_param_byref") - debug not enabled!
L 11/26/2016 - 10:59:29: [AMXX] To enable debug mode, add "debug" after the plugin name in plugins.ini (without quotes).
L 11/26/2016 - 10:59:29: [AMXX] Run time error -1 (plugin "FxLib.amxx") - debug not enabled!
L 11/26/2016 - 10:59:29: [AMXX] To enable debug mode, add "debug" after the plugin name in plugins.ini (without quotes).
L 11/26/2016 - 11:00:45: Start of error session.
L 11/26/2016 - 11:00:45: Info (map "esf_Guru") (logfile "error_112616.log")
L 11/26/2016 - 11:00:45: [AMXX] Run time error 4 (plugin "Goku-TS.amxx") - debug not enabled!
L 11/26/2016 - 11:00:45: [AMXX] To enable debug mode, add "debug" after the plugin name in plugins.ini (without quotes).
L 11/26/2016 - 11:01:14: Function is not present (function "fxScream3") (plugin "CX/Vegetto.amxx")
L 11/26/2016 - 11:01:14: [AMXX] Run time error 10 (plugin "Vegetto.amxx") (native "set_task") - debug not enabled!
L 11/26/2016 - 11:01:14: [AMXX] To enable debug mode, add "debug" after the plugin name in plugins.ini (without quotes).
L 11/26/2016 - 11:03:34: [AMXX] Run time error 4 (plugin "Goku-TS.amxx") - debug not enabled!
L 11/26/2016 - 11:03:34: [AMXX] To enable debug mode, add "debug" after the plugin name in plugins.ini (without quotes).
L 11/26/2016 - 11:03:39: [AMXX] Run time error 4 (plugin "Goku-TS.amxx") - debug not enabled!
L 11/26/2016 - 11:03:39: [AMXX] To enable debug mode, add "debug" after the plugin name in plugins.ini (without quotes).
L 11/26/2016 - 11:03:44: [AMXX] Run time error 4 (plugin "Goku-TS.amxx") - debug not enabled!
L 11/26/2016 - 11:03:44: [AMXX] To enable debug mode, add "debug" after the plugin name in plugins.ini (without quotes).
L 11/26/2016 - 11:03:45: [AMXX] Run time error 4 (plugin "Goku-TS.amxx") - debug not enabled!
L 11/26/2016 - 11:03:45: [AMXX] To enable debug mode, add "debug" after the plugin name in plugins.ini (without quotes).
L 11/26/2016 - 11:03:59: [AMXX] Run time error 4 (plugin "Vegeta-TS.amxx") - debug not enabled!
L 11/26/2016 - 11:03:59: [AMXX] To enable debug mode, add "debug" after the plugin name in plugins.ini (without quotes).
L 11/26/2016 - 11:04:01: [AMXX] Run time error 4 (plugin "Vegeta-TS.amxx") - debug not enabled!
L 11/26/2016 - 11:04:01: [AMXX] To enable debug mode, add "debug" after the plugin name in plugins.ini (without quotes).
L 11/26/2016 - 11:04:19: [AMXX] Run time error 4 (plugin "Goku-TS.amxx") - debug not enabled!
L 11/26/2016 - 11:04:19: [AMXX] To enable debug mode, add "debug" after the plugin name in plugins.ini (without quotes).
L 11/26/2016 - 11:04:25: [AMXX] Run time error 4 (plugin "Goku-TS.amxx") - debug not enabled!
L 11/26/2016 - 11:04:25: [AMXX] To enable debug mode, add "debug" after the plugin name in plugins.ini (without quotes).
L 11/26/2016 - 11:04:32: [AMXX] Run time error 4 (plugin "Vegeta-TS.amxx") - debug not enabled!
L 11/26/2016 - 11:04:32: [AMXX] To enable debug mode, add "debug" after the plugin name in plugins.ini (without quotes).
L 11/26/2016 - 11:04:37: [AMXX] Run time error 4 (plugin "Vegeta-TS.amxx") - debug not enabled!
L 11/26/2016 - 11:04:37: [AMXX] To enable debug mode, add "debug" after the plugin name in plugins.ini (without quotes).
L 11/26/2016 - 11:04:43: [AMXX] Run time error 4 (plugin "Vegeta-TS.amxx") - debug not enabled!
L 11/26/2016 - 11:04:43: [AMXX] To enable debug mode, add "debug" after the plugin name in plugins.ini (without quotes).
L 11/26/2016 - 11:04:43: [AMXX] Run time error 4 (plugin "Goku-TS.amxx") - debug not enabled!
L 11/26/2016 - 11:04:43: [AMXX] To enable debug mode, add "debug" after the plugin name in plugins.ini (without quotes).
L 11/26/2016 - 11:04:48: [AMXX] Run time error 4 (plugin "Goku-TS.amxx") - debug not enabled!
L 11/26/2016 - 11:04:48: [AMXX] To enable debug mode, add "debug" after the plugin name in plugins.ini (without quotes).
L 11/26/2016 - 11:04:50: [AMXX] Run time error 4 (plugin "Vegeta-TS.amxx") - debug not enabled!
L 11/26/2016 - 11:04:50: [AMXX] To enable debug mode, add "debug" after the plugin name in plugins.ini (without quotes).
L 11/26/2016 - 11:04:52: [AMXX] Run time error 4 (plugin "Goku-TS.amxx") - debug not enabled!
L 11/26/2016 - 11:04:52: [AMXX] To enable debug mode, add "debug" after the plugin name in plugins.ini (without quotes).
L 11/26/2016 - 11:04:52: [AMXX] Run time error 4 (plugin "Vegeta-TS.amxx") - debug not enabled!
L 11/26/2016 - 11:04:52: [AMXX] To enable debug mode, add "debug" after the plugin name in plugins.ini (without quotes).
L 11/26/2016 - 11:04:55: [AMXX] Run time error 4 (plugin "Goku-TS.amxx") - debug not enabled!
L 11/26/2016 - 11:04:55: [AMXX] To enable debug mode, add "debug" after the plugin name in plugins.ini (without quotes).
L 11/26/2016 - 11:05:01: [AMXX] Run time error 4 (plugin "Goku-TS.amxx") - debug not enabled!
L 11/26/2016 - 11:05:01: [AMXX] To enable debug mode, add "debug" after the plugin name in plugins.ini (without quotes).
L 11/26/2016 - 11:05:03: [AMXX] Run time error 4 (plugin "Vegeta-TS.amxx") - debug not enabled!
L 11/26/2016 - 11:05:03: [AMXX] To enable debug mode, add "debug" after the plugin name in plugins.ini (without quotes).
L 11/26/2016 - 11:05:05: [AMXX] Run time error 4 (plugin "Vegeta-TS.amxx") - debug not enabled!
L 11/26/2016 - 11:05:05: [AMXX] To enable debug mode, add "debug" after the plugin name in plugins.ini (without quotes).
L 11/26/2016 - 11:05:15: [AMXX] Run time error 4 (plugin "Vegeta-TS.amxx") - debug not enabled!
L 11/26/2016 - 11:05:15: [AMXX] To enable debug mode, add "debug" after the plugin name in plugins.ini (without quotes).
L 11/26/2016 - 11:05:16: [AMXX] Run time error 4 (plugin "Vegeta-TS.amxx") - debug not enabled!
L 11/26/2016 - 11:05:16: [AMXX] To enable debug mode, add "debug" after the plugin name in plugins.ini (without quotes).
L 11/26/2016 - 11:05:31: [AMXX] Run time error 4 (plugin "Goku-TS.amxx") - debug not enabled!
L 11/26/2016 - 11:05:31: [AMXX] To enable debug mode, add "debug" after the plugin name in plugins.ini (without quotes).
L 11/26/2016 - 11:05:38: [AMXX] Run time error 4 (plugin "Goku-TS.amxx") - debug not enabled!
L 11/26/2016 - 11:05:38: [AMXX] To enable debug mode, add "debug" after the plugin name in plugins.ini (without quotes).
L 11/26/2016 - 11:05:57: [AMXX] Run time error 4 (plugin "Goku-TS.amxx") - debug not enabled!
L 11/26/2016 - 11:05:57: [AMXX] To enable debug mode, add "debug" after the plugin name in plugins.ini (without quotes).
L 11/26/2016 - 11:06:24: Function is not present (function "fxScream3") (plugin "CX/Vegetto.amxx")
L 11/26/2016 - 11:06:24: [AMXX] Run time error 10 (plugin "Vegetto.amxx") (native "set_task") - debug not enabled!
L 11/26/2016 - 11:06:24: [AMXX] To enable debug mode, add "debug" after the plugin name in plugins.ini (without quotes).
L 11/26/2016 - 11:06:35: [AMXX] Run time error 4 (plugin "Vegetto.amxx") - debug not enabled!
L 11/26/2016 - 11:06:35: [AMXX] To enable debug mode, add "debug" after the plugin name in plugins.ini (without quotes).
L 11/26/2016 - 11:06:38: [AMXX] Run time error 4 (plugin "Vegetto.amxx") - debug not enabled!
L 11/26/2016 - 11:06:38: [AMXX] To enable debug mode, add "debug" after the plugin name in plugins.ini (without quotes).
L 11/26/2016 - 11:07:18: [AMXX] Run time error 4 (plugin "Vegetto.amxx") - debug not enabled!
L 11/26/2016 - 11:07:18: [AMXX] To enable debug mode, add "debug" after the plugin name in plugins.ini (without quotes).
L 11/26/2016 - 11:07:19: [AMXX] Run time error 4 (plugin "Vegetto.amxx") - debug not enabled!
L 11/26/2016 - 11:07:20: [AMXX] To enable debug mode, add "debug" after the plugin name in plugins.ini (without quotes).
L 11/26/2016 - 11:07:22: [AMXX] Run time error 4 (plugin "Vegetto.amxx") - debug not enabled!
L 11/26/2016 - 11:07:22: [AMXX] To enable debug mode, add "debug" after the plugin name in plugins.ini (without quotes).
L 11/26/2016 - 11:07:33: [AMXX] Run time error 4 (plugin "Vegeta-TS.amxx") - debug not enabled!
L 11/26/2016 - 11:07:33: [AMXX] To enable debug mode, add "debug" after the plugin name in plugins.ini (without quotes).
L 11/26/2016 - 11:07:35: [AMXX] Run time error 4 (plugin "Vegeta-TS.amxx") - debug not enabled!
L 11/26/2016 - 11:07:35: [AMXX] To enable debug mode, add "debug" after the plugin name in plugins.ini (without quotes).
L 11/26/2016 - 11:07:38: [AMXX] Run time error 4 (plugin "Vegeta-TS.amxx") - debug not enabled!
L 11/26/2016 - 11:07:38: [AMXX] To enable debug mode, add "debug" after the plugin name in plugins.ini (without quotes).
L 11/26/2016 - 11:07:40: [AMXX] Run time error 4 (plugin "Vegeta-TS.amxx") - debug not enabled!
L 11/26/2016 - 11:07:40: [AMXX] To enable debug mode, add "debug" after the plugin name in plugins.ini (without quotes).
L 11/26/2016 - 11:07:44: [AMXX] Run time error 4 (plugin "Vegeta-TS.amxx") - debug not enabled!
L 11/26/2016 - 11:07:44: [AMXX] To enable debug mode, add "debug" after the plugin name in plugins.ini (without quotes).
L 11/26/2016 - 11:08:30: Function is not present (function "fxScream3") (plugin "CX/Vegetto.amxx")
L 11/26/2016 - 11:08:30: [AMXX] Run time error 10 (plugin "Vegetto.amxx") (native "set_task") - debug not enabled!
L 11/26/2016 - 11:08:30: [AMXX] To enable debug mode, add "debug" after the plugin name in plugins.ini (without quotes).
L 11/26/2016 - 11:08:41: [AMXX] Run time error 4 (plugin "Vegetto.amxx") - debug not enabled!
L 11/26/2016 - 11:08:41: [AMXX] To enable debug mode, add "debug" after the plugin name in plugins.ini (without quotes).
L 11/26/2016 - 11:08:57: [AMXX] Run time error 4 (plugin "Vegetto.amxx") - debug not enabled!
L 11/26/2016 - 11:08:57: [AMXX] To enable debug mode, add "debug" after the plugin name in plugins.ini (without quotes).
L 11/26/2016 - 11:09:07: [AMXX] Run time error 4 (plugin "Vegetto.amxx") - debug not enabled!
L 11/26/2016 - 11:09:07: [AMXX] To enable debug mode, add "debug" after the plugin name in plugins.ini (without quotes).
L 11/26/2016 - 11:09:08: [AMXX] Run time error 4 (plugin "Vegetto.amxx") - debug not enabled!
L 11/26/2016 - 11:09:08: [AMXX] To enable debug mode, add "debug" after the plugin name in plugins.ini (without quotes).
L 11/26/2016 - 11:09:12: [AMXX] Run time error 4 (plugin "Vegetto.amxx") - debug not enabled!
L 11/26/2016 - 11:09:12: [AMXX] To enable debug mode, add "debug" after the plugin name in plugins.ini (without quotes).
L 11/26/2016 - 11:09:14: [AMXX] Run time error 4 (plugin "Vegetto.amxx") - debug not enabled!
L 11/26/2016 - 11:09:14: [AMXX] To enable debug mode, add "debug" after the plugin name in plugins.ini (without quotes).
L 11/26/2016 - 11:09:21: [AMXX] Run time error 4 (plugin "Vegetto.amxx") - debug not enabled!
L 11/26/2016 - 11:09:21: [AMXX] To enable debug mode, add "debug" after the plugin name in plugins.ini (without quotes).
L 11/26/2016 - 11:09:22: [AMXX] Run time error 4 (plugin "Vegetto.amxx") - debug not enabled!
L 11/26/2016 - 11:09:22: [AMXX] To enable debug mode, add "debug" after the plugin name in plugins.ini (without quotes).
L 11/26/2016 - 11:09:27: [AMXX] Run time error 4 (plugin "Vegetto.amxx") - debug not enabled!
L 11/26/2016 - 11:09:27: [AMXX] To enable debug mode, add "debug" after the plugin name in plugins.ini (without quotes).
L 11/26/2016 - 11:09:29: [AMXX] Run time error 4 (plugin "Vegetto.amxx") - debug not enabled!
L 11/26/2016 - 11:09:29: [AMXX] To enable debug mode, add "debug" after the plugin name in plugins.ini (without quotes).
L 11/26/2016 - 11:09:35: [AMXX] Run time error 4 (plugin "Vegetto.amxx") - debug not enabled!
L 11/26/2016 - 11:09:35: [AMXX] To enable debug mode, add "debug" after the plugin name in plugins.ini (without quotes).
L 11/26/2016 - 11:09:40: [AMXX] Run time error 4 (plugin "Vegetto.amxx") - debug not enabled!
L 11/26/2016 - 11:09:40: [AMXX] To enable debug mode, add "debug" after the plugin name in plugins.ini (without quotes).
L 11/26/2016 - 11:09:59: [AMXX] Run time error 4 (plugin "Vegetto.amxx") - debug not enabled!
L 11/26/2016 - 11:09:59: [AMXX] To enable debug mode, add "debug" after the plugin name in plugins.ini (without quotes).
L 11/26/2016 - 11:10:01: [AMXX] Run time error 4 (plugin "Vegetto.amxx") - debug not enabled!
L 11/26/2016 - 11:10:01: [AMXX] To enable debug mode, add "debug" after the plugin name in plugins.ini (without quotes).
L 11/26/2016 - 11:10:23: [AMXX] Run time error 4 (plugin "Vegetto.amxx") - debug not enabled!
L 11/26/2016 - 11:10:23: [AMXX] To enable debug mode, add "debug" after the plugin name in plugins.ini (without quotes).
L 11/26/2016 - 11:10:28: [AMXX] Run time error 4 (plugin "Vegetto.amxx") - debug not enabled!
L 11/26/2016 - 11:10:28: [AMXX] To enable debug mode, add "debug" after the plugin name in plugins.ini (without quotes).
L 11/26/2016 - 11:10:32: [AMXX] Run time error 4 (plugin "Vegetto.amxx") - debug not enabled!
L 11/26/2016 - 11:10:32: [AMXX] To enable debug mode, add "debug" after the plugin name in plugins.ini (without quotes).
L 11/26/2016 - 11:10:36: [AMXX] Run time error 4 (plugin "Vegetto.amxx") - debug not enabled!
L 11/26/2016 - 11:10:36: [AMXX] To enable debug mode, add "debug" after the plugin name in plugins.ini (without quotes).
L 11/26/2016 - 11:10:37: [AMXX] Run time error 4 (plugin "Vegetto.amxx") - debug not enabled!
L 11/26/2016 - 11:10:37: [AMXX] To enable debug mode, add "debug" after the plugin name in plugins.ini (without quotes).
L 11/26/2016 - 11:10:37: [AMXX] Run time error 4 (plugin "Vegetto.amxx") - debug not enabled!
L 11/26/2016 - 11:10:37: [AMXX] To enable debug mode, add "debug" after the plugin name in plugins.ini (without quotes).
L 11/26/2016 - 11:10:37: [AMXX] Run time error 4 (plugin "Vegetto.amxx") - debug not enabled!
L 11/26/2016 - 11:10:37: [AMXX] To enable debug mode, add "debug" after the plugin name in plugins.ini (without quotes).
L 11/26/2016 - 11:10:44: [AMXX] Run time error 4 (plugin "Vegetto.amxx") - debug not enabled!
L 11/26/2016 - 11:10:44: [AMXX] To enable debug mode, add "debug" after the plugin name in plugins.ini (without quotes).
L 11/26/2016 - 11:10:48: [AMXX] Run time error 4 (plugin "Vegetto.amxx") - debug not enabled!
L 11/26/2016 - 11:10:48: [AMXX] To enable debug mode, add "debug" after the plugin name in plugins.ini (without quotes).
L 11/26/2016 - 11:10:57: [AMXX] Run time error 4 (plugin "Vegetto.amxx") - debug not enabled!
L 11/26/2016 - 11:10:57: [AMXX] To enable debug mode, add "debug" after the plugin name in plugins.ini (without quotes).
L 11/26/2016 - 11:10:59: [AMXX] Run time error 4 (plugin "Vegetto.amxx") - debug not enabled!
L 11/26/2016 - 11:10:59: [AMXX] To enable debug mode, add "debug" after the plugin name in plugins.ini (without quotes).
L 11/26/2016 - 11:11:11: [AMXX] Run time error 4 (plugin "Vegetto.amxx") - debug not enabled!
L 11/26/2016 - 11:11:11: [AMXX] To enable debug mode, add "debug" after the plugin name in plugins.ini (without quotes).
L 11/26/2016 - 11:11:23: [AMXX] Run time error 4 (plugin "Vegetto.amxx") - debug not enabled!
L 11/26/2016 - 11:11:23: [AMXX] To enable debug mode, add "debug" after the plugin name in plugins.ini (without quotes).
L 11/26/2016 - 11:11:26: [AMXX] Run time error 4 (plugin "Vegetto.amxx") - debug not enabled!
L 11/26/2016 - 11:11:26: [AMXX] To enable debug mode, add "debug" after the plugin name in plugins.ini (without quotes).
L 11/26/2016 - 11:11:27: [AMXX] Run time error 4 (plugin "Vegetto.amxx") - debug not enabled!
L 11/26/2016 - 11:11:27: [AMXX] To enable debug mode, add "debug" after the plugin name in plugins.ini (without quotes).
L 11/26/2016 - 11:12:35: [AMXX] Run time error 4 (plugin "Goku-TS.amxx") - debug not enabled!
L 11/26/2016 - 11:12:35: [AMXX] To enable debug mode, add "debug" after the plugin name in plugins.ini (without quotes).
L 11/26/2016 - 11:12:40: [AMXX] Run time error 4 (plugin "Goku-TS.amxx") - debug not enabled!
L 11/26/2016 - 11:12:40: [AMXX] To enable debug mode, add "debug" after the plugin name in plugins.ini (without quotes).
L 11/26/2016 - 11:12:42: [AMXX] Run time error 4 (plugin "Goku-TS.amxx") - debug not enabled!
L 11/26/2016 - 11:12:42: [AMXX] To enable debug mode, add "debug" after the plugin name in plugins.ini (without quotes).
L 11/26/2016 - 11:12:49: [AMXX] Run time error 4 (plugin "Vegetto.amxx") - debug not enabled!
L 11/26/2016 - 11:12:49: [AMXX] To enable debug mode, add "debug" after the plugin name in plugins.ini (without quotes).
L 11/26/2016 - 11:13:11: [AMXX] Run time error 4 (plugin "Vegetto.amxx") - debug not enabled!
L 11/26/2016 - 11:13:11: [AMXX] To enable debug mode, add "debug" after the plugin name in plugins.ini (without quotes).
L 11/26/2016 - 11:13:27: [AMXX] Run time error 4 (plugin "Vegetto.amxx") - debug not enabled!
L 11/26/2016 - 11:13:27: [AMXX] To enable debug mode, add "debug" after the plugin name in plugins.ini (without quotes).
L 11/26/2016 - 11:13:36: [AMXX] Run time error 4 (plugin "Vegetto.amxx") - debug not enabled!
L 11/26/2016 - 11:13:36: [AMXX] To enable debug mode, add "debug" after the plugin name in plugins.ini (without quotes).
L 11/26/2016 - 11:13:41: [AMXX] Run time error 4 (plugin "Goku-TS.amxx") - debug not enabled!
L 11/26/2016 - 11:13:41: [AMXX] To enable debug mode, add "debug" after the plugin name in plugins.ini (without quotes).
L 11/26/2016 - 11:14:12: [AMXX] Run time error 4 (plugin "Vegetto.amxx") - debug not enabled!
L 11/26/2016 - 11:14:12: [AMXX] To enable debug mode, add "debug" after the plugin name in plugins.ini (without quotes).
L 11/26/2016 - 11:14:13: [AMXX] Run time error 4 (plugin "Vegetto.amxx") - debug not enabled!
L 11/26/2016 - 11:14:13: [AMXX] To enable debug mode, add "debug" after the plugin name in plugins.ini (without quotes).
L 11/26/2016 - 11:14:29: [AMXX] Run time error 4 (plugin "Vegetto.amxx") - debug not enabled!
L 11/26/2016 - 11:14:29: [AMXX] To enable debug mode, add "debug" after the plugin name in plugins.ini (without quotes).
L 11/26/2016 - 11:14:30: [AMXX] Run time error 4 (plugin "Vegetto.amxx") - debug not enabled!
L 11/26/2016 - 11:14:30: [AMXX] To enable debug mode, add "debug" after the plugin name in plugins.ini (without quotes).
L 11/26/2016 - 11:14:34: [AMXX] Run time error 4 (plugin "Vegetto.amxx") - debug not enabled!
L 11/26/2016 - 11:14:34: [AMXX] To enable debug mode, add "debug" after the plugin name in plugins.ini (without quotes).
L 11/26/2016 - 11:14:38: [AMXX] Run time error 4 (plugin "Vegetto.amxx") - debug not enabled!
L 11/26/2016 - 11:14:38: [AMXX] To enable debug mode, add "debug" after the plugin name in plugins.ini (without quotes).
L 11/26/2016 - 11:14:38: [AMXX] Run time error 4 (plugin "Vegetto.amxx") - debug not enabled!
L 11/26/2016 - 11:14:38: [AMXX] To enable debug mode, add "debug" after the plugin name in plugins.ini (without quotes).
L 11/26/2016 - 11:15:00: [AMXX] Run time error 4 (plugin "Vegetto.amxx") - debug not enabled!
L 11/26/2016 - 11:15:00: [AMXX] To enable debug mode, add "debug" after the plugin name in plugins.ini (without quotes).
L 11/26/2016 - 11:15:00: [AMXX] Run time error 4 (plugin "Vegetto.amxx") - debug not enabled!
L 11/26/2016 - 11:15:00: [AMXX] To enable debug mode, add "debug" after the plugin name in plugins.ini (without quotes).
L 11/26/2016 - 11:15:01: [AMXX] Run time error 4 (plugin "Vegetto.amxx") - debug not enabled!
L 11/26/2016 - 11:15:01: [AMXX] To enable debug mode, add "debug" after the plugin name in plugins.ini (without quotes).
L 11/26/2016 - 11:15:07: [AMXX] Run time error 4 (plugin "Goku-TS.amxx") - debug not enabled!
L 11/26/2016 - 11:15:07: [AMXX] To enable debug mode, add "debug" after the plugin name in plugins.ini (without quotes).
L 11/26/2016 - 11:15:13: [AMXX] Run time error 4 (plugin "Goku-TS.amxx") - debug not enabled!
L 11/26/2016 - 11:15:13: [AMXX] To enable debug mode, add "debug" after the plugin name in plugins.ini (without quotes).
L 11/26/2016 - 11:15:15: [AMXX] Run time error 4 (plugin "Vegetto.amxx") - debug not enabled!
L 11/26/2016 - 11:15:15: [AMXX] To enable debug mode, add "debug" after the plugin name in plugins.ini (without quotes).
L 11/26/2016 - 11:15:17: [AMXX] Run time error 4 (plugin "Goku-TS.amxx") - debug not enabled!
L 11/26/2016 - 11:15:17: [AMXX] To enable debug mode, add "debug" after the plugin name in plugins.ini (without quotes).
L 11/26/2016 - 11:15:19: [AMXX] Run time error 4 (plugin "Goku-TS.amxx") - debug not enabled!
L 11/26/2016 - 11:15:19: [AMXX] To enable debug mode, add "debug" after the plugin name in plugins.ini (without quotes).
L 11/26/2016 - 11:15:42: [AMXX] Run time error 4 (plugin "Vegetto.amxx") - debug not enabled!
L 11/26/2016 - 11:15:42: [AMXX] To enable debug mode, add "debug" after the plugin name in plugins.ini (without quotes).
L 11/26/2016 - 11:15:50: [AMXX] Run time error 4 (plugin "Vegetto.amxx") - debug not enabled!
L 11/26/2016 - 11:15:50: [AMXX] To enable debug mode, add "debug" after the plugin name in plugins.ini (without quotes).
L 11/26/2016 - 11:15:53: [AMXX] Run time error 4 (plugin "Goku-TS.amxx") - debug not enabled!
L 11/26/2016 - 11:15:53: [AMXX] To enable debug mode, add "debug" after the plugin name in plugins.ini (without quotes).
L 11/26/2016 - 11:16:01: [AMXX] Run time error 4 (plugin "Goku-TS.amxx") - debug not enabled!
L 11/26/2016 - 11:16:01: [AMXX] To enable debug mode, add "debug" after the plugin name in plugins.ini (without quotes).
L 11/26/2016 - 11:16:02: [AMXX] Run time error 4 (plugin "Vegetto.amxx") - debug not enabled!
L 11/26/2016 - 11:16:02: [AMXX] To enable debug mode, add "debug" after the plugin name in plugins.ini (without quotes).
L 11/26/2016 - 11:16:05: [AMXX] Run time error 4 (plugin "Goku-TS.amxx") - debug not enabled!
L 11/26/2016 - 11:16:05: [AMXX] To enable debug mode, add "debug" after the plugin name in plugins.ini (without quotes).
L 11/26/2016 - 11:16:05: [AMXX] Run time error 4 (plugin "Goku-TS.amxx") - debug not enabled!
L 11/26/2016 - 11:16:05: [AMXX] To enable debug mode, add "debug" after the plugin name in plugins.ini (without quotes).
L 11/26/2016 - 11:16:16: [AMXX] Run time error 4 (plugin "Vegeta-TS.amxx") - debug not enabled!
L 11/26/2016 - 11:16:16: [AMXX] To enable debug mode, add "debug" after the plugin name in plugins.ini (without quotes).
L 11/26/2016 - 11:16:16: [AMXX] Run time error 4 (plugin "Goku-TS.amxx") - debug not enabled!
L 11/26/2016 - 11:16:16: [AMXX] To enable debug mode, add "debug" after the plugin name in plugins.ini (without quotes).
L 11/26/2016 - 11:16:20: [AMXX] Run time error 4 (plugin "Vegeta-TS.amxx") - debug not enabled!
L 11/26/2016 - 11:16:20: [AMXX] To enable debug mode, add "debug" after the plugin name in plugins.ini (without quotes).
L 11/26/2016 - 11:16:21: [AMXX] Run time error 4 (plugin "Vegeta-TS.amxx") - debug not enabled!
L 11/26/2016 - 11:16:21: [AMXX] To enable debug mode, add "debug" after the plugin name in plugins.ini (without quotes).
L 11/26/2016 - 11:16:24: [AMXX] Run time error 4 (plugin "Goku-TS.amxx") - debug not enabled!
L 11/26/2016 - 11:16:24: [AMXX] To enable debug mode, add "debug" after the plugin name in plugins.ini (without quotes).
L 11/26/2016 - 11:16:24: [AMXX] Run time error 4 (plugin "Goku-TS.amxx") - debug not enabled!
L 11/26/2016 - 11:16:24: [AMXX] To enable debug mode, add "debug" after the plugin name in plugins.ini (without quotes).
L 11/26/2016 - 11:16:24: [AMXX] Run time error 4 (plugin "Goku-TS.amxx") - debug not enabled!
L 11/26/2016 - 11:16:24: [AMXX] To enable debug mode, add "debug" after the plugin name in plugins.ini (without quotes).
L 11/26/2016 - 11:16:28: [AMXX] Run time error 4 (plugin "Goku-TS.amxx") - debug not enabled!
L 11/26/2016 - 11:16:28: [AMXX] To enable debug mode, add "debug" after the plugin name in plugins.ini (without quotes).
L 11/26/2016 - 11:16:54: [AMXX] Run time error 4 (plugin "Goku-TS.amxx") - debug not enabled!
L 11/26/2016 - 11:16:54: [AMXX] To enable debug mode, add "debug" after the plugin name in plugins.ini (without quotes).
L 11/26/2016 - 11:17:05: [AMXX] Run time error 4 (plugin "Goku-TS.amxx") - debug not enabled!
L 11/26/2016 - 11:17:05: [AMXX] To enable debug mode, add "debug" after the plugin name in plugins.ini (without quotes).
L 11/26/2016 - 11:17:05: [AMXX] Run time error 4 (plugin "Goku-TS.amxx") - debug not enabled!
L 11/26/2016 - 11:17:05: [AMXX] To enable debug mode, add "debug" after the plugin name in plugins.ini (without quotes).
L 11/26/2016 - 11:17:06: [AMXX] Run time error 4 (plugin "Goku-TS.amxx") - debug not enabled!
L 11/26/2016 - 11:17:06: [AMXX] To enable debug mode, add "debug" after the plugin name in plugins.ini (without quotes).
L 11/26/2016 - 11:17:22: [AMXX] Run time error 4 (plugin "Goku-TS.amxx") - debug not enabled!
L 11/26/2016 - 11:17:22: [AMXX] To enable debug mode, add "debug" after the plugin name in plugins.ini (without quotes).
L 11/26/2016 - 11:17:23: [AMXX] Run time error 4 (plugin "Goku-TS.amxx") - debug not enabled!
L 11/26/2016 - 11:17:23: [AMXX] To enable debug mode, add "debug" after the plugin name in plugins.ini (without quotes).
L 11/26/2016 - 11:17:32: [AMXX] Run time error 4 (plugin "Goku-TS.amxx") - debug not enabled!
L 11/26/2016 - 11:17:32: [AMXX] To enable debug mode, add "debug" after the plugin name in plugins.ini (without quotes).
L 11/26/2016 - 11:17:35: [AMXX] Run time error 4 (plugin "Goku-TS.amxx") - debug not enabled!
L 11/26/2016 - 11:17:35: [AMXX] To enable debug mode, add "debug" after the plugin name in plugins.ini (without quotes).
L 11/26/2016 - 11:17:38: [AMXX] Run time error 4 (plugin "Goku-TS.amxx") - debug not enabled!
L 11/26/2016 - 11:17:38: [AMXX] To enable debug mode, add "debug" after the plugin name in plugins.ini (without quotes).
L 11/26/2016 - 11:17:59: [AMXX] Run time error 4 (plugin "Goku-TS.amxx") - debug not enabled!
L 11/26/2016 - 11:17:59: [AMXX] To enable debug mode, add "debug" after the plugin name in plugins.ini (without quotes).
L 11/26/2016 - 11:18:36: [AMXX] Run time error 4 (plugin "Vegeta-TS.amxx") - debug not enabled!
L 11/26/2016 - 11:18:36: [AMXX] To enable debug mode, add "debug" after the plugin name in plugins.ini (without quotes).
L 11/26/2016 - 11:18:41: [AMXX] Run time error 4 (plugin "Vegeta-TS.amxx") - debug not enabled!
L 11/26/2016 - 11:18:41: [AMXX] To enable debug mode, add "debug" after the plugin name in plugins.ini (without quotes).
L 11/26/2016 - 11:18:47: [AMXX] Run time error 4 (plugin "Goku-TS.amxx") - debug not enabled!
L 11/26/2016 - 11:18:47: [AMXX] To enable debug mode, add "debug" after the plugin name in plugins.ini (without quotes).
L 11/26/2016 - 11:18:50: [AMXX] Run time error 4 (plugin "Goku-TS.amxx") - debug not enabled!
L 11/26/2016 - 11:18:50: [AMXX] To enable debug mode, add "debug" after the plugin name in plugins.ini (without quotes).
L 11/26/2016 - 11:18:51: [AMXX] Run time error 4 (plugin "Vegeta-TS.amxx") - debug not enabled!
L 11/26/2016 - 11:18:51: [AMXX] To enable debug mode, add "debug" after the plugin name in plugins.ini (without quotes).
L 11/26/2016 - 11:18:55: [AMXX] Run time error 4 (plugin "Goku-TS.amxx") - debug not enabled!
L 11/26/2016 - 11:18:55: [AMXX] To enable debug mode, add "debug" after the plugin name in plugins.ini (without quotes).
L 11/26/2016 - 11:18:56: [AMXX] Run time error 4 (plugin "Goku-TS.amxx") - debug not enabled!
L 11/26/2016 - 11:18:56: [AMXX] To enable debug mode, add "debug" after the plugin name in plugins.ini (without quotes).
L 11/26/2016 - 11:18:56: [AMXX] Run time error 4 (plugin "Vegeta-TS.amxx") - debug not enabled!
L 11/26/2016 - 11:18:56: [AMXX] To enable debug mode, add "debug" after the plugin name in plugins.ini (without quotes).
L 11/26/2016 - 11:19:02: [AMXX] Run time error 4 (plugin "Goku-TS.amxx") - debug not enabled!
L 11/26/2016 - 11:19:02: [AMXX] To enable debug mode, add "debug" after the plugin name in plugins.ini (without quotes).
L 11/26/2016 - 11:19:02: [AMXX] Run time error 4 (plugin "Vegeta-TS.amxx") - debug not enabled!
L 11/26/2016 - 11:19:02: [AMXX] To enable debug mode, add "debug" after the plugin name in plugins.ini (without quotes).
L 11/26/2016 - 11:19:07: [AMXX] Run time error 4 (plugin "Goku-TS.amxx") - debug not enabled!
L 11/26/2016 - 11:19:07: [AMXX] To enable debug mode, add "debug" after the plugin name in plugins.ini (without quotes).
L 11/26/2016 - 11:19:07: [AMXX] Run time error 4 (plugin "Goku-TS.amxx") - debug not enabled!
L 11/26/2016 - 11:19:07: [AMXX] To enable debug mode, add "debug" after the plugin name in plugins.ini (without quotes).
L 11/26/2016 - 11:19:16: [AMXX] Run time error 4 (plugin "Goku-TS.amxx") - debug not enabled!
L 11/26/2016 - 11:19:16: [AMXX] To enable debug mode, add "debug" after the plugin name in plugins.ini (without quotes).
L 11/26/2016 - 11:19:19: [AMXX] Run time error 4 (plugin "Goku-TS.amxx") - debug not enabled!
L 11/26/2016 - 11:19:19: [AMXX] To enable debug mode, add "debug" after the plugin name in plugins.ini (without quotes).
L 11/26/2016 - 11:19:19: [AMXX] Run time error 4 (plugin "Goku-TS.amxx") - debug not enabled!
L 11/26/2016 - 11:19:19: [AMXX] To enable debug mode, add "debug" after the plugin name in plugins.ini (without quotes).
L 11/26/2016 - 11:19:36: [AMXX] Run time error 4 (plugin "Goku-TS.amxx") - debug not enabled!
L 11/26/2016 - 11:19:36: [AMXX] To enable debug mode, add "debug" after the plugin name in plugins.ini (without quotes).
L 11/26/2016 - 11:19:48: [AMXX] Run time error 4 (plugin "Vegeta-TS.amxx") - debug not enabled!
L 11/26/2016 - 11:19:48: [AMXX] To enable debug mode, add "debug" after the plugin name in plugins.ini (without quotes).
L 11/26/2016 - 11:20:01: [AMXX] Run time error 4 (plugin "Vegeta-TS.amxx") - debug not enabled!
L 11/26/2016 - 11:20:01: [AMXX] To enable debug mode, add "debug" after the plugin name in plugins.ini (without quotes).
L 11/26/2016 - 11:20:13: [AMXX] Run time error 4 (plugin "Goku-TS.amxx") - debug not enabled!
L 11/26/2016 - 11:20:13: [AMXX] To enable debug mode, add "debug" after the plugin name in plugins.ini (without quotes).
L 11/26/2016 - 11:20:14: [AMXX] Run time error 4 (plugin "Vegeta-TS.amxx") - debug not enabled!
L 11/26/2016 - 11:20:14: [AMXX] To enable debug mode, add "debug" after the plugin name in plugins.ini (without quotes).
L 11/26/2016 - 11:20:18: [AMXX] Run time error 4 (plugin "Goku-TS.amxx") - debug not enabled!
L 11/26/2016 - 11:20:18: [AMXX] To enable debug mode, add "debug" after the plugin name in plugins.ini (without quotes).
L 11/26/2016 - 11:20:23: [AMXX] Run time error 4 (plugin "Vegeta-TS.amxx") - debug not enabled!
L 11/26/2016 - 11:20:23: [AMXX] To enable debug mode, add "debug" after the plugin name in plugins.ini (without quotes).
L 11/26/2016 - 11:20:23: [AMXX] Run time error 4 (plugin "Goku-TS.amxx") - debug not enabled!
L 11/26/2016 - 11:20:23: [AMXX] To enable debug mode, add "debug" after the plugin name in plugins.ini (without quotes).
L 11/26/2016 - 11:20:23: [AMXX] Run time error 4 (plugin "Vegeta-TS.amxx") - debug not enabled!
L 11/26/2016 - 11:20:23: [AMXX] To enable debug mode, add "debug" after the plugin name in plugins.ini (without quotes).
L 11/26/2016 - 11:20:26: [AMXX] Run time error 4 (plugin "Vegeta-TS.amxx") - debug not enabled!
L 11/26/2016 - 11:20:26: [AMXX] To enable debug mode, add "debug" after the plugin name in plugins.ini (without quotes).
L 11/26/2016 - 11:20:35: [AMXX] Run time error 4 (plugin "Vegeta-TS.amxx") - debug not enabled!
L 11/26/2016 - 11:20:35: [AMXX] To enable debug mode, add "debug" after the plugin name in plugins.ini (without quotes).
L 11/26/2016 - 11:20:36: [AMXX] Run time error 4 (plugin "Goku-TS.amxx") - debug not enabled!
L 11/26/2016 - 11:20:36: [AMXX] To enable debug mode, add "debug" after the plugin name in plugins.ini (without quotes).
L 11/26/2016 - 11:20:40: [AMXX] Run time error 4 (plugin "Goku-TS.amxx") - debug not enabled!
L 11/26/2016 - 11:20:40: [AMXX] To enable debug mode, add "debug" after the plugin name in plugins.ini (without quotes).
L 11/26/2016 - 11:20:45: [AMXX] Run time error 4 (plugin "Vegeta-TS.amxx") - debug not enabled!
L 11/26/2016 - 11:20:45: [AMXX] To enable debug mode, add "debug" after the plugin name in plugins.ini (without quotes).
L 11/26/2016 - 11:21:19: [AMXX] Run time error 4 (plugin "Goku-TS.amxx") - debug not enabled!
L 11/26/2016 - 11:21:19: [AMXX] To enable debug mode, add "debug" after the plugin name in plugins.ini (without quotes).
L 11/26/2016 - 11:21:28: [AMXX] Run time error 4 (plugin "Vegeta-TS.amxx") - debug not enabled!
L 11/26/2016 - 11:21:28: [AMXX] To enable debug mode, add "debug" after the plugin name in plugins.ini (without quotes).
L 11/26/2016 - 11:21:33: [AMXX] Run time error 4 (plugin "Goku-TS.amxx") - debug not enabled!
L 11/26/2016 - 11:21:33: [AMXX] To enable debug mode, add "debug" after the plugin name in plugins.ini (without quotes).
L 11/26/2016 - 11:21:34: [AMXX] Run time error 4 (plugin "Vegeta-TS.amxx") - debug not enabled!
L 11/26/2016 - 11:21:34: [AMXX] To enable debug mode, add "debug" after the plugin name in plugins.ini (without quotes).
L 11/26/2016 - 11:22:05: [AMXX] Run time error 4 (plugin "Goku-TS.amxx") - debug not enabled!
L 11/26/2016 - 11:22:05: [AMXX] To enable debug mode, add "debug" after the plugin name in plugins.ini (without quotes).
L 11/26/2016 - 11:22:38: [AMXX] Run time error 4 (plugin "Vegeta-TS.amxx") - debug not enabled!
L 11/26/2016 - 11:22:38: [AMXX] To enable debug mode, add "debug" after the plugin name in plugins.ini (without quotes).
L 11/26/2016 - 11:22:40: [AMXX] Run time error 4 (plugin "Vegeta-TS.amxx") - debug not enabled!
L 11/26/2016 - 11:22:40: [AMXX] To enable debug mode, add "debug" after the plugin name in plugins.ini (without quotes).
L 11/26/2016 - 11:22:51: [AMXX] Run time error 4 (plugin "Vegeta-TS.amxx") - debug not enabled!
L 11/26/2016 - 11:22:51: [AMXX] To enable debug mode, add "debug" after the plugin name in plugins.ini (without quotes).
L 11/26/2016 - 11:22:58: [AMXX] Run time error 4 (plugin "Vegeta-TS.amxx") - debug not enabled!
L 11/26/2016 - 11:22:58: [AMXX] To enable debug mode, add "debug" after the plugin name in plugins.ini (without quotes).
L 11/26/2016 - 11:23:02: [AMXX] Run time error 4 (plugin "Goku-TS.amxx") - debug not enabled!
L 11/26/2016 - 11:23:02: [AMXX] To enable debug mode, add "debug" after the plugin name in plugins.ini (without quotes).
L 11/26/2016 - 11:23:04: [AMXX] Run time error 4 (plugin "Vegeta-TS.amxx") - debug not enabled!
L 11/26/2016 - 11:23:04: [AMXX] To enable debug mode, add "debug" after the plugin name in plugins.ini (without quotes).
L 11/26/2016 - 11:23:05: [AMXX] Run time error 4 (plugin "Vegeta-TS.amxx") - debug not enabled!
L 11/26/2016 - 11:23:05: [AMXX] To enable debug mode, add "debug" after the plugin name in plugins.ini (without quotes).
L 11/26/2016 - 11:23:09: [AMXX] Run time error 4 (plugin "Vegeta-TS.amxx") - debug not enabled!
L 11/26/2016 - 11:23:09: [AMXX] To enable debug mode, add "debug" after the plugin name in plugins.ini (without quotes).
L 11/26/2016 - 11:23:13: [AMXX] Run time error 4 (plugin "Vegeta-TS.amxx") - debug not enabled!
L 11/26/2016 - 11:23:13: [AMXX] To enable debug mode, add "debug" after the plugin name in plugins.ini (without quotes).
L 11/26/2016 - 11:23:15: [AMXX] Run time error 4 (plugin "Goku-TS.amxx") - debug not enabled!
L 11/26/2016 - 11:23:15: [AMXX] To enable debug mode, add "debug" after the plugin name in plugins.ini (without quotes).
L 11/26/2016 - 11:23:26: [AMXX] Run time error 4 (plugin "Goku-TS.amxx") - debug not enabled!
L 11/26/2016 - 11:23:26: [AMXX] To enable debug mode, add "debug" after the plugin name in plugins.ini (without quotes).
L 11/26/2016 - 11:23:26: [AMXX] Run time error 4 (plugin "Goku-TS.amxx") - debug not enabled!
L 11/26/2016 - 11:23:26: [AMXX] To enable debug mode, add "debug" after the plugin name in plugins.ini (without quotes).
L 11/26/2016 - 11:23:32: [AMXX] Run time error 4 (plugin "Vegeta-TS.amxx") - debug not enabled!
L 11/26/2016 - 11:23:32: [AMXX] To enable debug mode, add "debug" after the plugin name in plugins.ini (without quotes).
L 11/26/2016 - 11:23:59: [AMXX] Run time error 4 (plugin "Vegeta-TS.amxx") - debug not enabled!
L 11/26/2016 - 11:23:59: [AMXX] To enable debug mode, add "debug" after the plugin name in plugins.ini (without quotes).
L 11/26/2016 - 11:24:42: [AMXX] Run time error 4 (plugin "Vegeta-TS.amxx") - debug not enabled!
L 11/26/2016 - 11:24:42: [AMXX] To enable debug mode, add "debug" after the plugin name in plugins.ini (without quotes).
L 11/26/2016 - 11:24:44: [AMXX] Run time error 4 (plugin "Vegeta-TS.amxx") - debug not enabled!
L 11/26/2016 - 11:24:44: [AMXX] To enable debug mode, add "debug" after the plugin name in plugins.ini (without quotes).
L 11/26/2016 - 11:24:45: [AMXX] Run time error 4 (plugin "Vegeta-TS.amxx") - debug not enabled!
L 11/26/2016 - 11:24:45: [AMXX] To enable debug mode, add "debug" after the plugin name in plugins.ini (without quotes).
L 11/26/2016 - 11:24:49: [AMXX] Run time error 4 (plugin "Vegeta-TS.amxx") - debug not enabled!
L 11/26/2016 - 11:24:49: [AMXX] To enable debug mode, add "debug" after the plugin name in plugins.ini (without quotes).
L 11/26/2016 - 11:24:50: [AMXX] Run time error 4 (plugin "Vegeta-TS.amxx") - debug not enabled!
L 11/26/2016 - 11:24:50: [AMXX] To enable debug mode, add "debug" after the plugin name in plugins.ini (without quotes).
L 11/26/2016 - 11:25:11: [AMXX] Run time error 4 (plugin "Vegeta-TS.amxx") - debug not enabled!
L 11/26/2016 - 11:25:11: [AMXX] To enable debug mode, add "debug" after the plugin name in plugins.ini (without quotes).
L 11/26/2016 - 11:25:13: [AMXX] Run time error 4 (plugin "Vegeta-TS.amxx") - debug not enabled!
L 11/26/2016 - 11:25:13: [AMXX] To enable debug mode, add "debug" after the plugin name in plugins.ini (without quotes).
L 11/26/2016 - 11:25:25: [AMXX] Run time error 4 (plugin "Vegeta-TS.amxx") - debug not enabled!
L 11/26/2016 - 11:25:25: [AMXX] To enable debug mode, add "debug" after the plugin name in plugins.ini (without quotes).
L 11/26/2016 - 11:25:26: [AMXX] Run time error 4 (plugin "Vegeta-TS.amxx") - debug not enabled!
L 11/26/2016 - 11:25:26: [AMXX] To enable debug mode, add "debug" after the plugin name in plugins.ini (without quotes).
L 11/26/2016 - 11:26:20: [AMXX] Run time error 4 (plugin "Vegeta-TS.amxx") - debug not enabled!
L 11/26/2016 - 11:26:20: [AMXX] To enable debug mode, add "debug" after the plugin name in plugins.ini (without quotes).
L 11/26/2016 - 11:26:23: [AMXX] Run time error 4 (plugin "Vegeta-TS.amxx") - debug not enabled!
L 11/26/2016 - 11:26:23: [AMXX] To enable debug mode, add "debug" after the plugin name in plugins.ini (without quotes).
L 11/26/2016 - 11:26:25: [AMXX] Run time error 4 (plugin "Vegeta-TS.amxx") - debug not enabled!
L 11/26/2016 - 11:26:25: [AMXX] To enable debug mode, add "debug" after the plugin name in plugins.ini (without quotes).
L 11/26/2016 - 11:26:37: [AMXX] Run time error 4 (plugin "Vegeta-TS.amxx") - debug not enabled!
L 11/26/2016 - 11:26:37: [AMXX] To enable debug mode, add "debug" after the plugin name in plugins.ini (without quotes).
L 11/26/2016 - 11:27:00: [AMXX] Run time error 4 (plugin "Vegeta-TS.amxx") - debug not enabled!
L 11/26/2016 - 11:27:00: [AMXX] To enable debug mode, add "debug" after the plugin name in plugins.ini (without quotes).
L 11/26/2016 - 11:27:17: [AMXX] Run time error 4 (plugin "Vegeta-TS.amxx") - debug not enabled!
L 11/26/2016 - 11:27:17: [AMXX] To enable debug mode, add "debug" after the plugin name in plugins.ini (without quotes).
L 11/26/2016 - 11:27:20: [AMXX] Run time error 4 (plugin "Vegeta-TS.amxx") - debug not enabled!
L 11/26/2016 - 11:27:20: [AMXX] To enable debug mode, add "debug" after the plugin name in plugins.ini (without quotes).
L 11/26/2016 - 11:27:22: Function is not present (function "fxCam2") (plugin "CX/brolly.amxx")
L 11/26/2016 - 11:27:22: [AMXX] Run time error 10 (plugin "brolly.amxx") (native "set_task") - debug not enabled!
L 11/26/2016 - 11:27:22: [AMXX] To enable debug mode, add "debug" after the plugin name in plugins.ini (without quotes).
L 11/26/2016 - 11:27:23: [AMXX] Run time error 4 (plugin "Vegeta-TS.amxx") - debug not enabled!
L 11/26/2016 - 11:27:23: [AMXX] To enable debug mode, add "debug" after the plugin name in plugins.ini (without quotes).
L 11/26/2016 - 11:27:30: [AMXX] Run time error 4 (plugin "Vegeta-TS.amxx") - debug not enabled!
L 11/26/2016 - 11:27:30: [AMXX] To enable debug mode, add "debug" after the plugin name in plugins.ini (without quotes).
L 11/26/2016 - 11:27:35: [AMXX] Run time error 4 (plugin "Vegeta-TS.amxx") - debug not enabled!
L 11/26/2016 - 11:27:35: [AMXX] To enable debug mode, add "debug" after the plugin name in plugins.ini (without quotes).
L 11/26/2016 - 11:27:38: [AMXX] Run time error 4 (plugin "Vegeta-TS.amxx") - debug not enabled!
L 11/26/2016 - 11:27:38: [AMXX] To enable debug mode, add "debug" after the plugin name in plugins.ini (without quotes).
L 11/26/2016 - 11:27:43: [AMXX] Run time error 4 (plugin "brolly.amxx") - debug not enabled!
L 11/26/2016 - 11:27:43: [AMXX] To enable debug mode, add "debug" after the plugin name in plugins.ini (without quotes).
L 11/26/2016 - 11:27:44: [AMXX] Run time error 4 (plugin "Vegeta-TS.amxx") - debug not enabled!
L 11/26/2016 - 11:27:44: [AMXX] To enable debug mode, add "debug" after the plugin name in plugins.ini (without quotes).
L 11/26/2016 - 11:27:50: [AMXX] Run time error 4 (plugin "brolly.amxx") - debug not enabled!
L 11/26/2016 - 11:27:50: [AMXX] To enable debug mode, add "debug" after the plugin name in plugins.ini (without quotes).
L 11/26/2016 - 11:27:57: [AMXX] Run time error 4 (plugin "brolly.amxx") - debug not enabled!
L 11/26/2016 - 11:27:57: [AMXX] To enable debug mode, add "debug" after the plugin name in plugins.ini (without quotes).
L 11/26/2016 - 11:28:03: [AMXX] Run time error 4 (plugin "brolly.amxx") - debug not enabled!
L 11/26/2016 - 11:28:03: [AMXX] To enable debug mode, add "debug" after the plugin name in plugins.ini (without quotes).
L 11/26/2016 - 11:28:11: [AMXX] Run time error 4 (plugin "brolly.amxx") - debug not enabled!
L 11/26/2016 - 11:28:11: [AMXX] To enable debug mode, add "debug" after the plugin name in plugins.ini (without quotes).
L 11/26/2016 - 11:28:11: [AMXX] Run time error 4 (plugin "brolly.amxx") - debug not enabled!
L 11/26/2016 - 11:28:11: [AMXX] To enable debug mode, add "debug" after the plugin name in plugins.ini (without quotes).
L 11/26/2016 - 11:28:13: [AMXX] Run time error 4 (plugin "brolly.amxx") - debug not enabled!
L 11/26/2016 - 11:28:13: [AMXX] To enable debug mode, add "debug" after the plugin name in plugins.ini (without quotes).
L 11/26/2016 - 11:28:14: [AMXX] Run time error 4 (plugin "Vegeta-TS.amxx") - debug not enabled!
L 11/26/2016 - 11:28:14: [AMXX] To enable debug mode, add "debug" after the plugin name in plugins.ini (without quotes).
L 11/26/2016 - 11:28:14: [AMXX] Run time error 4 (plugin "brolly.amxx") - debug not enabled!
L 11/26/2016 - 11:28:14: [AMXX] To enable debug mode, add "debug" after the plugin name in plugins.ini (without quotes).
L 11/26/2016 - 11:28:14: [AMXX] Run time error 4 (plugin "Vegeta-TS.amxx") - debug not enabled!
L 11/26/2016 - 11:28:14: [AMXX] To enable debug mode, add "debug" after the plugin name in plugins.ini (without quotes).
L 11/26/2016 - 11:28:35: [AMXX] Run time error 4 (plugin "brolly.amxx") - debug not enabled!
L 11/26/2016 - 11:28:35: [AMXX] To enable debug mode, add "debug" after the plugin name in plugins.ini (without quotes).
L 11/26/2016 - 11:28:38: [AMXX] Run time error 4 (plugin "Vegeta-TS.amxx") - debug not enabled!
L 11/26/2016 - 11:28:38: [AMXX] To enable debug mode, add "debug" after the plugin name in plugins.ini (without quotes).
L 11/26/2016 - 11:28:39: [AMXX] Run time error 4 (plugin "Vegeta-TS.amxx") - debug not enabled!
L 11/26/2016 - 11:28:39: [AMXX] To enable debug mode, add "debug" after the plugin name in plugins.ini (without quotes).
L 11/26/2016 - 11:28:50: [AMXX] Run time error 4 (plugin "brolly.amxx") - debug not enabled!
L 11/26/2016 - 11:28:50: [AMXX] To enable debug mode, add "debug" after the plugin name in plugins.ini (without quotes).
L 11/26/2016 - 11:29:02: [AMXX] Run time error 4 (plugin "brolly.amxx") - debug not enabled!
L 11/26/2016 - 11:29:02: [AMXX] To enable debug mode, add "debug" after the plugin name in plugins.ini (without quotes).
L 11/26/2016 - 11:29:07: [AMXX] Run time error 4 (plugin "Vegeta-TS.amxx") - debug not enabled!
L 11/26/2016 - 11:29:07: [AMXX] To enable debug mode, add "debug" after the plugin name in plugins.ini (without quotes).
L 11/26/2016 - 11:29:08: [AMXX] Run time error 4 (plugin "Vegeta-TS.amxx") - debug not enabled!
L 11/26/2016 - 11:29:08: [AMXX] To enable debug mode, add "debug" after the plugin name in plugins.ini (without quotes).
L 11/26/2016 - 11:29:31: [AMXX] Run time error 4 (plugin "brolly.amxx") - debug not enabled!
L 11/26/2016 - 11:29:31: [AMXX] To enable debug mode, add "debug" after the plugin name in plugins.ini (without quotes).
L 11/26/2016 - 11:29:43: [AMXX] Run time error 4 (plugin "brolly.amxx") - debug not enabled!
L 11/26/2016 - 11:29:43: [AMXX] To enable debug mode, add "debug" after the plugin name in plugins.ini (without quotes).
L 11/26/2016 - 11:29:46: [AMXX] Run time error 4 (plugin "brolly.amxx") - debug not enabled!
L 11/26/2016 - 11:29:46: [AMXX] To enable debug mode, add "debug" after the plugin name in plugins.ini (without quotes).
L 11/26/2016 - 11:29:46: [AMXX] Run time error 4 (plugin "brolly.amxx") - debug not enabled!
L 11/26/2016 - 11:29:46: [AMXX] To enable debug mode, add "debug" after the plugin name in plugins.ini (without quotes).
L 11/26/2016 - 11:29:48: [AMXX] Run time error 4 (plugin "brolly.amxx") - debug not enabled!
L 11/26/2016 - 11:29:48: [AMXX] To enable debug mode, add "debug" after the plugin name in plugins.ini (without quotes).
L 11/26/2016 - 11:29:53: [AMXX] Run time error 4 (plugin "brolly.amxx") - debug not enabled!
L 11/26/2016 - 11:29:53: [AMXX] To enable debug mode, add "debug" after the plugin name in plugins.ini (without quotes).
L 11/26/2016 - 11:29:53: [AMXX] Run time error 4 (plugin "Vegeta-TS.amxx") - debug not enabled!
L 11/26/2016 - 11:29:53: [AMXX] To enable debug mode, add "debug" after the plugin name in plugins.ini (without quotes).
L 11/26/2016 - 11:29:57: [AMXX] Run time error 4 (plugin "Vegeta-TS.amxx") - debug not enabled!
L 11/26/2016 - 11:29:57: [AMXX] To enable debug mode, add "debug" after the plugin name in plugins.ini (without quotes).
L 11/26/2016 - 11:29:57: [AMXX] Run time error 4 (plugin "brolly.amxx") - debug not enabled!
L 11/26/2016 - 11:29:57: [AMXX] To enable debug mode, add "debug" after the plugin name in plugins.ini (without quotes).
L 11/26/2016 - 11:29:57: [AMXX] Run time error 4 (plugin "Vegeta-TS.amxx") - debug not enabled!
L 11/26/2016 - 11:29:57: [AMXX] To enable debug mode, add "debug" after the plugin name in plugins.ini (without quotes).
L 11/26/2016 - 11:30:03: [AMXX] Run time error 4 (plugin "brolly.amxx") - debug not enabled!
L 11/26/2016 - 11:30:03: [AMXX] To enable debug mode, add "debug" after the plugin name in plugins.ini (without quotes).
L 11/26/2016 - 11:30:16: [AMXX] Run time error 4 (plugin "brolly.amxx") - debug not enabled!
L 11/26/2016 - 11:30:16: [AMXX] To enable debug mode, add "debug" after the plugin name in plugins.ini (without quotes).
L 11/26/2016 - 11:30:23: [AMXX] Run time error 4 (plugin "brolly.amxx") - debug not enabled!
L 11/26/2016 - 11:30:23: [AMXX] To enable debug mode, add "debug" after the plugin name in plugins.ini (without quotes).
L 11/26/2016 - 11:30:32: [AMXX] Run time error 4 (plugin "brolly.amxx") - debug not enabled!
L 11/26/2016 - 11:30:32: [AMXX] To enable debug mode, add "debug" after the plugin name in plugins.ini (without quotes).
L 11/26/2016 - 11:30:37: [AMXX] Run time error 4 (plugin "brolly.amxx") - debug not enabled!
L 11/26/2016 - 11:30:37: [AMXX] To enable debug mode, add "debug" after the plugin name in plugins.ini (without quotes).
L 11/26/2016 - 11:30:45: [AMXX] Run time error 4 (plugin "brolly.amxx") - debug not enabled!
L 11/26/2016 - 11:30:45: [AMXX] To enable debug mode, add "debug" after the plugin name in plugins.ini (without quotes).
L 11/26/2016 - 11:30:46: [AMXX] Run time error 4 (plugin "Vegeta-TS.amxx") - debug not enabled!
L 11/26/2016 - 11:30:46: [AMXX] To enable debug mode, add "debug" after the plugin name in plugins.ini (without quotes).
L 11/26/2016 - 11:30:46: [AMXX] Run time error 4 (plugin "Vegeta-TS.amxx") - debug not enabled!
L 11/26/2016 - 11:30:46: [AMXX] To enable debug mode, add "debug" after the plugin name in plugins.ini (without quotes).
L 11/26/2016 - 11:30:52: [AMXX] Run time error 4 (plugin "brolly.amxx") - debug not enabled!
L 11/26/2016 - 11:30:52: [AMXX] To enable debug mode, add "debug" after the plugin name in plugins.ini (without quotes).
L 11/26/2016 - 11:30:52: [AMXX] Run time error 4 (plugin "Vegeta-TS.amxx") - debug not enabled!
L 11/26/2016 - 11:30:52: [AMXX] To enable debug mode, add "debug" after the plugin name in plugins.ini (without quotes).
L 11/26/2016 - 11:30:54: [AMXX] Run time error 4 (plugin "brolly.amxx") - debug not enabled!
L 11/26/2016 - 11:30:54: [AMXX] To enable debug mode, add "debug" after the plugin name in plugins.ini (without quotes).
L 11/26/2016 - 11:31:05: [AMXX] Run time error 4 (plugin "brolly.amxx") - debug not enabled!
L 11/26/2016 - 11:31:05: [AMXX] To enable debug mode, add "debug" after the plugin name in plugins.ini (without quotes).
L 11/26/2016 - 11:31:09: [AMXX] Run time error 4 (plugin "brolly.amxx") - debug not enabled!
L 11/26/2016 - 11:31:09: [AMXX] To enable debug mode, add "debug" after the plugin name in plugins.ini (without quotes).
L 11/26/2016 - 11:31:14: [AMXX] Run time error 4 (plugin "brolly.amxx") - debug not enabled!
L 11/26/2016 - 11:31:14: [AMXX] To enable debug mode, add "debug" after the plugin name in plugins.ini (without quotes).
L 11/26/2016 - 11:31:14: [AMXX] Run time error 4 (plugin "Vegeta-TS.amxx") - debug not enabled!
L 11/26/2016 - 11:31:14: [AMXX] To enable debug mode, add "debug" after the plugin name in plugins.ini (without quotes).
L 11/26/2016 - 11:31:22: [AMXX] Run time error 4 (plugin "brolly.amxx") - debug not enabled!
L 11/26/2016 - 11:31:22: [AMXX] To enable debug mode, add "debug" after the plugin name in plugins.ini (without quotes).
L 11/26/2016 - 11:31:24: [AMXX] Run time error 4 (plugin "brolly.amxx") - debug not enabled!
L 11/26/2016 - 11:31:24: [AMXX] To enable debug mode, add "debug" after the plugin name in plugins.ini (without quotes).
L 11/26/2016 - 11:31:30: [AMXX] Run time error 4 (plugin "Vegeta-TS.amxx") - debug not enabled!
L 11/26/2016 - 11:31:30: [AMXX] To enable debug mode, add "debug" after the plugin name in plugins.ini (without quotes).
L 11/26/2016 - 11:31:37: [AMXX] Run time error 4 (plugin "Vegeta-TS.amxx") - debug not enabled!
L 11/26/2016 - 11:31:37: [AMXX] To enable debug mode, add "debug" after the plugin name in plugins.ini (without quotes).
L 11/26/2016 - 11:34:49: Start of error session.
L 11/26/2016 - 11:34:49: Info (map "esf_Guru") (logfile "error_112616.log")
L 11/26/2016 - 11:34:49: [AMXX] Run time error 4 (plugin "Vegeta-TS.amxx") - debug not enabled!
L 11/26/2016 - 11:34:49: [AMXX] To enable debug mode, add "debug" after the plugin name in plugins.ini (without quotes).
L 11/26/2016 - 13:02:52: << CORE >> Invalid Client >> 4
L 11/26/2016 - 13:02:52: [AMXX] Run time error 10 (plugin "Black.amxx") (native "getClientMHP") - debug not enabled!
L 11/26/2016 - 13:02:52: [AMXX] To enable debug mode, add "debug" after the plugin name in plugins.ini (without quotes).
L 11/26/2016 - 13:02:52: << CORE >> Invalid Client >> 4
L 11/26/2016 - 13:02:52: [AMXX] Run time error 10 (plugin "Zamasu.amxx") (native "getClientMHP") - debug not enabled!
L 11/26/2016 - 13:02:52: [AMXX] To enable debug mode, add "debug" after the plugin name in plugins.ini (without quotes).
L 11/26/2016 - 13:18:48: [FAKEMETA] Invalid entity
L 11/26/2016 - 13:18:48: [AMXX] Run time error 10 (plugin "Dragonball.amxx") (native "engfunc") - debug not enabled!
L 11/26/2016 - 13:18:48: [AMXX] To enable debug mode, add "debug" after the plugin name in plugins.ini (without quotes).
