L 12/24/2016 - 00:28:46: Start of error session.
L 12/24/2016 - 00:28:46: Info (map "esf_Gurufixed") (logfile "error_122416.log")
L 12/24/2016 - 00:28:46: Could not find function "@WeaponExplosion"
L 12/24/2016 - 00:28:46: [AMXX] Run time error 19 (plugin "Black.amxx") - debug not enabled!
L 12/24/2016 - 00:28:46: [AMXX] To enable debug mode, add "debug" after the plugin name in plugins.ini (without quotes).
L 12/24/2016 - 00:28:46: Could not find function "@WeaponExplosion"
L 12/24/2016 - 00:28:46: [AMXX] Run time error 19 (plugin "Zamasu.amxx") - debug not enabled!
L 12/24/2016 - 00:28:46: [AMXX] To enable debug mode, add "debug" after the plugin name in plugins.ini (without quotes).
L 12/24/2016 - 00:42:41: Start of error session.
L 12/24/2016 - 00:42:41: Info (map "esf_Gurufixed") (logfile "error_122416.log")
L 12/24/2016 - 00:42:41: Could not find function "@WeaponExplosion"
L 12/24/2016 - 00:42:41: [AMXX] Run time error 19 (plugin "Black.amxx") - debug not enabled!
L 12/24/2016 - 00:42:41: [AMXX] To enable debug mode, add "debug" after the plugin name in plugins.ini (without quotes).
L 12/24/2016 - 00:42:41: Could not find function "@WeaponExplosion"
L 12/24/2016 - 00:42:41: [AMXX] Run time error 19 (plugin "Zamasu.amxx") - debug not enabled!
L 12/24/2016 - 00:42:41: [AMXX] To enable debug mode, add "debug" after the plugin name in plugins.ini (without quotes).
L 12/24/2016 - 00:43:17: Start of error session.
L 12/24/2016 - 00:43:17: Info (map "esf_Gurufixed") (logfile "error_122416.log")
L 12/24/2016 - 00:43:17: Could not find function "@WeaponExplosion"
L 12/24/2016 - 00:43:17: [AMXX] Run time error 19 (plugin "Black.amxx") - debug not enabled!
L 12/24/2016 - 00:43:17: [AMXX] To enable debug mode, add "debug" after the plugin name in plugins.ini (without quotes).
L 12/24/2016 - 00:43:17: Could not find function "@WeaponExplosion"
L 12/24/2016 - 00:43:17: [AMXX] Run time error 19 (plugin "Zamasu.amxx") - debug not enabled!
L 12/24/2016 - 00:43:17: [AMXX] To enable debug mode, add "debug" after the plugin name in plugins.ini (without quotes).
L 12/24/2016 - 00:50:09: Start of error session.
L 12/24/2016 - 00:50:09: Info (map "esf_Gurufixed") (logfile "error_122416.log")
L 12/24/2016 - 00:50:09: Could not find function "@WeaponExplosion"
L 12/24/2016 - 00:50:09: [AMXX] Run time error 19 (plugin "Black.amxx") - debug not enabled!
L 12/24/2016 - 00:50:09: [AMXX] To enable debug mode, add "debug" after the plugin name in plugins.ini (without quotes).
L 12/24/2016 - 00:50:09: Could not find function "@WeaponExplosion"
L 12/24/2016 - 00:50:09: [AMXX] Run time error 19 (plugin "Zamasu.amxx") - debug not enabled!
L 12/24/2016 - 00:50:09: [AMXX] To enable debug mode, add "debug" after the plugin name in plugins.ini (without quotes).
L 12/24/2016 - 01:01:49: Start of error session.
L 12/24/2016 - 01:01:49: Info (map "esf_Gurufixed") (logfile "error_122416.log")
L 12/24/2016 - 01:01:49: Could not find function "@WeaponExplosion"
L 12/24/2016 - 01:01:49: [AMXX] Run time error 19 (plugin "Black.amxx") - debug not enabled!
L 12/24/2016 - 01:01:49: [AMXX] To enable debug mode, add "debug" after the plugin name in plugins.ini (without quotes).
L 12/24/2016 - 01:01:49: Could not find function "@WeaponExplosion"
L 12/24/2016 - 01:01:49: [AMXX] Run time error 19 (plugin "Zamasu.amxx") - debug not enabled!
L 12/24/2016 - 01:01:49: [AMXX] To enable debug mode, add "debug" after the plugin name in plugins.ini (without quotes).
L 12/24/2016 - 01:02:01: Start of error session.
L 12/24/2016 - 01:02:01: Info (map "esf_Gurufixed") (logfile "error_122416.log")
L 12/24/2016 - 01:02:01: Could not find function "@WeaponExplosion"
L 12/24/2016 - 01:02:01: [AMXX] Run time error 19 (plugin "Black.amxx") - debug not enabled!
L 12/24/2016 - 01:02:01: [AMXX] To enable debug mode, add "debug" after the plugin name in plugins.ini (without quotes).
L 12/24/2016 - 01:02:01: Could not find function "@WeaponExplosion"
L 12/24/2016 - 01:02:01: [AMXX] Run time error 19 (plugin "Zamasu.amxx") - debug not enabled!
L 12/24/2016 - 01:02:01: [AMXX] To enable debug mode, add "debug" after the plugin name in plugins.ini (without quotes).
L 12/24/2016 - 01:12:40: [AMXX] Run time error 4 (plugin "Goku-TS.amxx") - debug not enabled!
L 12/24/2016 - 01:12:40: [AMXX] To enable debug mode, add "debug" after the plugin name in plugins.ini (without quotes).
L 12/24/2016 - 01:12:51: [AMXX] Run time error 4 (plugin "Goku-TS.amxx") - debug not enabled!
L 12/24/2016 - 01:12:51: [AMXX] To enable debug mode, add "debug" after the plugin name in plugins.ini (without quotes).
L 12/24/2016 - 01:13:05: [AMXX] Run time error 4 (plugin "Goku-TS.amxx") - debug not enabled!
L 12/24/2016 - 01:13:05: [AMXX] To enable debug mode, add "debug" after the plugin name in plugins.ini (without quotes).
L 12/24/2016 - 01:13:09: [AMXX] Run time error 4 (plugin "Goku-TS.amxx") - debug not enabled!
L 12/24/2016 - 01:13:09: [AMXX] To enable debug mode, add "debug" after the plugin name in plugins.ini (without quotes).
L 12/24/2016 - 01:13:09: [AMXX] Run time error 4 (plugin "Goku-TS.amxx") - debug not enabled!
L 12/24/2016 - 01:13:09: [AMXX] To enable debug mode, add "debug" after the plugin name in plugins.ini (without quotes).
L 12/24/2016 - 01:14:50: [AMXX] Run time error 4 (plugin "Goku-TS.amxx") - debug not enabled!
L 12/24/2016 - 01:14:50: [AMXX] To enable debug mode, add "debug" after the plugin name in plugins.ini (without quotes).
L 12/24/2016 - 01:15:33: Function is not present (function "fxScream3") (plugin "CX/Vegetto.amxx")
L 12/24/2016 - 01:15:33: [AMXX] Run time error 10 (plugin "Vegetto.amxx") (native "set_task") - debug not enabled!
L 12/24/2016 - 01:15:33: [AMXX] To enable debug mode, add "debug" after the plugin name in plugins.ini (without quotes).
L 12/24/2016 - 01:15:50: [AMXX] Run time error 4 (plugin "Vegetto.amxx") - debug not enabled!
L 12/24/2016 - 01:15:50: [AMXX] To enable debug mode, add "debug" after the plugin name in plugins.ini (without quotes).
L 12/24/2016 - 01:16:59: [AMXX] Run time error 4 (plugin "Vegetto.amxx") - debug not enabled!
L 12/24/2016 - 01:16:59: [AMXX] To enable debug mode, add "debug" after the plugin name in plugins.ini (without quotes).
L 12/24/2016 - 01:17:54: [AMXX] Run time error 4 (plugin "Vegetto.amxx") - debug not enabled!
L 12/24/2016 - 01:17:54: [AMXX] To enable debug mode, add "debug" after the plugin name in plugins.ini (without quotes).
L 12/24/2016 - 01:18:09: [AMXX] Run time error 4 (plugin "Vegetto.amxx") - debug not enabled!
L 12/24/2016 - 01:18:09: [AMXX] To enable debug mode, add "debug" after the plugin name in plugins.ini (without quotes).
L 12/24/2016 - 01:19:27: [AMXX] Run time error 4 (plugin "Vegetto.amxx") - debug not enabled!
L 12/24/2016 - 01:19:27: [AMXX] To enable debug mode, add "debug" after the plugin name in plugins.ini (without quotes).
L 12/24/2016 - 01:20:19: [AMXX] Run time error 4 (plugin "Vegetto.amxx") - debug not enabled!
L 12/24/2016 - 01:20:19: [AMXX] To enable debug mode, add "debug" after the plugin name in plugins.ini (without quotes).
L 12/24/2016 - 01:20:25: [AMXX] Run time error 4 (plugin "Vegetto.amxx") - debug not enabled!
L 12/24/2016 - 01:20:25: [AMXX] To enable debug mode, add "debug" after the plugin name in plugins.ini (without quotes).
L 12/24/2016 - 01:21:07: [AMXX] Run time error 4 (plugin "Vegetto.amxx") - debug not enabled!
L 12/24/2016 - 01:21:07: [AMXX] To enable debug mode, add "debug" after the plugin name in plugins.ini (without quotes).
L 12/24/2016 - 01:21:07: [AMXX] Run time error 4 (plugin "Vegetto.amxx") - debug not enabled!
L 12/24/2016 - 01:21:07: [AMXX] To enable debug mode, add "debug" after the plugin name in plugins.ini (without quotes).
L 12/24/2016 - 01:41:03: Start of error session.
L 12/24/2016 - 01:41:03: Info (map "esf_Gurufixed") (logfile "error_122416.log")
L 12/24/2016 - 01:41:03: Could not find function "@WeaponExplosion"
L 12/24/2016 - 01:41:03: [AMXX] Run time error 19 (plugin "Black.amxx") - debug not enabled!
L 12/24/2016 - 01:41:03: [AMXX] To enable debug mode, add "debug" after the plugin name in plugins.ini (without quotes).
L 12/24/2016 - 01:41:03: Could not find function "@WeaponExplosion"
L 12/24/2016 - 01:41:03: [AMXX] Run time error 19 (plugin "Zamasu.amxx") - debug not enabled!
L 12/24/2016 - 01:41:03: [AMXX] To enable debug mode, add "debug" after the plugin name in plugins.ini (without quotes).
