L 02/07/2017 - 20:01:22: Start of error session.
L 02/07/2017 - 20:01:22: Info (map "esf_ychampaarena") (logfile "error_020717.log")
L 02/07/2017 - 20:01:22: Could not find function "@WeaponExplosion"
L 02/07/2017 - 20:01:22: [AMXX] Run time error 19 (plugin "Black.amxx") - debug not enabled!
L 02/07/2017 - 20:01:22: [AMXX] To enable debug mode, add "debug" after the plugin name in plugins.ini (without quotes).
L 02/07/2017 - 20:01:22: Could not find function "@WeaponExplosion"
L 02/07/2017 - 20:01:22: [AMXX] Run time error 19 (plugin "Zamasu.amxx") - debug not enabled!
L 02/07/2017 - 20:01:22: [AMXX] To enable debug mode, add "debug" after the plugin name in plugins.ini (without quotes).
L 02/07/2017 - 20:55:01: Start of error session.
L 02/07/2017 - 20:55:01: Info (map "esf_Gurufixed") (logfile "error_020717.log")
L 02/07/2017 - 20:55:01: Could not find function "@WeaponExplosion"
L 02/07/2017 - 20:55:01: [AMXX] Run time error 19 (plugin "Black.amxx") - debug not enabled!
L 02/07/2017 - 20:55:01: [AMXX] To enable debug mode, add "debug" after the plugin name in plugins.ini (without quotes).
L 02/07/2017 - 20:55:01: Could not find function "@WeaponExplosion"
L 02/07/2017 - 20:55:01: [AMXX] Run time error 19 (plugin "Zamasu.amxx") - debug not enabled!
L 02/07/2017 - 20:55:01: [AMXX] To enable debug mode, add "debug" after the plugin name in plugins.ini (without quotes).
L 02/07/2017 - 20:56:44: Start of error session.
L 02/07/2017 - 20:56:44: Info (map "esf_Gurufixed") (logfile "error_020717.log")
L 02/07/2017 - 20:56:44: Could not find function "@WeaponExplosion"
L 02/07/2017 - 20:56:44: [AMXX] Run time error 19 (plugin "Black.amxx") - debug not enabled!
L 02/07/2017 - 20:56:44: [AMXX] To enable debug mode, add "debug" after the plugin name in plugins.ini (without quotes).
L 02/07/2017 - 20:56:44: Could not find function "@WeaponExplosion"
L 02/07/2017 - 20:56:44: [AMXX] Run time error 19 (plugin "Zamasu.amxx") - debug not enabled!
L 02/07/2017 - 20:56:44: [AMXX] To enable debug mode, add "debug" after the plugin name in plugins.ini (without quotes).
L 02/07/2017 - 20:58:36: Start of error session.
L 02/07/2017 - 20:58:36: Info (map "esf_Gurufixed") (logfile "error_020717.log")
L 02/07/2017 - 20:58:36: Could not find function "@WeaponExplosion"
L 02/07/2017 - 20:58:36: [AMXX] Run time error 19 (plugin "Black.amxx") - debug not enabled!
L 02/07/2017 - 20:58:36: [AMXX] To enable debug mode, add "debug" after the plugin name in plugins.ini (without quotes).
L 02/07/2017 - 20:58:36: Could not find function "@WeaponExplosion"
L 02/07/2017 - 20:58:36: [AMXX] Run time error 19 (plugin "Zamasu.amxx") - debug not enabled!
L 02/07/2017 - 20:58:36: [AMXX] To enable debug mode, add "debug" after the plugin name in plugins.ini (without quotes).
L 02/07/2017 - 21:05:58: Start of error session.
L 02/07/2017 - 21:05:58: Info (map "esf_ychampaarena") (logfile "error_020717.log")
L 02/07/2017 - 21:05:58: Could not find function "@WeaponExplosion"
L 02/07/2017 - 21:05:58: [AMXX] Run time error 19 (plugin "Black.amxx") - debug not enabled!
L 02/07/2017 - 21:05:58: [AMXX] To enable debug mode, add "debug" after the plugin name in plugins.ini (without quotes).
L 02/07/2017 - 21:05:58: Could not find function "@WeaponExplosion"
L 02/07/2017 - 21:05:58: [AMXX] Run time error 19 (plugin "Zamasu.amxx") - debug not enabled!
L 02/07/2017 - 21:05:58: [AMXX] To enable debug mode, add "debug" after the plugin name in plugins.ini (without quotes).
L 02/07/2017 - 21:11:22: Start of error session.
L 02/07/2017 - 21:11:22: Info (map "esf_Gurufixed") (logfile "error_020717.log")
L 02/07/2017 - 21:11:22: Could not find function "@WeaponExplosion"
L 02/07/2017 - 21:11:22: [AMXX] Run time error 19 (plugin "Black.amxx") - debug not enabled!
L 02/07/2017 - 21:11:22: [AMXX] To enable debug mode, add "debug" after the plugin name in plugins.ini (without quotes).
L 02/07/2017 - 21:11:22: Could not find function "@WeaponExplosion"
L 02/07/2017 - 21:11:22: [AMXX] Run time error 19 (plugin "Zamasu.amxx") - debug not enabled!
L 02/07/2017 - 21:11:22: [AMXX] To enable debug mode, add "debug" after the plugin name in plugins.ini (without quotes).
L 02/07/2017 - 21:14:00: Start of error session.
L 02/07/2017 - 21:14:00: Info (map "esf_Gurufixed") (logfile "error_020717.log")
L 02/07/2017 - 21:14:00: Could not find function "@WeaponExplosion"
L 02/07/2017 - 21:14:00: [AMXX] Run time error 19 (plugin "Black.amxx") - debug not enabled!
L 02/07/2017 - 21:14:00: [AMXX] To enable debug mode, add "debug" after the plugin name in plugins.ini (without quotes).
L 02/07/2017 - 21:14:00: Could not find function "@WeaponExplosion"
L 02/07/2017 - 21:14:00: [AMXX] Run time error 19 (plugin "Zamasu.amxx") - debug not enabled!
L 02/07/2017 - 21:14:00: [AMXX] To enable debug mode, add "debug" after the plugin name in plugins.ini (without quotes).
