L 12/23/2016 - 10:10:34: Start of error session.
L 12/23/2016 - 10:10:34: Info (map "esf_Gurufixed") (logfile "error_122316.log")
L 12/23/2016 - 10:10:34: Could not find function "@WeaponExplosion"
L 12/23/2016 - 10:10:34: [AMXX] Run time error 19 (plugin "Black.amxx") - debug not enabled!
L 12/23/2016 - 10:10:34: [AMXX] To enable debug mode, add "debug" after the plugin name in plugins.ini (without quotes).
L 12/23/2016 - 10:10:34: Could not find function "@WeaponExplosion"
L 12/23/2016 - 10:10:34: [AMXX] Run time error 19 (plugin "Zamasu.amxx") - debug not enabled!
L 12/23/2016 - 10:10:34: [AMXX] To enable debug mode, add "debug" after the plugin name in plugins.ini (without quotes).
L 12/23/2016 - 10:19:50: Start of error session.
L 12/23/2016 - 10:19:50: Info (map "esf_Gurufixed") (logfile "error_122316.log")
L 12/23/2016 - 10:19:50: Could not find function "@WeaponExplosion"
L 12/23/2016 - 10:19:50: [AMXX] Run time error 19 (plugin "Black.amxx") - debug not enabled!
L 12/23/2016 - 10:19:50: [AMXX] To enable debug mode, add "debug" after the plugin name in plugins.ini (without quotes).
L 12/23/2016 - 10:19:50: Could not find function "@WeaponExplosion"
L 12/23/2016 - 10:19:50: [AMXX] Run time error 19 (plugin "Zamasu.amxx") - debug not enabled!
L 12/23/2016 - 10:19:50: [AMXX] To enable debug mode, add "debug" after the plugin name in plugins.ini (without quotes).
L 12/23/2016 - 10:42:42: Start of error session.
L 12/23/2016 - 10:42:42: Info (map "esf_Gurufixed") (logfile "error_122316.log")
L 12/23/2016 - 10:42:42: Could not find function "@WeaponExplosion"
L 12/23/2016 - 10:42:42: [AMXX] Run time error 19 (plugin "Black.amxx") - debug not enabled!
L 12/23/2016 - 10:42:42: [AMXX] To enable debug mode, add "debug" after the plugin name in plugins.ini (without quotes).
L 12/23/2016 - 10:42:42: Could not find function "@WeaponExplosion"
L 12/23/2016 - 10:42:42: [AMXX] Run time error 19 (plugin "Zamasu.amxx") - debug not enabled!
L 12/23/2016 - 10:42:42: [AMXX] To enable debug mode, add "debug" after the plugin name in plugins.ini (without quotes).
L 12/23/2016 - 10:51:45: Start of error session.
L 12/23/2016 - 10:51:45: Info (map "esf_Gurufixed") (logfile "error_122316.log")
L 12/23/2016 - 10:51:45: Could not find function "@WeaponExplosion"
L 12/23/2016 - 10:51:45: [AMXX] Run time error 19 (plugin "Black.amxx") - debug not enabled!
L 12/23/2016 - 10:51:45: [AMXX] To enable debug mode, add "debug" after the plugin name in plugins.ini (without quotes).
L 12/23/2016 - 10:51:45: Could not find function "@WeaponExplosion"
L 12/23/2016 - 10:51:45: [AMXX] Run time error 19 (plugin "Zamasu.amxx") - debug not enabled!
L 12/23/2016 - 10:51:45: [AMXX] To enable debug mode, add "debug" after the plugin name in plugins.ini (without quotes).
L 12/23/2016 - 10:55:37: Start of error session.
L 12/23/2016 - 10:55:37: Info (map "esf_Gurufixed") (logfile "error_122316.log")
L 12/23/2016 - 10:55:37: Could not find function "@WeaponExplosion"
L 12/23/2016 - 10:55:37: [AMXX] Run time error 19 (plugin "Black.amxx") - debug not enabled!
L 12/23/2016 - 10:55:37: [AMXX] To enable debug mode, add "debug" after the plugin name in plugins.ini (without quotes).
L 12/23/2016 - 10:55:37: Could not find function "@WeaponExplosion"
L 12/23/2016 - 10:55:37: [AMXX] Run time error 19 (plugin "Zamasu.amxx") - debug not enabled!
L 12/23/2016 - 10:55:37: [AMXX] To enable debug mode, add "debug" after the plugin name in plugins.ini (without quotes).
L 12/23/2016 - 11:01:42: Start of error session.
L 12/23/2016 - 11:01:42: Info (map "esf_Gurufixed") (logfile "error_122316.log")
L 12/23/2016 - 11:01:42: Could not find function "@WeaponExplosion"
L 12/23/2016 - 11:01:42: [AMXX] Run time error 19 (plugin "Black.amxx") - debug not enabled!
L 12/23/2016 - 11:01:42: [AMXX] To enable debug mode, add "debug" after the plugin name in plugins.ini (without quotes).
L 12/23/2016 - 11:01:42: Could not find function "@WeaponExplosion"
L 12/23/2016 - 11:01:42: [AMXX] Run time error 19 (plugin "Zamasu.amxx") - debug not enabled!
L 12/23/2016 - 11:01:42: [AMXX] To enable debug mode, add "debug" after the plugin name in plugins.ini (without quotes).
L 12/23/2016 - 11:05:23: Function is not present (function "fxCam2") (plugin "CX/brolly.amxx")
L 12/23/2016 - 11:05:23: [AMXX] Run time error 10 (plugin "brolly.amxx") (native "set_task") - debug not enabled!
L 12/23/2016 - 11:05:23: [AMXX] To enable debug mode, add "debug" after the plugin name in plugins.ini (without quotes).
L 12/23/2016 - 11:05:57: [AMXX] Run time error 4 (plugin "brolly.amxx") - debug not enabled!
L 12/23/2016 - 11:05:57: [AMXX] To enable debug mode, add "debug" after the plugin name in plugins.ini (without quotes).
L 12/23/2016 - 11:06:05: [AMXX] Run time error 4 (plugin "brolly.amxx") - debug not enabled!
L 12/23/2016 - 11:06:05: [AMXX] To enable debug mode, add "debug" after the plugin name in plugins.ini (without quotes).
L 12/23/2016 - 11:06:10: [AMXX] Run time error 4 (plugin "brolly.amxx") - debug not enabled!
L 12/23/2016 - 11:06:10: [AMXX] To enable debug mode, add "debug" after the plugin name in plugins.ini (without quotes).
L 12/23/2016 - 11:06:15: [AMXX] Run time error 4 (plugin "brolly.amxx") - debug not enabled!
L 12/23/2016 - 11:06:15: [AMXX] To enable debug mode, add "debug" after the plugin name in plugins.ini (without quotes).
L 12/23/2016 - 11:06:26: [AMXX] Run time error 4 (plugin "brolly.amxx") - debug not enabled!
L 12/23/2016 - 11:06:26: [AMXX] To enable debug mode, add "debug" after the plugin name in plugins.ini (without quotes).
L 12/23/2016 - 11:12:59: Start of error session.
L 12/23/2016 - 11:12:59: Info (map "esf_Gurufixed") (logfile "error_122316.log")
L 12/23/2016 - 11:12:59: Could not find function "@WeaponExplosion"
L 12/23/2016 - 11:12:59: [AMXX] Run time error 19 (plugin "Black.amxx") - debug not enabled!
L 12/23/2016 - 11:12:59: [AMXX] To enable debug mode, add "debug" after the plugin name in plugins.ini (without quotes).
L 12/23/2016 - 11:12:59: Could not find function "@WeaponExplosion"
L 12/23/2016 - 11:12:59: [AMXX] Run time error 19 (plugin "Zamasu.amxx") - debug not enabled!
L 12/23/2016 - 11:12:59: [AMXX] To enable debug mode, add "debug" after the plugin name in plugins.ini (without quotes).
L 12/23/2016 - 11:15:37: Start of error session.
L 12/23/2016 - 11:15:37: Info (map "esf_Gurufixed") (logfile "error_122316.log")
L 12/23/2016 - 11:15:37: Could not find function "@WeaponExplosion"
L 12/23/2016 - 11:15:37: [AMXX] Run time error 19 (plugin "Black.amxx") - debug not enabled!
L 12/23/2016 - 11:15:37: [AMXX] To enable debug mode, add "debug" after the plugin name in plugins.ini (without quotes).
L 12/23/2016 - 11:15:37: Could not find function "@WeaponExplosion"
L 12/23/2016 - 11:15:37: [AMXX] Run time error 19 (plugin "Zamasu.amxx") - debug not enabled!
L 12/23/2016 - 11:15:37: [AMXX] To enable debug mode, add "debug" after the plugin name in plugins.ini (without quotes).
L 12/23/2016 - 11:17:26: Start of error session.
L 12/23/2016 - 11:17:26: Info (map "esf_Gurufixed") (logfile "error_122316.log")
L 12/23/2016 - 11:17:26: Could not find function "@WeaponExplosion"
L 12/23/2016 - 11:17:26: [AMXX] Run time error 19 (plugin "Black.amxx") - debug not enabled!
L 12/23/2016 - 11:17:26: [AMXX] To enable debug mode, add "debug" after the plugin name in plugins.ini (without quotes).
L 12/23/2016 - 11:17:26: Could not find function "@WeaponExplosion"
L 12/23/2016 - 11:17:26: [AMXX] Run time error 19 (plugin "Zamasu.amxx") - debug not enabled!
L 12/23/2016 - 11:17:26: [AMXX] To enable debug mode, add "debug" after the plugin name in plugins.ini (without quotes).
L 12/23/2016 - 11:20:28: Start of error session.
L 12/23/2016 - 11:20:28: Info (map "esf_Gurufixed") (logfile "error_122316.log")
L 12/23/2016 - 11:20:28: Could not find function "@WeaponExplosion"
L 12/23/2016 - 11:20:28: [AMXX] Run time error 19 (plugin "Black.amxx") - debug not enabled!
L 12/23/2016 - 11:20:28: [AMXX] To enable debug mode, add "debug" after the plugin name in plugins.ini (without quotes).
L 12/23/2016 - 11:20:28: Could not find function "@WeaponExplosion"
L 12/23/2016 - 11:20:28: [AMXX] Run time error 19 (plugin "Zamasu.amxx") - debug not enabled!
L 12/23/2016 - 11:20:28: [AMXX] To enable debug mode, add "debug" after the plugin name in plugins.ini (without quotes).
L 12/23/2016 - 11:31:33: Start of error session.
L 12/23/2016 - 11:31:33: Info (map "esf_Gurufixed") (logfile "error_122316.log")
L 12/23/2016 - 11:31:33: Could not find function "@WeaponExplosion"
L 12/23/2016 - 11:31:33: [AMXX] Run time error 19 (plugin "Black.amxx") - debug not enabled!
L 12/23/2016 - 11:31:33: [AMXX] To enable debug mode, add "debug" after the plugin name in plugins.ini (without quotes).
L 12/23/2016 - 11:31:33: Could not find function "@WeaponExplosion"
L 12/23/2016 - 11:31:33: [AMXX] Run time error 19 (plugin "Zamasu.amxx") - debug not enabled!
L 12/23/2016 - 11:31:33: [AMXX] To enable debug mode, add "debug" after the plugin name in plugins.ini (without quotes).
L 12/23/2016 - 11:35:33: Start of error session.
L 12/23/2016 - 11:35:33: Info (map "esf_Gurufixed") (logfile "error_122316.log")
L 12/23/2016 - 11:35:33: Could not find function "@WeaponExplosion"
L 12/23/2016 - 11:35:33: [AMXX] Run time error 19 (plugin "Black.amxx") - debug not enabled!
L 12/23/2016 - 11:35:33: [AMXX] To enable debug mode, add "debug" after the plugin name in plugins.ini (without quotes).
L 12/23/2016 - 11:35:33: Could not find function "@WeaponExplosion"
L 12/23/2016 - 11:35:33: [AMXX] Run time error 19 (plugin "Zamasu.amxx") - debug not enabled!
L 12/23/2016 - 11:35:33: [AMXX] To enable debug mode, add "debug" after the plugin name in plugins.ini (without quotes).
L 12/23/2016 - 11:39:01: Start of error session.
L 12/23/2016 - 11:39:01: Info (map "esf_Gurufixed") (logfile "error_122316.log")
L 12/23/2016 - 11:39:01: Could not find function "@WeaponExplosion"
L 12/23/2016 - 11:39:01: [AMXX] Run time error 19 (plugin "Black.amxx") - debug not enabled!
L 12/23/2016 - 11:39:01: [AMXX] To enable debug mode, add "debug" after the plugin name in plugins.ini (without quotes).
L 12/23/2016 - 11:39:01: Could not find function "@WeaponExplosion"
L 12/23/2016 - 11:39:01: [AMXX] Run time error 19 (plugin "Zamasu.amxx") - debug not enabled!
L 12/23/2016 - 11:39:01: [AMXX] To enable debug mode, add "debug" after the plugin name in plugins.ini (without quotes).
L 12/23/2016 - 11:40:20: Start of error session.
L 12/23/2016 - 11:40:20: Info (map "esf_Gurufixed") (logfile "error_122316.log")
L 12/23/2016 - 11:40:20: Could not find function "@WeaponExplosion"
L 12/23/2016 - 11:40:20: [AMXX] Run time error 19 (plugin "Black.amxx") - debug not enabled!
L 12/23/2016 - 11:40:20: [AMXX] To enable debug mode, add "debug" after the plugin name in plugins.ini (without quotes).
L 12/23/2016 - 11:40:20: Could not find function "@WeaponExplosion"
L 12/23/2016 - 11:40:20: [AMXX] Run time error 19 (plugin "Zamasu.amxx") - debug not enabled!
L 12/23/2016 - 11:40:20: [AMXX] To enable debug mode, add "debug" after the plugin name in plugins.ini (without quotes).
L 12/23/2016 - 11:42:07: Start of error session.
L 12/23/2016 - 11:42:07: Info (map "esf_Gurufixed") (logfile "error_122316.log")
L 12/23/2016 - 11:42:07: Could not find function "@WeaponExplosion"
L 12/23/2016 - 11:42:07: [AMXX] Run time error 19 (plugin "Black.amxx") - debug not enabled!
L 12/23/2016 - 11:42:07: [AMXX] To enable debug mode, add "debug" after the plugin name in plugins.ini (without quotes).
L 12/23/2016 - 11:42:07: Could not find function "@WeaponExplosion"
L 12/23/2016 - 11:42:07: [AMXX] Run time error 19 (plugin "Zamasu.amxx") - debug not enabled!
L 12/23/2016 - 11:42:07: [AMXX] To enable debug mode, add "debug" after the plugin name in plugins.ini (without quotes).
L 12/23/2016 - 11:51:20: Start of error session.
L 12/23/2016 - 11:51:20: Info (map "esf_Gurufixed") (logfile "error_122316.log")
L 12/23/2016 - 11:51:20: Could not find function "@WeaponExplosion"
L 12/23/2016 - 11:51:20: [AMXX] Run time error 19 (plugin "Black.amxx") - debug not enabled!
L 12/23/2016 - 11:51:20: [AMXX] To enable debug mode, add "debug" after the plugin name in plugins.ini (without quotes).
L 12/23/2016 - 11:51:20: Could not find function "@WeaponExplosion"
L 12/23/2016 - 11:51:20: [AMXX] Run time error 19 (plugin "Zamasu.amxx") - debug not enabled!
L 12/23/2016 - 11:51:20: [AMXX] To enable debug mode, add "debug" after the plugin name in plugins.ini (without quotes).
L 12/23/2016 - 11:54:21: Start of error session.
L 12/23/2016 - 11:54:21: Info (map "esf_Gurufixed") (logfile "error_122316.log")
L 12/23/2016 - 11:54:21: Could not find function "@WeaponExplosion"
L 12/23/2016 - 11:54:21: [AMXX] Run time error 19 (plugin "Black.amxx") - debug not enabled!
L 12/23/2016 - 11:54:21: [AMXX] To enable debug mode, add "debug" after the plugin name in plugins.ini (without quotes).
L 12/23/2016 - 11:54:21: Could not find function "@WeaponExplosion"
L 12/23/2016 - 11:54:21: [AMXX] Run time error 19 (plugin "Zamasu.amxx") - debug not enabled!
L 12/23/2016 - 11:54:21: [AMXX] To enable debug mode, add "debug" after the plugin name in plugins.ini (without quotes).
L 12/23/2016 - 11:58:18: Start of error session.
L 12/23/2016 - 11:58:18: Info (map "esf_Gurufixed") (logfile "error_122316.log")
L 12/23/2016 - 11:58:18: Could not find function "@WeaponExplosion"
L 12/23/2016 - 11:58:18: [AMXX] Run time error 19 (plugin "Black.amxx") - debug not enabled!
L 12/23/2016 - 11:58:18: [AMXX] To enable debug mode, add "debug" after the plugin name in plugins.ini (without quotes).
L 12/23/2016 - 11:58:18: Could not find function "@WeaponExplosion"
L 12/23/2016 - 11:58:18: [AMXX] Run time error 19 (plugin "Zamasu.amxx") - debug not enabled!
L 12/23/2016 - 11:58:18: [AMXX] To enable debug mode, add "debug" after the plugin name in plugins.ini (without quotes).
L 12/23/2016 - 11:59:31: Start of error session.
L 12/23/2016 - 11:59:31: Info (map "esf_Gurufixed") (logfile "error_122316.log")
L 12/23/2016 - 11:59:31: Could not find function "@WeaponExplosion"
L 12/23/2016 - 11:59:31: [AMXX] Run time error 19 (plugin "Black.amxx") - debug not enabled!
L 12/23/2016 - 11:59:31: [AMXX] To enable debug mode, add "debug" after the plugin name in plugins.ini (without quotes).
L 12/23/2016 - 11:59:31: Could not find function "@WeaponExplosion"
L 12/23/2016 - 11:59:31: [AMXX] Run time error 19 (plugin "Zamasu.amxx") - debug not enabled!
L 12/23/2016 - 11:59:31: [AMXX] To enable debug mode, add "debug" after the plugin name in plugins.ini (without quotes).
L 12/23/2016 - 12:06:31: Start of error session.
L 12/23/2016 - 12:06:31: Info (map "esf_Gurufixed") (logfile "error_122316.log")
L 12/23/2016 - 12:06:31: Could not find function "@WeaponExplosion"
L 12/23/2016 - 12:06:31: [AMXX] Run time error 19 (plugin "Black.amxx") - debug not enabled!
L 12/23/2016 - 12:06:31: [AMXX] To enable debug mode, add "debug" after the plugin name in plugins.ini (without quotes).
L 12/23/2016 - 12:06:31: Could not find function "@WeaponExplosion"
L 12/23/2016 - 12:06:31: [AMXX] Run time error 19 (plugin "Zamasu.amxx") - debug not enabled!
L 12/23/2016 - 12:06:31: [AMXX] To enable debug mode, add "debug" after the plugin name in plugins.ini (without quotes).
L 12/23/2016 - 12:17:10: Start of error session.
L 12/23/2016 - 12:17:10: Info (map "esf_Gurufixed") (logfile "error_122316.log")
L 12/23/2016 - 12:17:10: Could not find function "@WeaponExplosion"
L 12/23/2016 - 12:17:10: [AMXX] Run time error 19 (plugin "Black.amxx") - debug not enabled!
L 12/23/2016 - 12:17:10: [AMXX] To enable debug mode, add "debug" after the plugin name in plugins.ini (without quotes).
L 12/23/2016 - 12:17:10: Could not find function "@WeaponExplosion"
L 12/23/2016 - 12:17:10: [AMXX] Run time error 19 (plugin "Zamasu.amxx") - debug not enabled!
L 12/23/2016 - 12:17:10: [AMXX] To enable debug mode, add "debug" after the plugin name in plugins.ini (without quotes).
L 12/23/2016 - 12:23:04: Start of error session.
L 12/23/2016 - 12:23:04: Info (map "esf_Gurufixed") (logfile "error_122316.log")
L 12/23/2016 - 12:23:04: Could not find function "@WeaponExplosion"
L 12/23/2016 - 12:23:04: [AMXX] Run time error 19 (plugin "Black.amxx") - debug not enabled!
L 12/23/2016 - 12:23:04: [AMXX] To enable debug mode, add "debug" after the plugin name in plugins.ini (without quotes).
L 12/23/2016 - 12:23:04: Could not find function "@WeaponExplosion"
L 12/23/2016 - 12:23:04: [AMXX] Run time error 19 (plugin "Zamasu.amxx") - debug not enabled!
L 12/23/2016 - 12:23:04: [AMXX] To enable debug mode, add "debug" after the plugin name in plugins.ini (without quotes).
L 12/23/2016 - 18:47:00: Start of error session.
L 12/23/2016 - 18:47:00: Info (map "esf_Gurufixed") (logfile "error_122316.log")
L 12/23/2016 - 18:47:00: Could not find function "@WeaponExplosion"
L 12/23/2016 - 18:47:00: [AMXX] Run time error 19 (plugin "Black.amxx") - debug not enabled!
L 12/23/2016 - 18:47:00: [AMXX] To enable debug mode, add "debug" after the plugin name in plugins.ini (without quotes).
L 12/23/2016 - 18:47:00: Could not find function "@WeaponExplosion"
L 12/23/2016 - 18:47:00: [AMXX] Run time error 19 (plugin "Zamasu.amxx") - debug not enabled!
L 12/23/2016 - 18:47:00: [AMXX] To enable debug mode, add "debug" after the plugin name in plugins.ini (without quotes).
