L 01/02/2013 - 00:36:42: -------- Mapchange to esf_cell_games_night --------
L 01/02/2013 - 00:38:49: [ETC/esf_powerlevel_changer.amxx] [AMXX] [ ESF Powerlevel ] - this command was issued by matias_esf on matias_esf
L 01/02/2013 - 00:38:54: [ETC/esf_powerlevel_changer.amxx] [AMXX] [ ESF Powerlevel ] - this command was issued by matias_esf on matias_esf
L 01/02/2013 - 00:56:31: -------- Mapchange to esf_t_cityv2 --------
L 01/02/2013 - 01:01:28: -------- Mapchange to esf_cell_arena --------
L 01/02/2013 - 01:02:57: [ETC/esf_powerlevel_changer.amxx] [AMXX] [ ESF Powerlevel ] - this command was issued by matias_esf on matias_esf
L 01/02/2013 - 01:08:25: [ETC/esf_powerlevel_changer.amxx] [AMXX] [ ESF Powerlevel ] - this command was issued by matias_esf on matias_esf
L 01/02/2013 - 01:08:35: [ETC/esf_powerlevel_changer.amxx] [AMXX] [ ESF Powerlevel ] - this command was issued by matias_esf on matias_esf
L 01/02/2013 - 01:23:06: -------- Mapchange to esf_cell_games_night --------
L 01/02/2013 - 01:27:57: [ETC/esf_powerlevel_changer.amxx] [AMXX] [ ESF Powerlevel ] - this command was issued by matias_esf on matias_esf
L 01/02/2013 - 16:03:09: -------- Mapchange to esf_cell_games --------
L 01/02/2013 - 16:04:56: [ETC/esf_powerlevel_changer.amxx] [AMXX] [ ESF Powerlevel ] - this command was issued by matias_esf on matias_esf
L 01/02/2013 - 16:06:54: [ETC/esf_powerlevel_changer.amxx] [AMXX] [ ESF Powerlevel ] - this command was issued by matias_esf on matias_esf
L 01/02/2013 - 16:06:55: [ETC/esf_powerlevel_changer.amxx] [AMXX] [ ESF Powerlevel ] - this command was issued by matias_esf on matias_esf
L 01/02/2013 - 16:07:07: [ETC/esf_powerlevel_changer.amxx] [AMXX] [ ESF Powerlevel ] - this command was issued by matias_esf on matias_esf
L 01/02/2013 - 16:07:10: [ETC/esf_powerlevel_changer.amxx] [AMXX] [ ESF Powerlevel ] - this command was issued by matias_esf on matias_esf
L 01/02/2013 - 16:08:52: [ETC/esf_powerlevel_changer.amxx] [AMXX] [ ESF Powerlevel ] - this command was issued by matias_esf on matias_esf
L 01/02/2013 - 16:08:55: [ETC/esf_powerlevel_changer.amxx] [AMXX] [ ESF Powerlevel ] - this command was issued by matias_esf on matias_esf
L 01/02/2013 - 17:04:11: -------- Mapchange to esf_cell_games_night --------
L 01/02/2013 - 17:08:08: [ETC/esf_powerlevel_changer.amxx] [AMXX] [ ESF Powerlevel ] - this command was issued by matias_esf on matias_esf
L 01/02/2017 - 15:36:33: -------- Mapchange to esf_Gurufixed --------
L 01/02/2017 - 15:37:55: -------- Mapchange to esf_Gurufixed --------
L 01/02/2017 - 15:39:21: -------- Mapchange to esf_Gurufixed --------
L 01/02/2017 - 15:41:23: -------- Mapchange to esf_Gurufixed --------
L 01/02/2017 - 15:49:39: -------- Mapchange to esf_Gurufixed --------
L 01/02/2017 - 15:50:09: [CORE/esf_powerlevel_changer.amxx] [AMXX] [ ESF Powerlevel ] - this command was issued by -=-[*LSSJ*]=[BANDIT]-=- on -=-[*LSSJ*]=[BANDIT]-=-
L 01/02/2017 - 15:53:37: [CORE/esf_powerlevel_changer.amxx] [AMXX] [ ESF Powerlevel ] - this command was issued by -=-[*LSSJ*]=[BANDIT]-=- on -=-[*LSSJ*]=[BANDIT]-=-
L 01/02/2017 - 15:56:44: [CORE/esf_powerlevel_changer.amxx] [AMXX] [ ESF Powerlevel ] - this command was issued by -=-[*LSSJ*]=[BANDIT]-=- on -=-[*LSSJ*]=[BANDIT]-=-
L 01/02/2017 - 16:00:34: -------- Mapchange to esf_Gurufixed --------
L 01/02/2017 - 16:01:06: [CORE/esf_powerlevel_changer.amxx] [AMXX] [ ESF Powerlevel ] - this command was issued by -=-[*LSSJ*]=[BANDIT]-=- on -=-[*LSSJ*]=[BANDIT]-=-
L 01/02/2017 - 16:02:39: [CORE/esf_powerlevel_changer.amxx] [AMXX] [ ESF Powerlevel ] - this command was issued by -=-[*LSSJ*]=[BANDIT]-=- on -=-[*LSSJ*]=[BANDIT]-=-
L 01/02/2017 - 16:14:04: [CORE/Dragonball.amxx] "-=-[*LSSJ*]=[V3G3TT0]-=-<2><STEAM_0:0:12908415><>" wished for "Potaras"
L 01/02/2017 - 16:31:08: [CORE/esf_powerlevel_changer.amxx] [AMXX] [ ESF Powerlevel ] - this command was issued by -=-[*LSSJ*]=[BANDIT]-=- on -=-[*LSSJ*]=[BANDIT]-=-
L 01/02/2017 - 16:46:16: [CORE/Dragonball.amxx] "-=-[*LSSJ*]=[BANDIT]-=-<1><STEAM_0:1:26400545><>" wished for "Potaras"
L 01/02/2017 - 16:49:37: [CORE/Dragonball.amxx] "-=-[*LSSJ*]=[BANDIT]-=-<1><STEAM_0:1:26400545><>" wished for "Potaras"
L 01/02/2017 - 16:52:13: [CORE/Dragonball.amxx] "-=-[*LSSJ*]=[V3G3TT0]-=-<2><STEAM_0:0:12908415><>" wished for "Potaras"
L 01/02/2017 - 17:04:19: [CORE/esf_powerlevel_changer.amxx] [AMXX] [ ESF Powerlevel ] - this command was issued by -=-[*LSSJ*]=[BANDIT]-=- on -=-[*LSSJ*]=[V3G3TT0]-=-
L 01/02/2017 - 17:07:48: [CORE/Dragonball.amxx] "-=-[*LSSJ*]=[V3G3TT0]-=-<2><STEAM_0:0:12908415><>" wished for "Potaras"
L 01/02/2017 - 17:10:58: [CORE/Dragonball.amxx] "-=-[*LSSJ*]=[BANDIT]-=-<1><STEAM_0:1:26400545><>" wished for "Potaras"
L 01/02/2017 - 17:20:28: [CORE/esf_powerlevel_changer.amxx] [AMXX] [ ESF Powerlevel ] - this command was issued by -=-[*LSSJ*]=[BANDIT]-=- on -=-[*LSSJ*]=[V3G3TT0]-=-
L 01/02/2017 - 17:20:38: [CORE/esf_powerlevel_changer.amxx] [AMXX] [ ESF Powerlevel ] - this command was issued by -=-[*LSSJ*]=[BANDIT]-=- on -=-[*LSSJ*]=[V3G3TT0]-=-
L 01/02/2017 - 17:45:45: [CORE/Dragonball.amxx] "-=-[*LSSJ*]=[V3G3TT0]-=-<2><STEAM_0:0:12908415><>" wished for "Potaras"
L 01/02/2017 - 17:47:52: [CORE/esf_powerlevel_changer.amxx] [AMXX] [ ESF Powerlevel ] - this command was issued by -=-[*LSSJ*]=[BANDIT]-=- on -=-[*LSSJ*]=[V3G3TT0]-=-
L 01/02/2017 - 17:48:07: [CORE/esf_powerlevel_changer.amxx] [AMXX] [ ESF Powerlevel ] - this command was issued by -=-[*LSSJ*]=[BANDIT]-=- on -=-[*LSSJ*]=[V3G3TT0]-=-
L 01/02/2017 - 17:48:28: [CORE/Dragonball.amxx] "-=-[*LSSJ*]=[V3G3TT0]-=-<2><STEAM_0:0:12908415><>" wished for "Potaras"
