L 01/03/2013 - 00:40:10: -------- Mapchange to esf_riverside --------
L 01/03/2013 - 00:41:18: -------- Mapchange to esf_cell_games --------
L 01/03/2013 - 00:51:29: [ETC/esf_powerlevel_changer.amxx] [AMXX] [ ESF Powerlevel ] - this command was issued by matias_esf on matias_esf
L 01/03/2013 - 00:51:29: [ETC/esf_powerlevel_changer.amxx] [AMXX] [ ESF Powerlevel ] - this command was issued by matias_esf on matias_esf
L 01/03/2013 - 00:51:38: [ETC/esf_powerlevel_changer.amxx] [AMXX] [ ESF Powerlevel ] - this command was issued by matias_esf on matias_esf
L 01/03/2013 - 00:55:16: [ETC/esf_powerlevel_changer.amxx] [AMXX] [ ESF Powerlevel ] - this command was issued by matias_esf on matias_esf
L 01/03/2013 - 01:02:13: -------- Mapchange to esf_cell_arena --------
L 01/03/2013 - 01:03:07: [ETC/esf_powerlevel_changer.amxx] [AMXX] [ ESF Powerlevel ] - this command was issued by matias_esf on matias_esf
L 01/03/2013 - 01:03:26: [ETC/esf_powerlevel_changer.amxx] [AMXX] [ ESF Powerlevel ] - this command was issued by matias_esf on matias_esf
L 01/03/2013 - 01:03:29: [ETC/esf_powerlevel_changer.amxx] [AMXX] [ ESF Powerlevel ] - this command was issued by matias_esf on matias_esf
L 01/03/2013 - 01:03:32: [ETC/esf_powerlevel_changer.amxx] [AMXX] [ ESF Powerlevel ] - this command was issued by matias_esf on matias_esf
L 01/03/2013 - 01:03:36: [ETC/esf_powerlevel_changer.amxx] [AMXX] [ ESF Powerlevel ] - this command was issued by matias_esf on matias_esf
L 01/03/2013 - 01:03:43: [ETC/esf_powerlevel_changer.amxx] [AMXX] [ ESF Powerlevel ] - this command was issued by matias_esf on matias_esf
L 01/03/2013 - 01:11:14: -------- Mapchange to esf_ToM --------
L 01/03/2013 - 01:11:51: -------- Mapchange to esf_saiyan --------
L 01/03/2013 - 01:12:32: [ETC/esf_powerlevel_changer.amxx] [AMXX] [ ESF Powerlevel ] - this command was issued by matias_esf on matias_esf
L 01/03/2013 - 01:12:33: [ETC/esf_powerlevel_changer.amxx] [AMXX] [ ESF Powerlevel ] - this command was issued by matias_esf on matias_esf
L 01/03/2013 - 01:12:35: [ETC/esf_powerlevel_changer.amxx] [AMXX] [ ESF Powerlevel ] - this command was issued by matias_esf on matias_esf
L 01/03/2013 - 02:01:08: -------- Mapchange to esf_gero_night --------
L 01/03/2013 - 02:04:05: -------- Mapchange to esf_gero_night --------
L 01/03/2013 - 02:06:22: -------- Mapchange to esf_gero_night --------
L 01/03/2013 - 02:07:48: -------- Mapchange to esf_gero_night --------
L 01/03/2013 - 02:18:59: -------- Mapchange to esf_cell_games_night --------
L 01/03/2013 - 02:29:49: -------- Mapchange to esf_cell_games_night --------
L 01/03/2013 - 02:30:51: -------- Mapchange to dmz_meteor --------
L 01/03/2013 - 02:31:25: -------- Mapchange to dmz_meteor --------
L 01/03/2013 - 16:35:15: -------- Mapchange to esf_cell_games_night --------
L 01/03/2013 - 16:48:34: -------- Mapchange to esf_cell_games_night --------
L 01/03/2013 - 20:55:58: -------- Mapchange to esf_cell_games_night --------
L 01/03/2013 - 20:57:46: -------- Mapchange to esf_cell_games --------
L 01/03/2013 - 20:58:25: -------- Mapchange to esf_cell_games --------
L 01/03/2013 - 21:03:32: -------- Mapchange to esf_cell_games_night --------
L 01/03/2013 - 21:06:29: -------- Mapchange to esf_cell_games_night --------
L 01/03/2013 - 21:13:51: -------- Mapchange to esf_cell_games --------
L 01/03/2013 - 21:16:07: -------- Mapchange to esf_cell_games_night --------
