L 02/11/2017 - 10:58:53: -------- Mapchange to esf_Gurufixed --------
L 02/11/2017 - 11:05:15: -------- Mapchange to esf_ychampaarena --------
L 02/11/2017 - 11:06:20: -------- Mapchange to esf_Gurufixed --------
L 02/11/2017 - 11:06:53: -------- Mapchange to esf_Gurufixed --------
L 02/11/2017 - 11:12:40: -------- Mapchange to esf_Gurufixed --------
L 02/11/2017 - 11:13:54: -------- Mapchange to esf_Gurufixed --------
L 02/11/2017 - 11:15:50: [CORE/Dragonball.amxx] "-=-[*LSSJ*]=[BANDIT]-=-<1><STEAM_0:1:26400545><>" wished for "Potaras"
L 02/11/2017 - 11:22:29: [CORE/esf_powerlevel_changer.amxx] [AMXX] [ ESF Powerlevel ] - this command was issued by -=-[*LSSJ*]=[BANDIT]-=- on -=-[*LSSJ*]=[BANDIT]-=-
L 02/11/2017 - 11:40:50: -------- Mapchange to esf_Gurufixed --------
L 02/11/2017 - 11:41:49: -------- Mapchange to esf_ychampaarena --------
L 02/11/2017 - 11:51:15: -------- Mapchange to esf_Gurufixed --------
L 02/11/2017 - 11:52:18: -------- Mapchange to esf_Gurufixed --------
L 02/11/2017 - 11:53:42: [CORE/esf_powerlevel_changer.amxx] [AMXX] [ ESF Powerlevel ] - this command was issued by -=-[*LSSJ*]=[BANDIT]-=- on -=-[*LSSJ*]=[BANDIT]-=-
L 02/11/2017 - 11:53:54: [CORE/esf_powerlevel_changer.amxx] [AMXX] [ ESF Powerlevel ] - this command was issued by -=-[*LSSJ*]=[BANDIT]-=- on -=-[*LSSJ*]=[BANDIT]-=-
L 02/11/2017 - 11:55:03: [CORE/esf_powerlevel_changer.amxx] [AMXX] [ ESF Powerlevel ] - this command was issued by -=-[*LSSJ*]=[BANDIT]-=- on -=-[*LSSJ*]=[BANDIT]-=-
L 02/11/2017 - 12:03:49: -------- Mapchange to esf_ychampaarena --------
L 02/11/2017 - 12:09:51: [CORE/esf_powerlevel_changer.amxx] [AMXX] [ ESF Powerlevel ] - this command was issued by -=-[*LSSJ*]=[BANDIT]-=- on -=-[*LSSJ*]=[BANDIT]-=-
L 02/11/2017 - 12:10:27: [CORE/esf_powerlevel_changer.amxx] [AMXX] [ ESF Powerlevel ] - this command was issued by -=-[*LSSJ*]=[BANDIT]-=- on -=-[*LSSJ*]=[BANDIT]-=-
L 02/11/2017 - 12:15:04: -------- Mapchange to esf_Gurufixed --------
L 02/11/2017 - 12:23:39: -------- Mapchange to esf_Gurufixed --------
L 02/11/2017 - 15:08:33: -------- Mapchange to esf_Gurufixed --------
L 02/11/2017 - 15:09:49: [CORE/Dragonball.amxx] "-=-[*LSSJ*]=[BANDIT]-=-<1><STEAM_0:1:26400545><>" wished for "Potaras"
L 02/11/2017 - 15:36:04: -------- Mapchange to esf_Gurufixed --------
L 02/11/2017 - 15:37:14: [CORE/Dragonball.amxx] "-=-[*LSSJ*]=[BANDIT]-=-<1><STEAM_0:1:26400545><>" wished for "Potaras"
L 02/11/2017 - 16:29:06: -------- Mapchange to esf_Gurufixed --------
L 02/11/2017 - 16:30:28: [CORE/Dragonball.amxx] "-=-[*LSSJ*]=[BANDIT]-=-<1><STEAM_0:1:26400545><>" wished for "Potaras"
L 02/11/2017 - 16:40:01: -------- Mapchange to esf_Gurufixed --------
L 02/11/2017 - 16:40:58: [CORE/Dragonball.amxx] "-=-[*LSSJ*]=[BANDIT]-=-<1><STEAM_0:1:26400545><>" wished for "Potaras"
L 02/11/2017 - 16:49:19: -------- Mapchange to esf_Gurufixed --------
L 02/11/2017 - 16:50:32: [CORE/Dragonball.amxx] "-=-[*LSSJ*]=[BANDIT]-=-<1><STEAM_0:1:26400545><>" wished for "Potaras"
L 02/11/2017 - 17:35:25: -------- Mapchange to esf_Gurufixed --------
L 02/11/2017 - 17:36:22: [CORE/Dragonball.amxx] "-=-[*LSSJ*]=[BANDIT]-=-<1><STEAM_0:1:26400545><>" wished for "Potaras"
L 02/11/2017 - 17:37:17: [CORE/Dragonball.amxx] "-=-[*LSSJ*]=[BANDIT]-=-<1><STEAM_0:1:26400545><>" wished for "Potaras"
L 02/11/2017 - 17:39:33: [CORE/esf_powerlevel_changer.amxx] [AMXX] [ ESF Powerlevel ] - this command was issued by -=-[*LSSJ*]=[BANDIT]-=- on -=-[*LSSJ*]=[BANDIT]-=-
L 02/11/2017 - 17:39:36: [CORE/esf_powerlevel_changer.amxx] [AMXX] [ ESF Powerlevel ] - this command was issued by -=-[*LSSJ*]=[BANDIT]-=- on -=-[*LSSJ*]=[V3G3TT0]-=-
L 02/11/2017 - 17:39:48: [CORE/esf_powerlevel_changer.amxx] [AMXX] [ ESF Powerlevel ] - this command was issued by -=-[*LSSJ*]=[BANDIT]-=- on -=-[*LSSJ*]=[V3G3TT0]-=-
L 02/11/2017 - 17:40:37: [CORE/Dragonball.amxx] "-=-[*LSSJ*]=[BANDIT]-=-<1><STEAM_0:1:26400545><>" wished for "Health"
L 02/11/2017 - 17:43:10: [CORE/Dragonball.amxx] "-=-[*LSSJ*]=[BANDIT]-=-<1><STEAM_0:1:26400545><>" wished for "Potaras"
L 02/11/2017 - 17:46:36: [CORE/esf_powerlevel_changer.amxx] [AMXX] [ ESF Powerlevel ] - this command was issued by -=-[*LSSJ*]=[BANDIT]-=- on -=-[*LSSJ*]=[BANDIT]-=-
L 02/11/2017 - 17:47:20: [CORE/Dragonball.amxx] "-=-[*LSSJ*]=[V3G3TT0]-=-<2><STEAM_0:0:12908415><>" wished for "Potaras"
L 02/11/2017 - 17:49:22: [CORE/Dragonball.amxx] "-=-[*LSSJ*]=[BANDIT]-=-<1><STEAM_0:1:26400545><>" wished for "Potaras"
L 02/11/2017 - 17:50:22: [CORE/Dragonball.amxx] "-=-[*LSSJ*]=[BANDIT]-=-<1><STEAM_0:1:26400545><>" wished for "Potaras"
L 02/11/2017 - 17:54:24: [CORE/esf_powerlevel_changer.amxx] [AMXX] [ ESF Powerlevel ] - this command was issued by -=-[*LSSJ*]=[BANDIT]-=- on -=-[*LSSJ*]=[BANDIT]-=-
L 02/11/2017 - 17:54:31: [CORE/esf_powerlevel_changer.amxx] [AMXX] [ ESF Powerlevel ] - this command was issued by -=-[*LSSJ*]=[BANDIT]-=- on -=-[*LSSJ*]=[V3G3TT0]-=-
L 02/11/2017 - 17:59:49: -------- Mapchange to esf_Gurufixed --------
L 02/11/2017 - 18:02:57: [CORE/Dragonball.amxx] "-=-[*LSSJ*]=[BANDIT]-=-<1><STEAM_0:1:26400545><>" wished for "Potaras"
L 02/11/2017 - 18:03:40: [CORE/Dragonball.amxx] "-=-[*LSSJ*]=[BANDIT]-=-<1><STEAM_0:1:26400545><>" wished for "Potaras"
L 02/11/2017 - 18:06:14: [CORE/esf_powerlevel_changer.amxx] [AMXX] [ ESF Powerlevel ] - this command was issued by -=-[*LSSJ*]=[BANDIT]-=- on -=-[*LSSJ*]=[BANDIT]-=-
L 02/11/2017 - 18:13:55: -------- Mapchange to esf_Gurufixed --------
L 02/11/2017 - 18:14:17: [CORE/esf_powerlevel_changer.amxx] [AMXX] [ ESF Powerlevel ] - this command was issued by -=-[*LSSJ*]=[BANDIT]-=- on -=-[*LSSJ*]=[BANDIT]-=-
L 02/11/2017 - 18:17:21: -------- Mapchange to esf_Gurufixed --------
L 02/11/2017 - 18:18:16: [CORE/Dragonball.amxx] "-=-[*LSSJ*]=[BANDIT]-=-<2><STEAM_0:1:26400545><>" wished for "Potaras"
L 02/11/2017 - 18:23:30: -------- Mapchange to esf_Gurufixed --------
L 02/11/2017 - 18:25:25: -------- Mapchange to esf_Gurufixed --------
L 02/11/2017 - 18:26:27: [CORE/Dragonball.amxx] "-=-[*LSSJ*]=[BANDIT]-=-<1><STEAM_0:1:26400545><>" wished for "Potaras"
L 02/11/2017 - 18:31:48: [CORE/esf_powerlevel_changer.amxx] [AMXX] [ ESF Powerlevel ] - this command was issued by -=-[*LSSJ*]=[BANDIT]-=- on -=-[*LSSJ*]=[BANDIT]-=-
L 02/11/2017 - 18:32:19: [CORE/Dragonball.amxx] "-=-[*LSSJ*]=[BANDIT]-=-<1><STEAM_0:1:26400545><>" wished for "Potaras"
L 02/11/2017 - 18:33:45: -------- Mapchange to esf_ychampaarena --------
L 02/11/2017 - 18:34:17: [CORE/esf_powerlevel_changer.amxx] [AMXX] [ ESF Powerlevel ] - this command was issued by -=-[*LSSJ*]=[BANDIT]-=- on -=-[*LSSJ*]=[BANDIT]-=-
L 02/11/2017 - 18:35:31: [CORE/esf_powerlevel_changer.amxx] [AMXX] [ ESF Powerlevel ] - this command was issued by -=-[*LSSJ*]=[BANDIT]-=- on -=-[*LSSJ*]=[BANDIT]-=-
L 02/11/2017 - 18:48:40: [CORE/esf_powerlevel_changer.amxx] [AMXX] [ ESF Powerlevel ] - this command was issued by -=-[*LSSJ*]=[BANDIT]-=- on -=-[*LSSJ*]=[BANDIT]-=-
L 02/11/2017 - 18:55:21: [CORE/esf_powerlevel_changer.amxx] [AMXX] [ ESF Powerlevel ] - this command was issued by -=-[*LSSJ*]=[BANDIT]-=- on -=-[*LSSJ*]=[BANDIT]-=-
