L 03/07/2017 - 16:16:55: -------- Mapchange to esf_ychampaarena --------
L 03/07/2017 - 16:19:18: -------- Mapchange to esf_Gurufixed --------
L 03/07/2017 - 16:20:06: [CORE/esf_powerlevel_changer.amxx] [AMXX] [ ESF Powerlevel ] - this command was issued by -=-[*LSSJ*]=[BANDIT]-=- on -=-[*LSSJ*]=[BANDIT]-=-
L 03/07/2017 - 16:48:34: -------- Mapchange to esf_Gurufixed --------
L 03/07/2017 - 16:49:15: [CORE/esf_powerlevel_changer.amxx] [AMXX] [ ESF Powerlevel ] - this command was issued by -=-[*LSSJ*]=[BANDIT]-=- on -=-[*LSSJ*]=[BANDIT]-=-
L 03/07/2017 - 16:49:35: -------- Mapchange to esf_Gurufixed --------
L 03/07/2017 - 16:49:52: [CORE/esf_powerlevel_changer.amxx] [AMXX] [ ESF Powerlevel ] - this command was issued by -=-[*LSSJ*]=[BANDIT]-=- on -=-[*LSSJ*]=[BANDIT]-=-
L 03/07/2017 - 16:50:20: [CORE/esf_powerlevel_changer.amxx] [AMXX] [ ESF Powerlevel ] - this command was issued by -=-[*LSSJ*]=[BANDIT]-=- on -=-[*LSSJ*]=[V3G3TT0]-=-
L 03/07/2017 - 16:58:30: -------- Mapchange to esf_Gurufixed --------
L 03/07/2017 - 16:58:51: -------- Mapchange to esf_Gurufixed --------
L 03/07/2017 - 17:03:39: -------- Mapchange to esf_Gurufixed --------
L 03/07/2017 - 17:08:26: -------- Mapchange to esf_Gurufixed --------
L 03/07/2017 - 17:08:44: -------- Mapchange to esf_Gurufixed --------
L 03/07/2017 - 17:10:36: -------- Mapchange to esf_Gurufixed --------
L 03/07/2017 - 17:13:20: -------- Mapchange to esf_Gurufixed --------
L 03/07/2017 - 17:15:23: -------- Mapchange to esf_Gurufixed --------
L 03/07/2017 - 17:17:38: [CORE/esf_powerlevel_changer.amxx] [AMXX] [ ESF Powerlevel ] - this command was issued by -=-[*LSSJ*]=[BANDIT]-=- on -=-[*LSSJ*]=[BANDIT]-=-
L 03/07/2017 - 17:19:20: -------- Mapchange to esf_Gurufixed --------
L 03/07/2017 - 17:25:11: -------- Mapchange to esf_Gurufixed --------
L 03/07/2017 - 17:27:02: [CORE/esf_powerlevel_changer.amxx] [AMXX] [ ESF Powerlevel ] - this command was issued by -=-[*LSSJ*]=[BANDIT]-=- on -=-[*LSSJ*]=[BANDIT]-=-
L 03/07/2017 - 17:27:53: -------- Mapchange to esf_Gurufixed --------
L 03/07/2017 - 17:28:25: [CORE/esf_powerlevel_changer.amxx] [AMXX] [ ESF Powerlevel ] - this command was issued by -=-[*LSSJ*]=[BANDIT]-=- on -=-[*LSSJ*]=[BANDIT]-=-
L 03/07/2017 - 17:30:00: -------- Mapchange to esf_Gurufixed --------
L 03/07/2017 - 17:31:27: [CORE/esf_powerlevel_changer.amxx] [AMXX] [ ESF Powerlevel ] - this command was issued by -=-[*LSSJ*]=[BANDIT]-=- on -=-[*LSSJ*]=[BANDIT]-=-
L 03/07/2017 - 17:32:34: -------- Mapchange to esf_Gurufixed --------
L 03/07/2017 - 17:33:16: [CORE/esf_powerlevel_changer.amxx] [AMXX] [ ESF Powerlevel ] - this command was issued by -=-[*LSSJ*]=[BANDIT]-=- on -=-[*LSSJ*]=[BANDIT]-=-
L 03/07/2017 - 17:35:44: -------- Mapchange to esf_Gurufixed --------
L 03/07/2017 - 17:35:57: [CORE/esf_powerlevel_changer.amxx] [AMXX] [ ESF Powerlevel ] - this command was issued by -=-[*LSSJ*]=[BANDIT]-=- on -=-[*LSSJ*]=[BANDIT]-=-
L 03/07/2017 - 17:38:08: -------- Mapchange to esf_Gurufixed --------
L 03/07/2017 - 17:39:25: [CORE/esf_powerlevel_changer.amxx] [AMXX] [ ESF Powerlevel ] - this command was issued by -=-[*LSSJ*]=[BANDIT]-=- on -=-[*LSSJ*]=[BANDIT]-=-
L 03/07/2017 - 17:43:27: -------- Mapchange to esf_Gurufixed --------
L 03/07/2017 - 17:43:58: [CORE/esf_powerlevel_changer.amxx] [AMXX] [ ESF Powerlevel ] - this command was issued by -=-[*LSSJ*]=[BANDIT]-=- on -=-[*LSSJ*]=[BANDIT]-=-
L 03/07/2017 - 17:44:52: -------- Mapchange to esf_Gurufixed --------
L 03/07/2017 - 17:45:45: -------- Mapchange to esf_Gurufixed --------
L 03/07/2017 - 17:46:50: -------- Mapchange to esf_Gurufixed --------
L 03/07/2017 - 17:47:56: -------- Mapchange to esf_Gurufixed --------
L 03/07/2017 - 17:49:17: -------- Mapchange to esf_Gurufixed --------
L 03/07/2017 - 17:50:42: -------- Mapchange to esf_Gurufixed --------
L 03/07/2017 - 17:50:48: [CORE/esf_powerlevel_changer.amxx] [AMXX] [ ESF Powerlevel ] - this command was issued by -=-[*LSSJ*]=[BANDIT]-=- on -=-[*LSSJ*]=[BANDIT]-=-
L 03/07/2017 - 17:53:32: -------- Mapchange to esf_Gurufixed --------
L 03/07/2017 - 17:54:29: -------- Mapchange to esf_Gurufixed --------
L 03/07/2017 - 17:55:17: -------- Mapchange to esf_Gurufixed --------
L 03/07/2017 - 17:55:42: [CORE/esf_powerlevel_changer.amxx] [AMXX] [ ESF Powerlevel ] - this command was issued by -=-[*LSSJ*]=[BANDIT]-=- on -=-[*LSSJ*]=[BANDIT]-=-
L 03/07/2017 - 18:03:20: [CORE/Dragonball.amxx] "-=-[*LSSJ*]=[BANDIT]-=-<12><STEAM_0:1:26400545><>" wished for "Potaras"
L 03/07/2017 - 18:07:19: [CORE/Dragonball.amxx] "-=-[*LSSJ*]=[V3G3TT0]-=-<13><STEAM_0:0:12908415><>" wished for "Potaras"
L 03/07/2017 - 19:05:45: -------- Mapchange to esf_Gurufixed --------
