L 03/04/2017 - 00:16:53: -------- Mapchange to esf_Gurufixed --------
L 03/04/2017 - 00:19:17: [CORE/esf_powerlevel_changer.amxx] [AMXX] [ ESF Powerlevel ] - this command was issued by -=-[*LSSJ*]=[BANDIT]-=- on -=-[*LSSJ*]=[BANDIT]-=-
L 03/04/2017 - 09:13:01: -------- Mapchange to esf_Gurufixed --------
L 03/04/2017 - 09:25:04: -------- Mapchange to esf_Gurufixed --------
L 03/04/2017 - 09:26:39: [CORE/esf_powerlevel_changer.amxx] [AMXX] [ ESF Powerlevel ] - this command was issued by -=-[*LSSJ*]=[BANDIT]-=- on -=-[*LSSJ*]=[BANDIT]-=-
L 03/04/2017 - 09:30:33: -------- Mapchange to esf_ychampaarena --------
L 03/04/2017 - 09:32:08: [CORE/esf_powerlevel_changer.amxx] [AMXX] [ ESF Powerlevel ] - this command was issued by -=-[*LSSJ*]=[BANDIT]-=- on -=-[*LSSJ*]=[BANDIT]-=-
L 03/04/2017 - 09:37:03: -------- Mapchange to esf_Gurufixed --------
L 03/04/2017 - 09:42:36: -------- Mapchange to esf_ychampaarena --------
L 03/04/2017 - 09:43:04: [CORE/esf_powerlevel_changer.amxx] [AMXX] [ ESF Powerlevel ] - this command was issued by -=-[*LSSJ*]=[BANDIT]-=- on -=-[*LSSJ*]=[V3G3TT0]-=-
L 03/04/2017 - 09:45:46: -------- Mapchange to esf_ychampaarena --------
L 03/04/2017 - 09:46:23: -------- Mapchange to esf_Gurufixed --------
L 03/04/2017 - 09:57:45: -------- Mapchange to esf_ychampaarena --------
L 03/04/2017 - 09:58:11: [CORE/esf_powerlevel_changer.amxx] [AMXX] [ ESF Powerlevel ] - this command was issued by -=-[*LSSJ*]=[BANDIT]-=- on -=-[*LSSJ*]=[BANDIT]-=-
L 03/04/2017 - 10:01:32: -------- Mapchange to esf_ychampaarena --------
L 03/04/2017 - 10:03:07: -------- Mapchange to esf_Gurufixed --------
L 03/04/2017 - 10:06:45: -------- Mapchange to esf_Gurufixed --------
L 03/04/2017 - 10:31:46: -------- Mapchange to esf_Gurufixed --------
L 03/04/2017 - 10:33:48: -------- Mapchange to esf_ychampaarena --------
L 03/04/2017 - 10:37:58: -------- Mapchange to esf_ychampaarena --------
L 03/04/2017 - 10:39:22: -------- Mapchange to esf_Gurufixed --------
L 03/04/2017 - 10:41:47: -------- Mapchange to esf_Gurufixed --------
L 03/04/2017 - 14:16:36: -------- Mapchange to esf_Gurufixed --------
L 03/04/2017 - 14:18:54: [CORE/esf_powerlevel_changer.amxx] [AMXX] [ ESF Powerlevel ] - this command was issued by -=-[*LSSJ*]=[BANDIT]-=- on -=-[*LSSJ*]=[BANDIT]-=-
L 03/04/2017 - 14:19:29: [CORE/esf_powerlevel_changer.amxx] [AMXX] [ ESF Powerlevel ] - this command was issued by -=-[*LSSJ*]=[BANDIT]-=- on -=-[*LSSJ*]=[V3G3TT0]-=-
L 03/04/2017 - 14:26:35: -------- Mapchange to esf_ychampaarena --------
L 03/04/2017 - 14:27:17: -------- Mapchange to esf_ychampaarena --------
L 03/04/2017 - 14:37:26: -------- Mapchange to esf_ychampaarena --------
L 03/04/2017 - 14:38:45: -------- Mapchange to esf_ychampaarena --------
L 03/04/2017 - 14:47:02: -------- Mapchange to esf_ychampaarena --------
L 03/04/2017 - 14:48:25: -------- Mapchange to esf_ychampaarena --------
L 03/04/2017 - 14:49:05: -------- Mapchange to esf_Gurufixed --------
L 03/04/2017 - 14:50:39: -------- Mapchange to esf_Gurufixed --------
L 03/04/2017 - 14:53:26: -------- Mapchange to esf_Gurufixed --------
L 03/04/2017 - 14:55:25: -------- Mapchange to esf_Gurufixed --------
L 03/04/2017 - 14:56:26: -------- Mapchange to esf_Gurufixed --------
L 03/04/2017 - 14:59:04: -------- Mapchange to esf_Gurufixed --------
L 03/04/2017 - 15:00:09: -------- Mapchange to esf_ychampaarena --------
L 03/04/2017 - 15:04:43: -------- Mapchange to esf_ychampaarena --------
L 03/04/2017 - 15:41:27: -------- Mapchange to esf_Gurufixed --------
L 03/04/2017 - 15:46:29: -------- Mapchange to esf_Gurufixed --------
L 03/04/2017 - 15:54:31: -------- Mapchange to esf_Gurufixed --------
L 03/04/2017 - 15:59:14: [CORE/Dragonball.amxx] "-=-[*LSSJ*]=[V3G3TT0]-=-<6><STEAM_0:1:0><>" wished for "Potaras"
L 03/04/2017 - 16:08:57: [CORE/Dragonball.amxx] "-=-[*LSSJ*]=[BANDIT]-=-<7><STEAM_0:1:26400545><>" wished for "Potaras"
L 03/04/2017 - 16:26:01: [CORE/esf_powerlevel_changer.amxx] [AMXX] [ ESF Powerlevel ] - this command was issued by -=-[*LSSJ*]=[BANDIT]-=- on -=-[*LSSJ*]=[V3G3TT0]-=-
L 03/04/2017 - 16:26:07: [CORE/esf_powerlevel_changer.amxx] [AMXX] [ ESF Powerlevel ] - this command was issued by -=-[*LSSJ*]=[BANDIT]-=- on -=-[*LSSJ*]=[V3G3TT0]-=-
L 03/04/2017 - 16:26:15: [CORE/esf_powerlevel_changer.amxx] [AMXX] [ ESF Powerlevel ] - this command was issued by -=-[*LSSJ*]=[BANDIT]-=- on -=-[*LSSJ*]=[V3G3TT0]-=-
