L 03/09/2017 - 15:23:07: -------- Mapchange to esf_ychampaarena --------
L 03/09/2017 - 15:27:50: -------- Mapchange to esf_ychampaarena --------
L 03/09/2017 - 15:28:43: -------- Mapchange to esf_ychampaarena --------
L 03/09/2017 - 15:29:29: -------- Mapchange to esf_ychampaarena --------
L 03/09/2017 - 15:30:25: [CORE/esf_powerlevel_changer.amxx] [AMXX] [ ESF Powerlevel ] - this command was issued by -=-[*LSSJ*]=[BANDIT]-=- on -=-[*LSSJ*]=[BANDIT]-=-
L 03/09/2017 - 15:31:10: [CORE/esf_powerlevel_changer.amxx] [AMXX] [ ESF Powerlevel ] - this command was issued by -=-[*LSSJ*]=[BANDIT]-=- on -=-[*LSSJ*]=[BANDIT]-=-
L 03/09/2017 - 15:32:12: [CORE/esf_powerlevel_changer.amxx] [AMXX] [ ESF Powerlevel ] - this command was issued by -=-[*LSSJ*]=[BANDIT]-=- on -=-[*LSSJ*]=[BANDIT]-=-
L 03/09/2017 - 15:32:56: [CORE/esf_powerlevel_changer.amxx] [AMXX] [ ESF Powerlevel ] - this command was issued by -=-[*LSSJ*]=[BANDIT]-=- on -=-[*LSSJ*]=[BANDIT]-=-
L 03/09/2017 - 15:33:30: [CORE/esf_powerlevel_changer.amxx] [AMXX] [ ESF Powerlevel ] - this command was issued by -=-[*LSSJ*]=[BANDIT]-=- on -=-[*LSSJ*]=[BANDIT]-=-
L 03/09/2017 - 15:36:31: -------- Mapchange to esf_ychampaarena --------
L 03/09/2017 - 15:38:53: [CORE/esf_powerlevel_changer.amxx] [AMXX] [ ESF Powerlevel ] - this command was issued by -=-[*LSSJ*]=[BANDIT]-=- on -=-[*LSSJ*]=[BANDIT]-=-
L 03/09/2017 - 15:39:14: [CORE/esf_powerlevel_changer.amxx] [AMXX] [ ESF Powerlevel ] - this command was issued by -=-[*LSSJ*]=[BANDIT]-=- on -=-[*LSSJ*]=[BANDIT]-=-
L 03/09/2017 - 15:42:18: -------- Mapchange to esf_ychampaarena --------
L 03/09/2017 - 15:43:40: [CORE/esf_powerlevel_changer.amxx] [AMXX] [ ESF Powerlevel ] - this command was issued by -=-[*LSSJ*]=[BANDIT]-=- on -=-[*LSSJ*]=[BANDIT]-=-
L 03/09/2017 - 15:44:57: [CORE/esf_powerlevel_changer.amxx] [AMXX] [ ESF Powerlevel ] - this command was issued by -=-[*LSSJ*]=[BANDIT]-=- on -=-[*LSSJ*]=[BANDIT]-=-
L 03/09/2017 - 15:49:43: -------- Mapchange to esf_ychampaarena --------
L 03/09/2017 - 15:57:48: -------- Mapchange to esf_Gurufixed --------
L 03/09/2017 - 15:58:18: [CORE/esf_powerlevel_changer.amxx] [AMXX] [ ESF Powerlevel ] - this command was issued by -=-[*LSSJ*]=[BANDIT]-=- on -=-[*LSSJ*]=[BANDIT]-=-
L 03/09/2017 - 16:01:02: -------- Mapchange to esf_Gurufixed --------
L 03/09/2017 - 17:32:31: -------- Mapchange to esf_Gurufixed --------
L 03/09/2017 - 17:33:30: [CORE/esf_powerlevel_changer.amxx] [AMXX] [ ESF Powerlevel ] - this command was issued by -=-[*LSSJ*]=[BANDIT]-=- on -=-[*LSSJ*]=[BANDIT]-=-
L 03/09/2017 - 17:33:45: [CORE/esf_powerlevel_changer.amxx] [AMXX] [ ESF Powerlevel ] - this command was issued by -=-[*LSSJ*]=[BANDIT]-=- on -=-[*LSSJ*]=[BANDIT]-=-
L 03/09/2017 - 17:35:09: -------- Mapchange to esf_Gurufixed --------
L 03/09/2017 - 17:36:18: -------- Mapchange to esf_Gurufixed --------
L 03/09/2017 - 17:36:53: [CORE/esf_powerlevel_changer.amxx] [AMXX] [ ESF Powerlevel ] - this command was issued by -=-[*LSSJ*]=[BANDIT]-=- on -=-[*LSSJ*]=[V3G3TT0]-=-
L 03/09/2017 - 17:37:49: -------- Mapchange to esf_ychampaarena --------
L 03/09/2017 - 17:42:13: -------- Mapchange to esf_gurufixed --------
