L 05/22/2016 - 15:36:35: -------- Mapchange to esf_Guru --------
L 05/22/2016 - 15:50:17: -------- Mapchange to esf_Guru --------
L 05/22/2016 - 15:51:30: [CORE/esf_powerlevel_changer.amxx] [AMXX] [ ESF Powerlevel ] - this command was issued by -=-[*LSSJ*]=[BANDIT]-=- on -=-[*LSSJ*]=[BANDIT]-=-
L 05/22/2016 - 15:52:08: [CORE/esf_powerlevel_changer.amxx] [AMXX] [ ESF Powerlevel ] - this command was issued by -=-[*LSSJ*]=[BANDIT]-=- on -=-[*LSSJ*]=[V3G3TT0]-=-
L 05/22/2016 - 15:59:12: -------- Mapchange to esf_Guru --------
L 05/22/2016 - 18:35:41: -------- Mapchange to esf_Guru --------
L 05/22/2016 - 18:36:19: -------- Mapchange to esf_Guru --------
L 05/22/2016 - 18:37:15: [CORE/esf_powerlevel_changer.amxx] [AMXX] [ ESF Powerlevel ] - this command was issued by -=-[*LSSJ*]=[BANDIT]-=- on -=-[*LSSJ*]=[BANDIT]-=-
L 05/22/2016 - 18:38:38: [CORE/esf_powerlevel_changer.amxx] [AMXX] [ ESF Powerlevel ] - this command was issued by -=-[*LSSJ*]=[BANDIT]-=- on -=-[*LSSJ*]=[BANDIT]-=-
L 05/22/2016 - 18:38:46: [CORE/esf_powerlevel_changer.amxx] [AMXX] [ ESF Powerlevel ] - this command was issued by -=-[*LSSJ*]=[BANDIT]-=- on -=-[*LSSJ*]=[BANDIT]-=-
L 05/22/2016 - 18:43:02: [CORE/esf_powerlevel_changer.amxx] [AMXX] [ ESF Powerlevel ] - this command was issued by -=-[*LSSJ*]=[BANDIT]-=- on -=-[*LSSJ*]=[V3G3TT0]-=-
L 05/22/2016 - 18:44:28: [CORE/esf_powerlevel_changer.amxx] [AMXX] [ ESF Powerlevel ] - this command was issued by -=-[*LSSJ*]=[BANDIT]-=- on -=-[*LSSJ*]=[BANDIT]-=-
L 05/22/2016 - 18:46:27: [CORE/esf_powerlevel_changer.amxx] [AMXX] [ ESF Powerlevel ] - this command was issued by -=-[*LSSJ*]=[BANDIT]-=- on -=-[*LSSJ*]=[BANDIT]-=-
L 05/22/2016 - 18:47:36: [CORE/esf_powerlevel_changer.amxx] [AMXX] [ ESF Powerlevel ] - this command was issued by -=-[*LSSJ*]=[BANDIT]-=- on -=-[*LSSJ*]=[V3G3TT0]-=-
L 05/22/2016 - 18:48:38: [CORE/esf_powerlevel_changer.amxx] [AMXX] [ ESF Powerlevel ] - this command was issued by -=-[*LSSJ*]=[BANDIT]-=- on -=-[*LSSJ*]=[BANDIT]-=-
L 05/22/2016 - 18:49:06: [CORE/esf_powerlevel_changer.amxx] [AMXX] [ ESF Powerlevel ] - this command was issued by -=-[*LSSJ*]=[BANDIT]-=- on -=-[*LSSJ*]=[V3G3TT0]-=-
L 05/22/2016 - 18:49:56: [CORE/esf_powerlevel_changer.amxx] [AMXX] [ ESF Powerlevel ] - this command was issued by -=-[*LSSJ*]=[BANDIT]-=- on -=-[*LSSJ*]=[BANDIT]-=-
L 05/22/2016 - 18:52:16: -------- Mapchange to esf_Guru --------
L 05/22/2016 - 19:00:58: [CORE/esf_powerlevel_changer.amxx] [AMXX] [ ESF Powerlevel ] - this command was issued by -=-[*LSSJ*]=[BANDIT]-=- on -=-[*LSSJ*]=[BANDIT]-=-
L 05/22/2016 - 19:01:59: [CORE/Dragonball.amxx] "-=-[*LSSJ*]=[BANDIT]-=-<1><STEAM_0:1:26400545><>" wished for "Unlimited KI"
L 05/22/2016 - 19:04:09: [CORE/esf_powerlevel_changer.amxx] [AMXX] [ ESF Powerlevel ] - this command was issued by -=-[*LSSJ*]=[BANDIT]-=- on -=-[*LSSJ*]=[BANDIT]-=-
L 05/22/2016 - 19:06:25: [CORE/esf_powerlevel_changer.amxx] [AMXX] [ ESF Powerlevel ] - this command was issued by -=-[*LSSJ*]=[BANDIT]-=- on -=-[*LSSJ*]=[BANDIT]-=-
L 05/22/2016 - 19:07:58: [CORE/esf_powerlevel_changer.amxx] [AMXX] [ ESF Powerlevel ] - this command was issued by -=-[*LSSJ*]=[BANDIT]-=- on -=-[*LSSJ*]=[BANDIT]-=-
L 05/22/2016 - 19:10:30: [CORE/esf_powerlevel_changer.amxx] [AMXX] [ ESF Powerlevel ] - this command was issued by -=-[*LSSJ*]=[BANDIT]-=- on -=-[*LSSJ*]=[BANDIT]-=-
L 05/22/2016 - 19:10:41: [CORE/esf_powerlevel_changer.amxx] [AMXX] [ ESF Powerlevel ] - this command was issued by -=-[*LSSJ*]=[BANDIT]-=- on -=-[*LSSJ*]=[V3G3TT0]-=-
L 05/22/2016 - 19:10:48: [CORE/esf_powerlevel_changer.amxx] [AMXX] [ ESF Powerlevel ] - this command was issued by -=-[*LSSJ*]=[BANDIT]-=- on -=-[*LSSJ*]=[V3G3TT0]-=-
L 05/22/2016 - 19:16:01: [CORE/Dragonball.amxx] "-=-[*LSSJ*]=[BANDIT]-=-<1><STEAM_0:1:26400545><>" wished for "Unlimited KI"
L 05/22/2016 - 19:17:49: [CORE/Dragonball.amxx] "-=-[*LSSJ*]=[BANDIT]-=-<1><STEAM_0:1:26400545><>" wished for "Strength"
L 05/22/2016 - 19:33:44: [CORE/Dragonball.amxx] "-=-[*LSSJ*]=[V3G3TT0]-=-<2><STEAM_0:0:12908415><>" wished for "Strength"
L 05/22/2016 - 19:48:17: [CORE/esf_powerlevel_changer.amxx] [AMXX] [ ESF Powerlevel ] - this command was issued by -=-[*LSSJ*]=[BANDIT]-=- on -=-[*LSSJ*]=[V3G3TT0]-=-
L 05/22/2016 - 19:48:22: [CORE/esf_powerlevel_changer.amxx] [AMXX] [ ESF Powerlevel ] - this command was issued by -=-[*LSSJ*]=[BANDIT]-=- on -=-[*LSSJ*]=[BANDIT]-=-
L 05/22/2016 - 19:48:48: [CORE/esf_powerlevel_changer.amxx] [AMXX] [ ESF Powerlevel ] - this command was issued by -=-[*LSSJ*]=[BANDIT]-=- on -=-[*LSSJ*]=[BANDIT]-=-
