L 05/21/2016 - 00:31:09: -------- Mapchange to esf_Guru --------
L 05/21/2016 - 00:32:28: [CORE/Dragonball.amxx] "-=-[*LSSJ*]=[BANDIT]-=-<1><STEAM_0:1:26400545><>" wished for "Potaras"
L 05/21/2016 - 00:34:41: -------- Mapchange to esf_Guru --------
L 05/21/2016 - 00:41:04: -------- Mapchange to esf_Guru --------
L 05/21/2016 - 00:41:56: [CORE/esf_powerlevel_changer.amxx] [AMXX] [ ESF Powerlevel ] - this command was issued by -=-[*LSSJ*]=[BANDIT]-=- on -=-[*LSSJ*]=[BANDIT]-=-
L 05/21/2016 - 00:52:31: [CORE/Dragonball.amxx] "-=-[*LSSJ*]=[BANDIT]-=-<1><STEAM_0:1:26400545><>" wished for "Moon"
L 05/21/2016 - 00:56:08: -------- Mapchange to esf_Guru --------
L 05/21/2016 - 00:57:05: -------- Mapchange to esf_Guru --------
L 05/21/2016 - 00:57:47: [CORE/esf_powerlevel_changer.amxx] [AMXX] [ ESF Powerlevel ] - this command was issued by -=-[*LSSJ*]=[BANDIT]-=- on -=-[*LSSJ*]=[BANDIT]-=-
L 05/21/2016 - 00:58:30: [CORE/esf_powerlevel_changer.amxx] [AMXX] [ ESF Powerlevel ] - this command was issued by -=-[*LSSJ*]=[BANDIT]-=- on -=-[*LSSJ*]=[BANDIT]-=-
L 05/21/2016 - 01:00:35: [CORE/esf_powerlevel_changer.amxx] [AMXX] [ ESF Powerlevel ] - this command was issued by -=-[*LSSJ*]=[BANDIT]-=- on -=-[*LSSJ*]=[BANDIT]-=-
L 05/21/2016 - 01:01:15: [CORE/esf_powerlevel_changer.amxx] [AMXX] [ ESF Powerlevel ] - this command was issued by -=-[*LSSJ*]=[BANDIT]-=- on -=-[*LSSJ*]=[BANDIT]-=-
L 05/21/2016 - 01:02:22: [CORE/esf_powerlevel_changer.amxx] [AMXX] [ ESF Powerlevel ] - this command was issued by -=-[*LSSJ*]=[BANDIT]-=- on -=-[*LSSJ*]=[BANDIT]-=-
L 05/21/2016 - 01:02:59: [CORE/esf_powerlevel_changer.amxx] [AMXX] [ ESF Powerlevel ] - this command was issued by -=-[*LSSJ*]=[BANDIT]-=- on -=-[*LSSJ*]=[BANDIT]-=-
L 05/21/2016 - 01:03:47: [CORE/esf_powerlevel_changer.amxx] [AMXX] [ ESF Powerlevel ] - this command was issued by -=-[*LSSJ*]=[BANDIT]-=- on -=-[*LSSJ*]=[BANDIT]-=-
L 05/21/2016 - 01:04:18: [CORE/esf_powerlevel_changer.amxx] [AMXX] [ ESF Powerlevel ] - this command was issued by -=-[*LSSJ*]=[BANDIT]-=- on -=-[*LSSJ*]=[BANDIT]-=-
L 05/21/2016 - 01:05:33: [CORE/esf_powerlevel_changer.amxx] [AMXX] [ ESF Powerlevel ] - this command was issued by -=-[*LSSJ*]=[BANDIT]-=- on -=-[*LSSJ*]=[BANDIT]-=-
L 05/21/2016 - 01:06:23: [CORE/esf_powerlevel_changer.amxx] [AMXX] [ ESF Powerlevel ] - this command was issued by -=-[*LSSJ*]=[BANDIT]-=- on -=-[*LSSJ*]=[BANDIT]-=-
L 05/21/2016 - 01:08:11: [CORE/esf_powerlevel_changer.amxx] [AMXX] [ ESF Powerlevel ] - this command was issued by -=-[*LSSJ*]=[BANDIT]-=- on -=-[*LSSJ*]=[BANDIT]-=-
L 05/21/2016 - 09:14:26: -------- Mapchange to esf_Guru --------
L 05/21/2016 - 09:15:36: -------- Mapchange to esf_Guru --------
L 05/21/2016 - 09:16:44: [CORE/esf_powerlevel_changer.amxx] [AMXX] [ ESF Powerlevel ] - this command was issued by -=-[*LSSJ*]=[BANDIT]-=- on -=-[*LSSJ*]=[BANDIT]-=-
L 05/21/2016 - 09:17:56: [CORE/esf_powerlevel_changer.amxx] [AMXX] [ ESF Powerlevel ] - this command was issued by -=-[*LSSJ*]=[BANDIT]-=- on -=-[*LSSJ*]=[BANDIT]-=-
L 05/21/2016 - 09:19:50: [CORE/esf_powerlevel_changer.amxx] [AMXX] [ ESF Powerlevel ] - this command was issued by -=-[*LSSJ*]=[BANDIT]-=- on -=-[*LSSJ*]=[BANDIT]-=-
L 05/21/2016 - 09:20:48: [CORE/esf_powerlevel_changer.amxx] [AMXX] [ ESF Powerlevel ] - this command was issued by -=-[*LSSJ*]=[BANDIT]-=- on -=-[*LSSJ*]=[BANDIT]-=-
L 05/21/2016 - 09:23:27: [CORE/Dragonball.amxx] "-=-[*LSSJ*]=[BANDIT]-=-<1><STEAM_0:1:26400545><>" wished for "Moon"
L 05/21/2016 - 09:23:52: [CORE/esf_powerlevel_changer.amxx] [AMXX] [ ESF Powerlevel ] - this command was issued by -=-[*LSSJ*]=[BANDIT]-=- on -=-[*LSSJ*]=[BANDIT]-=-
L 05/21/2016 - 09:25:40: [CORE/esf_powerlevel_changer.amxx] [AMXX] [ ESF Powerlevel ] - this command was issued by -=-[*LSSJ*]=[BANDIT]-=- on -=-[*LSSJ*]=[BANDIT]-=-
L 05/21/2016 - 09:26:56: [CORE/esf_powerlevel_changer.amxx] [AMXX] [ ESF Powerlevel ] - this command was issued by -=-[*LSSJ*]=[BANDIT]-=- on -=-[*LSSJ*]=[BANDIT]-=-
L 05/21/2016 - 09:27:17: [CORE/Dragonball.amxx] "-=-[*LSSJ*]=[BANDIT]-=-<1><STEAM_0:1:26400545><>" wished for "Potaras"
L 05/21/2016 - 09:28:46: [CORE/esf_powerlevel_changer.amxx] [AMXX] [ ESF Powerlevel ] - this command was issued by -=-[*LSSJ*]=[BANDIT]-=- on -=-[*LSSJ*]=[BANDIT]-=-
L 05/21/2016 - 09:30:09: [CORE/esf_powerlevel_changer.amxx] [AMXX] [ ESF Powerlevel ] - this command was issued by -=-[*LSSJ*]=[BANDIT]-=- on -=-[*LSSJ*]=[BANDIT]-=-
L 05/21/2016 - 09:31:02: [CORE/esf_powerlevel_changer.amxx] [AMXX] [ ESF Powerlevel ] - this command was issued by -=-[*LSSJ*]=[BANDIT]-=- on -=-[*LSSJ*]=[BANDIT]-=-
L 05/21/2016 - 09:31:41: [CORE/Dragonball.amxx] "-=-[*LSSJ*]=[BANDIT]-=-<1><STEAM_0:1:26400545><>" wished for "Strength"
L 05/21/2016 - 22:15:30: -------- Mapchange to esf_Guru --------
L 05/21/2016 - 22:19:32: [CORE/Dragonball.amxx] "-=-[*LSSJ*]=[BANDIT]-=-<1><STEAM_0:1:26400545><>" wished for "Potaras"
L 05/21/2016 - 22:20:47: [CORE/Dragonball.amxx] "-=-[*LSSJ*]=[BANDIT]-=-<1><STEAM_0:1:26400545><>" wished for "Potaras"
L 05/21/2016 - 22:24:50: [CORE/Dragonball.amxx] "-=-[*LSSJ*]=[V3G3TT0]-=-<2><STEAM_0:0:12908415><>" wished for "Potaras"
L 05/21/2016 - 22:27:52: [CORE/esf_powerlevel_changer.amxx] [AMXX] [ ESF Powerlevel ] - this command was issued by -=-[*LSSJ*]=[BANDIT]-=- on -=-[*LSSJ*]=[BANDIT]-=-
L 05/21/2016 - 22:28:03: [CORE/esf_powerlevel_changer.amxx] [AMXX] [ ESF Powerlevel ] - this command was issued by -=-[*LSSJ*]=[BANDIT]-=- on -=-[*LSSJ*]=[V3G3TT0]-=-
L 05/21/2016 - 22:38:00: -------- Mapchange to esf_Guru --------
L 05/21/2016 - 22:38:09: [CORE/esf_powerlevel_changer.amxx] [AMXX] [ ESF Powerlevel ] - this command was issued by -=-[*LSSJ*]=[BANDIT]-=- on -=-[*LSSJ*]=[BANDIT]-=-
L 05/21/2016 - 22:38:31: -------- Mapchange to esf_Guru --------
L 05/21/2016 - 22:40:56: [CORE/Dragonball.amxx] "-=-[*LSSJ*]=[V3G3TT0]-=-<8><STEAM_0:0:12908415><>" wished for "Wishlevel"
L 05/21/2016 - 22:41:47: [CORE/esf_powerlevel_changer.amxx] [AMXX] [ ESF Powerlevel ] - this command was issued by -=-[*LSSJ*]=[BANDIT]-=- on -=-[*LSSJ*]=[V3G3TT0]-=-
L 05/21/2016 - 22:43:29: [CORE/esf_powerlevel_changer.amxx] [AMXX] [ ESF Powerlevel ] - this command was issued by -=-[*LSSJ*]=[BANDIT]-=- on -=-[*LSSJ*]=[BANDIT]-=-
L 05/21/2016 - 22:45:07: [CORE/esf_powerlevel_changer.amxx] [AMXX] [ ESF Powerlevel ] - this command was issued by -=-[*LSSJ*]=[BANDIT]-=- on -=-[*LSSJ*]=[V3G3TT0]-=-
L 05/21/2016 - 22:45:26: [CORE/esf_powerlevel_changer.amxx] [AMXX] [ ESF Powerlevel ] - this command was issued by -=-[*LSSJ*]=[BANDIT]-=- on -=-[*LSSJ*]=[V3G3TT0]-=-
L 05/21/2016 - 22:50:32: [CORE/Dragonball.amxx] "-=-[*LSSJ*]=[V3G3TT0]-=-<8><STEAM_0:1:0><>" wished for "Potaras"
L 05/21/2016 - 22:52:05: [CORE/esf_powerlevel_changer.amxx] [AMXX] [ ESF Powerlevel ] - this command was issued by -=-[*LSSJ*]=[BANDIT]-=- on -=-[*LSSJ*]=[BANDIT]-=-
L 05/21/2016 - 22:54:15: [CORE/esf_powerlevel_changer.amxx] [AMXX] [ ESF Powerlevel ] - this command was issued by -=-[*LSSJ*]=[BANDIT]-=- on -=-[*LSSJ*]=[V3G3TT0]-=-
L 05/21/2016 - 22:58:53: [CORE/esf_powerlevel_changer.amxx] [AMXX] [ ESF Powerlevel ] - this command was issued by -=-[*LSSJ*]=[BANDIT]-=- on -=-[*LSSJ*]=[V3G3TT0]-=-
L 05/21/2016 - 23:00:54: [CORE/esf_powerlevel_changer.amxx] [AMXX] [ ESF Powerlevel ] - this command was issued by -=-[*LSSJ*]=[BANDIT]-=- on -=-[*LSSJ*]=[V3G3TT0]-=-
L 05/21/2016 - 23:01:14: [CORE/Dragonball.amxx] "-=-[*LSSJ*]=[V3G3TT0]-=-<8><STEAM_0:1:0><>" wished for "Health"
L 05/21/2016 - 23:01:26: [CORE/esf_powerlevel_changer.amxx] [AMXX] [ ESF Powerlevel ] - this command was issued by -=-[*LSSJ*]=[BANDIT]-=- on -=-[*LSSJ*]=[BANDIT]-=-
L 05/21/2016 - 23:05:26: [CORE/Dragonball.amxx] "-=-[*LSSJ*]=[V3G3TT0]-=-<8><STEAM_0:1:0><>" wished for "Health"
L 05/21/2016 - 23:07:03: [CORE/esf_powerlevel_changer.amxx] [AMXX] [ ESF Powerlevel ] - this command was issued by -=-[*LSSJ*]=[BANDIT]-=- on -=-[*LSSJ*]=[V3G3TT0]-=-
L 05/21/2016 - 23:07:12: [CORE/esf_powerlevel_changer.amxx] [AMXX] [ ESF Powerlevel ] - this command was issued by -=-[*LSSJ*]=[BANDIT]-=- on -=-[*LSSJ*]=[V3G3TT0]-=-
L 05/21/2016 - 23:07:18: [CORE/esf_powerlevel_changer.amxx] [AMXX] [ ESF Powerlevel ] - this command was issued by -=-[*LSSJ*]=[BANDIT]-=- on -=-[*LSSJ*]=[V3G3TT0]-=-
L 05/21/2016 - 23:18:07: [CORE/Dragonball.amxx] "-=-[*LSSJ*]=[BANDIT]-=-<7><STEAM_0:1:26400545><>" wished for "Potaras"
L 05/21/2016 - 23:22:44: [CORE/Dragonball.amxx] "-=-[*LSSJ*]=[BANDIT]-=-<7><STEAM_0:1:26400545><>" wished for "Potaras"
L 05/21/2016 - 23:25:44: [CORE/esf_powerlevel_changer.amxx] [AMXX] [ ESF Powerlevel ] - this command was issued by -=-[*LSSJ*]=[BANDIT]-=- on -=-[*LSSJ*]=[V3G3TT0]-=-
L 05/21/2016 - 23:25:53: [CORE/esf_powerlevel_changer.amxx] [AMXX] [ ESF Powerlevel ] - this command was issued by -=-[*LSSJ*]=[BANDIT]-=- on -=-[*LSSJ*]=[BANDIT]-=-
L 05/21/2016 - 23:26:06: [CORE/esf_powerlevel_changer.amxx] [AMXX] [ ESF Powerlevel ] - this command was issued by -=-[*LSSJ*]=[BANDIT]-=- on -=-[*LSSJ*]=[V3G3TT0]-=-
L 05/21/2016 - 23:26:10: [CORE/esf_powerlevel_changer.amxx] [AMXX] [ ESF Powerlevel ] - this command was issued by -=-[*LSSJ*]=[BANDIT]-=- on -=-[*LSSJ*]=[V3G3TT0]-=-
L 05/21/2016 - 23:26:14: [CORE/esf_powerlevel_changer.amxx] [AMXX] [ ESF Powerlevel ] - this command was issued by -=-[*LSSJ*]=[BANDIT]-=- on -=-[*LSSJ*]=[V3G3TT0]-=-
