L 08/17/2016 - 18:20:42: -------- Mapchange to esf_Guru --------
L 08/17/2016 - 18:23:34: -------- Mapchange to esf_Guru --------
L 08/17/2016 - 18:28:49: -------- Mapchange to esf_Guru --------
L 08/17/2016 - 18:30:28: -------- Mapchange to esf_Guru --------
L 08/17/2016 - 18:30:54: -------- Mapchange to esf_Guru --------
L 08/17/2016 - 18:32:20: [CORE/esf_powerlevel_changer.amxx] [AMXX] [ ESF Powerlevel ] - this command was issued by -=-[*LSSJ*]=[BANDIT]-=- on -=-[*LSSJ*]=[BANDIT]-=-
L 08/17/2016 - 18:35:23: [CORE/esf_powerlevel_changer.amxx] [AMXX] [ ESF Powerlevel ] - this command was issued by -=-[*LSSJ*]=[BANDIT]-=- on -=-[*LSSJ*]=[BANDIT]-=-
L 08/17/2016 - 18:35:58: -------- Mapchange to esf_Guru --------
L 08/17/2016 - 18:36:45: -------- Mapchange to esf_Guru --------
L 08/17/2016 - 18:38:17: -------- Mapchange to esf_Guru --------
L 08/17/2016 - 18:38:52: -------- Mapchange to esf_Guru --------
L 08/17/2016 - 18:40:56: [CORE/esf_powerlevel_changer.amxx] [AMXX] [ ESF Powerlevel ] - this command was issued by -=-[*LSSJ*]=[BANDIT]-=- on -=-[*LSSJ*]=[BANDIT]-=-
L 08/17/2016 - 18:41:55: -------- Mapchange to esf_Guru --------
L 08/17/2016 - 18:42:30: -------- Mapchange to esf_Guru --------
L 08/17/2016 - 18:43:08: -------- Mapchange to esf_Guru --------
L 08/17/2016 - 18:43:47: [CORE/esf_powerlevel_changer.amxx] [AMXX] [ ESF Powerlevel ] - this command was issued by -=-[*LSSJ*]=[BANDIT]-=- on -=-[*LSSJ*]=[BANDIT]-=-
L 08/17/2016 - 18:43:58: [CORE/esf_powerlevel_changer.amxx] [AMXX] [ ESF Powerlevel ] - this command was issued by -=-[*LSSJ*]=[BANDIT]-=- on -=-[*LSSJ*]=[BANDIT]-=-
L 08/17/2016 - 18:44:49: [CORE/esf_powerlevel_changer.amxx] [AMXX] [ ESF Powerlevel ] - this command was issued by -=-[*LSSJ*]=[BANDIT]-=- on -=-[*LSSJ*]=[BANDIT]-=-
L 08/17/2016 - 18:45:18: -------- Mapchange to esf_Guru --------
L 08/17/2016 - 18:47:25: -------- Mapchange to esf_Guru --------
L 08/17/2016 - 18:48:30: -------- Mapchange to esf_Guru --------
L 08/17/2016 - 18:49:29: [CORE/esf_powerlevel_changer.amxx] [AMXX] [ ESF Powerlevel ] - this command was issued by -=-[*LSSJ*]=[BANDIT]-=- on -=-[*LSSJ*]=[BANDIT]-=-
L 08/17/2016 - 18:51:01: [CORE/esf_powerlevel_changer.amxx] [AMXX] [ ESF Powerlevel ] - this command was issued by -=-[*LSSJ*]=[BANDIT]-=- on -=-[*LSSJ*]=[BANDIT]-=-
L 08/17/2016 - 18:54:06: -------- Mapchange to esf_Guru --------
L 08/17/2016 - 18:55:23: [CORE/esf_powerlevel_changer.amxx] [AMXX] [ ESF Powerlevel ] - this command was issued by -=-[*LSSJ*]=[BANDIT]-=- on -=-[*LSSJ*]=[BANDIT]-=-
L 08/17/2016 - 18:55:28: [CORE/esf_powerlevel_changer.amxx] [AMXX] [ ESF Powerlevel ] - this command was issued by -=-[*LSSJ*]=[BANDIT]-=- on -=-[*LSSJ*]=[BANDIT]-=-
L 08/17/2016 - 18:57:07: -------- Mapchange to esf_Guru --------
L 08/17/2016 - 18:58:04: -------- Mapchange to esf_Guru --------
L 08/17/2016 - 18:58:37: -------- Mapchange to esf_Guru --------
L 08/17/2016 - 18:59:37: -------- Mapchange to esf_Guru --------
L 08/17/2016 - 19:00:20: -------- Mapchange to esf_Guru --------
L 08/17/2016 - 19:00:40: -------- Mapchange to esf_Guru --------
L 08/17/2016 - 19:01:57: -------- Mapchange to esf_Guru --------
L 08/17/2016 - 19:03:09: -------- Mapchange to esf_Guru --------
L 08/17/2016 - 19:03:39: [CORE/esf_powerlevel_changer.amxx] [AMXX] [ ESF Powerlevel ] - this command was issued by -=-[*LSSJ*]=[BANDIT]-=- on -=-[*LSSJ*]=[BANDIT]-=-
L 08/17/2016 - 19:04:28: -------- Mapchange to esf_Guru --------
L 08/17/2016 - 19:05:20: -------- Mapchange to esf_Guru --------
L 08/17/2016 - 19:08:24: -------- Mapchange to esf_Guru --------
L 08/17/2016 - 19:09:28: [CORE/esf_powerlevel_changer.amxx] [AMXX] [ ESF Powerlevel ] - this command was issued by -=-[*LSSJ*]=[BANDIT]-=- on -=-[*LSSJ*]=[BANDIT]-=-
L 08/17/2016 - 19:12:52: -------- Mapchange to esf_Guru --------
L 08/17/2016 - 19:13:46: [CORE/esf_powerlevel_changer.amxx] [AMXX] [ ESF Powerlevel ] - this command was issued by -=-[*LSSJ*]=[BANDIT]-=- on -=-[*LSSJ*]=[BANDIT]-=-
L 08/17/2016 - 19:14:35: [CORE/esf_powerlevel_changer.amxx] [AMXX] [ ESF Powerlevel ] - this command was issued by -=-[*LSSJ*]=[BANDIT]-=- on -=-[*LSSJ*]=[BANDIT]-=-
L 08/17/2016 - 19:15:38: [CORE/esf_powerlevel_changer.amxx] [AMXX] [ ESF Powerlevel ] - this command was issued by -=-[*LSSJ*]=[BANDIT]-=- on -=-[*LSSJ*]=[BANDIT]-=-
L 08/17/2016 - 20:08:24: -------- Mapchange to esf_Guru --------
L 08/17/2016 - 20:42:39: [CORE/esf_powerlevel_changer.amxx] [AMXX] [ ESF Powerlevel ] - this command was issued by -=-[*LSSJ*]=[BANDIT]-=- on -=-[*LSSJ*]=[BANDIT]-=-
L 08/17/2016 - 20:43:52: [CORE/esf_powerlevel_changer.amxx] [AMXX] [ ESF Powerlevel ] - this command was issued by -=-[*LSSJ*]=[BANDIT]-=- on -=-[*LSSJ*]=[BANDIT]-=-
L 08/17/2016 - 20:44:25: [CORE/esf_powerlevel_changer.amxx] [AMXX] [ ESF Powerlevel ] - this command was issued by -=-[*LSSJ*]=[BANDIT]-=- on -=-[*LSSJ*]=[BANDIT]-=-
L 08/17/2016 - 20:47:16: -------- Mapchange to esf_Guru --------
L 08/17/2016 - 20:50:36: -------- Mapchange to esf_Guru --------
L 08/17/2016 - 21:11:44: [CORE/esf_powerlevel_changer.amxx] [AMXX] [ ESF Powerlevel ] - this command was issued by -=-[*LSSJ*]=[BANDIT]-=- on -=-[*LSSJ*]=[V3G3TT0]-=-
L 08/17/2016 - 21:11:48: [CORE/esf_powerlevel_changer.amxx] [AMXX] [ ESF Powerlevel ] - this command was issued by -=-[*LSSJ*]=[BANDIT]-=- on -=-[*LSSJ*]=[BANDIT]-=-
L 08/17/2016 - 21:12:34: [CORE/Dragonball.amxx] "-=-[*LSSJ*]=[V3G3TT0]-=-<5><STEAM_0:0:12908415><>" wished for "Strength"
L 08/17/2016 - 21:15:40: [CORE/esf_powerlevel_changer.amxx] [AMXX] [ ESF Powerlevel ] - this command was issued by -=-[*LSSJ*]=[BANDIT]-=- on -=-[*LSSJ*]=[BANDIT]-=-
L 08/17/2016 - 21:16:10: [CORE/esf_powerlevel_changer.amxx] [AMXX] [ ESF Powerlevel ] - this command was issued by -=-[*LSSJ*]=[BANDIT]-=- on -=-[*LSSJ*]=[V3G3TT0]-=-
L 08/17/2016 - 21:18:12: [CORE/esf_powerlevel_changer.amxx] [AMXX] [ ESF Powerlevel ] - this command was issued by -=-[*LSSJ*]=[BANDIT]-=- on -=-[*LSSJ*]=[BANDIT]-=-
L 08/17/2016 - 21:18:18: [CORE/esf_powerlevel_changer.amxx] [AMXX] [ ESF Powerlevel ] - this command was issued by -=-[*LSSJ*]=[BANDIT]-=- on -=-[*LSSJ*]=[BANDIT]-=-
L 08/17/2016 - 21:19:59: [CORE/esf_powerlevel_changer.amxx] [AMXX] [ ESF Powerlevel ] - this command was issued by -=-[*LSSJ*]=[BANDIT]-=- on -=-[*LSSJ*]=[BANDIT]-=-
L 08/17/2016 - 21:20:01: [CORE/esf_powerlevel_changer.amxx] [AMXX] [ ESF Powerlevel ] - this command was issued by -=-[*LSSJ*]=[BANDIT]-=- on -=-[*LSSJ*]=[V3G3TT0]-=-
L 08/17/2016 - 21:22:06: [CORE/esf_powerlevel_changer.amxx] [AMXX] [ ESF Powerlevel ] - this command was issued by -=-[*LSSJ*]=[BANDIT]-=- on -=-[*LSSJ*]=[BANDIT]-=-
L 08/17/2016 - 21:24:08: -------- Mapchange to esf_Guru --------
L 08/17/2016 - 21:28:50: -------- Mapchange to esf_Guru --------
L 08/17/2016 - 21:59:15: [CORE/Dragonball.amxx] "-=-[*LSSJ*]=[BANDIT]-=-<1><STEAM_0:1:26400545><>" wished for "Moon"
L 08/17/2016 - 22:22:33: [CORE/esf_powerlevel_changer.amxx] [AMXX] [ ESF Powerlevel ] - this command was issued by -=-[*LSSJ*]=[BANDIT]-=- on -=-[*LSSJ*]=[BANDIT]-=-
L 08/17/2016 - 22:22:37: [CORE/esf_powerlevel_changer.amxx] [AMXX] [ ESF Powerlevel ] - this command was issued by -=-[*LSSJ*]=[BANDIT]-=- on -=-[*LSSJ*]=[V3G3TT0]-=-
