L 09/02/2016 - 18:30:55: -------- Mapchange to esf_Guru --------
L 09/02/2016 - 18:33:26: [CORE/esf_powerlevel_changer.amxx] [AMXX] [ ESF Powerlevel ] - this command was issued by -=-[*LSSJ*]=[BANDIT]-=- on -=-[*LSSJ*]=[BANDIT]-=-
L 09/02/2016 - 18:34:53: [CORE/esf_powerlevel_changer.amxx] [AMXX] [ ESF Powerlevel ] - this command was issued by -=-[*LSSJ*]=[BANDIT]-=- on -=-[*LSSJ*]=[BANDIT]-=-
L 09/02/2016 - 18:35:04: [CORE/esf_powerlevel_changer.amxx] [AMXX] [ ESF Powerlevel ] - this command was issued by -=-[*LSSJ*]=[BANDIT]-=- on -=-[*LSSJ*]=[BANDIT]-=-
L 09/02/2016 - 18:35:08: [CORE/esf_powerlevel_changer.amxx] [AMXX] [ ESF Powerlevel ] - this command was issued by -=-[*LSSJ*]=[BANDIT]-=- on -=-[*LSSJ*]=[BANDIT]-=-
L 09/02/2016 - 18:35:49: [CORE/esf_powerlevel_changer.amxx] [AMXX] [ ESF Powerlevel ] - this command was issued by -=-[*LSSJ*]=[BANDIT]-=- on -=-[*LSSJ*]=[BANDIT]-=-
L 09/02/2016 - 18:36:17: [CORE/esf_powerlevel_changer.amxx] [AMXX] [ ESF Powerlevel ] - this command was issued by -=-[*LSSJ*]=[BANDIT]-=- on -=-[*LSSJ*]=[BANDIT]-=-
L 09/02/2016 - 18:37:36: [CORE/esf_powerlevel_changer.amxx] [AMXX] [ ESF Powerlevel ] - this command was issued by -=-[*LSSJ*]=[BANDIT]-=- on -=-[*LSSJ*]=[BANDIT]-=-
L 09/02/2016 - 18:40:58: [CORE/esf_powerlevel_changer.amxx] [AMXX] [ ESF Powerlevel ] - this command was issued by -=-[*LSSJ*]=[BANDIT]-=- on -=-[*LSSJ*]=[BANDIT]-=-
L 09/02/2016 - 18:44:14: [CORE/esf_powerlevel_changer.amxx] [AMXX] [ ESF Powerlevel ] - this command was issued by -=-[*LSSJ*]=[BANDIT]-=- on -=-[*LSSJ*]=[BANDIT]-=-
L 09/02/2016 - 18:44:19: [CORE/esf_powerlevel_changer.amxx] [AMXX] [ ESF Powerlevel ] - this command was issued by -=-[*LSSJ*]=[BANDIT]-=- on -=-[*LSSJ*]=[BANDIT]-=-
L 09/02/2016 - 18:46:23: [CORE/esf_powerlevel_changer.amxx] [AMXX] [ ESF Powerlevel ] - this command was issued by -=-[*LSSJ*]=[BANDIT]-=- on -=-[*LSSJ*]=[BANDIT]-=-
L 09/02/2016 - 18:50:24: -------- Mapchange to esf_Guru --------
L 09/02/2016 - 18:52:04: [CORE/esf_powerlevel_changer.amxx] [AMXX] [ ESF Powerlevel ] - this command was issued by -=-[*LSSJ*]=[BANDIT]-=- on -=-[*LSSJ*]=[BANDIT]-=-
L 09/02/2016 - 20:28:02: -------- Mapchange to esf_Guru --------
L 09/02/2016 - 20:28:32: [CORE/esf_powerlevel_changer.amxx] [AMXX] [ ESF Powerlevel ] - this command was issued by -=-[*LSSJ*]=[BANDIT]-=- on -=-[*LSSJ*]=[BANDIT]-=-
L 09/02/2016 - 20:28:38: [CORE/esf_powerlevel_changer.amxx] [AMXX] [ ESF Powerlevel ] - this command was issued by -=-[*LSSJ*]=[BANDIT]-=- on -=-[*LSSJ*]=[BANDIT]-=-
L 09/02/2016 - 20:30:26: [CORE/esf_powerlevel_changer.amxx] [AMXX] [ ESF Powerlevel ] - this command was issued by -=-[*LSSJ*]=[BANDIT]-=- on -=-[*LSSJ*]=[V3G3TT0]-=-
L 09/02/2016 - 20:31:42: [CORE/esf_powerlevel_changer.amxx] [AMXX] [ ESF Powerlevel ] - this command was issued by -=-[*LSSJ*]=[BANDIT]-=- on -=-[*LSSJ*]=[V3G3TT0]-=-
L 09/02/2016 - 20:49:02: [CORE/esf_powerlevel_changer.amxx] [AMXX] [ ESF Powerlevel ] - this command was issued by -=-[*LSSJ*]=[BANDIT]-=- on -=-[*LSSJ*]=[V3G3TT0]-=-
L 09/02/2016 - 20:49:34: [CORE/esf_powerlevel_changer.amxx] [AMXX] [ ESF Powerlevel ] - this command was issued by -=-[*LSSJ*]=[BANDIT]-=- on -=-[*LSSJ*]=[V3G3TT0]-=-
L 09/02/2016 - 20:52:51: [CORE/Dragonball.amxx] "-=-[*LSSJ*]=[BANDIT]-=-<1><STEAM_0:1:26400545><>" wished for "Health"
L 09/02/2016 - 20:57:40: [CORE/Dragonball.amxx] "-=-[*LSSJ*]=[V3G3TT0]-=-<2><STEAM_0:0:12908415><>" wished for "Strength"
L 09/02/2016 - 21:03:33: -------- Mapchange to esf_Guru --------
L 09/02/2016 - 21:04:41: -------- Mapchange to esf_Guru --------
L 09/02/2016 - 21:05:53: [CORE/Dragonball.amxx] "-=-[*LSSJ*]=[BANDIT]-=-<2><STEAM_0:1:26400545><>" wished for "Potaras"
L 09/02/2016 - 21:43:13: [CORE/Dragonball.amxx] "-=-[*LSSJ*]=[V3G3TT0]-=-<3><STEAM_0:1:0><>" wished for "Health"
L 09/02/2016 - 22:35:45: [CORE/Dragonball.amxx] "-=-[*LSSJ*]=[BANDIT]-=-<2><STEAM_0:1:26400545><>" wished for "Potaras"
L 09/02/2016 - 22:38:36: [CORE/Dragonball.amxx] "-=-[*LSSJ*]=[BANDIT]-=-<2><STEAM_0:1:26400545><>" wished for "Potaras"
L 09/02/2016 - 22:40:41: [CORE/Dragonball.amxx] "-=-[*LSSJ*]=[V3G3TT0]-=-<3><STEAM_0:1:0><>" wished for "Strength"
L 09/02/2016 - 22:50:25: [CORE/Dragonball.amxx] "-=-[*LSSJ*]=[V3G3TT0]-=-<3><STEAM_0:1:0><>" wished for "Strength"
L 09/02/2016 - 22:54:28: [CORE/Dragonball.amxx] "-=-[*LSSJ*]=[V3G3TT0]-=-<3><STEAM_0:1:0><>" wished for "Statsupgrade"
L 09/02/2016 - 22:56:04: [CORE/Dragonball.amxx] "-=-[*LSSJ*]=[V3G3TT0]-=-<3><STEAM_0:1:0><>" wished for "Strength"
L 09/02/2016 - 22:56:31: [CORE/esf_powerlevel_changer.amxx] [AMXX] [ ESF Powerlevel ] - this command was issued by -=-[*LSSJ*]=[BANDIT]-=- on -=-[*LSSJ*]=[BANDIT]-=-
L 09/02/2016 - 22:57:16: [CORE/esf_powerlevel_changer.amxx] [AMXX] [ ESF Powerlevel ] - this command was issued by -=-[*LSSJ*]=[BANDIT]-=- on -=-[*LSSJ*]=[V3G3TT0]-=-
L 09/02/2016 - 22:57:21: [CORE/esf_powerlevel_changer.amxx] [AMXX] [ ESF Powerlevel ] - this command was issued by -=-[*LSSJ*]=[BANDIT]-=- on -=-[*LSSJ*]=[BANDIT]-=-
L 09/02/2016 - 22:57:32: [CORE/esf_powerlevel_changer.amxx] [AMXX] [ ESF Powerlevel ] - this command was issued by -=-[*LSSJ*]=[BANDIT]-=- on -=-[*LSSJ*]=[BANDIT]-=-
L 09/02/2016 - 22:57:40: [CORE/Dragonball.amxx] "-=-[*LSSJ*]=[V3G3TT0]-=-<3><STEAM_0:1:0><>" wished for "Strength"
L 09/02/2016 - 22:58:35: [CORE/esf_powerlevel_changer.amxx] [AMXX] [ ESF Powerlevel ] - this command was issued by -=-[*LSSJ*]=[BANDIT]-=- on -=-[*LSSJ*]=[BANDIT]-=-
L 09/02/2016 - 23:00:04: [CORE/esf_powerlevel_changer.amxx] [AMXX] [ ESF Powerlevel ] - this command was issued by -=-[*LSSJ*]=[BANDIT]-=- on -=-[*LSSJ*]=[V3G3TT0]-=-
L 09/02/2016 - 23:01:47: [CORE/Dragonball.amxx] "-=-[*LSSJ*]=[BANDIT]-=-<2><STEAM_0:1:26400545><>" wished for "Potaras"
L 09/02/2016 - 23:03:11: [CORE/Dragonball.amxx] "-=-[*LSSJ*]=[BANDIT]-=-<2><STEAM_0:1:26400545><>" wished for "Potaras"
L 09/02/2016 - 23:06:53: [CORE/esf_powerlevel_changer.amxx] [AMXX] [ ESF Powerlevel ] - this command was issued by -=-[*LSSJ*]=[BANDIT]-=- on -=-[*LSSJ*]=[BANDIT]-=-
L 09/02/2016 - 23:07:22: [CORE/Dragonball.amxx] "-=-[*LSSJ*]=[BANDIT]-=-<2><STEAM_0:1:26400545><>" wished for "Moon"
L 09/02/2016 - 23:11:20: [CORE/Dragonball.amxx] "-=-[*LSSJ*]=[BANDIT]-=-<2><STEAM_0:1:26400545><>" wished for "Health"
L 09/02/2016 - 23:15:15: [CORE/esf_powerlevel_changer.amxx] [AMXX] [ ESF Powerlevel ] - this command was issued by -=-[*LSSJ*]=[BANDIT]-=- on -=-[*LSSJ*]=[BANDIT]-=-
L 09/02/2016 - 23:15:24: [CORE/esf_powerlevel_changer.amxx] [AMXX] [ ESF Powerlevel ] - this command was issued by -=-[*LSSJ*]=[BANDIT]-=- on -=-[*LSSJ*]=[V3G3TT0]-=-
L 09/02/2016 - 23:15:31: [CORE/esf_powerlevel_changer.amxx] [AMXX] [ ESF Powerlevel ] - this command was issued by -=-[*LSSJ*]=[BANDIT]-=- on -=-[*LSSJ*]=[V3G3TT0]-=-
L 09/02/2016 - 23:15:34: [CORE/esf_powerlevel_changer.amxx] [AMXX] [ ESF Powerlevel ] - this command was issued by -=-[*LSSJ*]=[BANDIT]-=- on -=-[*LSSJ*]=[BANDIT]-=-
L 09/02/2016 - 23:16:57: [CORE/esf_powerlevel_changer.amxx] [AMXX] [ ESF Powerlevel ] - this command was issued by -=-[*LSSJ*]=[BANDIT]-=- on -=-[*LSSJ*]=[BANDIT]-=-
L 09/02/2016 - 23:17:09: [CORE/esf_powerlevel_changer.amxx] [AMXX] [ ESF Powerlevel ] - this command was issued by -=-[*LSSJ*]=[BANDIT]-=- on -=-[*LSSJ*]=[BANDIT]-=-
L 09/02/2016 - 23:20:23: [CORE/Dragonball.amxx] "-=-[*LSSJ*]=[BANDIT]-=-<2><STEAM_0:1:26400545><>" wished for "Potaras"
L 09/02/2016 - 23:28:21: [CORE/Dragonball.amxx] "-=-[*LSSJ*]=[BANDIT]-=-<2><STEAM_0:1:26400545><>" wished for "Potaras"
