L 09/29/2016 - 11:14:02: -------- Mapchange to esf_island --------
L 09/29/2016 - 11:15:18: -------- Mapchange to esf_zsword --------
L 09/29/2016 - 11:16:37: -------- Mapchange to esf_namek_isles --------
L 09/29/2016 - 11:18:20: [CORE/esf_powerlevel_changer.amxx] [AMXX] [ ESF Powerlevel ] - this command was issued by -=-[*LSSJ*]=[BANDIT]-=- on -=-[*LSSJ*]=[BANDIT]-=-
L 09/29/2016 - 11:24:52: -------- Mapchange to esf_nameks_revival --------
L 09/29/2016 - 11:29:45: -------- Mapchange to esf_Guru --------
L 09/29/2016 - 11:31:02: [CORE/esf_powerlevel_changer.amxx] [AMXX] [ ESF Powerlevel ] - this command was issued by -=-[*LSSJ*]=[BANDIT]-=- on -=-[*LSSJ*]=[BANDIT]-=-
L 09/29/2016 - 11:31:42: [CORE/esf_powerlevel_changer.amxx] [AMXX] [ ESF Powerlevel ] - this command was issued by -=-[*LSSJ*]=[BANDIT]-=- on -=-[*LSSJ*]=[V3G3TT0]-=-
L 09/29/2016 - 11:34:02: [CORE/esf_powerlevel_changer.amxx] [AMXX] [ ESF Powerlevel ] - this command was issued by -=-[*LSSJ*]=[BANDIT]-=- on -=-[*LSSJ*]=[V3G3TT0]-=-
L 09/29/2016 - 11:34:05: [CORE/esf_powerlevel_changer.amxx] [AMXX] [ ESF Powerlevel ] - this command was issued by -=-[*LSSJ*]=[BANDIT]-=- on -=-[*LSSJ*]=[BANDIT]-=-
L 09/29/2016 - 11:46:41: -------- Mapchange to esf_Guru --------
L 09/29/2016 - 12:05:09: [CORE/Dragonball.amxx] "-=-[*LSSJ*]=[BANDIT]-=-<1><STEAM_0:1:26400545><>" wished for "Potaras"
L 09/29/2016 - 12:06:53: [CORE/Dragonball.amxx] "-=-[*LSSJ*]=[BANDIT]-=-<1><STEAM_0:1:26400545><>" wished for "Potaras"
L 09/29/2016 - 12:10:52: [CORE/Dragonball.amxx] "-=-[*LSSJ*]=[BANDIT]-=-<1><STEAM_0:1:26400545><>" wished for "Potaras"
L 09/29/2016 - 12:20:20: [CORE/Dragonball.amxx] "-=-[*LSSJ*]=[V3G3TT0]-=-<4><STEAM_0:0:12908415><>" wished for "Potaras"
L 09/29/2016 - 12:27:23: [CORE/Dragonball.amxx] "-=-[*LSSJ*]=[V3G3TT0]-=-<4><STEAM_0:0:12908415><>" wished for "Potaras"
L 09/29/2016 - 12:36:39: [CORE/Dragonball.amxx] "-=-[*LSSJ*]=[BANDIT]-=-<1><STEAM_0:1:26400545><>" wished for "Potaras"
L 09/29/2016 - 12:39:54: [CORE/Dragonball.amxx] "-=-[*LSSJ*]=[BANDIT]-=-<1><STEAM_0:1:26400545><>" wished for "Potaras"
L 09/29/2016 - 12:41:32: [CORE/Dragonball.amxx] "-=-[*LSSJ*]=[BANDIT]-=-<1><STEAM_0:1:26400545><>" wished for "Potaras"
L 09/29/2016 - 12:47:29: [CORE/Dragonball.amxx] "-=-[*LSSJ*]=[V3G3TT0]-=-<4><STEAM_0:0:12908415><>" wished for "Potaras"
L 09/29/2016 - 12:50:53: [CORE/Dragonball.amxx] "-=-[*LSSJ*]=[BANDIT]-=-<1><STEAM_0:1:26400545><>" wished for "Potaras"
L 09/29/2016 - 12:52:16: [CORE/Dragonball.amxx] "-=-[*LSSJ*]=[V3G3TT0]-=-<4><STEAM_0:0:12908415><>" wished for "Potaras"
