L 10/25/2016 - 15:58:35: -------- Mapchange to esf_Guru --------
L 10/25/2016 - 15:59:23: [CORE/esf_powerlevel_changer.amxx] [AMXX] [ ESF Powerlevel ] - this command was issued by -=-[*LSSJ*]=[BANDIT]-=- on -=-[*LSSJ*]=[BANDIT]-=-
L 10/25/2016 - 16:00:27: [CORE/esf_powerlevel_changer.amxx] [AMXX] [ ESF Powerlevel ] - this command was issued by -=-[*LSSJ*]=[BANDIT]-=- on -=-[*LSSJ*]=[BANDIT]-=-
L 10/25/2016 - 16:05:34: [CORE/Dragonball.amxx] "-=-[*LSSJ*]=[BANDIT]-=-<1><STEAM_0:1:26400545><>" wished for "Potaras"
L 10/25/2016 - 16:07:59: [CORE/Dragonball.amxx] "-=-[*LSSJ*]=[V3G3TT0]-=-<2><STEAM_0:0:12908415><>" wished for "Potaras"
L 10/25/2016 - 16:17:50: [CORE/Dragonball.amxx] "-=-[*LSSJ*]=[BANDIT]-=-<1><STEAM_0:1:26400545><>" wished for "Health"
L 10/25/2016 - 16:19:25: [CORE/Dragonball.amxx] "-=-[*LSSJ*]=[V3G3TT0]-=-<2><STEAM_0:0:12908415><>" wished for "Potaras"
L 10/25/2016 - 16:21:11: [CORE/Dragonball.amxx] "-=-[*LSSJ*]=[V3G3TT0]-=-<2><STEAM_0:0:12908415><>" wished for "Health"
L 10/25/2016 - 16:25:23: [CORE/Dragonball.amxx] "-=-[*LSSJ*]=[BANDIT]-=-<1><STEAM_0:1:26400545><>" wished for "Health"
L 10/25/2016 - 16:27:42: [CORE/Dragonball.amxx] "-=-[*LSSJ*]=[BANDIT]-=-<1><STEAM_0:1:26400545><>" wished for "Health"
L 10/25/2016 - 16:29:22: [CORE/Dragonball.amxx] "-=-[*LSSJ*]=[V3G3TT0]-=-<2><STEAM_0:0:12908415><>" wished for "Health"
L 10/25/2016 - 16:30:44: [CORE/Dragonball.amxx] "-=-[*LSSJ*]=[V3G3TT0]-=-<2><STEAM_0:0:12908415><>" wished for "Health"
L 10/25/2016 - 16:34:48: [CORE/Dragonball.amxx] "-=-[*LSSJ*]=[BANDIT]-=-<1><STEAM_0:1:26400545><>" wished for "Potaras"
L 10/25/2016 - 16:38:49: [CORE/Dragonball.amxx] "-=-[*LSSJ*]=[BANDIT]-=-<1><STEAM_0:1:26400545><>" wished for "Health"
L 10/25/2016 - 16:40:15: [CORE/Dragonball.amxx] "-=-[*LSSJ*]=[BANDIT]-=-<1><STEAM_0:1:26400545><>" wished for "Health"
L 10/25/2016 - 16:42:08: [CORE/Dragonball.amxx] "-=-[*LSSJ*]=[V3G3TT0]-=-<2><STEAM_0:0:12908415><>" wished for "Moon"
L 10/25/2016 - 16:45:13: [CORE/Dragonball.amxx] "-=-[*LSSJ*]=[BANDIT]-=-<1><STEAM_0:1:26400545><>" wished for "Potaras"
L 10/25/2016 - 16:46:45: [CORE/Dragonball.amxx] "-=-[*LSSJ*]=[V3G3TT0]-=-<2><STEAM_0:0:12908415><>" wished for "Health"
L 10/25/2016 - 16:48:04: [CORE/Dragonball.amxx] "-=-[*LSSJ*]=[V3G3TT0]-=-<2><STEAM_0:0:12908415><>" wished for "Health"
L 10/25/2016 - 16:51:19: [CORE/Dragonball.amxx] "-=-[*LSSJ*]=[V3G3TT0]-=-<2><STEAM_0:0:12908415><>" wished for "Health"
L 10/25/2016 - 16:53:12: [CORE/Dragonball.amxx] "-=-[*LSSJ*]=[BANDIT]-=-<1><STEAM_0:1:26400545><>" wished for "Potaras"
L 10/25/2016 - 16:55:07: [CORE/Dragonball.amxx] "-=-[*LSSJ*]=[V3G3TT0]-=-<2><STEAM_0:0:12908415><>" wished for "Health"
L 10/25/2016 - 16:56:43: [CORE/Dragonball.amxx] "-=-[*LSSJ*]=[V3G3TT0]-=-<2><STEAM_0:0:12908415><>" wished for "Health"
L 10/25/2016 - 16:58:13: [CORE/Dragonball.amxx] "-=-[*LSSJ*]=[V3G3TT0]-=-<2><STEAM_0:0:12908415><>" wished for "Health"
L 10/25/2016 - 16:59:33: [CORE/Dragonball.amxx] "-=-[*LSSJ*]=[BANDIT]-=-<1><STEAM_0:1:26400545><>" wished for "Health"
L 10/25/2016 - 17:02:55: [CORE/Dragonball.amxx] "-=-[*LSSJ*]=[BANDIT]-=-<1><STEAM_0:1:26400545><>" wished for "Health"
L 10/25/2016 - 17:04:34: [CORE/Dragonball.amxx] "-=-[*LSSJ*]=[V3G3TT0]-=-<2><STEAM_0:0:12908415><>" wished for "Potaras"
L 10/25/2016 - 17:05:53: [CORE/esf_powerlevel_changer.amxx] [AMXX] [ ESF Powerlevel ] - this command was issued by -=-[*LSSJ*]=[BANDIT]-=- on -=-[*LSSJ*]=[BANDIT]-=-
L 10/25/2016 - 17:06:11: [CORE/esf_powerlevel_changer.amxx] [AMXX] [ ESF Powerlevel ] - this command was issued by -=-[*LSSJ*]=[BANDIT]-=- on -=-[*LSSJ*]=[BANDIT]-=-
L 10/25/2016 - 17:06:28: [CORE/Dragonball.amxx] "-=-[*LSSJ*]=[BANDIT]-=-<1><STEAM_0:1:26400545><>" wished for "Health"
L 10/25/2016 - 17:07:51: [CORE/Dragonball.amxx] "-=-[*LSSJ*]=[V3G3TT0]-=-<2><STEAM_0:0:12908415><>" wished for "Potaras"
L 10/25/2016 - 17:12:29: [CORE/esf_powerlevel_changer.amxx] [AMXX] [ ESF Powerlevel ] - this command was issued by -=-[*LSSJ*]=[BANDIT]-=- on -=-[*LSSJ*]=[V3G3TT0]-=-
L 10/25/2016 - 17:15:43: [CORE/Dragonball.amxx] "-=-[*LSSJ*]=[BANDIT]-=-<1><STEAM_0:1:26400545><>" wished for "Health"
L 10/25/2016 - 17:16:51: [CORE/esf_powerlevel_changer.amxx] [AMXX] [ ESF Powerlevel ] - this command was issued by -=-[*LSSJ*]=[BANDIT]-=- on -=-[*LSSJ*]=[V3G3TT0]-=-
L 10/25/2016 - 17:16:54: [CORE/esf_powerlevel_changer.amxx] [AMXX] [ ESF Powerlevel ] - this command was issued by -=-[*LSSJ*]=[BANDIT]-=- on -=-[*LSSJ*]=[V3G3TT0]-=-
L 10/25/2016 - 17:20:07: [CORE/Dragonball.amxx] "-=-[*LSSJ*]=[V3G3TT0]-=-<2><STEAM_0:0:12908415><>" wished for "Potaras"
L 10/25/2016 - 17:21:27: [CORE/Dragonball.amxx] "-=-[*LSSJ*]=[BANDIT]-=-<1><STEAM_0:1:26400545><>" wished for "Health"
L 10/25/2016 - 17:21:33: [CORE/esf_powerlevel_changer.amxx] [AMXX] [ ESF Powerlevel ] - this command was issued by -=-[*LSSJ*]=[BANDIT]-=- on -=-[*LSSJ*]=[V3G3TT0]-=-
L 10/25/2016 - 17:21:58: [CORE/esf_powerlevel_changer.amxx] [AMXX] [ ESF Powerlevel ] - this command was issued by -=-[*LSSJ*]=[BANDIT]-=- on -=-[*LSSJ*]=[V3G3TT0]-=-
L 10/25/2016 - 17:26:01: [CORE/Dragonball.amxx] "-=-[*LSSJ*]=[BANDIT]-=-<1><STEAM_0:1:26400545><>" wished for "Potaras"
L 10/25/2016 - 17:26:51: [CORE/esf_powerlevel_changer.amxx] [AMXX] [ ESF Powerlevel ] - this command was issued by -=-[*LSSJ*]=[BANDIT]-=- on -=-[*LSSJ*]=[BANDIT]-=-
L 10/25/2016 - 17:27:35: [CORE/esf_powerlevel_changer.amxx] [AMXX] [ ESF Powerlevel ] - this command was issued by -=-[*LSSJ*]=[BANDIT]-=- on -=-[*LSSJ*]=[BANDIT]-=-
L 10/25/2016 - 17:29:03: [CORE/esf_powerlevel_changer.amxx] [AMXX] [ ESF Powerlevel ] - this command was issued by -=-[*LSSJ*]=[BANDIT]-=- on -=-[*LSSJ*]=[BANDIT]-=-
L 10/25/2016 - 17:29:07: [CORE/esf_powerlevel_changer.amxx] [AMXX] [ ESF Powerlevel ] - this command was issued by -=-[*LSSJ*]=[BANDIT]-=- on -=-[*LSSJ*]=[BANDIT]-=-
L 10/25/2016 - 17:29:13: [CORE/esf_powerlevel_changer.amxx] [AMXX] [ ESF Powerlevel ] - this command was issued by -=-[*LSSJ*]=[BANDIT]-=- on -=-[*LSSJ*]=[V3G3TT0]-=-
L 10/25/2016 - 17:29:40: [CORE/Dragonball.amxx] "-=-[*LSSJ*]=[V3G3TT0]-=-<2><STEAM_0:0:12908415><>" wished for "Strength"
L 10/25/2016 - 17:30:13: [CORE/esf_powerlevel_changer.amxx] [AMXX] [ ESF Powerlevel ] - this command was issued by -=-[*LSSJ*]=[BANDIT]-=- on -=-[*LSSJ*]=[V3G3TT0]-=-
L 10/25/2016 - 17:30:54: [CORE/esf_powerlevel_changer.amxx] [AMXX] [ ESF Powerlevel ] - this command was issued by -=-[*LSSJ*]=[BANDIT]-=- on -=-[*LSSJ*]=[V3G3TT0]-=-
L 10/25/2016 - 17:31:39: [CORE/esf_powerlevel_changer.amxx] [AMXX] [ ESF Powerlevel ] - this command was issued by -=-[*LSSJ*]=[BANDIT]-=- on -=-[*LSSJ*]=[V3G3TT0]-=-
L 10/25/2016 - 17:32:07: [CORE/esf_powerlevel_changer.amxx] [AMXX] [ ESF Powerlevel ] - this command was issued by -=-[*LSSJ*]=[BANDIT]-=- on -=-[*LSSJ*]=[V3G3TT0]-=-
L 10/25/2016 - 17:33:06: [CORE/esf_powerlevel_changer.amxx] [AMXX] [ ESF Powerlevel ] - this command was issued by -=-[*LSSJ*]=[BANDIT]-=- on -=-[*LSSJ*]=[V3G3TT0]-=-
