L 10/20/2016 - 10:04:22: -------- Mapchange to esf_Guru --------
L 10/20/2016 - 10:08:50: -------- Mapchange to esf_Guru --------
L 10/20/2016 - 10:14:11: -------- Mapchange to esf_Guru --------
L 10/20/2016 - 10:16:05: -------- Mapchange to esf_Guru --------
L 10/20/2016 - 10:21:16: -------- Mapchange to esf_Guru --------
L 10/20/2016 - 10:22:46: [CORE/esf_powerlevel_changer.amxx] [AMXX] [ ESF Powerlevel ] - this command was issued by -=-[*LSSJ*]=[BANDIT]-=- on -=-[*LSSJ*]=[BANDIT]-=-
L 10/20/2016 - 10:27:03: [CORE/esf_powerlevel_changer.amxx] [AMXX] [ ESF Powerlevel ] - this command was issued by -=-[*LSSJ*]=[BANDIT]-=- on -=-[*LSSJ*]=[BANDIT]-=-
L 10/20/2016 - 10:29:28: [CORE/esf_powerlevel_changer.amxx] [AMXX] [ ESF Powerlevel ] - this command was issued by -=-[*LSSJ*]=[BANDIT]-=- on -=-[*LSSJ*]=[BANDIT]-=-
L 10/20/2016 - 10:30:12: [CORE/esf_powerlevel_changer.amxx] [AMXX] [ ESF Powerlevel ] - this command was issued by -=-[*LSSJ*]=[BANDIT]-=- on -=-[*LSSJ*]=[BANDIT]-=-
L 10/20/2016 - 10:31:48: [CORE/esf_powerlevel_changer.amxx] [AMXX] [ ESF Powerlevel ] - this command was issued by -=-[*LSSJ*]=[BANDIT]-=- on -=-[*LSSJ*]=[BANDIT]-=-
L 10/20/2016 - 10:35:12: [CORE/esf_powerlevel_changer.amxx] [AMXX] [ ESF Powerlevel ] - this command was issued by -=-[*LSSJ*]=[BANDIT]-=- on -=-[*LSSJ*]=[BANDIT]-=-
L 10/20/2016 - 10:38:20: [CORE/Dragonball.amxx] "-=-[*LSSJ*]=[BANDIT]-=-<1><STEAM_0:1:26400545><>" wished for "Potaras"
L 10/20/2016 - 10:42:49: [CORE/esf_powerlevel_changer.amxx] [AMXX] [ ESF Powerlevel ] - this command was issued by -=-[*LSSJ*]=[BANDIT]-=- on -=-[*LSSJ*]=[BANDIT]-=-
L 10/20/2016 - 10:43:21: [CORE/esf_powerlevel_changer.amxx] [AMXX] [ ESF Powerlevel ] - this command was issued by -=-[*LSSJ*]=[BANDIT]-=- on -=-[*LSSJ*]=[BANDIT]-=-
L 10/20/2016 - 10:44:18: [CORE/Dragonball.amxx] "-=-[*LSSJ*]=[BANDIT]-=-<1><STEAM_0:1:26400545><>" wished for "Potaras"
L 10/20/2016 - 10:51:41: -------- Mapchange to esf_Guru --------
L 10/20/2016 - 10:53:46: [CORE/Dragonball.amxx] "-=-[*LSSJ*]=[BANDIT]-=-<1><STEAM_0:1:26400545><>" wished for "Potaras"
L 10/20/2016 - 10:59:02: -------- Mapchange to esf_Guru --------
L 10/20/2016 - 11:01:47: [CORE/Dragonball.amxx] "-=-[*LSSJ*]=[BANDIT]-=-<1><STEAM_0:1:26400545><>" wished for "Potaras"
L 10/20/2016 - 11:06:31: [CORE/esf_powerlevel_changer.amxx] [AMXX] [ ESF Powerlevel ] - this command was issued by -=-[*LSSJ*]=[BANDIT]-=- on -=-[*LSSJ*]=[BANDIT]-=-
L 10/20/2016 - 11:15:40: -------- Mapchange to esf_namek_isles --------
L 10/20/2016 - 11:17:16: -------- Mapchange to esf_zsword --------
L 10/20/2016 - 11:17:45: -------- Mapchange to esf_zsword --------
L 10/20/2016 - 11:20:08: -------- Mapchange to esf_Guru --------
L 10/20/2016 - 11:20:48: -------- Mapchange to esf_nameks_revival --------
L 10/20/2016 - 11:28:10: -------- Mapchange to esf_namek --------
L 10/20/2016 - 11:28:45: -------- Mapchange to s2k_cellgames --------
L 10/20/2016 - 11:29:23: -------- Mapchange to esf_geoarena --------
L 10/20/2016 - 11:29:45: -------- Mapchange to esf_zsword --------
L 10/20/2016 - 11:30:30: -------- Mapchange to esf_Guru --------
L 10/20/2016 - 11:31:07: -------- Mapchange to esf_namek_isles --------
L 10/20/2016 - 11:32:22: -------- Mapchange to esf_Guru --------
L 10/20/2016 - 11:35:25: [CORE/esf_powerlevel_changer.amxx] [AMXX] [ ESF Powerlevel ] - this command was issued by -=-[*LSSJ*]=[BANDIT]-=- on -=-[*LSSJ*]=[BANDIT]-=-
L 10/20/2016 - 11:37:46: -------- Mapchange to esf_Guru --------
L 10/20/2016 - 11:38:08: -------- Mapchange to esf_Guru --------
L 10/20/2016 - 11:46:47: -------- Mapchange to esf_Guru --------
L 10/20/2016 - 23:03:46: -------- Mapchange to esf_Guru --------
L 10/20/2016 - 23:11:41: -------- Mapchange to esf_Guru --------
L 10/20/2016 - 23:17:10: -------- Mapchange to esf_Guru --------
L 10/20/2016 - 23:24:27: -------- Mapchange to esf_Guru --------
L 10/20/2016 - 23:33:55: -------- Mapchange to esf_Guru --------
L 10/20/2016 - 23:34:20: [CORE/esf_powerlevel_changer.amxx] [AMXX] [ ESF Powerlevel ] - this command was issued by -=-[*LSSJ*]=[BANDIT]-=- on -=-[*LSSJ*]=[BANDIT]-=-
L 10/20/2016 - 23:38:16: [CORE/esf_powerlevel_changer.amxx] [AMXX] [ ESF Powerlevel ] - this command was issued by -=-[*LSSJ*]=[BANDIT]-=- on -=-[*LSSJ*]=[BANDIT]-=-
L 10/20/2016 - 23:38:56: [CORE/Dragonball.amxx] "-=-[*LSSJ*]=[BANDIT]-=-<1><STEAM_0:1:26400545><>" wished for "Moon"
L 10/20/2016 - 23:41:08: [CORE/Dragonball.amxx] "-=-[*LSSJ*]=[BANDIT]-=-<1><STEAM_0:1:26400545><>" wished for "Moon"
L 10/20/2016 - 23:41:24: [CORE/esf_powerlevel_changer.amxx] [AMXX] [ ESF Powerlevel ] - this command was issued by -=-[*LSSJ*]=[BANDIT]-=- on -=-[*LSSJ*]=[BANDIT]-=-
L 10/20/2016 - 23:46:59: [CORE/esf_powerlevel_changer.amxx] [AMXX] [ ESF Powerlevel ] - this command was issued by -=-[*LSSJ*]=[BANDIT]-=- on -=-[*LSSJ*]=[BANDIT]-=-
L 10/20/2016 - 23:47:16: [CORE/esf_powerlevel_changer.amxx] [AMXX] [ ESF Powerlevel ] - this command was issued by -=-[*LSSJ*]=[BANDIT]-=- on -=-[*LSSJ*]=[BANDIT]-=-
L 10/20/2016 - 23:49:03: [CORE/Dragonball.amxx] "-=-[*LSSJ*]=[BANDIT]-=-<1><STEAM_0:1:26400545><>" wished for "Potaras"
L 10/20/2016 - 23:51:22: [CORE/Dragonball.amxx] "-=-[*LSSJ*]=[BANDIT]-=-<1><STEAM_0:1:26400545><>" wished for "Potaras"
L 10/20/2016 - 23:51:54: [CORE/esf_powerlevel_changer.amxx] [AMXX] [ ESF Powerlevel ] - this command was issued by -=-[*LSSJ*]=[BANDIT]-=- on -=-[*LSSJ*]=[BANDIT]-=-
