L 10/26/2016 - 15:17:14: -------- Mapchange to esf_Guru --------
L 10/26/2016 - 15:23:39: [CORE/Dragonball.amxx] "-=-[*LSSJ*]=[V3G3TT0]-=-<2><STEAM_0:0:12908415><>" wished for "Health"
L 10/26/2016 - 15:27:28: [CORE/esf_powerlevel_changer.amxx] [AMXX] [ ESF Powerlevel ] - this command was issued by -=-[*LSSJ*]=[BANDIT]-=- on -=-[*LSSJ*]=[V3G3TT0]-=-
L 10/26/2016 - 15:34:15: [CORE/Dragonball.amxx] "-=-[*LSSJ*]=[BANDIT]-=-<1><STEAM_0:1:26400545><>" wished for "Potaras"
L 10/26/2016 - 15:38:44: [CORE/Dragonball.amxx] "-=-[*LSSJ*]=[BANDIT]-=-<1><STEAM_0:1:26400545><>" wished for "Potaras"
L 10/26/2016 - 15:42:03: -------- Mapchange to esf_Guru --------
L 10/26/2016 - 15:43:11: [CORE/Dragonball.amxx] "-=-[*LSSJ*]=[BANDIT]-=-<7><STEAM_0:1:26400545><>" wished for "Potaras"
L 10/26/2016 - 15:53:20: [CORE/Dragonball.amxx] "-=-[*LSSJ*]=[BANDIT]-=-<7><STEAM_0:1:26400545><>" wished for "Potaras"
L 10/26/2016 - 15:57:18: [CORE/Dragonball.amxx] "-=-[*LSSJ*]=[V3G3TT0]-=-<2><STEAM_0:0:12908415><>" wished for "Potaras"
L 10/26/2016 - 16:04:10: [CORE/Dragonball.amxx] "-=-[*LSSJ*]=[V3G3TT0]-=-<2><STEAM_0:0:12908415><>" wished for "Strength"
L 10/26/2016 - 16:05:47: [CORE/Dragonball.amxx] "-=-[*LSSJ*]=[V3G3TT0]-=-<2><STEAM_0:0:12908415><>" wished for "Strength"
L 10/26/2016 - 16:07:18: [CORE/Dragonball.amxx] "-=-[*LSSJ*]=[V3G3TT0]-=-<2><STEAM_0:0:12908415><>" wished for "Strength"
L 10/26/2016 - 16:08:40: [CORE/Dragonball.amxx] "-=-[*LSSJ*]=[V3G3TT0]-=-<2><STEAM_0:0:12908415><>" wished for "Strength"
L 10/26/2016 - 16:12:29: [CORE/Dragonball.amxx] "-=-[*LSSJ*]=[V3G3TT0]-=-<2><STEAM_0:0:12908415><>" wished for "Strength"
L 10/26/2016 - 16:29:06: [CORE/Dragonball.amxx] "-=-[*LSSJ*]=[V3G3TT0]-=-<2><STEAM_0:0:12908415><>" wished for "Potaras"
L 10/26/2016 - 16:35:47: [CORE/Dragonball.amxx] "-=-[*LSSJ*]=[V3G3TT0]-=-<2><STEAM_0:0:12908415><>" wished for "Health"
L 10/26/2016 - 16:38:43: [CORE/Dragonball.amxx] "-=-[*LSSJ*]=[BANDIT]-=-<7><STEAM_0:1:26400545><>" wished for "Health"
L 10/26/2016 - 16:44:06: [CORE/Dragonball.amxx] "-=-[*LSSJ*]=[BANDIT]-=-<7><STEAM_0:1:26400545><>" wished for "Potaras"
L 10/26/2016 - 16:45:50: [CORE/Dragonball.amxx] "-=-[*LSSJ*]=[BANDIT]-=-<7><STEAM_0:1:26400545><>" wished for "Health"
L 10/26/2016 - 16:48:53: [CORE/Dragonball.amxx] "-=-[*LSSJ*]=[V3G3TT0]-=-<2><STEAM_0:0:12908415><>" wished for "Potaras"
L 10/26/2016 - 16:53:14: [CORE/Dragonball.amxx] "-=-[*LSSJ*]=[BANDIT]-=-<7><STEAM_0:1:26400545><>" wished for "Potaras"
L 10/26/2016 - 16:55:35: [CORE/Dragonball.amxx] "-=-[*LSSJ*]=[V3G3TT0]-=-<2><STEAM_0:0:12908415><>" wished for "Potaras"
L 10/26/2016 - 16:59:32: [CORE/Dragonball.amxx] "-=-[*LSSJ*]=[V3G3TT0]-=-<2><STEAM_0:0:12908415><>" wished for "Health"
L 10/26/2016 - 17:02:23: [CORE/Dragonball.amxx] "-=-[*LSSJ*]=[V3G3TT0]-=-<2><STEAM_0:0:12908415><>" wished for "Potaras"
L 10/26/2016 - 17:03:46: [CORE/Dragonball.amxx] "-=-[*LSSJ*]=[V3G3TT0]-=-<2><STEAM_0:0:12908415><>" wished for "Potaras"
L 10/26/2016 - 17:05:55: [CORE/Dragonball.amxx] "-=-[*LSSJ*]=[V3G3TT0]-=-<2><STEAM_0:0:12908415><>" wished for "Health"
L 10/26/2016 - 17:18:40: [CORE/Dragonball.amxx] "-=-[*LSSJ*]=[V3G3TT0]-=-<2><STEAM_0:0:12908415><>" wished for "Moon"
