L 11/17/2016 - 11:14:28: -------- Mapchange to esf_gero --------
L 11/17/2016 - 11:17:45: -------- Mapchange to esf_Guru --------
L 11/17/2016 - 11:18:46: [CORE/esf_powerlevel_changer.amxx] [AMXX] [ ESF Powerlevel ] - this command was issued by -=-[*LSSJ*]=[BANDIT]-=- on -=-[*LSSJ*]=[BANDIT]-=-
L 11/17/2016 - 11:22:35: -------- Mapchange to esf_gero --------
L 11/17/2016 - 11:49:26: -------- Mapchange to esf_gero --------
L 11/17/2016 - 11:49:53: [CORE/esf_powerlevel_changer.amxx] [AMXX] [ ESF Powerlevel ] - this command was issued by -=-[*LSSJ*]=[BANDIT]-=- on -=-[*LSSJ*]=[BANDIT]-=-
L 11/17/2016 - 11:51:17: -------- Mapchange to esf_gero --------
L 11/17/2016 - 11:53:42: -------- Mapchange to esf_gero --------
L 11/17/2016 - 11:58:07: -------- Mapchange to esf_gero --------
L 11/17/2016 - 12:00:49: -------- Mapchange to esf_gero --------
L 11/17/2016 - 12:02:13: -------- Mapchange to esf_gero --------
L 11/17/2016 - 12:05:50: -------- Mapchange to esf_gero --------
L 11/17/2016 - 12:09:20: -------- Mapchange to esf_gero --------
L 11/17/2016 - 12:12:24: -------- Mapchange to esf_gero --------
L 11/17/2016 - 12:12:55: [CORE/esf_powerlevel_changer.amxx] [AMXX] [ ESF Powerlevel ] - this command was issued by -=-[*LSSJ*]=[BANDIT]-=- on -=-[*LSSJ*]=[BANDIT]-=-
L 11/17/2016 - 12:15:53: -------- Mapchange to esf_gero --------
L 11/17/2016 - 12:16:06: [CORE/esf_powerlevel_changer.amxx] [AMXX] [ ESF Powerlevel ] - this command was issued by -=-[*LSSJ*]=[BANDIT]-=- on -=-[*LSSJ*]=[BANDIT]-=-
L 11/17/2016 - 12:17:54: -------- Mapchange to esf_gero --------
L 11/17/2016 - 12:19:37: -------- Mapchange to esf_gero --------
L 11/17/2016 - 12:21:15: -------- Mapchange to esf_gero --------
L 11/17/2016 - 12:23:27: -------- Mapchange to esf_gero --------
L 11/17/2016 - 12:25:49: -------- Mapchange to esf_gero --------
L 11/17/2016 - 12:26:58: -------- Mapchange to esf_gero --------
L 11/17/2016 - 12:29:24: -------- Mapchange to esf_gero --------
L 11/17/2016 - 12:31:49: -------- Mapchange to esf_gero --------
L 11/17/2016 - 12:33:20: -------- Mapchange to esf_gero --------
L 11/17/2016 - 12:34:44: -------- Mapchange to esf_gero --------
L 11/17/2016 - 12:39:34: -------- Mapchange to esf_Guru --------
L 11/17/2016 - 12:39:47: [CORE/esf_powerlevel_changer.amxx] [AMXX] [ ESF Powerlevel ] - this command was issued by -=-[*LSSJ*]=[BANDIT]-=- on -=-[*LSSJ*]=[BANDIT]-=-
L 11/17/2016 - 12:45:52: [CORE/esf_powerlevel_changer.amxx] [AMXX] [ ESF Powerlevel ] - this command was issued by -=-[*LSSJ*]=[BANDIT]-=- on -=-[*LSSJ*]=[BANDIT]-=-
L 11/17/2016 - 12:49:36: [CORE/Dragonball.amxx] "-=-[*LSSJ*]=[BANDIT]-=-<1><STEAM_0:1:26400545><>" wished for "Potaras"
L 11/17/2016 - 12:51:25: [CORE/Dragonball.amxx] "-=-[*LSSJ*]=[BANDIT]-=-<1><STEAM_0:1:26400545><>" wished for "Strength"
L 11/17/2016 - 12:52:46: [CORE/Dragonball.amxx] "-=-[*LSSJ*]=[BANDIT]-=-<1><STEAM_0:1:26400545><>" wished for "Potaras"
L 11/17/2016 - 12:54:11: [CORE/Dragonball.amxx] "-=-[*LSSJ*]=[BANDIT]-=-<1><STEAM_0:1:26400545><>" wished for "Potaras"
L 11/17/2016 - 12:55:47: [CORE/Dragonball.amxx] "-=-[*LSSJ*]=[BANDIT]-=-<1><STEAM_0:1:26400545><>" wished for "Potaras"
L 11/17/2016 - 12:59:49: [CORE/esf_powerlevel_changer.amxx] [AMXX] [ ESF Powerlevel ] - this command was issued by -=-[*LSSJ*]=[BANDIT]-=- on -=-[*LSSJ*]=[BANDIT]-=-
L 11/17/2016 - 13:01:44: -------- Mapchange to esf_Guru --------
L 11/17/2016 - 13:01:55: [CORE/esf_powerlevel_changer.amxx] [AMXX] [ ESF Powerlevel ] - this command was issued by -=-[*LSSJ*]=[BANDIT]-=- on -=-[*LSSJ*]=[BANDIT]-=-
L 11/17/2016 - 13:02:01: [CORE/esf_powerlevel_changer.amxx] [AMXX] [ ESF Powerlevel ] - this command was issued by -=-[*LSSJ*]=[BANDIT]-=- on -=-[*LSSJ*]=[V3G3TT0]-=-
L 11/17/2016 - 13:08:45: [CORE/Dragonball.amxx] "-=-[*LSSJ*]=[V3G3TT0]-=-<3><STEAM_0:0:12908415><>" wished for "Health"
L 11/17/2016 - 13:13:27: [CORE/Dragonball.amxx] "-=-[*LSSJ*]=[BANDIT]-=-<4><STEAM_0:1:26400545><>" wished for "Health"
L 11/17/2016 - 13:13:48: -------- Mapchange to esf_gero --------
L 11/17/2016 - 13:20:28: -------- Mapchange to esf_gero --------
L 11/17/2016 - 13:26:45: -------- Mapchange to esf_Guru --------
L 11/17/2016 - 13:27:02: [CORE/esf_powerlevel_changer.amxx] [AMXX] [ ESF Powerlevel ] - this command was issued by -=-[*LSSJ*]=[BANDIT]-=- on -=-[*LSSJ*]=[BANDIT]-=-
L 11/17/2016 - 13:27:30: [CORE/esf_powerlevel_changer.amxx] [AMXX] [ ESF Powerlevel ] - this command was issued by -=-[*LSSJ*]=[BANDIT]-=- on -=-[*LSSJ*]=[BANDIT]-=-
L 11/17/2016 - 13:28:15: [CORE/esf_powerlevel_changer.amxx] [AMXX] [ ESF Powerlevel ] - this command was issued by -=-[*LSSJ*]=[BANDIT]-=- on -=-[*LSSJ*]=[BANDIT]-=-
L 11/17/2016 - 13:32:14: -------- Mapchange to esf_gero --------
L 11/17/2016 - 13:35:19: -------- Mapchange to esf_Guru --------
L 11/17/2016 - 14:36:10: -------- Mapchange to esf_gero --------
L 11/17/2016 - 14:36:32: [CORE/esf_powerlevel_changer.amxx] [AMXX] [ ESF Powerlevel ] - this command was issued by -=-[*LSSJ*]=[BANDIT]-=- on -=-[*LSSJ*]=[BANDIT]-=-
L 11/17/2016 - 14:38:34: -------- Mapchange to esf_Guru --------
L 11/17/2016 - 14:40:52: -------- Mapchange to esf_gero --------
L 11/17/2016 - 14:42:29: -------- Mapchange to esf_gero --------
L 11/17/2016 - 14:43:45: -------- Mapchange to esf_gero --------
L 11/17/2016 - 14:45:43: -------- Mapchange to esf_gero --------
L 11/17/2016 - 14:48:30: -------- Mapchange to esf_Guru --------
L 11/17/2016 - 14:49:19: -------- Mapchange to esf_gero --------
L 11/17/2016 - 14:50:40: -------- Mapchange to esf_gero --------
L 11/17/2016 - 14:53:05: -------- Mapchange to esf_gero --------
L 11/17/2016 - 14:54:46: -------- Mapchange to esf_gero --------
L 11/17/2016 - 14:58:17: -------- Mapchange to esf_gero --------
L 11/17/2016 - 15:00:59: -------- Mapchange to esf_gero --------
L 11/17/2016 - 15:03:02: -------- Mapchange to esf_gero --------
L 11/17/2016 - 15:05:18: -------- Mapchange to esf_gero --------
L 11/17/2016 - 15:06:15: -------- Mapchange to esf_gero --------
L 11/17/2016 - 15:11:49: -------- Mapchange to esf_gero --------
L 11/17/2016 - 15:13:57: -------- Mapchange to esf_gero --------
L 11/17/2016 - 15:16:24: -------- Mapchange to esf_gero --------
L 11/17/2016 - 15:17:52: -------- Mapchange to esf_gero --------
L 11/17/2016 - 15:20:44: -------- Mapchange to esf_gero --------
L 11/17/2016 - 15:22:29: -------- Mapchange to esf_gero --------
L 11/17/2016 - 15:23:28: -------- Mapchange to esf_gero --------
L 11/17/2016 - 15:25:04: -------- Mapchange to esf_gero --------
L 11/17/2016 - 15:34:11: -------- Mapchange to esf_gero --------
L 11/17/2016 - 15:43:12: -------- Mapchange to esf_Guru --------
L 11/17/2016 - 15:43:40: [CORE/esf_powerlevel_changer.amxx] [AMXX] [ ESF Powerlevel ] - this command was issued by -=-[*LSSJ*]=[BANDIT]-=- on -=-[*LSSJ*]=[BANDIT]-=-
L 11/17/2016 - 15:45:32: -------- Mapchange to esf_gero --------
L 11/17/2016 - 15:48:09: -------- Mapchange to esf_gero --------
L 11/17/2016 - 15:49:07: -------- Mapchange to esf_gero --------
L 11/17/2016 - 15:50:19: -------- Mapchange to esf_gero --------
L 11/17/2016 - 15:52:30: -------- Mapchange to esf_gero --------
L 11/17/2016 - 15:54:13: -------- Mapchange to esf_gero --------
L 11/17/2016 - 15:55:43: -------- Mapchange to esf_gero --------
L 11/17/2016 - 15:56:48: -------- Mapchange to esf_gero --------
L 11/17/2016 - 15:58:21: -------- Mapchange to esf_gero --------
L 11/17/2016 - 16:00:00: -------- Mapchange to esf_gero --------
L 11/17/2016 - 16:02:25: -------- Mapchange to esf_gero --------
L 11/17/2016 - 16:06:00: -------- Mapchange to esf_gero --------
L 11/17/2016 - 16:16:30: -------- Mapchange to esf_gero --------
L 11/17/2016 - 22:42:05: -------- Mapchange to esf_gero --------
L 11/17/2016 - 22:45:43: -------- Mapchange to esf_gero --------
L 11/17/2016 - 22:56:45: -------- Mapchange to esf_gero --------
L 11/17/2016 - 23:00:46: [CORE/esf_powerlevel_changer.amxx] [AMXX] [ ESF Powerlevel ] - this command was issued by -=-[*LSSJ*]=[BANDIT]-=- on -=-[*LSSJ*]=[BANDIT]-=-
L 11/17/2016 - 23:01:42: [CORE/esf_powerlevel_changer.amxx] [AMXX] [ ESF Powerlevel ] - this command was issued by -=-[*LSSJ*]=[BANDIT]-=- on -=-[*LSSJ*]=[BANDIT]-=-
