L 11/19/2016 - 17:45:14: -------- Mapchange to esf_gero --------
L 11/19/2016 - 17:46:13: -------- Mapchange to esf_Guru --------
L 11/19/2016 - 17:46:32: [CORE/esf_powerlevel_changer.amxx] [AMXX] [ ESF Powerlevel ] - this command was issued by -=-[*LSSJ*]=[BANDIT]-=- on -=-[*LSSJ*]=[BANDIT]-=-
L 11/19/2016 - 17:47:18: [CORE/esf_powerlevel_changer.amxx] [AMXX] [ ESF Powerlevel ] - this command was issued by -=-[*LSSJ*]=[BANDIT]-=- on -=-[*LSSJ*]=[BANDIT]-=-
L 11/19/2016 - 17:47:21: [CORE/esf_powerlevel_changer.amxx] [AMXX] [ ESF Powerlevel ] - this command was issued by -=-[*LSSJ*]=[BANDIT]-=- on -=-[*LSSJ*]=[BANDIT]-=-
L 11/19/2016 - 17:47:54: [CORE/esf_powerlevel_changer.amxx] [AMXX] [ ESF Powerlevel ] - this command was issued by -=-[*LSSJ*]=[BANDIT]-=- on -=-[*LSSJ*]=[BANDIT]-=-
L 11/19/2016 - 17:49:07: -------- Mapchange to esf_Guru --------
L 11/19/2016 - 17:53:25: [CORE/esf_powerlevel_changer.amxx] [AMXX] [ ESF Powerlevel ] - this command was issued by -=-[*LSSJ*]=[BANDIT]-=- on -=-[*LSSJ*]=[BANDIT]-=-
L 11/19/2016 - 17:54:46: [CORE/Dragonball.amxx] "-=-[*LSSJ*]=[BANDIT]-=-<3><STEAM_0:1:26400545><>" wished for "Potaras"
L 11/19/2016 - 17:59:58: [CORE/Dragonball.amxx] "-=-[*LSSJ*]=[BANDIT]-=-<3><STEAM_0:1:26400545><>" wished for "Potaras"
L 11/19/2016 - 18:10:10: [CORE/Dragonball.amxx] "-=-[*LSSJ*]=[BANDIT]-=-<3><STEAM_0:1:26400545><>" wished for "Health"
L 11/19/2016 - 18:15:48: [CORE/Dragonball.amxx] "-=-[*LSSJ*]=[BANDIT]-=-<3><STEAM_0:1:26400545><>" wished for "Potaras"
L 11/19/2016 - 18:22:21: -------- Mapchange to esf_gero --------
L 11/19/2016 - 18:22:33: -------- Mapchange to esf_Guru --------
L 11/19/2016 - 18:32:28: [CORE/Dragonball.amxx] "-=-[*LSSJ*]=[BANDIT]-=-<2><STEAM_0:1:26400545><>" wished for "Potaras"
L 11/19/2016 - 18:41:29: -------- Mapchange to esf_Guru --------
L 11/19/2016 - 18:42:29: [CORE/Dragonball.amxx] "-=-[*LSSJ*]=[BANDIT]-=-<1><STEAM_0:1:26400545><>" wished for "Potaras"
L 11/19/2016 - 18:45:36: [CORE/Dragonball.amxx] "-=-[*LSSJ*]=[BANDIT]-=-<1><STEAM_0:1:26400545><>" wished for "Potaras"
L 11/19/2016 - 23:51:25: -------- Mapchange to esf_Guru --------
L 11/19/2016 - 23:57:14: -------- Mapchange to esf_Guru --------
