L 12/14/2012 - 00:36:51: -------- Mapchange to esf_cell_games_night --------
L 12/14/2012 - 00:38:18: [ETC/esf_powerlevel_changer.amxx] [AMXX] [ ESF Powerlevel ] - this command was issued by matias_esf on matias_esf
L 12/14/2012 - 00:38:23: [ETC/esf_powerlevel_changer.amxx] [AMXX] [ ESF Powerlevel ] - this command was issued by matias_esf on matias_esf
L 12/14/2012 - 00:41:31: [ETC/esf_powerlevel_changer.amxx] [AMXX] [ ESF Powerlevel ] - this command was issued by matias_esf on matias_esf
L 12/14/2012 - 00:41:35: [ETC/esf_powerlevel_changer.amxx] [AMXX] [ ESF Powerlevel ] - this command was issued by matias_esf on matias_esf
L 12/14/2012 - 00:41:41: [ETC/esf_powerlevel_changer.amxx] [AMXX] [ ESF Powerlevel ] - this command was issued by matias_esf on matias_esf
L 12/14/2012 - 00:41:45: [ETC/esf_powerlevel_changer.amxx] [AMXX] [ ESF Powerlevel ] - this command was issued by matias_esf on matias_esf
L 12/14/2012 - 00:41:49: [ETC/esf_powerlevel_changer.amxx] [AMXX] [ ESF Powerlevel ] - this command was issued by matias_esf on matias_esf
L 12/14/2012 - 00:41:53: [ETC/esf_powerlevel_changer.amxx] [AMXX] [ ESF Powerlevel ] - this command was issued by matias_esf on matias_esf
L 12/14/2012 - 00:56:09: -------- Mapchange to esf_cell_games_night --------
L 12/14/2012 - 00:58:43: -------- Mapchange to esf_cell_games --------
L 12/14/2012 - 01:00:56: -------- Mapchange to esf_cell_games --------
L 12/14/2012 - 01:06:27: -------- Mapchange to esf_cell_games --------
L 12/14/2012 - 01:10:53: -------- Mapchange to esf_cell_games --------
L 12/14/2012 - 01:20:27: -------- Mapchange to esf_cell_games --------
L 12/14/2012 - 01:24:34: -------- Mapchange to esf_cell_games --------
L 12/14/2012 - 01:27:50: -------- Mapchange to esf_cell_games --------
L 12/14/2012 - 01:29:16: -------- Mapchange to esf_cell_games --------
L 12/14/2012 - 01:29:22: -------- Mapchange to esf_cell_games --------
L 12/14/2012 - 15:50:19: -------- Mapchange to NavidadSR --------
L 12/14/2012 - 16:07:34: -------- Mapchange to NavidadSR --------
L 12/14/2012 - 16:13:08: -------- Mapchange to NavidadSR --------
L 12/14/2012 - 16:14:05: -------- Mapchange to NavidadSR --------
L 12/14/2016 - 22:44:08: -------- Mapchange to esf_Gurufixed --------
L 12/14/2016 - 22:46:44: -------- Mapchange to esf_Gurufixed --------
L 12/14/2016 - 22:52:02: -------- Mapchange to esf_Gurufixed --------
L 12/14/2016 - 22:53:44: -------- Mapchange to esf_Gurufixed --------
L 12/14/2016 - 22:54:44: -------- Mapchange to esf_Gurufixed --------
L 12/14/2016 - 22:56:02: -------- Mapchange to esf_Gurufixed --------
L 12/14/2016 - 22:56:26: [CORE/esf_powerlevel_changer.amxx] [AMXX] [ ESF Powerlevel ] - this command was issued by -=-[*LSSJ*]=[BANDIT]-=- on -=-[*LSSJ*]=[BANDIT]-=-
L 12/14/2016 - 22:57:24: -------- Mapchange to ctf_grozniy --------
L 12/14/2016 - 23:03:02: -------- Mapchange to esf_Gurufixed --------
L 12/14/2016 - 23:05:07: -------- Mapchange to esf_Gurufixed --------
L 12/14/2016 - 23:08:48: -------- Mapchange to esf_Gurufixed --------
L 12/14/2016 - 23:11:43: -------- Mapchange to esf_Gurufixed --------
L 12/14/2016 - 23:19:23: -------- Mapchange to esf_Gurufixed --------
L 12/14/2016 - 23:21:34: -------- Mapchange to esf_Gurufixed --------
L 12/14/2016 - 23:27:42: -------- Mapchange to esf_Gurufixed --------
L 12/14/2016 - 23:30:24: -------- Mapchange to esf_Gurufixed --------
L 12/14/2016 - 23:31:23: -------- Mapchange to esf_Gurufixed --------
L 12/14/2016 - 23:33:10: -------- Mapchange to esf_Gurufixed --------
L 12/14/2016 - 23:34:07: -------- Mapchange to esf_Gurufixed --------
L 12/14/2016 - 23:37:23: -------- Mapchange to esf_Gurufixed --------
L 12/14/2016 - 23:43:44: -------- Mapchange to esf_Gurufixed --------
L 12/14/2016 - 23:45:34: -------- Mapchange to esf_Gurufixed --------
L 12/14/2016 - 23:53:42: -------- Mapchange to esf_Gurufixed --------
