L 12/10/2016 - 09:28:43: -------- Mapchange to esf_gero --------
L 12/10/2016 - 09:47:04: -------- Mapchange to esf_Guru --------
L 12/10/2016 - 09:50:13: -------- Mapchange to esf_Guru --------
L 12/10/2016 - 09:51:12: [CORE/esf_powerlevel_changer.amxx] [AMXX] [ ESF Powerlevel ] - this command was issued by -=-[*LSSJ*]=[BANDIT]-=- on -=-[*LSSJ*]=[BANDIT]-=-
L 12/10/2016 - 09:52:24: [CORE/Dragonball.amxx] "-=-[*LSSJ*]=[BANDIT]-=-<1><STEAM_0:1:26400545><>" wished for "Potaras"
L 12/10/2016 - 09:52:33: [CORE/esf_powerlevel_changer.amxx] [AMXX] [ ESF Powerlevel ] - this command was issued by -=-[*LSSJ*]=[BANDIT]-=- on -=-[*LSSJ*]=[BANDIT]-=-
L 12/10/2016 - 09:52:40: [CORE/esf_powerlevel_changer.amxx] [AMXX] [ ESF Powerlevel ] - this command was issued by -=-[*LSSJ*]=[BANDIT]-=- on -=-[*LSSJ*]=[V3G3TT0]-=-
L 12/10/2016 - 09:53:36: [CORE/esf_powerlevel_changer.amxx] [AMXX] [ ESF Powerlevel ] - this command was issued by -=-[*LSSJ*]=[BANDIT]-=- on -=-[*LSSJ*]=[V3G3TT0]-=-
L 12/10/2016 - 09:54:18: [CORE/Dragonball.amxx] "-=-[*LSSJ*]=[V3G3TT0]-=-<2><STEAM_0:0:12908415><>" wished for "Potaras"
L 12/10/2016 - 09:55:30: [CORE/esf_powerlevel_changer.amxx] [AMXX] [ ESF Powerlevel ] - this command was issued by -=-[*LSSJ*]=[BANDIT]-=- on -=-[*LSSJ*]=[V3G3TT0]-=-
L 12/10/2016 - 09:57:24: -------- Mapchange to esf_Guru --------
L 12/10/2016 - 09:58:22: [CORE/Dragonball.amxx] "-=-[*LSSJ*]=[V3G3TT0]-=-<4><STEAM_0:0:12908415><>" wished for "Potaras"
L 12/10/2016 - 09:59:01: [CORE/esf_powerlevel_changer.amxx] [AMXX] [ ESF Powerlevel ] - this command was issued by -=-[*LSSJ*]=[BANDIT]-=- on -=-[*LSSJ*]=[BANDIT]-=-
L 12/10/2016 - 10:03:38: [CORE/Dragonball.amxx] "-=-[*LSSJ*]=[BANDIT]-=-<3><STEAM_0:1:26400545><>" wished for "Potaras"
L 12/10/2016 - 10:06:16: [CORE/esf_powerlevel_changer.amxx] [AMXX] [ ESF Powerlevel ] - this command was issued by -=-[*LSSJ*]=[BANDIT]-=- on -=-[*LSSJ*]=[BANDIT]-=-
L 12/10/2016 - 10:07:34: [CORE/Dragonball.amxx] "-=-[*LSSJ*]=[BANDIT]-=-<3><STEAM_0:1:26400545><>" wished for "Potaras"
L 12/10/2016 - 10:08:35: [CORE/esf_powerlevel_changer.amxx] [AMXX] [ ESF Powerlevel ] - this command was issued by -=-[*LSSJ*]=[BANDIT]-=- on -=-[*LSSJ*]=[V3G3TT0]-=-
L 12/10/2016 - 10:09:56: [CORE/Dragonball.amxx] "-=-[*LSSJ*]=[V3G3TT0]-=-<4><STEAM_0:1:0><>" wished for "Potaras"
L 12/10/2016 - 10:31:47: -------- Mapchange to esf_Guru --------
L 12/10/2016 - 10:32:49: [CORE/Dragonball.amxx] "-=-[*LSSJ*]=[BANDIT]-=-<1><STEAM_0:1:26400545><>" wished for "Potaras"
L 12/10/2016 - 10:34:50: [CORE/Dragonball.amxx] "-=-[*LSSJ*]=[BANDIT]-=-<1><STEAM_0:1:26400545><>" wished for "Potaras"
L 12/10/2016 - 10:36:02: [CORE/Dragonball.amxx] "-=-[*LSSJ*]=[BANDIT]-=-<1><STEAM_0:1:26400545><>" wished for "Potaras"
L 12/10/2016 - 10:38:49: [CORE/Dragonball.amxx] "-=-[*LSSJ*]=[BANDIT]-=-<1><STEAM_0:1:26400545><>" wished for "Potaras"
L 12/10/2016 - 10:43:36: [CORE/esf_powerlevel_changer.amxx] [AMXX] [ ESF Powerlevel ] - this command was issued by -=-[*LSSJ*]=[BANDIT]-=- on -=-[*LSSJ*]=[BANDIT]-=-
L 12/10/2016 - 10:46:49: [CORE/esf_powerlevel_changer.amxx] [AMXX] [ ESF Powerlevel ] - this command was issued by -=-[*LSSJ*]=[BANDIT]-=- on -=-[*LSSJ*]=[V3G3TT0]-=-
L 12/10/2016 - 10:47:16: [CORE/Dragonball.amxx] "-=-[*LSSJ*]=[BANDIT]-=-<1><STEAM_0:1:26400545><>" wished for "Potaras"
L 12/10/2016 - 10:49:38: -------- Mapchange to esf_Guru --------
L 12/10/2016 - 10:52:03: [CORE/Dragonball.amxx] "-=-[*LSSJ*]=[V3G3TT0]-=-<2><STEAM_0:0:12908415><>" wished for "Potaras"
L 12/10/2016 - 10:57:45: [CORE/Dragonball.amxx] "-=-[*LSSJ*]=[BANDIT]-=-<1><STEAM_0:1:26400545><>" wished for "Potaras"
L 12/10/2016 - 10:59:24: [CORE/esf_powerlevel_changer.amxx] [AMXX] [ ESF Powerlevel ] - this command was issued by -=-[*LSSJ*]=[BANDIT]-=- on -=-[*LSSJ*]=[V3G3TT0]-=-
L 12/10/2016 - 11:03:04: [CORE/Dragonball.amxx] "-=-[*LSSJ*]=[BANDIT]-=-<1><STEAM_0:1:26400545><>" wished for "Health"
L 12/10/2016 - 11:09:07: [CORE/Dragonball.amxx] "-=-[*LSSJ*]=[V3G3TT0]-=-<2><STEAM_0:0:12908415><>" wished for "Potaras"
L 12/10/2016 - 11:11:57: [CORE/Dragonball.amxx] "-=-[*LSSJ*]=[BANDIT]-=-<1><STEAM_0:1:26400545><>" wished for "Strength"
L 12/10/2016 - 11:14:28: [CORE/esf_powerlevel_changer.amxx] [AMXX] [ ESF Powerlevel ] - this command was issued by -=-[*LSSJ*]=[BANDIT]-=- on -=-[*LSSJ*]=[BANDIT]-=-
L 12/10/2016 - 11:14:31: [CORE/esf_powerlevel_changer.amxx] [AMXX] [ ESF Powerlevel ] - this command was issued by -=-[*LSSJ*]=[BANDIT]-=- on -=-[*LSSJ*]=[BANDIT]-=-
L 12/10/2016 - 11:15:13: [CORE/esf_powerlevel_changer.amxx] [AMXX] [ ESF Powerlevel ] - this command was issued by -=-[*LSSJ*]=[BANDIT]-=- on -=-[*LSSJ*]=[BANDIT]-=-
L 12/10/2016 - 11:16:18: [CORE/esf_powerlevel_changer.amxx] [AMXX] [ ESF Powerlevel ] - this command was issued by -=-[*LSSJ*]=[BANDIT]-=- on -=-[*LSSJ*]=[BANDIT]-=-
L 12/10/2016 - 11:16:43: [CORE/Dragonball.amxx] "-=-[*LSSJ*]=[BANDIT]-=-<1><STEAM_0:1:26400545><>" wished for "Strength"
L 12/10/2016 - 11:21:45: -------- Mapchange to esf_Guru --------
L 12/10/2016 - 11:22:55: -------- Mapchange to esf_Guru --------
L 12/10/2016 - 11:24:17: -------- Mapchange to esf_Guru --------
L 12/10/2016 - 11:24:36: [CORE/esf_powerlevel_changer.amxx] [AMXX] [ ESF Powerlevel ] - this command was issued by -=-[*LSSJ*]=[BANDIT]-=- on -=-[*LSSJ*]=[BANDIT]-=-
L 12/10/2016 - 11:25:26: -------- Mapchange to esf_Guru --------
L 12/10/2016 - 11:26:18: [CORE/esf_powerlevel_changer.amxx] [AMXX] [ ESF Powerlevel ] - this command was issued by -=-[*LSSJ*]=[BANDIT]-=- on -=-[*LSSJ*]=[BANDIT]-=-
L 12/10/2016 - 11:26:48: [CORE/esf_powerlevel_changer.amxx] [AMXX] [ ESF Powerlevel ] - this command was issued by -=-[*LSSJ*]=[BANDIT]-=- on -=-[*LSSJ*]=[V3G3TT0]-=-
L 12/10/2016 - 11:30:06: -------- Mapchange to esf_Guru --------
L 12/10/2016 - 11:46:33: -------- Mapchange to esf_Guru --------
L 12/10/2016 - 11:47:02: [CORE/esf_powerlevel_changer.amxx] [AMXX] [ ESF Powerlevel ] - this command was issued by -=-[*LSSJ*]=[BANDIT]-=- on -=-[*LSSJ*]=[BANDIT]-=-
L 12/10/2016 - 12:00:55: -------- Mapchange to s2k_greattournament --------
L 12/10/2016 - 12:01:06: -------- Mapchange to esf_Guru --------
L 12/10/2016 - 12:01:38: -------- Mapchange to esf_riverside --------
L 12/10/2016 - 12:01:48: -------- Mapchange to esf_Guru --------
L 12/10/2016 - 12:02:06: -------- Mapchange to esf_gero_night --------
L 12/10/2016 - 12:02:14: -------- Mapchange to esf_Guru --------
L 12/10/2016 - 12:05:08: -------- Mapchange to esf_Gurufixed --------
L 12/10/2016 - 12:08:09: [CORE/esf_powerlevel_changer.amxx] [AMXX] [ ESF Powerlevel ] - this command was issued by -=-[*LSSJ*]=[BANDIT]-=- on -=-[*LSSJ*]=[V3G3TT0]-=-
L 12/10/2016 - 16:35:23: -------- Mapchange to de_bikinibottom --------
L 12/10/2016 - 16:36:19: -------- Mapchange to esf_Gurufixed --------
L 12/10/2016 - 16:40:52: -------- Mapchange to esf_Gurufixed --------
L 12/10/2016 - 16:47:53: -------- Mapchange to esf_Gurufixed --------
L 12/10/2016 - 16:48:36: [CORE/esf_powerlevel_changer.amxx] [AMXX] [ ESF Powerlevel ] - this command was issued by -=-[*LSSJ*]=[BANDIT]-=- on -=-[*LSSJ*]=[BANDIT]-=-
L 12/10/2016 - 16:53:07: [CORE/esf_powerlevel_changer.amxx] [AMXX] [ ESF Powerlevel ] - this command was issued by -=-[*LSSJ*]=[BANDIT]-=- on -=-[*LSSJ*]=[BANDIT]-=-
L 12/10/2016 - 16:57:35: -------- Mapchange to esf_Gurufixed --------
