L 12/29/2012 - 02:19:18: -------- Mapchange to esf_cell_games_night --------
L 12/29/2012 - 02:21:11: [ETC/esf_powerlevel_changer.amxx] [AMXX] [ ESF Powerlevel ] - this command was issued by matias_esf on matias_esf
L 12/29/2012 - 02:27:16: -------- Mapchange to esf_cell_games_night --------
L 12/29/2012 - 02:28:58: [ETC/esf_powerlevel_changer.amxx] [AMXX] [ ESF Powerlevel ] - this command was issued by matias_esf on matias_esf
L 12/29/2012 - 02:29:03: [ETC/esf_powerlevel_changer.amxx] [AMXX] [ ESF Powerlevel ] - this command was issued by matias_esf on matias_esf
L 12/29/2012 - 02:31:45: -------- Mapchange to esf_cell_games_night --------
L 12/29/2012 - 02:37:55: [ETC/esf_powerlevel_changer.amxx] [AMXX] [ ESF Powerlevel ] - this command was issued by matias_esf on matias_esf
L 12/29/2012 - 02:37:57: [ETC/esf_powerlevel_changer.amxx] [AMXX] [ ESF Powerlevel ] - this command was issued by matias_esf on matias_esf
L 12/29/2012 - 02:39:00: [ETC/esf_powerlevel_changer.amxx] [AMXX] [ ESF Powerlevel ] - this command was issued by matias_esf on matias_esf
L 12/29/2012 - 02:39:01: [ETC/esf_powerlevel_changer.amxx] [AMXX] [ ESF Powerlevel ] - this command was issued by matias_esf on matias_esf
L 12/29/2012 - 02:48:40: -------- Mapchange to esf_cell_games_night --------
L 12/29/2012 - 02:50:22: [ETC/esf_powerlevel_changer.amxx] [AMXX] [ ESF Powerlevel ] - this command was issued by matias_esf on matias_esf
L 12/29/2012 - 02:53:03: -------- Mapchange to esf_saiyan --------
L 12/29/2012 - 16:13:36: -------- Mapchange to esf_cell_games --------
L 12/29/2012 - 16:15:11: [ETC/esf_powerlevel_changer.amxx] [AMXX] [ ESF Powerlevel ] - this command was issued by matias_esf on matias_esf
L 12/29/2012 - 16:53:13: -------- Mapchange to esf_cell_games_night --------
L 12/29/2012 - 16:59:22: -------- Mapchange to esf_cell_games_night --------
L 12/29/2012 - 17:03:11: [ETC/esf_powerlevel_changer.amxx] [AMXX] [ ESF Powerlevel ] - this command was issued by matias_esf on matias_esf
L 12/29/2012 - 17:04:07: [ETC/esf_powerlevel_changer.amxx] [AMXX] [ ESF Powerlevel ] - this command was issued by matias_esf on matias_esf
L 12/29/2012 - 17:04:11: [ETC/esf_powerlevel_changer.amxx] [AMXX] [ ESF Powerlevel ] - this command was issued by matias_esf on matias_esf
L 12/29/2012 - 17:05:26: -------- Mapchange to esf_nameks_revival --------
L 12/29/2012 - 17:06:58: -------- Mapchange to esf_nameks_revival --------
L 12/29/2012 - 17:09:37: [ETC/esf_powerlevel_changer.amxx] [AMXX] [ ESF Powerlevel ] - this command was issued by matias_esf on matias_esf
L 12/29/2012 - 17:10:54: [ETC/esf_powerlevel_changer.amxx] [AMXX] [ ESF Powerlevel ] - this command was issued by matias_esf on matias_esf
