L 12/28/2012 - 00:57:13: -------- Mapchange to esfm_pic_raditz --------
L 12/28/2012 - 01:03:53: [ETC/esf_powerlevel_changer.amxx] [AMXX] [ ESF Powerlevel ] - this command was issued by matias_esf on matias_esf
L 12/28/2012 - 01:33:25: -------- Mapchange to esfm_pic_raditz --------
L 12/28/2012 - 01:36:39: [ETC/esf_powerlevel_changer.amxx] [AMXX] [ ESF Powerlevel ] - this command was issued by matias_esf on matias_esf
L 12/28/2012 - 01:38:13: [ETC/esf_powerlevel_changer.amxx] [AMXX] [ ESF Powerlevel ] - this command was issued by matias_esf on matias_esf
L 12/28/2012 - 01:40:29: [ETC/esf_powerlevel_changer.amxx] [AMXX] [ ESF Powerlevel ] - this command was issued by matias_esf on matias_esf
L 12/28/2012 - 01:48:19: [ETC/esf_powerlevel_changer.amxx] [AMXX] [ ESF Powerlevel ] - this command was issued by matias_esf on matias_esf
L 12/28/2012 - 01:50:55: [ETC/esf_powerlevel_changer.amxx] [AMXX] [ ESF Powerlevel ] - this command was issued by matias_esf on matias_esf
L 12/28/2012 - 01:51:00: [ETC/esf_powerlevel_changer.amxx] [AMXX] [ ESF Powerlevel ] - this command was issued by matias_esf on matias_esf
L 12/28/2012 - 01:53:23: [ETC/esf_powerlevel_changer.amxx] [AMXX] [ ESF Powerlevel ] - this command was issued by matias_esf on matias_esf
L 12/28/2012 - 01:53:27: [ETC/esf_powerlevel_changer.amxx] [AMXX] [ ESF Powerlevel ] - this command was issued by matias_esf on matias_esf
L 12/28/2012 - 01:54:36: [ETC/esf_powerlevel_changer.amxx] [AMXX] [ ESF Powerlevel ] - this command was issued by matias_esf on matias_esf
L 12/28/2012 - 01:57:09: [ETC/esf_powerlevel_changer.amxx] [AMXX] [ ESF Powerlevel ] - this command was issued by matias_esf on matias_esf
L 12/28/2012 - 01:57:11: [ETC/esf_powerlevel_changer.amxx] [AMXX] [ ESF Powerlevel ] - this command was issued by matias_esf on matias_esf
L 12/28/2012 - 03:34:35: -------- Mapchange to esfm_pic_raditz --------
L 12/28/2012 - 03:36:12: -------- Mapchange to esfm_pic_raditz --------
L 12/28/2012 - 03:36:45: [ETC/esf_powerlevel_changer.amxx] [AMXX] [ ESF Powerlevel ] - this command was issued by matias_esf on matias_esf
L 12/28/2012 - 03:50:15: -------- Mapchange to esfm_pic_raditz --------
L 12/28/2012 - 03:51:45: [ETC/esf_powerlevel_changer.amxx] [AMXX] [ ESF Powerlevel ] - this command was issued by matias_esf on matias_esf
L 12/28/2012 - 04:01:23: -------- Mapchange to esf_cell_games_night --------
L 12/28/2012 - 04:02:10: [ETC/esf_powerlevel_changer.amxx] [AMXX] [ ESF Powerlevel ] - this command was issued by matias_esf on matias_esf
L 12/28/2012 - 04:03:00: [ETC/esf_powerlevel_changer.amxx] [AMXX] [ ESF Powerlevel ] - this command was issued by matias_esf on matias_esf
L 12/28/2012 - 04:03:05: [ETC/esf_powerlevel_changer.amxx] [AMXX] [ ESF Powerlevel ] - this command was issued by matias_esf on matias_esf
L 12/28/2012 - 04:06:01: [ETC/esf_powerlevel_changer.amxx] [AMXX] [ ESF Powerlevel ] - this command was issued by matias_esf on matias_esf
L 12/28/2012 - 04:06:50: [ETC/esf_powerlevel_changer.amxx] [AMXX] [ ESF Powerlevel ] - this command was issued by matias_esf on matias_esf
L 12/28/2012 - 04:06:54: [ETC/esf_powerlevel_changer.amxx] [AMXX] [ ESF Powerlevel ] - this command was issued by matias_esf on matias_esf
L 12/28/2012 - 04:08:27: [ETC/esf_powerlevel_changer.amxx] [AMXX] [ ESF Powerlevel ] - this command was issued by matias_esf on matias_esf
L 12/28/2012 - 04:09:20: [ETC/esf_powerlevel_changer.amxx] [AMXX] [ ESF Powerlevel ] - this command was issued by matias_esf on matias_esf
L 12/28/2012 - 04:09:23: [ETC/esf_powerlevel_changer.amxx] [AMXX] [ ESF Powerlevel ] - this command was issued by matias_esf on matias_esf
L 12/28/2012 - 04:11:38: [ETC/esf_powerlevel_changer.amxx] [AMXX] [ ESF Powerlevel ] - this command was issued by matias_esf on matias_esf
L 12/28/2012 - 15:03:41: -------- Mapchange to esf_cell_games_night --------
L 12/28/2012 - 15:06:12: [ETC/esf_powerlevel_changer.amxx] [AMXX] [ ESF Powerlevel ] - this command was issued by matias_esf on matias_esf
L 12/28/2012 - 15:26:55: -------- Mapchange to esf_cell_games_night --------
L 12/28/2012 - 15:28:44: -------- Mapchange to esfm_pic_raditz --------
L 12/28/2012 - 15:30:08: [ETC/esf_powerlevel_changer.amxx] [AMXX] [ ESF Powerlevel ] - this command was issued by matias_esf on matias_esf
L 12/28/2012 - 15:30:12: [ETC/esf_powerlevel_changer.amxx] [AMXX] [ ESF Powerlevel ] - this command was issued by matias_esf on matias_esf
L 12/28/2012 - 15:30:14: [ETC/esf_powerlevel_changer.amxx] [AMXX] [ ESF Powerlevel ] - this command was issued by matias_esf on matias_esf
L 12/28/2012 - 15:31:50: -------- Mapchange to esf-islas --------
L 12/28/2016 - 11:17:59: -------- Mapchange to esf_Gurufixed --------
L 12/28/2016 - 11:19:01: [CORE/esf_powerlevel_changer.amxx] [AMXX] [ ESF Powerlevel ] - this command was issued by -=-[*LSSJ*]=[BANDIT]-=- on -=-[*LSSJ*]=[BANDIT]-=-
L 12/28/2016 - 11:20:53: [CORE/esf_powerlevel_changer.amxx] [AMXX] [ ESF Powerlevel ] - this command was issued by -=-[*LSSJ*]=[BANDIT]-=- on -=-[*LSSJ*]=[BANDIT]-=-
L 12/28/2016 - 11:23:29: [CORE/esf_powerlevel_changer.amxx] [AMXX] [ ESF Powerlevel ] - this command was issued by -=-[*LSSJ*]=[BANDIT]-=- on -=-[*LSSJ*]=[BANDIT]-=-
L 12/28/2016 - 11:41:01: -------- Mapchange to esf_Gurufixed --------
L 12/28/2016 - 11:49:03: -------- Mapchange to esf_Gurufixed --------
L 12/28/2016 - 11:52:08: -------- Mapchange to esf_Gurufixed --------
L 12/28/2016 - 12:02:17: -------- Mapchange to esf_Gurufixed --------
L 12/28/2016 - 12:07:14: [CORE/Dragonball.amxx] "-=-[*LSSJ*]=[BANDIT]-=-<1><STEAM_0:1:26400545><>" wished for "Moon"
L 12/28/2016 - 12:11:37: -------- Mapchange to esf_Gurufixed --------
L 12/28/2016 - 12:11:52: [CORE/esf_powerlevel_changer.amxx] [AMXX] [ ESF Powerlevel ] - this command was issued by -=-[*LSSJ*]=[BANDIT]-=- on -=-[*LSSJ*]=[BANDIT]-=-
L 12/28/2016 - 12:14:14: -------- Mapchange to esf_Gurufixed --------
L 12/28/2016 - 12:17:04: -------- Mapchange to esf_Gurufixed --------
L 12/28/2016 - 12:20:32: [CORE/esf_powerlevel_changer.amxx] [AMXX] [ ESF Powerlevel ] - this command was issued by -=-[*LSSJ*]=[BANDIT]-=- on -=-[*LSSJ*]=[BANDIT]-=-
L 12/28/2016 - 12:20:36: [CORE/esf_powerlevel_changer.amxx] [AMXX] [ ESF Powerlevel ] - this command was issued by -=-[*LSSJ*]=[BANDIT]-=- on -=-[*LSSJ*]=[V3G3TT0]-=-
L 12/28/2016 - 12:21:17: [CORE/Dragonball.amxx] "-=-[*LSSJ*]=[V3G3TT0]-=-<2><STEAM_0:0:12908415><>" wished for "Potaras"
L 12/28/2016 - 12:29:34: [CORE/Dragonball.amxx] "-=-[*LSSJ*]=[V3G3TT0]-=-<2><STEAM_0:0:12908415><>" wished for "Potaras"
L 12/28/2016 - 12:32:42: [CORE/Dragonball.amxx] "-=-[*LSSJ*]=[V3G3TT0]-=-<2><STEAM_0:0:12908415><>" wished for "Potaras"
L 12/28/2016 - 12:37:44: [CORE/esf_powerlevel_changer.amxx] [AMXX] [ ESF Powerlevel ] - this command was issued by -=-[*LSSJ*]=[BANDIT]-=- on -=-[*LSSJ*]=[BANDIT]-=-
L 12/28/2016 - 12:38:29: [CORE/esf_powerlevel_changer.amxx] [AMXX] [ ESF Powerlevel ] - this command was issued by -=-[*LSSJ*]=[BANDIT]-=- on -=-[*LSSJ*]=[V3G3TT0]-=-
L 12/28/2016 - 12:39:16: [CORE/esf_powerlevel_changer.amxx] [AMXX] [ ESF Powerlevel ] - this command was issued by -=-[*LSSJ*]=[BANDIT]-=- on -=-[*LSSJ*]=[V3G3TT0]-=-
L 12/28/2016 - 12:39:19: [CORE/esf_powerlevel_changer.amxx] [AMXX] [ ESF Powerlevel ] - this command was issued by -=-[*LSSJ*]=[BANDIT]-=- on -=-[*LSSJ*]=[BANDIT]-=-
L 12/28/2016 - 12:47:11: [CORE/Dragonball.amxx] "-=-[*LSSJ*]=[BANDIT]-=-<1><STEAM_0:1:26400545><>" wished for "Potaras"
L 12/28/2016 - 13:05:27: [CORE/Dragonball.amxx] "-=-[*LSSJ*]=[BANDIT]-=-<1><STEAM_0:1:26400545><>" wished for "Potaras"
L 12/28/2016 - 13:15:55: [CORE/Dragonball.amxx] "-=-[*LSSJ*]=[V3G3TT0]-=-<2><STEAM_0:0:12908415><>" wished for "Potaras"
L 12/28/2016 - 13:45:37: -------- Mapchange to esf_Gurufixed --------
L 12/28/2016 - 13:45:49: -------- Mapchange to esf_Gurufixed --------
L 12/28/2016 - 13:52:26: [CORE/Dragonball.amxx] "-=-[*LSSJ*]=[BANDIT]-=-<1><STEAM_0:1:26400545><>" wished for "Potaras"
L 12/28/2016 - 13:57:52: [CORE/esf_powerlevel_changer.amxx] [AMXX] [ ESF Powerlevel ] - this command was issued by -=-[*LSSJ*]=[BANDIT]-=- on -=-[*LSSJ*]=[BANDIT]-=-
L 12/28/2016 - 13:58:45: [CORE/Dragonball.amxx] "-=-[*LSSJ*]=[BANDIT]-=-<1><STEAM_0:1:26400545><>" wished for "Potaras"
L 12/28/2016 - 13:59:33: -------- Mapchange to esf_Gurufixed --------
L 12/28/2016 - 14:00:07: [CORE/Dragonball.amxx] "-=-[*LSSJ*]=[BANDIT]-=-<3><STEAM_0:1:26400545><>" wished for "Potaras"
L 12/28/2016 - 14:04:23: [CORE/Dragonball.amxx] "-=-[*LSSJ*]=[BANDIT]-=-<3><STEAM_0:1:26400545><>" wished for "Potaras"
L 12/28/2016 - 14:05:20: [CORE/Dragonball.amxx] "-=-[*LSSJ*]=[BANDIT]-=-<3><STEAM_0:1:26400545><>" wished for "Potaras"
L 12/28/2016 - 14:07:17: [CORE/Dragonball.amxx] "-=-[*LSSJ*]=[V3G3TT0]-=-<4><STEAM_0:0:12908415><>" wished for "Health"
L 12/28/2016 - 14:10:16: [CORE/Dragonball.amxx] "-=-[*LSSJ*]=[BANDIT]-=-<3><STEAM_0:1:26400545><>" wished for "Potaras"
