L 12/24/2012 - 01:12:18: -------- Mapchange to esf_cell_arena --------
L 12/24/2012 - 01:23:27: [ETC/esf_powerlevel_changer.amxx] [AMXX] [ ESF Powerlevel ] - this command was issued by matias_esf on matias_esf
L 12/24/2012 - 01:23:46: [ETC/esf_powerlevel_changer.amxx] [AMXX] [ ESF Powerlevel ] - this command was issued by matias_esf on matias_esf
L 12/24/2012 - 01:24:19: [ETC/esf_powerlevel_changer.amxx] [AMXX] [ ESF Powerlevel ] - this command was issued by matias_esf on matias_esf
L 12/24/2012 - 01:25:41: [ETC/esf_powerlevel_changer.amxx] [AMXX] [ ESF Powerlevel ] - this command was issued by matias_esf on matias_esf
L 12/24/2012 - 01:25:55: [ETC/esf_powerlevel_changer.amxx] [AMXX] [ ESF Powerlevel ] - this command was issued by matias_esf on matias_esf
L 12/24/2012 - 01:26:17: [ETC/esf_powerlevel_changer.amxx] [AMXX] [ ESF Powerlevel ] - this command was issued by matias_esf on matias_esf
L 12/24/2012 - 01:26:17: [ETC/esf_powerlevel_changer.amxx] [AMXX] [ ESF Powerlevel ] - this command was issued by matias_esf on matias_esf
L 12/24/2012 - 01:26:26: [ETC/esf_powerlevel_changer.amxx] [AMXX] [ ESF Powerlevel ] - this command was issued by matias_esf on matias_esf
L 12/24/2012 - 01:26:27: [ETC/esf_powerlevel_changer.amxx] [AMXX] [ ESF Powerlevel ] - this command was issued by matias_esf on matias_esf
L 12/24/2012 - 01:42:18: -------- Mapchange to esf_cell_arena --------
L 12/24/2016 - 00:28:34: -------- Mapchange to esf_Gurufixed --------
L 12/24/2016 - 00:29:23: [CORE/esf_powerlevel_changer.amxx] [AMXX] [ ESF Powerlevel ] - this command was issued by -=-[*LSSJ*]=[BANDIT]-=- on -=-[*LSSJ*]=[BANDIT]-=-
L 12/24/2016 - 00:42:41: -------- Mapchange to esf_Gurufixed --------
L 12/24/2016 - 00:43:16: -------- Mapchange to esf_Gurufixed --------
L 12/24/2016 - 00:50:07: -------- Mapchange to esf_Gurufixed --------
L 12/24/2016 - 01:01:49: -------- Mapchange to esf_Gurufixed --------
L 12/24/2016 - 01:02:01: -------- Mapchange to esf_Gurufixed --------
L 12/24/2016 - 01:03:03: [CORE/esf_powerlevel_changer.amxx] [AMXX] [ ESF Powerlevel ] - this command was issued by -=-[*LSSJ*]=[BANDIT]-=- on Thunder
L 12/24/2016 - 01:04:27: [CORE/esf_powerlevel_changer.amxx] [AMXX] [ ESF Powerlevel ] - this command was issued by -=-[*LSSJ*]=[BANDIT]-=- on Thunder
L 12/24/2016 - 01:06:17: [CORE/Dragonball.amxx] "-=-[*LSSJ*]=[BANDIT]-=-<8><STEAM_0:1:26400545><>" wished for "Strength"
L 12/24/2016 - 01:10:57: [CORE/esf_powerlevel_changer.amxx] [AMXX] [ ESF Powerlevel ] - this command was issued by -=-[*LSSJ*]=[BANDIT]-=- on Thunder
L 12/24/2016 - 01:11:02: [CORE/esf_powerlevel_changer.amxx] [AMXX] [ ESF Powerlevel ] - this command was issued by -=-[*LSSJ*]=[BANDIT]-=- on -=-[*LSSJ*]=[BANDIT]-=-
L 12/24/2016 - 01:14:28: [CORE/Dragonball.amxx] "Thunder<9><STEAM_0:1:0><>" wished for "Potaras"
L 12/24/2016 - 01:21:23: [CORE/esf_powerlevel_changer.amxx] [AMXX] [ ESF Powerlevel ] - this command was issued by -=-[*LSSJ*]=[BANDIT]-=- on Thunder
L 12/24/2016 - 01:22:02: [CORE/esf_powerlevel_changer.amxx] [AMXX] [ ESF Powerlevel ] - this command was issued by -=-[*LSSJ*]=[BANDIT]-=- on -=-[*LSSJ*]=[BANDIT]-=-
L 12/24/2016 - 01:24:53: [CORE/Dragonball.amxx] "-=-[*LSSJ*]=[BANDIT]-=-<8><STEAM_0:1:26400545><>" wished for "Strength"
L 12/24/2016 - 01:28:00: [CORE/Dragonball.amxx] "-=-[*LSSJ*]=[BANDIT]-=-<8><STEAM_0:1:26400545><>" wished for "Strength"
L 12/24/2016 - 01:29:16: [CORE/Dragonball.amxx] "Thunder<9><STEAM_0:1:0><>" wished for "Strength"
L 12/24/2016 - 01:32:31: [CORE/Dragonball.amxx] "Thunder<9><STEAM_0:1:0><>" wished for "Strength"
L 12/24/2016 - 01:33:57: [CORE/Dragonball.amxx] "-=-[*LSSJ*]=[BANDIT]-=-<8><STEAM_0:1:26400545><>" wished for "Strength"
L 12/24/2016 - 01:36:16: [CORE/Dragonball.amxx] "Thunder<9><STEAM_0:1:0><>" wished for "Potaras"
L 12/24/2016 - 01:40:10: [CORE/Dragonball.amxx] "Thunder<9><STEAM_0:1:0><>" wished for "Statsupgrade"
L 12/24/2016 - 01:41:00: -------- Mapchange to esf_Gurufixed --------
L 12/24/2016 - 01:41:48: [CORE/esf_powerlevel_changer.amxx] [AMXX] [ ESF Powerlevel ] - this command was issued by -=-[*LSSJ*]=[BANDIT]-=- on -=-[*LSSJ*]=[BANDIT]-=-
L 12/24/2016 - 01:42:25: [CORE/esf_powerlevel_changer.amxx] [AMXX] [ ESF Powerlevel ] - this command was issued by -=-[*LSSJ*]=[BANDIT]-=- on Thunder
L 12/24/2016 - 01:45:07: [CORE/Dragonball.amxx] "-=-[*LSSJ*]=[BANDIT]-=-<1><STEAM_0:1:26400545><>" wished for "Strength"
L 12/24/2016 - 01:47:56: [CORE/Dragonball.amxx] "Thunder<2><STEAM_0:1:29824418><>" wished for "Strength"
L 12/24/2016 - 01:50:24: [CORE/Dragonball.amxx] "Thunder<2><STEAM_0:1:29824418><>" wished for "Strength"
L 12/24/2016 - 01:52:37: [CORE/Dragonball.amxx] "-=-[*LSSJ*]=[BANDIT]-=-<1><STEAM_0:1:26400545><>" wished for "Strength"
L 12/24/2016 - 01:55:19: [CORE/Dragonball.amxx] "Thunder<2><STEAM_0:1:29824418><>" wished for "Potaras"
L 12/24/2016 - 01:57:30: [CORE/Dragonball.amxx] "Thunder<2><STEAM_0:1:29824418><>" wished for "Potaras"
L 12/24/2016 - 02:01:44: [CORE/esf_powerlevel_changer.amxx] [AMXX] [ ESF Powerlevel ] - this command was issued by -=-[*LSSJ*]=[BANDIT]-=- on Thunder
L 12/24/2016 - 02:02:17: [CORE/Dragonball.amxx] "Thunder<2><STEAM_0:1:29824418><>" wished for "Potaras"
L 12/24/2016 - 02:02:57: [CORE/esf_powerlevel_changer.amxx] [AMXX] [ ESF Powerlevel ] - this command was issued by -=-[*LSSJ*]=[BANDIT]-=- on -=-[*LSSJ*]=[BANDIT]-=-
L 12/24/2016 - 02:04:01: [CORE/Dragonball.amxx] "-=-[*LSSJ*]=[BANDIT]-=-<1><STEAM_0:1:26400545><>" wished for "Potaras"
