L 12/22/2012 - 01:16:34: -------- Mapchange to mat_space --------
L 12/22/2012 - 01:21:56: [ETC/esf_powerlevel_changer.amxx] [AMXX] [ ESF Powerlevel ] - this command was issued by matias_esf on matias_esf
L 12/22/2012 - 01:22:23: [ETC/esf_powerlevel_changer.amxx] [AMXX] [ ESF Powerlevel ] - this command was issued by matias_esf on matias_esf
L 12/22/2012 - 01:22:29: [ETC/esf_powerlevel_changer.amxx] [AMXX] [ ESF Powerlevel ] - this command was issued by matias_esf on matias_esf
L 12/22/2012 - 01:22:33: [ETC/esf_powerlevel_changer.amxx] [AMXX] [ ESF Powerlevel ] - this command was issued by matias_esf on matias_esf
L 12/22/2012 - 01:28:16: [ETC/esf_powerlevel_changer.amxx] [AMXX] [ ESF Powerlevel ] - this command was issued by matias_esf on matias_esf
L 12/22/2012 - 01:28:19: [ETC/esf_powerlevel_changer.amxx] [AMXX] [ ESF Powerlevel ] - this command was issued by matias_esf on matias_esf
L 12/22/2012 - 01:28:32: [ETC/esf_powerlevel_changer.amxx] [AMXX] [ ESF Powerlevel ] - this command was issued by matias_esf on matias_esf
L 12/22/2012 - 16:06:10: -------- Mapchange to mat_space --------
L 12/22/2012 - 16:09:01: -------- Mapchange to mat_space --------
L 12/22/2012 - 16:19:59: [ETC/esf_powerlevel_changer.amxx] [AMXX] [ ESF Powerlevel ] - this command was issued by matias_esf on matias_esf
L 12/22/2012 - 16:20:28: [ETC/esf_powerlevel_changer.amxx] [AMXX] [ ESF Powerlevel ] - this command was issued by matias_esf on matias_esf
L 12/22/2012 - 16:20:36: [ETC/esf_powerlevel_changer.amxx] [AMXX] [ ESF Powerlevel ] - this command was issued by matias_esf on matias_esf
L 12/22/2012 - 22:58:33: -------- Mapchange to esf_cell_games_night --------
L 12/22/2012 - 23:06:38: [ETC/esf_powerlevel_changer.amxx] [AMXX] [ ESF Powerlevel ] - this command was issued by matias_esf on matias_esf
L 12/22/2012 - 23:07:23: [ETC/esf_powerlevel_changer.amxx] [AMXX] [ ESF Powerlevel ] - this command was issued by matias_esf on matias_esf
L 12/22/2012 - 23:07:40: [ETC/esf_powerlevel_changer.amxx] [AMXX] [ ESF Powerlevel ] - this command was issued by matias_esf on matias_esf
L 12/22/2012 - 23:07:55: [ETC/esf_powerlevel_changer.amxx] [AMXX] [ ESF Powerlevel ] - this command was issued by matias_esf on matias_esf
L 12/22/2016 - 11:07:58: -------- Mapchange to esf_Gurufixed --------
L 12/22/2016 - 11:10:24: [CORE/esf_powerlevel_changer.amxx] [AMXX] [ ESF Powerlevel ] - this command was issued by -=-[*LSSJ*]=[BANDIT]-=- on -=-[*LSSJ*]=[BANDIT]-=-
L 12/22/2016 - 11:23:33: -------- Mapchange to ctf_grozniy --------
L 12/22/2016 - 11:24:08: -------- Mapchange to dmz_dusttown --------
L 12/22/2016 - 11:25:25: -------- Mapchange to dmz_namekdeath --------
L 12/22/2016 - 11:27:38: -------- Mapchange to ecx_jssgw --------
L 12/22/2016 - 11:28:37: -------- Mapchange to esf_afm --------
L 12/22/2016 - 11:30:17: -------- Mapchange to esf_cascada2 --------
L 12/22/2016 - 11:30:58: -------- Mapchange to esf_earth_wastes --------
L 12/22/2016 - 11:31:21: -------- Mapchange to esf_gero_lab --------
L 12/22/2016 - 11:32:11: -------- Mapchange to esf_greenlands --------
L 12/22/2016 - 11:32:44: -------- Mapchange to esf_saiyan --------
L 12/22/2016 - 11:34:19: -------- Mapchange to esf_t_cityv2 --------
L 12/22/2016 - 11:34:49: -------- Mapchange to Kame_House --------
L 12/22/2016 - 11:37:34: -------- Mapchange to mat_cielo --------
L 12/22/2016 - 11:38:06: -------- Mapchange to mat_cerro --------
L 12/22/2016 - 11:38:49: -------- Mapchange to noche_torneo --------
