L 12/21/2012 - 15:51:46: -------- Mapchange to esf_namek_isles --------
L 12/21/2012 - 15:59:00: -------- Mapchange to esf_namek_isles --------
L 12/21/2012 - 17:30:40: -------- Mapchange to esf_cell_games_night --------
L 12/21/2012 - 17:39:18: -------- Mapchange to esf_cell_games_night --------
L 12/21/2012 - 17:47:09: -------- Mapchange to esf_cell_games_night --------
L 12/21/2012 - 18:03:28: -------- Mapchange to esf_cell_games_night --------
L 12/21/2012 - 22:15:37: -------- Mapchange to mat_cielo --------
L 12/21/2012 - 22:18:14: [ETC/esf_powerlevel_changer.amxx] [AMXX] [ ESF Powerlevel ] - this command was issued by matias_esf on matias_esf
L 12/21/2012 - 22:20:05: -------- Mapchange to mat_janemba_cellgames --------
L 12/21/2012 - 22:23:33: [CORE/Dragonball.amxx] "matias_esf<14><VALVE_ID_LOOPBACK><>" wished for "Strength"
L 12/21/2016 - 13:34:00: -------- Mapchange to esf_Ginyu --------
L 12/21/2016 - 14:35:07: -------- Mapchange to esf_Gurufixed --------
L 12/21/2016 - 14:35:35: [CORE/esf_powerlevel_changer.amxx] [AMXX] [ ESF Powerlevel ] - this command was issued by -=-[*LSSJ*]=[BANDIT]-=- on -=-[*LSSJ*]=[BANDIT]-=-
L 12/21/2016 - 14:42:43: -------- Mapchange to esf_Gurufixed --------
L 12/21/2016 - 14:43:56: -------- Mapchange to esf_Gurufixed --------
L 12/21/2016 - 14:59:54: -------- Mapchange to esf_Gurufixed --------
L 12/21/2016 - 15:02:09: [CORE/esf_powerlevel_changer.amxx] [AMXX] [ ESF Powerlevel ] - this command was issued by -=-[*LSSJ*]=[BANDIT]-=- on -=-[*LSSJ*]=[BANDIT]-=-
L 12/21/2016 - 15:04:59: [CORE/esf_powerlevel_changer.amxx] [AMXX] [ ESF Powerlevel ] - this command was issued by -=-[*LSSJ*]=[BANDIT]-=- on -=-[*LSSJ*]=[BANDIT]-=-
L 12/21/2016 - 15:13:10: -------- Mapchange to esf_Gurufixed --------
L 12/21/2016 - 15:14:40: [CORE/esf_powerlevel_changer.amxx] [AMXX] [ ESF Powerlevel ] - this command was issued by -=-[*LSSJ*]=[BANDIT]-=- on -=-[*LSSJ*]=[BANDIT]-=-
L 12/21/2016 - 15:23:51: -------- Mapchange to esf_Gurufixed --------
L 12/21/2016 - 15:24:28: [CORE/esf_powerlevel_changer.amxx] [AMXX] [ ESF Powerlevel ] - this command was issued by -=-[*LSSJ*]=[BANDIT]-=- on -=-[*LSSJ*]=[BANDIT]-=-
L 12/21/2016 - 15:26:39: -------- Mapchange to esf_Gurufixed --------
L 12/21/2016 - 15:30:22: [CORE/esf_powerlevel_changer.amxx] [AMXX] [ ESF Powerlevel ] - this command was issued by -=-[*LSSJ*]=[BANDIT]-=- on -=-[*LSSJ*]=[BANDIT]-=-
