L 12/26/2012 - 00:07:43: -------- Mapchange to esf_cell_games_night --------
L 12/26/2012 - 00:10:22: [ETC/esf_powerlevel_changer.amxx] [AMXX] [ ESF Powerlevel ] - this command was issued by matias_esf on matias_esf
L 12/26/2012 - 00:10:22: [ETC/esf_powerlevel_changer.amxx] [AMXX] [ ESF Powerlevel ] - this command was issued by matias_esf on matias_esf
L 12/26/2012 - 00:10:25: [ETC/esf_powerlevel_changer.amxx] [AMXX] [ ESF Powerlevel ] - this command was issued by matias_esf on matias_esf
L 12/26/2012 - 00:10:28: [ETC/esf_powerlevel_changer.amxx] [AMXX] [ ESF Powerlevel ] - this command was issued by matias_esf on matias_esf
L 12/26/2012 - 00:13:45: [ETC/esf_powerlevel_changer.amxx] [AMXX] [ ESF Powerlevel ] - this command was issued by matias_esf on matias_esf
L 12/26/2012 - 00:15:05: [ETC/esf_powerlevel_changer.amxx] [AMXX] [ ESF Powerlevel ] - this command was issued by matias_esf on matias_esf
L 12/26/2012 - 00:17:17: [ETC/esf_powerlevel_changer.amxx] [AMXX] [ ESF Powerlevel ] - this command was issued by matias_esf on matias_esf
L 12/26/2012 - 00:17:22: [ETC/esf_powerlevel_changer.amxx] [AMXX] [ ESF Powerlevel ] - this command was issued by matias_esf on matias_esf
L 12/26/2012 - 00:19:50: -------- Mapchange to esf_saiyan --------
L 12/26/2012 - 00:21:37: -------- Mapchange to esf_saiyan --------
L 12/26/2012 - 00:23:56: [ETC/esf_powerlevel_changer.amxx] [AMXX] [ ESF Powerlevel ] - this command was issued by matias_esf on matias_esf
L 12/26/2012 - 00:24:01: [ETC/esf_powerlevel_changer.amxx] [AMXX] [ ESF Powerlevel ] - this command was issued by matias_esf on matias_esf
L 12/26/2012 - 00:29:53: -------- Mapchange to esf_saiyan --------
L 12/26/2012 - 00:35:33: [ETC/esf_powerlevel_changer.amxx] [AMXX] [ ESF Powerlevel ] - this command was issued by matias_esf on matias_esf
L 12/26/2012 - 00:37:41: [ETC/esf_powerlevel_changer.amxx] [AMXX] [ ESF Powerlevel ] - this command was issued by matias_esf on matias_esf
L 12/26/2012 - 00:37:55: [ETC/esf_powerlevel_changer.amxx] [AMXX] [ ESF Powerlevel ] - this command was issued by matias_esf on matias_esf
L 12/26/2012 - 00:37:59: [ETC/esf_powerlevel_changer.amxx] [AMXX] [ ESF Powerlevel ] - this command was issued by matias_esf on matias_esf
L 12/26/2012 - 00:46:38: [ETC/esf_powerlevel_changer.amxx] [AMXX] [ ESF Powerlevel ] - this command was issued by matias_esf on matias_esf
L 12/26/2012 - 00:50:07: [ETC/esf_powerlevel_changer.amxx] [AMXX] [ ESF Powerlevel ] - this command was issued by matias_esf on matias_esf
L 12/26/2012 - 00:50:07: [ETC/esf_powerlevel_changer.amxx] [AMXX] [ ESF Powerlevel ] - this command was issued by matias_esf on matias_esf
L 12/26/2012 - 02:45:04: -------- Mapchange to esf_cell_games_night --------
L 12/26/2012 - 02:46:03: [ETC/esf_powerlevel_changer.amxx] [AMXX] [ ESF Powerlevel ] - this command was issued by matias_esf on matias_esf
L 12/26/2012 - 02:46:06: [ETC/esf_powerlevel_changer.amxx] [AMXX] [ ESF Powerlevel ] - this command was issued by matias_esf on matias_esf
L 12/26/2012 - 02:46:10: [ETC/esf_powerlevel_changer.amxx] [AMXX] [ ESF Powerlevel ] - this command was issued by matias_esf on matias_esf
L 12/26/2012 - 03:30:21: -------- Mapchange to esf_cell_games_night --------
L 12/26/2012 - 03:33:14: [ETC/esf_powerlevel_changer.amxx] [AMXX] [ ESF Powerlevel ] - this command was issued by matias_esf on matias_esf
L 12/26/2012 - 03:34:10: [ETC/esf_powerlevel_changer.amxx] [AMXX] [ ESF Powerlevel ] - this command was issued by matias_esf on matias_esf
L 12/26/2012 - 03:34:13: [ETC/esf_powerlevel_changer.amxx] [AMXX] [ ESF Powerlevel ] - this command was issued by matias_esf on matias_esf
L 12/26/2012 - 03:34:17: [ETC/esf_powerlevel_changer.amxx] [AMXX] [ ESF Powerlevel ] - this command was issued by matias_esf on matias_esf
L 12/26/2012 - 03:39:33: [ETC/esf_powerlevel_changer.amxx] [AMXX] [ ESF Powerlevel ] - this command was issued by matias_esf on matias_esf
L 12/26/2012 - 03:39:34: [ETC/esf_powerlevel_changer.amxx] [AMXX] [ ESF Powerlevel ] - this command was issued by matias_esf on matias_esf
L 12/26/2012 - 03:39:41: [ETC/esf_powerlevel_changer.amxx] [AMXX] [ ESF Powerlevel ] - this command was issued by matias_esf on matias_esf
L 12/26/2012 - 03:39:58: [ETC/esf_powerlevel_changer.amxx] [AMXX] [ ESF Powerlevel ] - this command was issued by matias_esf on matias_esf
L 12/26/2012 - 03:46:08: [ETC/esf_powerlevel_changer.amxx] [AMXX] [ ESF Powerlevel ] - this command was issued by matias_esf on matias_esf
L 12/26/2012 - 03:46:42: [ETC/esf_powerlevel_changer.amxx] [AMXX] [ ESF Powerlevel ] - this command was issued by matias_esf on matias_esf
L 12/26/2012 - 03:49:37: [ETC/esf_powerlevel_changer.amxx] [AMXX] [ ESF Powerlevel ] - this command was issued by matias_esf on matias_esf
L 12/26/2012 - 03:52:00: [ETC/esf_powerlevel_changer.amxx] [AMXX] [ ESF Powerlevel ] - this command was issued by matias_esf on matias_esf
L 12/26/2012 - 03:52:58: [ETC/esf_powerlevel_changer.amxx] [AMXX] [ ESF Powerlevel ] - this command was issued by matias_esf on matias_esf
L 12/26/2012 - 03:52:59: [ETC/esf_powerlevel_changer.amxx] [AMXX] [ ESF Powerlevel ] - this command was issued by matias_esf on matias_esf
L 12/26/2012 - 03:53:43: [ETC/esf_powerlevel_changer.amxx] [AMXX] [ ESF Powerlevel ] - this command was issued by matias_esf on matias_esf
L 12/26/2012 - 14:57:02: -------- Mapchange to dmz_mysticwinter --------
L 12/26/2012 - 14:58:29: -------- Mapchange to dmz_mysticwinter --------
L 12/26/2012 - 15:06:37: -------- Mapchange to dmz_mysticwinter --------
L 12/26/2012 - 15:07:21: -------- Mapchange to dmz_namekdeath --------
L 12/26/2012 - 15:11:46: -------- Mapchange to esf_afm2 --------
L 12/26/2012 - 15:13:18: [ETC/esf_powerlevel_changer.amxx] [AMXX] [ ESF Powerlevel ] - this command was issued by matias_esf on matias_esf
L 12/26/2012 - 15:13:35: [ETC/esf_powerlevel_changer.amxx] [AMXX] [ ESF Powerlevel ] - this command was issued by matias_esf on matias_esf
L 12/26/2012 - 15:13:37: [ETC/esf_powerlevel_changer.amxx] [AMXX] [ ESF Powerlevel ] - this command was issued by matias_esf on matias_esf
L 12/26/2012 - 15:21:31: -------- Mapchange to esfm_pic_raditz --------
L 12/26/2012 - 16:01:46: -------- Mapchange to esf_cell_games_night --------
L 12/26/2012 - 16:04:10: [ETC/esf_powerlevel_changer.amxx] [AMXX] [ ESF Powerlevel ] - this command was issued by matias_esf on matias_esf
L 12/26/2012 - 16:06:08: [ETC/esf_powerlevel_changer.amxx] [AMXX] [ ESF Powerlevel ] - this command was issued by matias_esf on matias_esf
L 12/26/2012 - 16:09:40: -------- Mapchange to esf_cell_games_night --------
L 12/26/2012 - 16:11:02: [ETC/esf_powerlevel_changer.amxx] [AMXX] [ ESF Powerlevel ] - this command was issued by matias_esf on matias_esf
L 12/26/2012 - 16:11:03: [ETC/esf_powerlevel_changer.amxx] [AMXX] [ ESF Powerlevel ] - this command was issued by matias_esf on matias_esf
L 12/26/2012 - 16:28:35: -------- Mapchange to esf_cell_games_night --------
L 12/26/2012 - 16:36:12: -------- Mapchange to esf_cell_games_night --------
L 12/26/2012 - 16:39:16: [ETC/esf_powerlevel_changer.amxx] [AMXX] [ ESF Powerlevel ] - this command was issued by matias_esf on matias_esf
L 12/26/2012 - 16:43:30: [ETC/esf_powerlevel_changer.amxx] [AMXX] [ ESF Powerlevel ] - this command was issued by matias_esf on matias_esf
L 12/26/2012 - 16:43:30: [ETC/esf_powerlevel_changer.amxx] [AMXX] [ ESF Powerlevel ] - this command was issued by matias_esf on matias_esf
L 12/26/2012 - 17:15:32: -------- Mapchange to esf_cell_games_night --------
L 12/26/2012 - 17:17:06: [ETC/esf_powerlevel_changer.amxx] [AMXX] [ ESF Powerlevel ] - this command was issued by matias_esf on matias_esf
L 12/26/2012 - 17:19:01: -------- Mapchange to esf_cell_games_night --------
L 12/26/2012 - 17:19:35: [ETC/esf_powerlevel_changer.amxx] [AMXX] [ ESF Powerlevel ] - this command was issued by matias_esf on matias_esf
L 12/26/2012 - 17:23:16: [ETC/esf_powerlevel_changer.amxx] [AMXX] [ ESF Powerlevel ] - this command was issued by matias_esf on matias_esf
L 12/26/2012 - 17:23:57: [ETC/esf_powerlevel_changer.amxx] [AMXX] [ ESF Powerlevel ] - this command was issued by matias_esf on matias_esf
L 12/26/2012 - 21:23:12: -------- Mapchange to crossfire --------
