L 12/23/2012 - 00:46:17: -------- Mapchange to esf_cell_games_night --------
L 12/23/2012 - 00:47:14: [ETC/esf_powerlevel_changer.amxx] [AMXX] [ ESF Powerlevel ] - this command was issued by matias_esf on matias_esf
L 12/23/2012 - 00:48:00: [ETC/esf_powerlevel_changer.amxx] [AMXX] [ ESF Powerlevel ] - this command was issued by matias_esf on matias_esf
L 12/23/2012 - 00:52:07: -------- Mapchange to esf_cell_games_night --------
L 12/23/2012 - 00:54:10: [ETC/esf_powerlevel_changer.amxx] [AMXX] [ ESF Powerlevel ] - this command was issued by matias_esf on matias_esf
L 12/23/2012 - 00:54:37: [ETC/esf_powerlevel_changer.amxx] [AMXX] [ ESF Powerlevel ] - this command was issued by matias_esf on matias_esf
L 12/23/2012 - 00:55:59: [ETC/esf_powerlevel_changer.amxx] [AMXX] [ ESF Powerlevel ] - this command was issued by matias_esf on matias_esf
L 12/23/2012 - 00:57:11: [ETC/esf_powerlevel_changer.amxx] [AMXX] [ ESF Powerlevel ] - this command was issued by matias_esf on matias_esf
L 12/23/2012 - 01:09:52: -------- Mapchange to esf_cell_games --------
L 12/23/2012 - 01:11:26: [ETC/esf_powerlevel_changer.amxx] [AMXX] [ ESF Powerlevel ] - this command was issued by matias_esf on matias_esf
L 12/23/2012 - 01:11:27: [ETC/esf_powerlevel_changer.amxx] [AMXX] [ ESF Powerlevel ] - this command was issued by matias_esf on matias_esf
L 12/23/2012 - 01:11:29: [ETC/esf_powerlevel_changer.amxx] [AMXX] [ ESF Powerlevel ] - this command was issued by matias_esf on matias_esf
L 12/23/2012 - 01:21:09: [ETC/esf_powerlevel_changer.amxx] [AMXX] [ ESF Powerlevel ] - this command was issued by matias_esf on matias_esf
L 12/23/2012 - 01:29:29: [ETC/esf_powerlevel_changer.amxx] [AMXX] [ ESF Powerlevel ] - this command was issued by matias_esf on matias_esf
L 12/23/2012 - 01:29:50: -------- Mapchange to esf_namek_endtest --------
L 12/23/2012 - 01:58:12: -------- Mapchange to esf_cell_arena --------
L 12/23/2016 - 10:10:24: -------- Mapchange to esf_Gurufixed --------
L 12/23/2016 - 10:19:47: -------- Mapchange to esf_Gurufixed --------
L 12/23/2016 - 10:42:40: -------- Mapchange to esf_Gurufixed --------
L 12/23/2016 - 10:51:44: -------- Mapchange to esf_Gurufixed --------
L 12/23/2016 - 10:55:34: -------- Mapchange to esf_Gurufixed --------
L 12/23/2016 - 11:01:39: -------- Mapchange to esf_Gurufixed --------
L 12/23/2016 - 11:02:05: [CORE/esf_powerlevel_changer.amxx] [AMXX] [ ESF Powerlevel ] - this command was issued by -=-[*LSSJ*]=[BANDIT]-=- on -=-[*LSSJ*]=[BANDIT]-=-
L 12/23/2016 - 11:05:11: [CORE/esf_powerlevel_changer.amxx] [AMXX] [ ESF Powerlevel ] - this command was issued by -=-[*LSSJ*]=[BANDIT]-=- on -=-[*LSSJ*]=[BANDIT]-=-
L 12/23/2016 - 11:06:35: [CORE/esf_powerlevel_changer.amxx] [AMXX] [ ESF Powerlevel ] - this command was issued by -=-[*LSSJ*]=[BANDIT]-=- on -=-[*LSSJ*]=[BANDIT]-=-
L 12/23/2016 - 11:12:59: -------- Mapchange to esf_Gurufixed --------
L 12/23/2016 - 11:13:17: [CORE/esf_powerlevel_changer.amxx] [AMXX] [ ESF Powerlevel ] - this command was issued by -=-[*LSSJ*]=[BANDIT]-=- on -=-[*LSSJ*]=[BANDIT]-=-
L 12/23/2016 - 11:15:37: -------- Mapchange to esf_Gurufixed --------
L 12/23/2016 - 11:16:03: [CORE/esf_powerlevel_changer.amxx] [AMXX] [ ESF Powerlevel ] - this command was issued by -=-[*LSSJ*]=[BANDIT]-=- on -=-[*LSSJ*]=[BANDIT]-=-
L 12/23/2016 - 11:17:26: -------- Mapchange to esf_Gurufixed --------
L 12/23/2016 - 11:20:28: -------- Mapchange to esf_Gurufixed --------
L 12/23/2016 - 11:31:30: -------- Mapchange to esf_Gurufixed --------
L 12/23/2016 - 11:35:30: -------- Mapchange to esf_Gurufixed --------
L 12/23/2016 - 11:38:32: -------- Mapchange to esf_Gurufixed --------
L 12/23/2016 - 11:38:58: -------- Mapchange to esf_Gurufixed --------
L 12/23/2016 - 11:40:20: -------- Mapchange to esf_Gurufixed --------
L 12/23/2016 - 11:42:06: -------- Mapchange to esf_Gurufixed --------
L 12/23/2016 - 11:51:01: -------- Mapchange to esf_Gurufixed --------
L 12/23/2016 - 11:51:18: -------- Mapchange to esf_Gurufixed --------
L 12/23/2016 - 11:54:18: -------- Mapchange to esf_Gurufixed --------
L 12/23/2016 - 11:58:15: -------- Mapchange to esf_Gurufixed --------
L 12/23/2016 - 11:59:30: -------- Mapchange to esf_Gurufixed --------
L 12/23/2016 - 12:00:34: [CORE/Dragonball.amxx] "-=-[*LSSJ*]=[BANDIT]-=-<2><STEAM_0:1:26400545><>" wished for "Potaras"
L 12/23/2016 - 12:01:18: [CORE/esf_powerlevel_changer.amxx] [AMXX] [ ESF Powerlevel ] - this command was issued by -=-[*LSSJ*]=[BANDIT]-=- on -=-[*LSSJ*]=[BANDIT]-=-
L 12/23/2016 - 12:03:42: [CORE/esf_powerlevel_changer.amxx] [AMXX] [ ESF Powerlevel ] - this command was issued by -=-[*LSSJ*]=[BANDIT]-=- on -=-[*LSSJ*]=[BANDIT]-=-
L 12/23/2016 - 12:04:30: [CORE/Dragonball.amxx] "-=-[*LSSJ*]=[BANDIT]-=-<2><STEAM_0:1:26400545><>" wished for "Potaras"
L 12/23/2016 - 12:05:39: [CORE/esf_powerlevel_changer.amxx] [AMXX] [ ESF Powerlevel ] - this command was issued by -=-[*LSSJ*]=[BANDIT]-=- on -=-[*LSSJ*]=[BANDIT]-=-
L 12/23/2016 - 12:06:29: -------- Mapchange to esf_Gurufixed --------
L 12/23/2016 - 12:17:08: -------- Mapchange to esf_Gurufixed --------
L 12/23/2016 - 12:23:01: -------- Mapchange to esf_Gurufixed --------
L 12/23/2016 - 18:46:48: -------- Mapchange to esf_Gurufixed --------
