L 12/30/2012 - 00:36:56: -------- Mapchange to esf_gero_lab --------
L 12/30/2012 - 00:40:18: -------- Mapchange to esf_gero_lab --------
L 12/30/2012 - 00:41:17: -------- Mapchange to esf_cell_games_night --------
L 12/30/2012 - 00:43:50: -------- Mapchange to esf_cell_games_night --------
L 12/30/2012 - 01:20:09: -------- Mapchange to esfm_pic_raditz --------
L 12/30/2012 - 01:24:30: [ETC/esf_powerlevel_changer.amxx] [AMXX] [ ESF Powerlevel ] - this command was issued by matias_esf on matias_esf
L 12/30/2012 - 01:24:40: [ETC/esf_powerlevel_changer.amxx] [AMXX] [ ESF Powerlevel ] - this command was issued by matias_esf on matias_esf
L 12/30/2012 - 01:27:36: [ETC/esf_powerlevel_changer.amxx] [AMXX] [ ESF Powerlevel ] - this command was issued by matias_esf on matias_esf
L 12/30/2012 - 01:32:18: [ETC/esf_powerlevel_changer.amxx] [AMXX] [ ESF Powerlevel ] - this command was issued by matias_esf on matias_esf
L 12/30/2012 - 01:35:39: [ETC/esf_powerlevel_changer.amxx] [AMXX] [ ESF Powerlevel ] - this command was issued by matias_esf on matias_esf
L 12/30/2012 - 01:35:45: [ETC/esf_powerlevel_changer.amxx] [AMXX] [ ESF Powerlevel ] - this command was issued by matias_esf on matias_esf
L 12/30/2012 - 01:37:38: [ETC/esf_powerlevel_changer.amxx] [AMXX] [ ESF Powerlevel ] - this command was issued by matias_esf on matias_esf
L 12/30/2012 - 01:37:41: [ETC/esf_powerlevel_changer.amxx] [AMXX] [ ESF Powerlevel ] - this command was issued by matias_esf on matias_esf
L 12/30/2012 - 01:41:42: [ETC/esf_powerlevel_changer.amxx] [AMXX] [ ESF Powerlevel ] - this command was issued by matias_esf on matias_esf
L 12/30/2012 - 01:41:50: [ETC/esf_powerlevel_changer.amxx] [AMXX] [ ESF Powerlevel ] - this command was issued by matias_esf on matias_esf
L 12/30/2012 - 01:47:13: [ETC/esf_powerlevel_changer.amxx] [AMXX] [ ESF Powerlevel ] - this command was issued by matias_esf on matias_esf
L 12/30/2012 - 01:50:23: [ETC/esf_powerlevel_changer.amxx] [AMXX] [ ESF Powerlevel ] - this command was issued by matias_esf on matias_esf
L 12/30/2012 - 01:51:26: [ETC/esf_powerlevel_changer.amxx] [AMXX] [ ESF Powerlevel ] - this command was issued by matias_esf on matias_esf
L 12/30/2012 - 01:54:14: [ETC/esf_powerlevel_changer.amxx] [AMXX] [ ESF Powerlevel ] - this command was issued by matias_esf on matias_esf
L 12/30/2012 - 01:56:24: [ETC/esf_powerlevel_changer.amxx] [AMXX] [ ESF Powerlevel ] - this command was issued by matias_esf on matias_esf
L 12/30/2012 - 01:56:47: [ETC/esf_powerlevel_changer.amxx] [AMXX] [ ESF Powerlevel ] - this command was issued by matias_esf on matias_esf
L 12/30/2012 - 01:56:51: [ETC/esf_powerlevel_changer.amxx] [AMXX] [ ESF Powerlevel ] - this command was issued by matias_esf on matias_esf
L 12/30/2012 - 01:57:31: [ETC/esf_powerlevel_changer.amxx] [AMXX] [ ESF Powerlevel ] - this command was issued by matias_esf on matias_esf
L 12/30/2012 - 01:57:38: [ETC/esf_powerlevel_changer.amxx] [AMXX] [ ESF Powerlevel ] - this command was issued by matias_esf on matias_esf
L 12/30/2012 - 01:57:40: [ETC/esf_powerlevel_changer.amxx] [AMXX] [ ESF Powerlevel ] - this command was issued by matias_esf on matias_esf
L 12/30/2012 - 01:57:49: [ETC/esf_powerlevel_changer.amxx] [AMXX] [ ESF Powerlevel ] - this command was issued by matias_esf on matias_esf
L 12/30/2012 - 01:57:53: [ETC/esf_powerlevel_changer.amxx] [AMXX] [ ESF Powerlevel ] - this command was issued by matias_esf on matias_esf
L 12/30/2012 - 02:06:31: [ETC/esf_powerlevel_changer.amxx] [AMXX] [ ESF Powerlevel ] - this command was issued by matias_esf on matias_esf
L 12/30/2012 - 02:06:33: [ETC/esf_powerlevel_changer.amxx] [AMXX] [ ESF Powerlevel ] - this command was issued by matias_esf on matias_esf
L 12/30/2012 - 02:07:33: [ETC/esf_powerlevel_changer.amxx] [AMXX] [ ESF Powerlevel ] - this command was issued by matias_esf on matias_esf
L 12/30/2012 - 02:08:26: -------- Mapchange to esf_cell_games --------
L 12/30/2012 - 02:10:20: -------- Mapchange to esf_cell_games --------
L 12/30/2012 - 02:11:47: -------- Mapchange to esf_cell_games --------
L 12/30/2012 - 02:13:45: -------- Mapchange to esf_cell_day --------
L 12/30/2012 - 02:15:42: -------- Mapchange to esf_cell_games --------
L 12/30/2012 - 02:17:39: -------- Mapchange to esf_cell_games --------
L 12/30/2012 - 02:19:19: [ETC/esf_powerlevel_changer.amxx] [AMXX] [ ESF Powerlevel ] - this command was issued by matias_esf on matias_esf
L 12/30/2012 - 02:19:36: [ETC/esf_powerlevel_changer.amxx] [AMXX] [ ESF Powerlevel ] - this command was issued by matias_esf on matias_esf
L 12/30/2012 - 02:23:31: -------- Mapchange to esf_gero_lab --------
L 12/30/2012 - 02:25:01: -------- Mapchange to esf_gero_lab --------
L 12/30/2012 - 02:27:17: -------- Mapchange to esf_gero --------
L 12/30/2012 - 02:28:49: -------- Mapchange to ctf_grozniy --------
L 12/30/2012 - 02:30:12: -------- Mapchange to dmz_dusttown --------
L 12/30/2012 - 02:30:50: -------- Mapchange to dmz_emeraldhillzone --------
L 12/30/2012 - 02:33:24: -------- Mapchange to dmz_emeraldhillzone --------
L 12/30/2012 - 02:35:39: -------- Mapchange to dmz_emeraldhillzone --------
L 12/30/2012 - 02:36:59: -------- Mapchange to dmz_grasslands --------
L 12/30/2012 - 02:39:11: -------- Mapchange to dmz_grasslands --------
L 12/30/2012 - 02:40:37: -------- Mapchange to esf_cell_games --------
L 12/30/2012 - 02:41:33: -------- Mapchange to dmz_grasslands --------
L 12/30/2012 - 02:43:10: -------- Mapchange to esf_cell_games --------
L 12/30/2012 - 02:44:03: -------- Mapchange to esf_janemba --------
L 12/30/2012 - 02:44:41: -------- Mapchange to esf_gero_lab --------
L 12/30/2012 - 02:47:01: -------- Mapchange to esf_gero_lab --------
L 12/30/2012 - 02:49:27: -------- Mapchange to dmz_emeraldhillzone --------
L 12/30/2012 - 02:51:16: -------- Mapchange to dmz_meteor --------
L 12/30/2012 - 02:52:04: -------- Mapchange to dmz_mysticwinter --------
L 12/30/2012 - 02:53:08: -------- Mapchange to dmz_namekdeath --------
L 12/30/2012 - 02:54:34: -------- Mapchange to crossfire --------
L 12/30/2012 - 02:55:43: -------- Mapchange to ECX_canyon --------
L 12/30/2012 - 02:56:36: -------- Mapchange to ecx_jssgw --------
L 12/30/2012 - 02:57:19: -------- Mapchange to esf-islas --------
L 12/30/2012 - 02:58:04: -------- Mapchange to esfm_pic_raditz --------
L 12/30/2012 - 02:58:44: -------- Mapchange to esf_afm2 --------
L 12/30/2012 - 02:59:31: -------- Mapchange to esf_arrival --------
L 12/30/2012 - 03:00:20: -------- Mapchange to esf_battlearena --------
L 12/30/2012 - 03:02:14: -------- Mapchange to esf_canyon --------
L 12/30/2012 - 03:03:03: -------- Mapchange to esf_cave --------
L 12/30/2012 - 03:04:04: -------- Mapchange to esf_cell_arena --------
L 12/30/2012 - 03:04:45: -------- Mapchange to esf_cell_day --------
L 12/30/2012 - 03:05:21: -------- Mapchange to esf_cell_night --------
L 12/30/2012 - 03:05:53: -------- Mapchange to esf_cerro2 --------
L 12/30/2012 - 03:06:35: -------- Mapchange to esf_city --------
L 12/30/2012 - 03:09:46: -------- Mapchange to esf_city --------
L 12/30/2012 - 03:10:45: -------- Mapchange to esf_earth_wastes --------
L 12/30/2012 - 03:11:16: -------- Mapchange to esf_encounter --------
L 12/30/2012 - 03:11:45: -------- Mapchange to esf_frost --------
L 12/30/2012 - 03:12:37: -------- Mapchange to esf_geoarena --------
L 12/30/2012 - 03:13:09: -------- Mapchange to esf_gero_night --------
L 12/30/2012 - 03:13:40: -------- Mapchange to esf_gghouse --------
L 12/30/2012 - 03:14:43: -------- Mapchange to esf_Ginyu --------
L 12/30/2012 - 03:15:42: -------- Mapchange to esf_greenlands --------
L 12/30/2012 - 03:18:02: -------- Mapchange to esf_kami --------
L 12/30/2012 - 03:18:47: -------- Mapchange to esf_land --------
L 12/30/2012 - 03:20:24: -------- Mapchange to esf_lavapit --------
L 12/30/2012 - 03:21:54: -------- Mapchange to esf_mtside --------
L 12/30/2012 - 03:22:53: -------- Mapchange to esf_namek --------
L 12/30/2012 - 03:24:46: [ETC/esf_powerlevel_changer.amxx] [AMXX] [ ESF Powerlevel ] - this command was issued by matias_esf on matias_esf
L 12/30/2012 - 03:24:50: [ETC/esf_powerlevel_changer.amxx] [AMXX] [ ESF Powerlevel ] - this command was issued by matias_esf on matias_esf
L 12/30/2012 - 03:25:35: -------- Mapchange to esf_nameks_revival --------
L 12/30/2012 - 03:26:06: -------- Mapchange to esf_namek_endtest --------
L 12/30/2012 - 03:26:50: -------- Mapchange to esf_namek_isles --------
L 12/30/2012 - 03:27:40: -------- Mapchange to esf_riverside --------
L 12/30/2012 - 03:28:23: -------- Mapchange to esf_rosat --------
L 12/30/2012 - 03:29:11: -------- Mapchange to esf_saiyan --------
L 12/30/2012 - 03:30:06: -------- Mapchange to esf_ToM --------
L 12/30/2012 - 03:30:45: -------- Mapchange to esf_volcano --------
L 12/30/2012 - 03:31:50: -------- Mapchange to esf_zsword --------
L 12/30/2012 - 03:32:36: -------- Mapchange to Kame_House --------
L 12/30/2012 - 03:33:48: -------- Mapchange to mat_cell_games --------
L 12/30/2012 - 03:34:25: -------- Mapchange to mat_cielo --------
L 12/30/2012 - 03:35:01: -------- Mapchange to mat_janemba_cellgames --------
L 12/30/2012 - 03:35:32: -------- Mapchange to mat__cell_games --------
L 12/30/2012 - 03:36:13: -------- Mapchange to noche_s2k_cellgames --------
L 12/30/2012 - 03:36:49: -------- Mapchange to s2k_greattournament --------
L 12/30/2012 - 03:37:20: -------- Mapchange to s2k_snakeway_v2 --------
L 12/30/2012 - 03:43:41: -------- Mapchange to eden --------
L 12/30/2012 - 03:46:28: -------- Mapchange to esm_budoukai --------
L 12/30/2012 - 03:47:50: [ETC/esf_powerlevel_changer.amxx] [AMXX] [ ESF Powerlevel ] - this command was issued by matias_esf on matias_esf
L 12/30/2012 - 17:27:04: -------- Mapchange to dmz_meteor --------
L 12/30/2012 - 17:35:06: -------- Mapchange to esf_cell_games --------
L 12/30/2012 - 17:36:40: -------- Mapchange to esf_cell_games_night --------
L 12/30/2012 - 17:38:20: [ETC/esf_powerlevel_changer.amxx] [AMXX] [ ESF Powerlevel ] - this command was issued by matias_esf on matias_esf
L 12/30/2012 - 17:38:27: [ETC/esf_powerlevel_changer.amxx] [AMXX] [ ESF Powerlevel ] - this command was issued by matias_esf on matias_esf
L 12/30/2012 - 17:38:27: [ETC/esf_powerlevel_changer.amxx] [AMXX] [ ESF Powerlevel ] - this command was issued by matias_esf on matias_esf
L 12/30/2012 - 23:42:16: -------- Mapchange to esf_cell_games --------
L 12/30/2012 - 23:45:05: -------- Mapchange to esf_cell_games --------
L 12/30/2012 - 23:47:19: -------- Mapchange to esf_cell_games --------
L 12/30/2016 - 16:15:10: -------- Mapchange to esf_Gurufixed --------
L 12/30/2016 - 16:57:50: -------- Mapchange to esf_Gurufixed --------
L 12/30/2016 - 17:50:49: [CORE/Dragonball.amxx] "-=-[*LSSJ*]=[V3G3TT0]-=-<2><STEAM_0:0:12908415><>" wished for "Potaras"
L 12/30/2016 - 18:02:35: [CORE/Dragonball.amxx] "-=-[*LSSJ*]=[BANDIT]-=-<3><STEAM_0:1:26400545><>" wished for "Health"
L 12/30/2016 - 18:08:26: [CORE/Dragonball.amxx] "-=-[*LSSJ*]=[V3G3TT0]-=-<2><STEAM_0:0:12908415><>" wished for "Strength"
L 12/30/2016 - 18:20:31: [CORE/Dragonball.amxx] "-=-[*LSSJ*]=[BANDIT]-=-<3><STEAM_0:1:26400545><>" wished for "Health"
L 12/30/2016 - 18:30:52: [CORE/Dragonball.amxx] "-=-[*LSSJ*]=[V3G3TT0]-=-<2><STEAM_0:0:12908415><>" wished for "Strength"
L 12/30/2016 - 18:37:52: [CORE/Dragonball.amxx] "-=-[*LSSJ*]=[V3G3TT0]-=-<2><STEAM_0:0:12908415><>" wished for "Strength"
L 12/30/2016 - 18:40:24: [CORE/Dragonball.amxx] "-=-[*LSSJ*]=[BANDIT]-=-<3><STEAM_0:1:26400545><>" wished for "Strength"
L 12/30/2016 - 18:46:09: [CORE/Dragonball.amxx] "-=-[*LSSJ*]=[V3G3TT0]-=-<2><STEAM_0:0:12908415><>" wished for "Strength"
L 12/30/2016 - 18:47:19: [CORE/Dragonball.amxx] "-=-[*LSSJ*]=[V3G3TT0]-=-<2><STEAM_0:0:12908415><>" wished for "Strength"
L 12/30/2016 - 18:49:18: -------- Mapchange to esf_Gurufixed --------
L 12/30/2016 - 18:50:48: -------- Mapchange to esf_Gurufixed --------
L 12/30/2016 - 18:51:54: -------- Mapchange to esf_Gurufixed --------
L 12/30/2016 - 18:53:41: [CORE/Dragonball.amxx] "-=-[*LSSJ*]=[BANDIT]-=-<1><STEAM_0:1:26400545><>" wished for "Strength"
L 12/30/2016 - 18:59:21: -------- Mapchange to esf_Gurufixed --------
L 12/30/2016 - 18:59:55: [CORE/esf_powerlevel_changer.amxx] [AMXX] [ ESF Powerlevel ] - this command was issued by -=-[*LSSJ*]=[BANDIT]-=- on -=-[*LSSJ*]=[BANDIT]-=-
