L 12/31/2012 - 00:19:20: -------- Mapchange to dmz_meteor --------
L 12/31/2012 - 00:21:05: -------- Mapchange to dmz_meteor --------
L 12/31/2012 - 00:22:45: [ETC/esf_powerlevel_changer.amxx] [AMXX] [ ESF Powerlevel ] - this command was issued by matias_esf on matias_esf
L 12/31/2012 - 00:30:08: -------- Mapchange to esfm_pic_raditz --------
L 12/31/2012 - 00:36:51: [ETC/esf_powerlevel_changer.amxx] [AMXX] [ ESF Powerlevel ] - this command was issued by matias_esf on matias_esf
L 12/31/2012 - 00:36:52: [ETC/esf_powerlevel_changer.amxx] [AMXX] [ ESF Powerlevel ] - this command was issued by matias_esf on matias_esf
L 12/31/2012 - 00:36:55: [ETC/esf_powerlevel_changer.amxx] [AMXX] [ ESF Powerlevel ] - this command was issued by matias_esf on matias_esf
L 12/31/2012 - 01:37:22: -------- Mapchange to esf_cell_games --------
L 12/31/2012 - 02:05:38: -------- Mapchange to esfm_pic_raditz --------
L 12/31/2012 - 02:08:26: [ETC/esf_powerlevel_changer.amxx] [AMXX] [ ESF Powerlevel ] - this command was issued by matias_esf on matias_esf
L 12/31/2012 - 02:09:13: -------- Mapchange to esf_t_cityv2 --------
L 12/31/2012 - 02:10:47: [ETC/esf_powerlevel_changer.amxx] [AMXX] [ ESF Powerlevel ] - this command was issued by matias_esf on matias_esf
L 12/31/2012 - 02:12:18: -------- Mapchange to mat_cielo --------
L 12/31/2012 - 02:12:53: [ETC/esf_powerlevel_changer.amxx] [AMXX] [ ESF Powerlevel ] - this command was issued by matias_esf on matias_esf
L 12/31/2012 - 02:12:56: [ETC/esf_powerlevel_changer.amxx] [AMXX] [ ESF Powerlevel ] - this command was issued by matias_esf on matias_esf
L 12/31/2012 - 02:12:57: [ETC/esf_powerlevel_changer.amxx] [AMXX] [ ESF Powerlevel ] - this command was issued by matias_esf on matias_esf
L 12/31/2012 - 02:12:59: [ETC/esf_powerlevel_changer.amxx] [AMXX] [ ESF Powerlevel ] - this command was issued by matias_esf on matias_esf
L 12/31/2012 - 02:14:21: -------- Mapchange to esf_cell_games_night --------
L 12/31/2012 - 02:14:44: [ETC/esf_powerlevel_changer.amxx] [AMXX] [ ESF Powerlevel ] - this command was issued by matias_esf on matias_esf
L 12/31/2012 - 02:15:03: -------- Mapchange to esf_cell_games --------
L 12/31/2012 - 02:16:36: -------- Mapchange to esf_namek_isles --------
L 12/31/2012 - 02:19:20: -------- Mapchange to esf_kami --------
L 12/31/2012 - 02:19:52: [ETC/esf_powerlevel_changer.amxx] [AMXX] [ ESF Powerlevel ] - this command was issued by matias_esf on matias_esf
L 12/31/2012 - 02:19:54: [ETC/esf_powerlevel_changer.amxx] [AMXX] [ ESF Powerlevel ] - this command was issued by matias_esf on matias_esf
L 12/31/2012 - 02:19:55: [ETC/esf_powerlevel_changer.amxx] [AMXX] [ ESF Powerlevel ] - this command was issued by matias_esf on matias_esf
L 12/31/2012 - 02:20:00: [ETC/esf_powerlevel_changer.amxx] [AMXX] [ ESF Powerlevel ] - this command was issued by matias_esf on matias_esf
L 12/31/2012 - 02:21:28: [ETC/esf_powerlevel_changer.amxx] [AMXX] [ ESF Powerlevel ] - this command was issued by matias_esf on matias_esf
L 12/31/2012 - 02:21:32: [ETC/esf_powerlevel_changer.amxx] [AMXX] [ ESF Powerlevel ] - this command was issued by matias_esf on matias_esf
L 12/31/2012 - 02:21:33: [ETC/esf_powerlevel_changer.amxx] [AMXX] [ ESF Powerlevel ] - this command was issued by matias_esf on matias_esf
L 12/31/2012 - 02:21:37: [ETC/esf_powerlevel_changer.amxx] [AMXX] [ ESF Powerlevel ] - this command was issued by matias_esf on matias_esf
L 12/31/2012 - 02:33:57: -------- Mapchange to esf_janemba --------
L 12/31/2012 - 02:35:07: [ETC/esf_powerlevel_changer.amxx] [AMXX] [ ESF Powerlevel ] - this command was issued by matias_esf on matias_esf
L 12/31/2012 - 02:35:39: [ETC/esf_powerlevel_changer.amxx] [AMXX] [ ESF Powerlevel ] - this command was issued by matias_esf on matias_esf
L 12/31/2012 - 02:35:45: [ETC/esf_powerlevel_changer.amxx] [AMXX] [ ESF Powerlevel ] - this command was issued by matias_esf on matias_esf
L 12/31/2012 - 02:36:03: -------- Mapchange to esf_cell_games --------
L 12/31/2012 - 02:37:27: -------- Mapchange to noche_riverside --------
L 12/31/2012 - 02:38:45: [ETC/esf_powerlevel_changer.amxx] [AMXX] [ ESF Powerlevel ] - this command was issued by matias_esf on matias_esf
L 12/31/2012 - 02:38:48: [ETC/esf_powerlevel_changer.amxx] [AMXX] [ ESF Powerlevel ] - this command was issued by matias_esf on matias_esf
L 12/31/2012 - 02:43:42: -------- Mapchange to noche_s2k_cellgames --------
L 12/31/2012 - 02:44:31: [ETC/esf_powerlevel_changer.amxx] [AMXX] [ ESF Powerlevel ] - this command was issued by matias_esf on matias_esf
L 12/31/2012 - 02:45:26: [ETC/esf_powerlevel_changer.amxx] [AMXX] [ ESF Powerlevel ] - this command was issued by matias_esf on matias_esf
L 12/31/2012 - 02:45:30: [ETC/esf_powerlevel_changer.amxx] [AMXX] [ ESF Powerlevel ] - this command was issued by matias_esf on matias_esf
L 12/31/2012 - 02:46:27: [ETC/esf_powerlevel_changer.amxx] [AMXX] [ ESF Powerlevel ] - this command was issued by matias_esf on matias_esf
L 12/31/2012 - 02:46:27: [ETC/esf_powerlevel_changer.amxx] [AMXX] [ ESF Powerlevel ] - this command was issued by matias_esf on matias_esf
L 12/31/2012 - 02:46:29: [ETC/esf_powerlevel_changer.amxx] [AMXX] [ ESF Powerlevel ] - this command was issued by matias_esf on matias_esf
L 12/31/2012 - 02:47:25: -------- Mapchange to esf_cell_day --------
L 12/31/2012 - 02:47:58: [ETC/esf_powerlevel_changer.amxx] [AMXX] [ ESF Powerlevel ] - this command was issued by matias_esf on matias_esf
L 12/31/2012 - 02:48:26: [ETC/esf_powerlevel_changer.amxx] [AMXX] [ ESF Powerlevel ] - this command was issued by matias_esf on matias_esf
L 12/31/2012 - 02:49:03: [ETC/esf_powerlevel_changer.amxx] [AMXX] [ ESF Powerlevel ] - this command was issued by matias_esf on matias_esf
L 12/31/2012 - 02:49:03: [ETC/esf_powerlevel_changer.amxx] [AMXX] [ ESF Powerlevel ] - this command was issued by matias_esf on matias_esf
L 12/31/2012 - 02:49:04: [ETC/esf_powerlevel_changer.amxx] [AMXX] [ ESF Powerlevel ] - this command was issued by matias_esf on matias_esf
L 12/31/2012 - 02:54:01: -------- Mapchange to esf_cell_arena --------
L 12/31/2012 - 02:54:57: [ETC/esf_powerlevel_changer.amxx] [AMXX] [ ESF Powerlevel ] - this command was issued by matias_esf on matias_esf
L 12/31/2012 - 02:55:18: [ETC/esf_powerlevel_changer.amxx] [AMXX] [ ESF Powerlevel ] - this command was issued by matias_esf on matias_esf
L 12/31/2012 - 02:55:30: [ETC/esf_powerlevel_changer.amxx] [AMXX] [ ESF Powerlevel ] - this command was issued by matias_esf on matias_esf
L 12/31/2012 - 02:56:26: [ETC/esf_powerlevel_changer.amxx] [AMXX] [ ESF Powerlevel ] - this command was issued by matias_esf on matias_esf
L 12/31/2012 - 02:56:31: [ETC/esf_powerlevel_changer.amxx] [AMXX] [ ESF Powerlevel ] - this command was issued by matias_esf on matias_esf
L 12/31/2012 - 02:58:29: -------- Mapchange to esf_kami --------
L 12/31/2012 - 02:59:19: [ETC/esf_powerlevel_changer.amxx] [AMXX] [ ESF Powerlevel ] - this command was issued by matias_esf on matias_esf
L 12/31/2012 - 02:59:48: [ETC/esf_powerlevel_changer.amxx] [AMXX] [ ESF Powerlevel ] - this command was issued by matias_esf on matias_esf
L 12/31/2012 - 02:59:49: [ETC/esf_powerlevel_changer.amxx] [AMXX] [ ESF Powerlevel ] - this command was issued by matias_esf on matias_esf
L 12/31/2012 - 02:59:52: [ETC/esf_powerlevel_changer.amxx] [AMXX] [ ESF Powerlevel ] - this command was issued by matias_esf on matias_esf
L 12/31/2012 - 03:00:00: [ETC/esf_powerlevel_changer.amxx] [AMXX] [ ESF Powerlevel ] - this command was issued by matias_esf on matias_esf
L 12/31/2012 - 03:01:02: -------- Mapchange to esf_saiyan --------
L 12/31/2012 - 03:01:43: [ETC/esf_powerlevel_changer.amxx] [AMXX] [ ESF Powerlevel ] - this command was issued by matias_esf on matias_esf
L 12/31/2012 - 03:02:44: [ETC/esf_powerlevel_changer.amxx] [AMXX] [ ESF Powerlevel ] - this command was issued by matias_esf on matias_esf
L 12/31/2012 - 03:02:46: [ETC/esf_powerlevel_changer.amxx] [AMXX] [ ESF Powerlevel ] - this command was issued by matias_esf on matias_esf
L 12/31/2012 - 03:03:58: [ETC/esf_powerlevel_changer.amxx] [AMXX] [ ESF Powerlevel ] - this command was issued by matias_esf on matias_esf
L 12/31/2012 - 03:04:02: [ETC/esf_powerlevel_changer.amxx] [AMXX] [ ESF Powerlevel ] - this command was issued by matias_esf on matias_esf
L 12/31/2012 - 03:04:17: [ETC/esf_powerlevel_changer.amxx] [AMXX] [ ESF Powerlevel ] - this command was issued by matias_esf on matias_esf
L 12/31/2012 - 03:05:43: -------- Mapchange to ECX_canyon --------
L 12/31/2012 - 03:06:51: [ETC/esf_powerlevel_changer.amxx] [AMXX] [ ESF Powerlevel ] - this command was issued by matias_esf on matias_esf
L 12/31/2012 - 03:06:57: [ETC/esf_powerlevel_changer.amxx] [AMXX] [ ESF Powerlevel ] - this command was issued by matias_esf on matias_esf
L 12/31/2012 - 03:08:06: -------- Mapchange to esf_city --------
L 12/31/2012 - 03:19:14: -------- Mapchange to esf_greenlands --------
L 12/31/2012 - 03:21:37: -------- Mapchange to esf_cell_games_night --------
L 12/31/2012 - 03:22:26: [ETC/esf_powerlevel_changer.amxx] [AMXX] [ ESF Powerlevel ] - this command was issued by matias_esf on matias_esf
L 12/31/2012 - 03:22:30: [ETC/esf_powerlevel_changer.amxx] [AMXX] [ ESF Powerlevel ] - this command was issued by matias_esf on matias_esf
L 12/31/2012 - 03:22:36: [ETC/esf_powerlevel_changer.amxx] [AMXX] [ ESF Powerlevel ] - this command was issued by matias_esf on matias_esf
L 12/31/2012 - 03:22:58: [ETC/esf_powerlevel_changer.amxx] [AMXX] [ ESF Powerlevel ] - this command was issued by matias_esf on matias_esf
L 12/31/2012 - 03:24:42: [ETC/esf_powerlevel_changer.amxx] [AMXX] [ ESF Powerlevel ] - this command was issued by matias_esf on matias_esf
L 12/31/2012 - 03:25:45: [ETC/esf_powerlevel_changer.amxx] [AMXX] [ ESF Powerlevel ] - this command was issued by matias_esf on matias_esf
L 12/31/2012 - 03:25:48: [ETC/esf_powerlevel_changer.amxx] [AMXX] [ ESF Powerlevel ] - this command was issued by matias_esf on matias_esf
L 12/31/2012 - 03:25:53: [ETC/esf_powerlevel_changer.amxx] [AMXX] [ ESF Powerlevel ] - this command was issued by matias_esf on matias_esf
L 12/31/2012 - 03:26:15: [ETC/esf_powerlevel_changer.amxx] [AMXX] [ ESF Powerlevel ] - this command was issued by matias_esf on matias_esf
L 12/31/2012 - 03:27:12: -------- Mapchange to esf_gero_night --------
L 12/31/2012 - 03:27:54: [ETC/esf_powerlevel_changer.amxx] [AMXX] [ ESF Powerlevel ] - this command was issued by matias_esf on matias_esf
L 12/31/2012 - 03:28:23: [ETC/esf_powerlevel_changer.amxx] [AMXX] [ ESF Powerlevel ] - this command was issued by matias_esf on matias_esf
L 12/31/2012 - 03:28:26: [ETC/esf_powerlevel_changer.amxx] [AMXX] [ ESF Powerlevel ] - this command was issued by matias_esf on matias_esf
L 12/31/2012 - 03:28:29: [ETC/esf_powerlevel_changer.amxx] [AMXX] [ ESF Powerlevel ] - this command was issued by matias_esf on matias_esf
L 12/31/2012 - 15:49:55: -------- Mapchange to esf_cell_games --------
L 12/31/2012 - 15:51:24: [ETC/esf_powerlevel_changer.amxx] [AMXX] [ ESF Powerlevel ] - this command was issued by matias_esf on matias_esf
L 12/31/2012 - 15:52:38: -------- Mapchange to mat_cell_games --------
L 12/31/2012 - 15:54:21: -------- Mapchange to mat_cell_games --------
L 12/31/2012 - 15:56:52: -------- Mapchange to mat_cell_games --------
L 12/31/2012 - 16:04:56: [ETC/esf_powerlevel_changer.amxx] [AMXX] [ ESF Powerlevel ] - this command was issued by matias_esf on matias_esf
L 12/31/2012 - 21:59:07: -------- Mapchange to mat_space --------
L 12/31/2012 - 22:00:07: -------- Mapchange to dmz_meteor --------
L 12/31/2012 - 22:38:39: -------- Mapchange to mat_space --------
L 12/31/2016 - 15:34:14: -------- Mapchange to esf_Gurufixed --------
L 12/31/2016 - 15:35:52: -------- Mapchange to esf_Gurufixed --------
L 12/31/2016 - 15:36:37: -------- Mapchange to esf_Gurufixed --------
L 12/31/2016 - 15:42:23: -------- Mapchange to esf_Gurufixed --------
L 12/31/2016 - 15:44:04: -------- Mapchange to esf_Gurufixed --------
L 12/31/2016 - 15:45:28: -------- Mapchange to esf_Gurufixed --------
L 12/31/2016 - 15:48:18: -------- Mapchange to esf_Gurufixed --------
L 12/31/2016 - 15:50:41: -------- Mapchange to esf_Gurufixed --------
L 12/31/2016 - 15:53:51: -------- Mapchange to esf_Gurufixed --------
L 12/31/2016 - 15:58:33: -------- Mapchange to esf_Gurufixed --------
L 12/31/2016 - 16:01:49: -------- Mapchange to esf_Gurufixed --------
L 12/31/2016 - 16:06:49: -------- Mapchange to esf_Gurufixed --------
L 12/31/2016 - 16:08:48: -------- Mapchange to esf_Gurufixed --------
L 12/31/2016 - 16:10:27: -------- Mapchange to esf_Gurufixed --------
L 12/31/2016 - 16:14:00: -------- Mapchange to esf_Gurufixed --------
L 12/31/2016 - 16:21:44: -------- Mapchange to esf_Gurufixed --------
L 12/31/2016 - 16:23:52: -------- Mapchange to esf_Gurufixed --------
L 12/31/2016 - 16:29:28: -------- Mapchange to esf_Gurufixed --------
L 12/31/2016 - 16:31:25: -------- Mapchange to esf_Gurufixed --------
L 12/31/2016 - 16:32:20: -------- Mapchange to esf_Gurufixed --------
L 12/31/2016 - 16:33:31: -------- Mapchange to esf_Gurufixed --------
L 12/31/2016 - 16:34:42: -------- Mapchange to esf_Gurufixed --------
L 12/31/2016 - 16:36:05: -------- Mapchange to esf_Gurufixed --------
L 12/31/2016 - 16:37:28: -------- Mapchange to esf_Gurufixed --------
L 12/31/2016 - 16:39:11: -------- Mapchange to esf_Gurufixed --------
L 12/31/2016 - 16:57:11: -------- Mapchange to esf_Gurufixed --------
L 12/31/2016 - 16:58:23: -------- Mapchange to esf_Gurufixed --------
L 12/31/2016 - 17:43:45: -------- Mapchange to esf_Gurufixed --------
L 12/31/2016 - 17:45:56: -------- Mapchange to esf_Gurufixed --------
L 12/31/2016 - 17:46:57: -------- Mapchange to esf_Gurufixed --------
L 12/31/2016 - 17:47:32: -------- Mapchange to esf_Gurufixed --------
L 12/31/2016 - 17:48:13: -------- Mapchange to esf_Gurufixed --------
L 12/31/2016 - 17:49:01: -------- Mapchange to esf_Gurufixed --------
L 12/31/2016 - 17:49:44: -------- Mapchange to esf_Gurufixed --------
